[0.091s] Invoking command in '/root/TEAM_AIM/build/mission_2': CMAKE_PREFIX_PATH=/opt/ros/foxy /usr/bin/cmake /root/TEAM_AIM/src/mission_2 -DCMAKE_INSTALL_PREFIX=/root/TEAM_AIM/install/mission_2
[0.123s] -- Found ament_cmake: 0.9.12 (/opt/ros/foxy/share/ament_cmake/cmake)
[0.165s] -- Using PYTHON_EXECUTABLE: /usr/bin/python3
[0.451s] -- Found rclcpp: 2.4.3 (/opt/ros/foxy/share/rclcpp/cmake)
[0.517s] -- Using all available rosidl_typesupport_c: rosidl_typesupport_fastrtps_c;rosidl_typesupport_introspection_c
[0.522s] -- Found rosidl_adapter: 1.3.1 (/opt/ros/foxy/share/rosidl_adapter/cmake)
[0.809s] -- Using all available rosidl_typesupport_cpp: rosidl_typesupport_fastrtps_cpp;rosidl_typesupport_introspection_cpp
[0.883s] -- Found rmw_implementation_cmake: 1.0.4 (/opt/ros/foxy/share/rmw_implementation_cmake/cmake)
[0.889s] -- Using RMW implementation 'rmw_fastrtps_cpp' as default
[1.117s] -- Found geometry_msgs: 2.0.5 (/opt/ros/foxy/share/geometry_msgs/cmake)
[1.180s] -- Found visualization_msgs: 2.0.5 (/opt/ros/foxy/share/visualization_msgs/cmake)
[1.305s] -- Found tf2: 0.13.14 (/opt/ros/foxy/share/tf2/cmake)
[1.326s] -- Found ament_index_cpp: 1.1.0 (/opt/ros/foxy/share/ament_index_cpp/cmake)
[1.339s] -- Found ament_lint_auto: 0.9.8 (/opt/ros/foxy/share/ament_lint_auto/cmake)
[1.478s] -- Added test 'copyright' to check source files copyright and LICENSE
[1.480s] -- Added test 'cppcheck' to perform static code analysis on C / C++ code
[1.480s] -- Configured cppcheck include dirs: 
[1.480s] -- Configured cppcheck exclude dirs and/or files: 
[1.483s] -- Added test 'cpplint' to check C / C++ code against the Google style
[1.483s] -- Configured cpplint exclude dirs and/or files: 
[1.483s] -- Added test 'lint_cmake' to check CMake code style
[1.488s] -- Added test 'uncrustify' to check C / C++ code style
[1.488s] -- Configured uncrustify additional arguments: 
[1.488s] -- Added test 'xmllint' to check XML markup files
[1.493s] -- Configuring done
[1.495s] CMake Error at CMakeLists.txt:92 (add_executable):
[1.495s]   Cannot find source file:
[1.495s] 
[1.495s]     src/decision/roi_visualizer.cpp
[1.495s] 
[1.496s]   Tried extensions .c .C .c++ .cc .cpp .cxx .cu .m .M .mm .h .hh .h++ .hm
[1.496s]   .hpp .hxx .in .txx
[1.496s] 
[1.496s] 
[1.497s] CMake Error at CMakeLists.txt:68 (add_executable):
[1.497s]   Cannot find source file:
[1.499s] 
[1.508s]     src/control/control_cav_mission_2_ver4_refactored.cpp
[1.508s] 
[1.508s]   Tried extensions .c .C .c++ .cc .cpp .cxx .cu .m .M .mm .h .hh .h++ .hm
[1.508s]   .hpp .hxx .in .txx
[1.508s] 
[1.508s] 
[1.508s] CMake Error at CMakeLists.txt:54 (add_executable):
[1.508s]   Cannot find source file:
[1.509s] 
[1.509s]     src/control/control_cav_mission_2_ver2_refactored.cpp
[1.511s] 
[1.511s]   Tried extensions .c .C .c++ .cc .cpp .cxx .cu .m .M .mm .h .hh .h++ .hm
[1.511s]   .hpp .hxx .in .txx
[1.511s] 
[1.511s] 
[1.511s] CMake Error at CMakeLists.txt:40 (add_executable):
[1.511s]   Cannot find source file:
[1.512s] 
[1.512s]     src/control/control_cav_mission_2_ver2.cpp
[1.512s] 
[1.512s]   Tried extensions .c .C .c++ .cc .cpp .cxx .cu .m .M .mm .h .hh .h++ .hm
[1.512s]   .hpp .hxx .in .txx
[1.512s] 
[1.512s] 
[1.512s] CMake Error at CMakeLists.txt:92 (add_executable):
[1.512s]   No SOURCES given to target: roi_visualizer
[1.513s] 
[1.513s] 
[1.513s] CMake Error at CMakeLists.txt:68 (add_executable):
[1.513s]   No SOURCES given to target: control_cav_mission_2_ver4_refactored
[1.513s] 
[1.513s] 
[1.514s] CMake Error at CMakeLists.txt:54 (add_executable):
[1.515s]   No SOURCES given to target: control_cav_mission_2_ver2_refactored
[1.515s] 
[1.516s] 
[1.519s] CMake Error at CMakeLists.txt:40 (add_executable):
[1.520s]   No SOURCES given to target: control_cav_mission_2_ver2
[1.520s] 
[1.520s] 
[1.522s] CMake Generate step failed.  Build files cannot be regenerated correctly.
[1.523s] Invoked command in '/root/TEAM_AIM/build/mission_2' returned '1': CMAKE_PREFIX_PATH=/opt/ros/foxy /usr/bin/cmake /root/TEAM_AIM/src/mission_2 -DCMAKE_INSTALL_PREFIX=/root/TEAM_AIM/install/mission_2
