[0.082s] Invoking command in '/root/TEAM_AIM/build/scene_srv': CMAKE_PREFIX_PATH=${CMAKE_PREFIX_PATH}:/opt/ros/foxy /usr/bin/cmake /root/TEAM_AIM/Mobility_Challenge_Simulator/src/scene_srv -DCMAKE_INSTALL_PREFIX=/root/TEAM_AIM/install/scene_srv
[0.170s] -- The C compiler identification is GNU 9.4.0
[0.247s] -- The CXX compiler identification is GNU 9.4.0
[0.253s] -- Check for working C compiler: /usr/bin/cc
[0.363s] -- Check for working C compiler: /usr/bin/cc -- works
[0.363s] -- Detecting C compiler ABI info
[0.464s] -- Detecting C compiler ABI info - done
[0.481s] -- Detecting C compile features
[0.481s] -- Detecting C compile features - done
[0.490s] -- Check for working CXX compiler: /usr/bin/c++
[0.645s] -- Check for working CXX compiler: /usr/bin/c++ -- works
[0.645s] -- Detecting CXX compiler ABI info
[0.782s] -- Detecting CXX compiler ABI info - done
[0.794s] -- Detecting CXX compile features
[0.796s] -- Detecting CXX compile features - done
[0.801s] -- Found ament_cmake: 0.9.12 (/opt/ros/foxy/share/ament_cmake/cmake)
[0.831s] -- Found PythonInterp: /usr/bin/python3 (found suitable version "3.8.10", minimum required is "3") 
[0.832s] -- Using PYTHON_EXECUTABLE: /usr/bin/python3
[1.070s] -- Found rosidl_default_generators: 1.0.1 (/opt/ros/foxy/share/rosidl_default_generators/cmake)
[1.075s] -- Using all available rosidl_typesupport_c: rosidl_typesupport_fastrtps_c;rosidl_typesupport_introspection_c
[1.091s] -- Found rosidl_adapter: 1.3.1 (/opt/ros/foxy/share/rosidl_adapter/cmake)
[1.282s] -- Found OpenSSL: /usr/lib/x86_64-linux-gnu/libcrypto.so (found version "1.1.1f")  
[1.328s] -- Found FastRTPS: /opt/ros/foxy/include  
[1.440s] -- Using all available rosidl_typesupport_cpp: rosidl_typesupport_fastrtps_cpp;rosidl_typesupport_introspection_cpp
[1.502s] -- Found PythonInterp: /usr/bin/python3 (found version "3.8.10") 
[1.649s] -- Found ament_cmake_ros: 0.9.2 (/opt/ros/foxy/share/ament_cmake_ros/cmake)
[1.806s] -- Using all available rosidl_typesupport_c: rosidl_typesupport_fastrtps_c;rosidl_typesupport_introspection_c
[1.816s] -- Using all available rosidl_typesupport_cpp: rosidl_typesupport_fastrtps_cpp;rosidl_typesupport_introspection_cpp
[1.846s] -- Found PythonInterp: /usr/bin/python3 (found suitable version "3.8.10", minimum required is "3.5") 
[1.848s] -- Found python_cmake_module: 0.8.1 (/opt/ros/foxy/share/python_cmake_module/cmake)
[1.882s] -- Found PythonLibs: /usr/lib/x86_64-linux-gnu/libpython3.8.so (found suitable version "3.8.10", minimum required is "3.5") 
[1.882s] -- Using PYTHON_EXECUTABLE: /usr/bin/python3
[1.882s] -- Using PYTHON_INCLUDE_DIRS: /usr/include/python3.8
[1.882s] -- Using PYTHON_LIBRARIES: /usr/lib/x86_64-linux-gnu/libpython3.8.so
[1.906s] -- Found PythonExtra: .so  
[1.953s] -- Found ament_lint_auto: 0.9.8 (/opt/ros/foxy/share/ament_lint_auto/cmake)
[1.992s] -- Added test 'copyright' to check source files copyright and LICENSE
[1.994s] -- Added test 'lint_cmake' to check CMake code style
[1.996s] -- Added test 'xmllint' to check XML markup files
[2.003s] -- Configuring done
[2.045s] -- Generating done
[2.049s] -- Build files have been written to: /root/TEAM_AIM/build/scene_srv
[2.067s] Invoked command in '/root/TEAM_AIM/build/scene_srv' returned '0': CMAKE_PREFIX_PATH=${CMAKE_PREFIX_PATH}:/opt/ros/foxy /usr/bin/cmake /root/TEAM_AIM/Mobility_Challenge_Simulator/src/scene_srv -DCMAKE_INSTALL_PREFIX=/root/TEAM_AIM/install/scene_srv
[2.068s] Invoking command in '/root/TEAM_AIM/build/scene_srv': CMAKE_PREFIX_PATH=${CMAKE_PREFIX_PATH}:/opt/ros/foxy /usr/bin/cmake --build /root/TEAM_AIM/build/scene_srv -- -j16 -l16
[2.137s] [  2%] [34m[1mGenerating C code for ROS interfaces[0m
[2.137s] [35m[1mScanning dependencies of target scene_srv__cpp[0m
[2.152s] [  5%] [34m[1mGenerating C++ code for ROS interfaces[0m
[2.489s] [35m[1mScanning dependencies of target scene_srv__rosidl_generator_c[0m
[2.496s] [  5%] Built target scene_srv__cpp
[2.513s] [ 10%] [32mBuilding C object CMakeFiles/scene_srv__rosidl_generator_c.dir/rosidl_generator_c/scene_srv/srv/detail/start_signal__functions.c.o[0m
[2.514s] [ 10%] [32mBuilding C object CMakeFiles/scene_srv__rosidl_generator_c.dir/rosidl_generator_c/scene_srv/srv/detail/scene_signal__functions.c.o[0m
[2.514s] [ 12%] [34m[1mGenerating C++ introspection for ROS interfaces[0m
[2.516s] [ 15%] [34m[1mGenerating C++ type support dispatch for ROS interfaces[0m
[2.544s] [ 17%] [34m[1mGenerating C++ type support for eProsima Fast-RTPS[0m
[2.617s] [ 20%] [32m[1mLinking C shared library libscene_srv__rosidl_generator_c.so[0m
[2.687s] [ 20%] Built target scene_srv__rosidl_generator_c
[2.722s] [ 23%] [34m[1mGenerating C introspection for ROS interfaces[0m
[2.724s] [ 25%] [34m[1mGenerating C type support dispatch for ROS interfaces[0m
[2.873s] [35m[1mScanning dependencies of target scene_srv__rosidl_typesupport_introspection_cpp[0m
[2.918s] [ 28%] [32mBuilding CXX object CMakeFiles/scene_srv__rosidl_typesupport_introspection_cpp.dir/rosidl_typesupport_introspection_cpp/scene_srv/srv/detail/scene_signal__type_support.cpp.o[0m
[2.926s] [ 30%] [32mBuilding CXX object CMakeFiles/scene_srv__rosidl_typesupport_introspection_cpp.dir/rosidl_typesupport_introspection_cpp/scene_srv/srv/detail/start_signal__type_support.cpp.o[0m
[2.930s] [35m[1mScanning dependencies of target scene_srv__rosidl_typesupport_fastrtps_cpp[0m
[2.941s] [35m[1mScanning dependencies of target scene_srv__rosidl_typesupport_cpp[0m
[2.967s] [ 33%] [32mBuilding CXX object CMakeFiles/scene_srv__rosidl_typesupport_fastrtps_cpp.dir/rosidl_typesupport_fastrtps_cpp/scene_srv/srv/detail/dds_fastrtps/scene_signal__type_support.cpp.o[0m
[2.973s] [ 35%] [32mBuilding CXX object CMakeFiles/scene_srv__rosidl_typesupport_fastrtps_cpp.dir/rosidl_typesupport_fastrtps_cpp/scene_srv/srv/detail/dds_fastrtps/start_signal__type_support.cpp.o[0m
[2.987s] [ 38%] [32mBuilding CXX object CMakeFiles/scene_srv__rosidl_typesupport_cpp.dir/rosidl_typesupport_cpp/scene_srv/srv/scene_signal__type_support.cpp.o[0m
[2.991s] [ 41%] [32mBuilding CXX object CMakeFiles/scene_srv__rosidl_typesupport_cpp.dir/rosidl_typesupport_cpp/scene_srv/srv/start_signal__type_support.cpp.o[0m
[3.071s] [35m[1mScanning dependencies of target scene_srv__rosidl_typesupport_c[0m
[3.117s] [ 43%] [32mBuilding CXX object CMakeFiles/scene_srv__rosidl_typesupport_c.dir/rosidl_typesupport_c/scene_srv/srv/scene_signal__type_support.cpp.o[0m
[3.119s] [ 46%] [32mBuilding CXX object CMakeFiles/scene_srv__rosidl_typesupport_c.dir/rosidl_typesupport_c/scene_srv/srv/start_signal__type_support.cpp.o[0m
[3.231s] [ 48%] [32m[1mLinking CXX shared library libscene_srv__rosidl_typesupport_c.so[0m
[3.248s] [35m[1mScanning dependencies of target scene_srv__rosidl_typesupport_introspection_c[0m
[3.286s] [ 51%] [32mBuilding C object CMakeFiles/scene_srv__rosidl_typesupport_introspection_c.dir/rosidl_typesupport_introspection_c/scene_srv/srv/detail/scene_signal__type_support.c.o[0m
[3.293s] [ 53%] [32mBuilding C object CMakeFiles/scene_srv__rosidl_typesupport_introspection_c.dir/rosidl_typesupport_introspection_c/scene_srv/srv/detail/start_signal__type_support.c.o[0m
[3.330s] [ 53%] Built target scene_srv__rosidl_typesupport_c
[3.365s] [ 56%] [32m[1mLinking C shared library libscene_srv__rosidl_typesupport_introspection_c.so[0m
[3.391s] [ 58%] [32m[1mLinking CXX shared library libscene_srv__rosidl_typesupport_introspection_cpp.so[0m
[3.422s] [ 58%] Built target scene_srv__rosidl_typesupport_introspection_c
[3.484s] [ 58%] Built target scene_srv__rosidl_typesupport_introspection_cpp
[3.491s] [ 61%] [32m[1mLinking CXX shared library libscene_srv__rosidl_typesupport_cpp.so[0m
[3.553s] [ 61%] Built target scene_srv__rosidl_typesupport_cpp
[3.554s] [ 64%] [32m[1mLinking CXX shared library libscene_srv__rosidl_typesupport_fastrtps_cpp.so[0m
[3.680s] [ 64%] Built target scene_srv__rosidl_typesupport_fastrtps_cpp
[3.695s] [ 66%] [34m[1mGenerating C type support for eProsima Fast-RTPS[0m
[3.960s] [35m[1mScanning dependencies of target scene_srv__rosidl_typesupport_fastrtps_c[0m
[3.982s] [ 71%] [32mBuilding CXX object CMakeFiles/scene_srv__rosidl_typesupport_fastrtps_c.dir/rosidl_typesupport_fastrtps_c/scene_srv/srv/detail/start_signal__type_support_c.cpp.o[0m
[3.982s] [ 71%] [32mBuilding CXX object CMakeFiles/scene_srv__rosidl_typesupport_fastrtps_c.dir/rosidl_typesupport_fastrtps_c/scene_srv/srv/detail/scene_signal__type_support_c.cpp.o[0m
[4.262s] [ 74%] [32m[1mLinking CXX shared library libscene_srv__rosidl_typesupport_fastrtps_c.so[0m
[4.355s] [ 74%] Built target scene_srv__rosidl_typesupport_fastrtps_c
[4.369s] [35m[1mScanning dependencies of target scene_srv[0m
[4.382s] [ 74%] Built target scene_srv
[4.395s] [35m[1mScanning dependencies of target scene_srv__py[0m
[4.409s] [ 76%] [34m[1mGenerating Python code for ROS interfaces[0m
[4.820s] [ 76%] Built target scene_srv__py
[4.832s] [35m[1mScanning dependencies of target scene_srv__python[0m
[4.857s] [ 82%] [32mBuilding C object CMakeFiles/scene_srv__python.dir/rosidl_generator_py/scene_srv/srv/_scene_signal_s.c.o[0m
[4.857s] [ 82%] [32mBuilding C object CMakeFiles/scene_srv__python.dir/rosidl_generator_py/scene_srv/srv/_start_signal_s.c.o[0m
[4.932s] [ 84%] [32m[1mLinking C shared library rosidl_generator_py/scene_srv/libscene_srv__python.so[0m
[4.977s] [ 84%] Built target scene_srv__python
[4.989s] [35m[1mScanning dependencies of target scene_srv__rosidl_typesupport_c__pyext[0m
[4.989s] [35m[1mScanning dependencies of target scene_srv__rosidl_typesupport_introspection_c__pyext[0m
[4.989s] [35m[1mScanning dependencies of target scene_srv__rosidl_typesupport_fastrtps_c__pyext[0m
[5.011s] [ 89%] [32mBuilding C object CMakeFiles/scene_srv__rosidl_typesupport_c__pyext.dir/rosidl_generator_py/scene_srv/_scene_srv_s.ep.rosidl_typesupport_c.c.o[0m
[5.012s] [ 89%] [32mBuilding C object CMakeFiles/scene_srv__rosidl_typesupport_introspection_c__pyext.dir/rosidl_generator_py/scene_srv/_scene_srv_s.ep.rosidl_typesupport_introspection_c.c.o[0m
[5.012s] [ 92%] [32mBuilding C object CMakeFiles/scene_srv__rosidl_typesupport_fastrtps_c__pyext.dir/rosidl_generator_py/scene_srv/_scene_srv_s.ep.rosidl_typesupport_fastrtps_c.c.o[0m
[5.100s] [ 94%] [32m[1mLinking C shared library rosidl_generator_py/scene_srv/scene_srv_s__rosidl_typesupport_c.cpython-38-x86_64-linux-gnu.so[0m
[5.102s] [ 97%] [32m[1mLinking C shared library rosidl_generator_py/scene_srv/scene_srv_s__rosidl_typesupport_introspection_c.cpython-38-x86_64-linux-gnu.so[0m
[5.124s] [100%] [32m[1mLinking CXX shared library rosidl_generator_py/scene_srv/scene_srv_s__rosidl_typesupport_fastrtps_c.cpython-38-x86_64-linux-gnu.so[0m
[5.142s] [100%] Built target scene_srv__rosidl_typesupport_introspection_c__pyext
[5.142s] [100%] Built target scene_srv__rosidl_typesupport_c__pyext
[5.193s] [100%] Built target scene_srv__rosidl_typesupport_fastrtps_c__pyext
