[0.074s] Invoking command in '/root/TEAM_AIM/build/domain_bridge': CMAKE_PREFIX_PATH=${CMAKE_PREFIX_PATH}:/opt/ros/foxy /usr/bin/cmake /root/TEAM_AIM/Mobility_Challenge_Simulator/src/domain_bridge -DCMAKE_INSTALL_PREFIX=/root/TEAM_AIM/install/domain_bridge
[0.165s] -- The C compiler identification is GNU 9.4.0
[0.246s] -- The CXX compiler identification is GNU 9.4.0
[0.250s] -- Check for working C compiler: /usr/bin/cc
[0.352s] -- Check for working C compiler: /usr/bin/cc -- works
[0.354s] -- Detecting C compiler ABI info
[0.460s] -- Detecting C compiler ABI info - done
[0.477s] -- Detecting C compile features
[0.477s] -- Detecting C compile features - done
[0.480s] -- Check for working CXX compiler: /usr/bin/c++
[0.627s] -- Check for working CXX compiler: /usr/bin/c++ -- works
[0.629s] -- Detecting CXX compiler ABI info
[0.767s] -- Detecting CXX compiler ABI info - done
[0.777s] -- Detecting CXX compile features
[0.777s] -- Detecting CXX compile features - done
[0.782s] -- Found ament_cmake: 0.9.12 (/opt/ros/foxy/share/ament_cmake/cmake)
[0.813s] -- Found PythonInterp: /usr/bin/python3 (found suitable version "3.8.10", minimum required is "3") 
[0.813s] -- Using PYTHON_EXECUTABLE: /usr/bin/python3
[1.047s] -- Found rcl: 1.1.14 (/opt/ros/foxy/share/rcl/cmake)
[1.096s] -- Using all available rosidl_typesupport_c: rosidl_typesupport_fastrtps_c;rosidl_typesupport_introspection_c
[1.108s] -- Found rosidl_adapter: 1.3.1 (/opt/ros/foxy/share/rosidl_adapter/cmake)
[1.273s] -- Found OpenSSL: /usr/lib/x86_64-linux-gnu/libcrypto.so (found version "1.1.1f")  
[1.324s] -- Found FastRTPS: /opt/ros/foxy/include  
[1.434s] -- Using all available rosidl_typesupport_cpp: rosidl_typesupport_fastrtps_cpp;rosidl_typesupport_introspection_cpp
[1.503s] -- Found rmw_implementation_cmake: 1.0.4 (/opt/ros/foxy/share/rmw_implementation_cmake/cmake)
[1.504s] -- Using RMW implementation 'rmw_fastrtps_cpp' as default
[1.505s] -- Looking for pthread.h
[1.612s] -- Looking for pthread.h - found
[1.612s] -- Performing Test CMAKE_HAVE_LIBC_PTHREAD
[1.721s] -- Performing Test CMAKE_HAVE_LIBC_PTHREAD - Failed
[1.721s] -- Looking for pthread_create in pthreads
[1.815s] -- Looking for pthread_create in pthreads - not found
[1.818s] -- Looking for pthread_create in pthread
[1.920s] -- Looking for pthread_create in pthread - found
[1.920s] -- Found Threads: TRUE  
[1.951s] -- Found rclcpp: 2.4.3 (/opt/ros/foxy/share/rclcpp/cmake)
[2.114s] -- Found rosbag2_cpp: 0.3.11 (/opt/ros/foxy/share/rosbag2_cpp/cmake)
[2.174s] -- Setting yaml-cpp_DIR to: '/opt/ros/foxy/share/yaml_cpp_vendor/cmake/../../../opt/yaml_cpp_vendor/lib/cmake/yaml-cpp'
[2.179s] -- Found rosidl_default_generators: 1.0.1 (/opt/ros/foxy/share/rosidl_default_generators/cmake)
[2.196s] -- Found zstd_vendor: 0.3.11 (/opt/ros/foxy/share/zstd_vendor/cmake)
[2.199s] -- Found zstd: /opt/ros/foxy/lib/libzstd.so  
[2.228s] -- Found PythonInterp: /usr/bin/python3 (found version "3.8.10") 
[2.364s] -- Found ament_cmake_ros: 0.9.2 (/opt/ros/foxy/share/ament_cmake_ros/cmake)
[2.549s] -- Using all available rosidl_typesupport_c: rosidl_typesupport_fastrtps_c;rosidl_typesupport_introspection_c
[2.560s] -- Using all available rosidl_typesupport_cpp: rosidl_typesupport_fastrtps_cpp;rosidl_typesupport_introspection_cpp
[2.612s] -- Found PythonInterp: /usr/bin/python3 (found suitable version "3.8.10", minimum required is "3.5") 
[2.616s] -- Found python_cmake_module: 0.8.1 (/opt/ros/foxy/share/python_cmake_module/cmake)
[2.650s] -- Found PythonLibs: /usr/lib/x86_64-linux-gnu/libpython3.8.so (found suitable version "3.8.10", minimum required is "3.5") 
[2.650s] -- Using PYTHON_EXECUTABLE: /usr/bin/python3
[2.651s] -- Using PYTHON_INCLUDE_DIRS: /usr/include/python3.8
[2.651s] -- Using PYTHON_LIBRARIES: /usr/lib/x86_64-linux-gnu/libpython3.8.so
[2.699s] -- Found PythonExtra: .so  
[2.799s] -- Found ament_lint_auto: 0.9.8 (/opt/ros/foxy/share/ament_lint_auto/cmake)
[3.123s] -- Using PYTHON_EXECUTABLE: /usr/bin/python3
[3.123s] -- Using PYTHON_INCLUDE_DIRS: /usr/include/python3.8
[3.123s] -- Using PYTHON_LIBRARIES: /usr/lib/x86_64-linux-gnu/libpython3.8.so
[3.471s] CMake Error at test/CMakeLists.txt:5 (find_package):
[3.473s]   By not providing "Findtest_msgs.cmake" in CMAKE_MODULE_PATH this project
[3.473s]   has asked CMake to find a package configuration file provided by
[3.473s]   "test_msgs", but CMake did not find one.
[3.473s] 
[3.473s]   Could not find a package configuration file provided by "test_msgs" with
[3.473s]   any of the following names:
[3.473s] 
[3.474s]     test_msgsConfig.cmake
[3.474s]     test_msgs-config.cmake
[3.474s] 
[3.474s]   Add the installation prefix of "test_msgs" to CMAKE_PREFIX_PATH or set
[3.474s]   "test_msgs_DIR" to a directory containing one of the above files.  If
[3.474s]   "test_msgs" provides a separate development package or SDK, be sure it has
[3.474s]   been installed.
[3.474s] 
[3.474s] 
[3.478s] -- Configuring incomplete, errors occurred!
[3.478s] See also "/root/TEAM_AIM/build/domain_bridge/CMakeFiles/CMakeOutput.log".
[3.478s] See also "/root/TEAM_AIM/build/domain_bridge/CMakeFiles/CMakeError.log".
[3.495s] Invoked command in '/root/TEAM_AIM/build/domain_bridge' returned '1': CMAKE_PREFIX_PATH=${CMAKE_PREFIX_PATH}:/opt/ros/foxy /usr/bin/cmake /root/TEAM_AIM/Mobility_Challenge_Simulator/src/domain_bridge -DCMAKE_INSTALL_PREFIX=/root/TEAM_AIM/install/domain_bridge
