[  2%] Built target domain_bridge__cpp
[  9%] Built target domain_bridge__rosidl_generator_c
[ 15%] Built target domain_bridge__rosidl_typesupport_introspection_c
[ 22%] Built target domain_bridge__rosidl_typesupport_c
[ 29%] Built target domain_bridge__rosidl_typesupport_cpp
[ 36%] Built target domain_bridge__rosidl_typesupport_introspection_cpp
[ 43%] Built target domain_bridge__rosidl_typesupport_fastrtps_cpp
[ 50%] Built target domain_bridge__rosidl_typesupport_fastrtps_c
[ 50%] Built target domain_bridge
[ 52%] Built target domain_bridge__py
[ 77%] Built target domain_bridge_lib
[ 81%] Built target domain_bridge__python
[ 86%] Built target domain_bridge_exec
[ 95%] Built target domain_bridge__rosidl_typesupport_introspection_c__pyext
[ 95%] Built target domain_bridge__rosidl_typesupport_c__pyext
[100%] Built target domain_bridge__rosidl_typesupport_fastrtps_c__pyext
-- Install configuration: ""
-- Installing: /root/TEAM_AIM/install/domain_bridge/share/ament_index/resource_index/rosidl_interfaces/domain_bridge
-- Installing: /root/TEAM_AIM/install/domain_bridge/include/domain_bridge
-- Installing: /root/TEAM_AIM/install/domain_bridge/include/domain_bridge/msg
-- Installing: /root/TEAM_AIM/install/domain_bridge/include/domain_bridge/msg/rosidl_generator_c__visibility_control.h
-- Installing: /root/TEAM_AIM/install/domain_bridge/include/domain_bridge/msg/compressed_msg.h
-- Installing: /root/TEAM_AIM/install/domain_bridge/include/domain_bridge/msg/detail
-- Installing: /root/TEAM_AIM/install/domain_bridge/include/domain_bridge/msg/detail/compressed_msg__type_support.h
-- Installing: /root/TEAM_AIM/install/domain_bridge/include/domain_bridge/msg/detail/compressed_msg__functions.c
-- Installing: /root/TEAM_AIM/install/domain_bridge/include/domain_bridge/msg/detail/compressed_msg__functions.h
-- Installing: /root/TEAM_AIM/install/domain_bridge/include/domain_bridge/msg/detail/compressed_msg__struct.h
-- Installing: /root/TEAM_AIM/install/domain_bridge/share/domain_bridge/environment/library_path.sh
-- Installing: /root/TEAM_AIM/install/domain_bridge/share/domain_bridge/environment/library_path.dsv
-- Installing: /root/TEAM_AIM/install/domain_bridge/lib/libdomain_bridge__rosidl_generator_c.so
-- Set runtime path of "/root/TEAM_AIM/install/domain_bridge/lib/libdomain_bridge__rosidl_generator_c.so" to ""
-- Up-to-date: /root/TEAM_AIM/install/domain_bridge/include/domain_bridge
-- Up-to-date: /root/TEAM_AIM/install/domain_bridge/include/domain_bridge/msg
-- Installing: /root/TEAM_AIM/install/domain_bridge/include/domain_bridge/msg/rosidl_typesupport_fastrtps_c__visibility_control.h
-- Up-to-date: /root/TEAM_AIM/install/domain_bridge/include/domain_bridge/msg/detail
-- Installing: /root/TEAM_AIM/install/domain_bridge/include/domain_bridge/msg/detail/compressed_msg__rosidl_typesupport_fastrtps_c.h
-- Installing: /root/TEAM_AIM/install/domain_bridge/lib/libdomain_bridge__rosidl_typesupport_fastrtps_c.so
-- Set runtime path of "/root/TEAM_AIM/install/domain_bridge/lib/libdomain_bridge__rosidl_typesupport_fastrtps_c.so" to ""
-- Up-to-date: /root/TEAM_AIM/install/domain_bridge/include/domain_bridge
-- Up-to-date: /root/TEAM_AIM/install/domain_bridge/include/domain_bridge/msg
-- Installing: /root/TEAM_AIM/install/domain_bridge/include/domain_bridge/msg/rosidl_typesupport_fastrtps_cpp__visibility_control.h
-- Up-to-date: /root/TEAM_AIM/install/domain_bridge/include/domain_bridge/msg/detail
-- Installing: /root/TEAM_AIM/install/domain_bridge/include/domain_bridge/msg/detail/dds_fastrtps
-- Installing: /root/TEAM_AIM/install/domain_bridge/include/domain_bridge/msg/detail/compressed_msg__rosidl_typesupport_fastrtps_cpp.hpp
-- Installing: /root/TEAM_AIM/install/domain_bridge/lib/libdomain_bridge__rosidl_typesupport_fastrtps_cpp.so
-- Set runtime path of "/root/TEAM_AIM/install/domain_bridge/lib/libdomain_bridge__rosidl_typesupport_fastrtps_cpp.so" to ""
-- Up-to-date: /root/TEAM_AIM/install/domain_bridge/include/domain_bridge
-- Up-to-date: /root/TEAM_AIM/install/domain_bridge/include/domain_bridge/msg
-- Up-to-date: /root/TEAM_AIM/install/domain_bridge/include/domain_bridge/msg/detail
-- Installing: /root/TEAM_AIM/install/domain_bridge/include/domain_bridge/msg/detail/compressed_msg__type_support.c
-- Installing: /root/TEAM_AIM/install/domain_bridge/include/domain_bridge/msg/detail/compressed_msg__rosidl_typesupport_introspection_c.h
-- Installing: /root/TEAM_AIM/install/domain_bridge/include/domain_bridge/msg/rosidl_typesupport_introspection_c__visibility_control.h
-- Installing: /root/TEAM_AIM/install/domain_bridge/lib/libdomain_bridge__rosidl_typesupport_introspection_c.so
-- Set runtime path of "/root/TEAM_AIM/install/domain_bridge/lib/libdomain_bridge__rosidl_typesupport_introspection_c.so" to ""
-- Installing: /root/TEAM_AIM/install/domain_bridge/lib/libdomain_bridge__rosidl_typesupport_c.so
-- Set runtime path of "/root/TEAM_AIM/install/domain_bridge/lib/libdomain_bridge__rosidl_typesupport_c.so" to ""
-- Up-to-date: /root/TEAM_AIM/install/domain_bridge/include/domain_bridge
-- Up-to-date: /root/TEAM_AIM/install/domain_bridge/include/domain_bridge/msg
-- Installing: /root/TEAM_AIM/install/domain_bridge/include/domain_bridge/msg/compressed_msg.hpp
-- Installing: /root/TEAM_AIM/install/domain_bridge/include/domain_bridge/msg/rosidl_generator_cpp__visibility_control.hpp
-- Up-to-date: /root/TEAM_AIM/install/domain_bridge/include/domain_bridge/msg/detail
-- Installing: /root/TEAM_AIM/install/domain_bridge/include/domain_bridge/msg/detail/compressed_msg__builder.hpp
-- Installing: /root/TEAM_AIM/install/domain_bridge/include/domain_bridge/msg/detail/compressed_msg__struct.hpp
-- Installing: /root/TEAM_AIM/install/domain_bridge/include/domain_bridge/msg/detail/compressed_msg__traits.hpp
-- Installing: /root/TEAM_AIM/install/domain_bridge/include/domain_bridge/msg/detail/compressed_msg__type_support.hpp
-- Up-to-date: /root/TEAM_AIM/install/domain_bridge/include/domain_bridge
-- Up-to-date: /root/TEAM_AIM/install/domain_bridge/include/domain_bridge/msg
-- Up-to-date: /root/TEAM_AIM/install/domain_bridge/include/domain_bridge/msg/detail
-- Installing: /root/TEAM_AIM/install/domain_bridge/include/domain_bridge/msg/detail/compressed_msg__type_support.cpp
-- Installing: /root/TEAM_AIM/install/domain_bridge/include/domain_bridge/msg/detail/compressed_msg__rosidl_typesupport_introspection_cpp.hpp
-- Installing: /root/TEAM_AIM/install/domain_bridge/lib/libdomain_bridge__rosidl_typesupport_introspection_cpp.so
-- Set runtime path of "/root/TEAM_AIM/install/domain_bridge/lib/libdomain_bridge__rosidl_typesupport_introspection_cpp.so" to ""
-- Installing: /root/TEAM_AIM/install/domain_bridge/lib/libdomain_bridge__rosidl_typesupport_cpp.so
-- Set runtime path of "/root/TEAM_AIM/install/domain_bridge/lib/libdomain_bridge__rosidl_typesupport_cpp.so" to ""
-- Installing: /root/TEAM_AIM/install/domain_bridge/share/domain_bridge/environment/pythonpath.sh
-- Installing: /root/TEAM_AIM/install/domain_bridge/share/domain_bridge/environment/pythonpath.dsv
-- Installing: /root/TEAM_AIM/install/domain_bridge/lib/python3.8/site-packages/domain_bridge/__init__.py
Compiling '/root/TEAM_AIM/install/domain_bridge/lib/python3.8/site-packages/domain_bridge/__init__.py'...
-- Installing: /root/TEAM_AIM/install/domain_bridge/lib/python3.8/site-packages/domain_bridge/msg
-- Installing: /root/TEAM_AIM/install/domain_bridge/lib/python3.8/site-packages/domain_bridge/msg/__init__.py
-- Installing: /root/TEAM_AIM/install/domain_bridge/lib/python3.8/site-packages/domain_bridge/msg/_compressed_msg.py
-- Installing: /root/TEAM_AIM/install/domain_bridge/lib/python3.8/site-packages/domain_bridge/msg/_compressed_msg_s.c
-- Installing: /root/TEAM_AIM/install/domain_bridge/lib/python3.8/site-packages/domain_bridge/domain_bridge_s__rosidl_typesupport_fastrtps_c.cpython-38-x86_64-linux-gnu.so
-- Set runtime path of "/root/TEAM_AIM/install/domain_bridge/lib/python3.8/site-packages/domain_bridge/domain_bridge_s__rosidl_typesupport_fastrtps_c.cpython-38-x86_64-linux-gnu.so" to ""
-- Installing: /root/TEAM_AIM/install/domain_bridge/lib/python3.8/site-packages/domain_bridge/domain_bridge_s__rosidl_typesupport_introspection_c.cpython-38-x86_64-linux-gnu.so
-- Set runtime path of "/root/TEAM_AIM/install/domain_bridge/lib/python3.8/site-packages/domain_bridge/domain_bridge_s__rosidl_typesupport_introspection_c.cpython-38-x86_64-linux-gnu.so" to ""
-- Installing: /root/TEAM_AIM/install/domain_bridge/lib/python3.8/site-packages/domain_bridge/domain_bridge_s__rosidl_typesupport_c.cpython-38-x86_64-linux-gnu.so
-- Set runtime path of "/root/TEAM_AIM/install/domain_bridge/lib/python3.8/site-packages/domain_bridge/domain_bridge_s__rosidl_typesupport_c.cpython-38-x86_64-linux-gnu.so" to ""
-- Installing: /root/TEAM_AIM/install/domain_bridge/lib/libdomain_bridge__python.so
-- Set runtime path of "/root/TEAM_AIM/install/domain_bridge/lib/libdomain_bridge__python.so" to ""
-- Installing: /root/TEAM_AIM/install/domain_bridge/share/domain_bridge/msg/CompressedMsg.idl
-- Installing: /root/TEAM_AIM/install/domain_bridge/share/domain_bridge/msg/CompressedMsg.msg
-- Up-to-date: /root/TEAM_AIM/install/domain_bridge/include
-- Up-to-date: /root/TEAM_AIM/install/domain_bridge/include/domain_bridge
-- Installing: /root/TEAM_AIM/install/domain_bridge/include/domain_bridge/topic_bridge_options.hpp
-- Installing: /root/TEAM_AIM/install/domain_bridge/include/domain_bridge/service_bridge_impl.inc
-- Installing: /root/TEAM_AIM/install/domain_bridge/include/domain_bridge/process_cmd_line_arguments.hpp
-- Installing: /root/TEAM_AIM/install/domain_bridge/include/domain_bridge/topic_bridge.hpp
-- Installing: /root/TEAM_AIM/install/domain_bridge/include/domain_bridge/domain_bridge.hpp
-- Installing: /root/TEAM_AIM/install/domain_bridge/include/domain_bridge/domain_bridge_options.hpp
-- Installing: /root/TEAM_AIM/install/domain_bridge/include/domain_bridge/service_bridge_options.hpp
-- Installing: /root/TEAM_AIM/install/domain_bridge/include/domain_bridge/qos_options.hpp
-- Installing: /root/TEAM_AIM/install/domain_bridge/include/domain_bridge/domain_bridge_config.hpp
-- Installing: /root/TEAM_AIM/install/domain_bridge/include/domain_bridge/utils.hpp
-- Installing: /root/TEAM_AIM/install/domain_bridge/include/domain_bridge/visibility_control.hpp
-- Installing: /root/TEAM_AIM/install/domain_bridge/include/domain_bridge/parse_domain_bridge_yaml_config.hpp
-- Installing: /root/TEAM_AIM/install/domain_bridge/include/domain_bridge/compress_messages.hpp
-- Installing: /root/TEAM_AIM/install/domain_bridge/lib/domain_bridge/domain_bridge
-- Set runtime path of "/root/TEAM_AIM/install/domain_bridge/lib/domain_bridge/domain_bridge" to ""
-- Installing: /root/TEAM_AIM/install/domain_bridge/lib/libdomain_bridge.so
-- Set runtime path of "/root/TEAM_AIM/install/domain_bridge/lib/libdomain_bridge.so" to ""
-- Installing: /root/TEAM_AIM/install/domain_bridge/share/domain_bridge/examples
-- Installing: /root/TEAM_AIM/install/domain_bridge/share/domain_bridge/examples/example_bridge_config.yaml
-- Installing: /root/TEAM_AIM/install/domain_bridge/share/domain_bridge/launch
-- Installing: /root/TEAM_AIM/install/domain_bridge/share/domain_bridge/launch/domain_bridge.launch.xml
-- Installing: /root/TEAM_AIM/install/domain_bridge/share/ament_index/resource_index/package_run_dependencies/domain_bridge
-- Installing: /root/TEAM_AIM/install/domain_bridge/share/ament_index/resource_index/parent_prefix_path/domain_bridge
-- Installing: /root/TEAM_AIM/install/domain_bridge/share/domain_bridge/environment/ament_prefix_path.sh
-- Installing: /root/TEAM_AIM/install/domain_bridge/share/domain_bridge/environment/ament_prefix_path.dsv
-- Installing: /root/TEAM_AIM/install/domain_bridge/share/domain_bridge/environment/path.sh
-- Installing: /root/TEAM_AIM/install/domain_bridge/share/domain_bridge/environment/path.dsv
-- Installing: /root/TEAM_AIM/install/domain_bridge/share/domain_bridge/local_setup.bash
-- Installing: /root/TEAM_AIM/install/domain_bridge/share/domain_bridge/local_setup.sh
-- Installing: /root/TEAM_AIM/install/domain_bridge/share/domain_bridge/local_setup.zsh
-- Installing: /root/TEAM_AIM/install/domain_bridge/share/domain_bridge/local_setup.dsv
-- Installing: /root/TEAM_AIM/install/domain_bridge/share/domain_bridge/package.dsv
-- Installing: /root/TEAM_AIM/install/domain_bridge/share/ament_index/resource_index/packages/domain_bridge
-- Installing: /root/TEAM_AIM/install/domain_bridge/share/domain_bridge/cmake/domain_bridge__rosidl_generator_cExport.cmake
-- Installing: /root/TEAM_AIM/install/domain_bridge/share/domain_bridge/cmake/domain_bridge__rosidl_generator_cExport-noconfig.cmake
-- Installing: /root/TEAM_AIM/install/domain_bridge/share/domain_bridge/cmake/domain_bridge__rosidl_typesupport_introspection_cExport.cmake
-- Installing: /root/TEAM_AIM/install/domain_bridge/share/domain_bridge/cmake/domain_bridge__rosidl_typesupport_introspection_cExport-noconfig.cmake
-- Installing: /root/TEAM_AIM/install/domain_bridge/share/domain_bridge/cmake/domain_bridge__rosidl_typesupport_cExport.cmake
-- Installing: /root/TEAM_AIM/install/domain_bridge/share/domain_bridge/cmake/domain_bridge__rosidl_typesupport_cExport-noconfig.cmake
-- Installing: /root/TEAM_AIM/install/domain_bridge/share/domain_bridge/cmake/domain_bridge__rosidl_generator_cppExport.cmake
-- Installing: /root/TEAM_AIM/install/domain_bridge/share/domain_bridge/cmake/domain_bridge__rosidl_typesupport_introspection_cppExport.cmake
-- Installing: /root/TEAM_AIM/install/domain_bridge/share/domain_bridge/cmake/domain_bridge__rosidl_typesupport_introspection_cppExport-noconfig.cmake
-- Installing: /root/TEAM_AIM/install/domain_bridge/share/domain_bridge/cmake/domain_bridge__rosidl_typesupport_cppExport.cmake
-- Installing: /root/TEAM_AIM/install/domain_bridge/share/domain_bridge/cmake/domain_bridge__rosidl_typesupport_cppExport-noconfig.cmake
-- Installing: /root/TEAM_AIM/install/domain_bridge/share/domain_bridge/cmake/export_domain_bridgeExport.cmake
-- Installing: /root/TEAM_AIM/install/domain_bridge/share/domain_bridge/cmake/export_domain_bridgeExport-noconfig.cmake
-- Installing: /root/TEAM_AIM/install/domain_bridge/share/domain_bridge/cmake/rosidl_cmake-extras.cmake
-- Installing: /root/TEAM_AIM/install/domain_bridge/share/domain_bridge/cmake/ament_cmake_export_dependencies-extras.cmake
-- Installing: /root/TEAM_AIM/install/domain_bridge/share/domain_bridge/cmake/ament_cmake_export_libraries-extras.cmake
-- Installing: /root/TEAM_AIM/install/domain_bridge/share/domain_bridge/cmake/ament_cmake_export_targets-extras.cmake
-- Installing: /root/TEAM_AIM/install/domain_bridge/share/domain_bridge/cmake/ament_cmake_export_include_directories-extras.cmake
-- Installing: /root/TEAM_AIM/install/domain_bridge/share/domain_bridge/cmake/rosidl_cmake_export_typesupport_libraries-extras.cmake
-- Installing: /root/TEAM_AIM/install/domain_bridge/share/domain_bridge/cmake/rosidl_cmake_export_typesupport_targets-extras.cmake
-- Installing: /root/TEAM_AIM/install/domain_bridge/share/domain_bridge/cmake/domain_bridgeConfig.cmake
-- Installing: /root/TEAM_AIM/install/domain_bridge/share/domain_bridge/cmake/domain_bridgeConfig-version.cmake
-- Installing: /root/TEAM_AIM/install/domain_bridge/share/domain_bridge/package.xml
