[0.097s] Invoking command in '/root/TEAM_AIM/build/domain_bridge': CMAKE_PREFIX_PATH=/opt/ros/foxy /usr/bin/cmake --build /root/TEAM_AIM/build/domain_bridge -- -j16 -l16
[0.236s] [  2%] Built target domain_bridge__cpp
[0.236s] [  9%] Built target domain_bridge__rosidl_generator_c
[0.318s] [ 15%] Built target domain_bridge__rosidl_typesupport_introspection_c
[0.321s] [ 22%] Built target domain_bridge__rosidl_typesupport_c
[0.321s] [ 29%] Built target domain_bridge__rosidl_typesupport_cpp
[0.326s] [ 36%] Built target domain_bridge__rosidl_typesupport_introspection_cpp
[0.337s] [ 43%] Built target domain_bridge__rosidl_typesupport_fastrtps_cpp
[0.408s] [ 50%] Built target domain_bridge__rosidl_typesupport_fastrtps_c
[0.457s] [ 50%] Built target domain_bridge
[0.518s] [ 52%] Built target domain_bridge__py
[0.568s] [ 77%] Built target domain_bridge_lib
[0.597s] [ 81%] Built target domain_bridge__python
[0.638s] [ 86%] Built target domain_bridge_exec
[0.662s] [ 95%] Built target domain_bridge__rosidl_typesupport_introspection_c__pyext
[0.663s] [ 95%] Built target domain_bridge__rosidl_typesupport_c__pyext
[0.663s] [100%] Built target domain_bridge__rosidl_typesupport_fastrtps_c__pyext
[0.696s] Invoked command in '/root/TEAM_AIM/build/domain_bridge' returned '0': CMAKE_PREFIX_PATH=/opt/ros/foxy /usr/bin/cmake --build /root/TEAM_AIM/build/domain_bridge -- -j16 -l16
[0.888s] Invoking command in '/root/TEAM_AIM/build/domain_bridge': CMAKE_PREFIX_PATH=/opt/ros/foxy /usr/bin/cmake --install /root/TEAM_AIM/build/domain_bridge
[0.905s] -- Install configuration: ""
[0.906s] -- Installing: /root/TEAM_AIM/install/domain_bridge/share/ament_index/resource_index/rosidl_interfaces/domain_bridge
[0.906s] -- Installing: /root/TEAM_AIM/install/domain_bridge/include/domain_bridge
[0.906s] -- Installing: /root/TEAM_AIM/install/domain_bridge/include/domain_bridge/msg
[0.906s] -- Installing: /root/TEAM_AIM/install/domain_bridge/include/domain_bridge/msg/rosidl_generator_c__visibility_control.h
[0.906s] -- Installing: /root/TEAM_AIM/install/domain_bridge/include/domain_bridge/msg/compressed_msg.h
[0.907s] -- Installing: /root/TEAM_AIM/install/domain_bridge/include/domain_bridge/msg/detail
[0.907s] -- Installing: /root/TEAM_AIM/install/domain_bridge/include/domain_bridge/msg/detail/compressed_msg__type_support.h
[0.907s] -- Installing: /root/TEAM_AIM/install/domain_bridge/include/domain_bridge/msg/detail/compressed_msg__functions.c
[0.907s] -- Installing: /root/TEAM_AIM/install/domain_bridge/include/domain_bridge/msg/detail/compressed_msg__functions.h
[0.908s] -- Installing: /root/TEAM_AIM/install/domain_bridge/include/domain_bridge/msg/detail/compressed_msg__struct.h
[0.908s] -- Installing: /root/TEAM_AIM/install/domain_bridge/share/domain_bridge/environment/library_path.sh
[0.908s] -- Installing: /root/TEAM_AIM/install/domain_bridge/share/domain_bridge/environment/library_path.dsv
[0.909s] -- Installing: /root/TEAM_AIM/install/domain_bridge/lib/libdomain_bridge__rosidl_generator_c.so
[0.910s] -- Set runtime path of "/root/TEAM_AIM/install/domain_bridge/lib/libdomain_bridge__rosidl_generator_c.so" to ""
[0.910s] -- Up-to-date: /root/TEAM_AIM/install/domain_bridge/include/domain_bridge
[0.910s] -- Up-to-date: /root/TEAM_AIM/install/domain_bridge/include/domain_bridge/msg
[0.911s] -- Installing: /root/TEAM_AIM/install/domain_bridge/include/domain_bridge/msg/rosidl_typesupport_fastrtps_c__visibility_control.h
[0.911s] -- Up-to-date: /root/TEAM_AIM/install/domain_bridge/include/domain_bridge/msg/detail
[0.911s] -- Installing: /root/TEAM_AIM/install/domain_bridge/include/domain_bridge/msg/detail/compressed_msg__rosidl_typesupport_fastrtps_c.h
[0.911s] -- Installing: /root/TEAM_AIM/install/domain_bridge/lib/libdomain_bridge__rosidl_typesupport_fastrtps_c.so
[0.912s] -- Set runtime path of "/root/TEAM_AIM/install/domain_bridge/lib/libdomain_bridge__rosidl_typesupport_fastrtps_c.so" to ""
[0.912s] -- Up-to-date: /root/TEAM_AIM/install/domain_bridge/include/domain_bridge
[0.912s] -- Up-to-date: /root/TEAM_AIM/install/domain_bridge/include/domain_bridge/msg
[0.912s] -- Installing: /root/TEAM_AIM/install/domain_bridge/include/domain_bridge/msg/rosidl_typesupport_fastrtps_cpp__visibility_control.h
[0.913s] -- Up-to-date: /root/TEAM_AIM/install/domain_bridge/include/domain_bridge/msg/detail
[0.913s] -- Installing: /root/TEAM_AIM/install/domain_bridge/include/domain_bridge/msg/detail/dds_fastrtps
[0.913s] -- Installing: /root/TEAM_AIM/install/domain_bridge/include/domain_bridge/msg/detail/compressed_msg__rosidl_typesupport_fastrtps_cpp.hpp
[0.913s] -- Installing: /root/TEAM_AIM/install/domain_bridge/lib/libdomain_bridge__rosidl_typesupport_fastrtps_cpp.so
[0.915s] -- Set runtime path of "/root/TEAM_AIM/install/domain_bridge/lib/libdomain_bridge__rosidl_typesupport_fastrtps_cpp.so" to ""
[0.915s] -- Up-to-date: /root/TEAM_AIM/install/domain_bridge/include/domain_bridge
[0.915s] -- Up-to-date: /root/TEAM_AIM/install/domain_bridge/include/domain_bridge/msg
[0.915s] -- Up-to-date: /root/TEAM_AIM/install/domain_bridge/include/domain_bridge/msg/detail
[0.916s] -- Installing: /root/TEAM_AIM/install/domain_bridge/include/domain_bridge/msg/detail/compressed_msg__type_support.c
[0.916s] -- Installing: /root/TEAM_AIM/install/domain_bridge/include/domain_bridge/msg/detail/compressed_msg__rosidl_typesupport_introspection_c.h
[0.916s] -- Installing: /root/TEAM_AIM/install/domain_bridge/include/domain_bridge/msg/rosidl_typesupport_introspection_c__visibility_control.h
[0.916s] -- Installing: /root/TEAM_AIM/install/domain_bridge/lib/libdomain_bridge__rosidl_typesupport_introspection_c.so
[0.917s] -- Set runtime path of "/root/TEAM_AIM/install/domain_bridge/lib/libdomain_bridge__rosidl_typesupport_introspection_c.so" to ""
[0.917s] -- Installing: /root/TEAM_AIM/install/domain_bridge/lib/libdomain_bridge__rosidl_typesupport_c.so
[0.918s] -- Set runtime path of "/root/TEAM_AIM/install/domain_bridge/lib/libdomain_bridge__rosidl_typesupport_c.so" to ""
[0.918s] -- Up-to-date: /root/TEAM_AIM/install/domain_bridge/include/domain_bridge
[0.918s] -- Up-to-date: /root/TEAM_AIM/install/domain_bridge/include/domain_bridge/msg
[0.918s] -- Installing: /root/TEAM_AIM/install/domain_bridge/include/domain_bridge/msg/compressed_msg.hpp
[0.918s] -- Installing: /root/TEAM_AIM/install/domain_bridge/include/domain_bridge/msg/rosidl_generator_cpp__visibility_control.hpp
[0.918s] -- Up-to-date: /root/TEAM_AIM/install/domain_bridge/include/domain_bridge/msg/detail
[0.919s] -- Installing: /root/TEAM_AIM/install/domain_bridge/include/domain_bridge/msg/detail/compressed_msg__builder.hpp
[0.919s] -- Installing: /root/TEAM_AIM/install/domain_bridge/include/domain_bridge/msg/detail/compressed_msg__struct.hpp
[0.919s] -- Installing: /root/TEAM_AIM/install/domain_bridge/include/domain_bridge/msg/detail/compressed_msg__traits.hpp
[0.919s] -- Installing: /root/TEAM_AIM/install/domain_bridge/include/domain_bridge/msg/detail/compressed_msg__type_support.hpp
[0.919s] -- Up-to-date: /root/TEAM_AIM/install/domain_bridge/include/domain_bridge
[0.919s] -- Up-to-date: /root/TEAM_AIM/install/domain_bridge/include/domain_bridge/msg
[0.920s] -- Up-to-date: /root/TEAM_AIM/install/domain_bridge/include/domain_bridge/msg/detail
[0.920s] -- Installing: /root/TEAM_AIM/install/domain_bridge/include/domain_bridge/msg/detail/compressed_msg__type_support.cpp
[0.920s] -- Installing: /root/TEAM_AIM/install/domain_bridge/include/domain_bridge/msg/detail/compressed_msg__rosidl_typesupport_introspection_cpp.hpp
[0.921s] -- Installing: /root/TEAM_AIM/install/domain_bridge/lib/libdomain_bridge__rosidl_typesupport_introspection_cpp.so
[0.922s] -- Set runtime path of "/root/TEAM_AIM/install/domain_bridge/lib/libdomain_bridge__rosidl_typesupport_introspection_cpp.so" to ""
[0.922s] -- Installing: /root/TEAM_AIM/install/domain_bridge/lib/libdomain_bridge__rosidl_typesupport_cpp.so
[0.923s] -- Set runtime path of "/root/TEAM_AIM/install/domain_bridge/lib/libdomain_bridge__rosidl_typesupport_cpp.so" to ""
[0.923s] -- Installing: /root/TEAM_AIM/install/domain_bridge/share/domain_bridge/environment/pythonpath.sh
[0.923s] -- Installing: /root/TEAM_AIM/install/domain_bridge/share/domain_bridge/environment/pythonpath.dsv
[0.924s] -- Installing: /root/TEAM_AIM/install/domain_bridge/lib/python3.8/site-packages/domain_bridge/__init__.py
[0.987s] Compiling '/root/TEAM_AIM/install/domain_bridge/lib/python3.8/site-packages/domain_bridge/__init__.py'...
[0.995s] -- Installing: /root/TEAM_AIM/install/domain_bridge/lib/python3.8/site-packages/domain_bridge/msg
[0.996s] -- Installing: /root/TEAM_AIM/install/domain_bridge/lib/python3.8/site-packages/domain_bridge/msg/__init__.py
[0.996s] -- Installing: /root/TEAM_AIM/install/domain_bridge/lib/python3.8/site-packages/domain_bridge/msg/_compressed_msg.py
[0.997s] -- Installing: /root/TEAM_AIM/install/domain_bridge/lib/python3.8/site-packages/domain_bridge/msg/_compressed_msg_s.c
[0.997s] -- Installing: /root/TEAM_AIM/install/domain_bridge/lib/python3.8/site-packages/domain_bridge/domain_bridge_s__rosidl_typesupport_fastrtps_c.cpython-38-x86_64-linux-gnu.so
[0.997s] -- Set runtime path of "/root/TEAM_AIM/install/domain_bridge/lib/python3.8/site-packages/domain_bridge/domain_bridge_s__rosidl_typesupport_fastrtps_c.cpython-38-x86_64-linux-gnu.so" to ""
[0.998s] -- Installing: /root/TEAM_AIM/install/domain_bridge/lib/python3.8/site-packages/domain_bridge/domain_bridge_s__rosidl_typesupport_introspection_c.cpython-38-x86_64-linux-gnu.so
[1.008s] -- Set runtime path of "/root/TEAM_AIM/install/domain_bridge/lib/python3.8/site-packages/domain_bridge/domain_bridge_s__rosidl_typesupport_introspection_c.cpython-38-x86_64-linux-gnu.so" to ""
[1.012s] -- Installing: /root/TEAM_AIM/install/domain_bridge/lib/python3.8/site-packages/domain_bridge/domain_bridge_s__rosidl_typesupport_c.cpython-38-x86_64-linux-gnu.so
[1.012s] -- Set runtime path of "/root/TEAM_AIM/install/domain_bridge/lib/python3.8/site-packages/domain_bridge/domain_bridge_s__rosidl_typesupport_c.cpython-38-x86_64-linux-gnu.so" to ""
[1.012s] -- Installing: /root/TEAM_AIM/install/domain_bridge/lib/libdomain_bridge__python.so
[1.013s] -- Set runtime path of "/root/TEAM_AIM/install/domain_bridge/lib/libdomain_bridge__python.so" to ""
[1.013s] -- Installing: /root/TEAM_AIM/install/domain_bridge/share/domain_bridge/msg/CompressedMsg.idl
[1.013s] -- Installing: /root/TEAM_AIM/install/domain_bridge/share/domain_bridge/msg/CompressedMsg.msg
[1.013s] -- Up-to-date: /root/TEAM_AIM/install/domain_bridge/include
[1.013s] -- Up-to-date: /root/TEAM_AIM/install/domain_bridge/include/domain_bridge
[1.014s] -- Installing: /root/TEAM_AIM/install/domain_bridge/include/domain_bridge/topic_bridge_options.hpp
[1.014s] -- Installing: /root/TEAM_AIM/install/domain_bridge/include/domain_bridge/service_bridge_impl.inc
[1.014s] -- Installing: /root/TEAM_AIM/install/domain_bridge/include/domain_bridge/process_cmd_line_arguments.hpp
[1.014s] -- Installing: /root/TEAM_AIM/install/domain_bridge/include/domain_bridge/topic_bridge.hpp
[1.014s] -- Installing: /root/TEAM_AIM/install/domain_bridge/include/domain_bridge/domain_bridge.hpp
[1.014s] -- Installing: /root/TEAM_AIM/install/domain_bridge/include/domain_bridge/domain_bridge_options.hpp
[1.015s] -- Installing: /root/TEAM_AIM/install/domain_bridge/include/domain_bridge/service_bridge_options.hpp
[1.015s] -- Installing: /root/TEAM_AIM/install/domain_bridge/include/domain_bridge/qos_options.hpp
[1.015s] -- Installing: /root/TEAM_AIM/install/domain_bridge/include/domain_bridge/domain_bridge_config.hpp
[1.017s] -- Installing: /root/TEAM_AIM/install/domain_bridge/include/domain_bridge/utils.hpp
[1.017s] -- Installing: /root/TEAM_AIM/install/domain_bridge/include/domain_bridge/visibility_control.hpp
[1.018s] -- Installing: /root/TEAM_AIM/install/domain_bridge/include/domain_bridge/parse_domain_bridge_yaml_config.hpp
[1.019s] -- Installing: /root/TEAM_AIM/install/domain_bridge/include/domain_bridge/compress_messages.hpp
[1.019s] -- Installing: /root/TEAM_AIM/install/domain_bridge/lib/domain_bridge/domain_bridge
[1.020s] -- Set runtime path of "/root/TEAM_AIM/install/domain_bridge/lib/domain_bridge/domain_bridge" to ""
[1.020s] -- Installing: /root/TEAM_AIM/install/domain_bridge/lib/libdomain_bridge.so
[1.020s] -- Set runtime path of "/root/TEAM_AIM/install/domain_bridge/lib/libdomain_bridge.so" to ""
[1.020s] -- Installing: /root/TEAM_AIM/install/domain_bridge/share/domain_bridge/examples
[1.020s] -- Installing: /root/TEAM_AIM/install/domain_bridge/share/domain_bridge/examples/example_bridge_config.yaml
[1.020s] -- Installing: /root/TEAM_AIM/install/domain_bridge/share/domain_bridge/launch
[1.020s] -- Installing: /root/TEAM_AIM/install/domain_bridge/share/domain_bridge/launch/domain_bridge.launch.xml
[1.021s] -- Installing: /root/TEAM_AIM/install/domain_bridge/share/ament_index/resource_index/package_run_dependencies/domain_bridge
[1.027s] -- Installing: /root/TEAM_AIM/install/domain_bridge/share/ament_index/resource_index/parent_prefix_path/domain_bridge
[1.027s] -- Installing: /root/TEAM_AIM/install/domain_bridge/share/domain_bridge/environment/ament_prefix_path.sh
[1.028s] -- Installing: /root/TEAM_AIM/install/domain_bridge/share/domain_bridge/environment/ament_prefix_path.dsv
[1.028s] -- Installing: /root/TEAM_AIM/install/domain_bridge/share/domain_bridge/environment/path.sh
[1.029s] -- Installing: /root/TEAM_AIM/install/domain_bridge/share/domain_bridge/environment/path.dsv
[1.029s] -- Installing: /root/TEAM_AIM/install/domain_bridge/share/domain_bridge/local_setup.bash
[1.029s] -- Installing: /root/TEAM_AIM/install/domain_bridge/share/domain_bridge/local_setup.sh
[1.029s] -- Installing: /root/TEAM_AIM/install/domain_bridge/share/domain_bridge/local_setup.zsh
[1.030s] -- Installing: /root/TEAM_AIM/install/domain_bridge/share/domain_bridge/local_setup.dsv
[1.030s] -- Installing: /root/TEAM_AIM/install/domain_bridge/share/domain_bridge/package.dsv
[1.031s] -- Installing: /root/TEAM_AIM/install/domain_bridge/share/ament_index/resource_index/packages/domain_bridge
[1.031s] -- Installing: /root/TEAM_AIM/install/domain_bridge/share/domain_bridge/cmake/domain_bridge__rosidl_generator_cExport.cmake
[1.031s] -- Installing: /root/TEAM_AIM/install/domain_bridge/share/domain_bridge/cmake/domain_bridge__rosidl_generator_cExport-noconfig.cmake
[1.031s] -- Installing: /root/TEAM_AIM/install/domain_bridge/share/domain_bridge/cmake/domain_bridge__rosidl_typesupport_introspection_cExport.cmake
[1.031s] -- Installing: /root/TEAM_AIM/install/domain_bridge/share/domain_bridge/cmake/domain_bridge__rosidl_typesupport_introspection_cExport-noconfig.cmake
[1.031s] -- Installing: /root/TEAM_AIM/install/domain_bridge/share/domain_bridge/cmake/domain_bridge__rosidl_typesupport_cExport.cmake
[1.032s] -- Installing: /root/TEAM_AIM/install/domain_bridge/share/domain_bridge/cmake/domain_bridge__rosidl_typesupport_cExport-noconfig.cmake
[1.032s] -- Installing: /root/TEAM_AIM/install/domain_bridge/share/domain_bridge/cmake/domain_bridge__rosidl_generator_cppExport.cmake
[1.032s] -- Installing: /root/TEAM_AIM/install/domain_bridge/share/domain_bridge/cmake/domain_bridge__rosidl_typesupport_introspection_cppExport.cmake
[1.032s] -- Installing: /root/TEAM_AIM/install/domain_bridge/share/domain_bridge/cmake/domain_bridge__rosidl_typesupport_introspection_cppExport-noconfig.cmake
[1.032s] -- Installing: /root/TEAM_AIM/install/domain_bridge/share/domain_bridge/cmake/domain_bridge__rosidl_typesupport_cppExport.cmake
[1.032s] -- Installing: /root/TEAM_AIM/install/domain_bridge/share/domain_bridge/cmake/domain_bridge__rosidl_typesupport_cppExport-noconfig.cmake
[1.032s] -- Installing: /root/TEAM_AIM/install/domain_bridge/share/domain_bridge/cmake/export_domain_bridgeExport.cmake
[1.034s] -- Installing: /root/TEAM_AIM/install/domain_bridge/share/domain_bridge/cmake/export_domain_bridgeExport-noconfig.cmake
[1.034s] -- Installing: /root/TEAM_AIM/install/domain_bridge/share/domain_bridge/cmake/rosidl_cmake-extras.cmake
[1.034s] -- Installing: /root/TEAM_AIM/install/domain_bridge/share/domain_bridge/cmake/ament_cmake_export_dependencies-extras.cmake
[1.034s] -- Installing: /root/TEAM_AIM/install/domain_bridge/share/domain_bridge/cmake/ament_cmake_export_libraries-extras.cmake
[1.035s] -- Installing: /root/TEAM_AIM/install/domain_bridge/share/domain_bridge/cmake/ament_cmake_export_targets-extras.cmake
[1.035s] -- Installing: /root/TEAM_AIM/install/domain_bridge/share/domain_bridge/cmake/ament_cmake_export_include_directories-extras.cmake
[1.035s] -- Installing: /root/TEAM_AIM/install/domain_bridge/share/domain_bridge/cmake/rosidl_cmake_export_typesupport_libraries-extras.cmake
[1.035s] -- Installing: /root/TEAM_AIM/install/domain_bridge/share/domain_bridge/cmake/rosidl_cmake_export_typesupport_targets-extras.cmake
[1.035s] -- Installing: /root/TEAM_AIM/install/domain_bridge/share/domain_bridge/cmake/domain_bridgeConfig.cmake
[1.035s] -- Installing: /root/TEAM_AIM/install/domain_bridge/share/domain_bridge/cmake/domain_bridgeConfig-version.cmake
[1.035s] -- Installing: /root/TEAM_AIM/install/domain_bridge/share/domain_bridge/package.xml
[1.048s] Invoked command in '/root/TEAM_AIM/build/domain_bridge' returned '0': CMAKE_PREFIX_PATH=/opt/ros/foxy /usr/bin/cmake --install /root/TEAM_AIM/build/domain_bridge
