-- The C compiler identification is GNU 9.4.0
-- The CXX compiler identification is GNU 9.4.0
-- Check for working C compiler: /usr/bin/cc
-- Check for working C compiler: /usr/bin/cc -- works
-- Detecting C compiler ABI info
-- Detecting C compiler ABI info - done
-- Detecting C compile features
-- Detecting C compile features - done
-- Check for working CXX compiler: /usr/bin/c++
-- Check for working CXX compiler: /usr/bin/c++ -- works
-- Detecting CXX compiler ABI info
-- Detecting CXX compiler ABI info - done
-- Detecting CXX compile features
-- Detecting CXX compile features - done
-- Found ament_cmake: 0.9.12 (/opt/ros/foxy/share/ament_cmake/cmake)
-- Found PythonInterp: /usr/bin/python3 (found suitable version "3.8.10", minimum required is "3") 
-- Using PYTHON_EXECUTABLE: /usr/bin/python3
-- Found rosidl_default_generators: 1.0.1 (/opt/ros/foxy/share/rosidl_default_generators/cmake)
-- Using all available rosidl_typesupport_c: rosidl_typesupport_fastrtps_c;rosidl_typesupport_introspection_c
-- Found rosidl_adapter: 1.3.1 (/opt/ros/foxy/share/rosidl_adapter/cmake)
-- Found OpenSSL: /usr/lib/x86_64-linux-gnu/libcrypto.so (found version "1.1.1f")  
-- Found FastRTPS: /opt/ros/foxy/include  
-- Using all available rosidl_typesupport_cpp: rosidl_typesupport_fastrtps_cpp;rosidl_typesupport_introspection_cpp
-- Found PythonInterp: /usr/bin/python3 (found version "3.8.10") 
-- Found ament_cmake_ros: 0.9.2 (/opt/ros/foxy/share/ament_cmake_ros/cmake)
-- Using all available rosidl_typesupport_c: rosidl_typesupport_fastrtps_c;rosidl_typesupport_introspection_c
-- Using all available rosidl_typesupport_cpp: rosidl_typesupport_fastrtps_cpp;rosidl_typesupport_introspection_cpp
-- Found PythonInterp: /usr/bin/python3 (found suitable version "3.8.10", minimum required is "3.5") 
-- Found python_cmake_module: 0.8.1 (/opt/ros/foxy/share/python_cmake_module/cmake)
-- Found PythonLibs: /usr/lib/x86_64-linux-gnu/libpython3.8.so (found suitable version "3.8.10", minimum required is "3.5") 
-- Using PYTHON_EXECUTABLE: /usr/bin/python3
-- Using PYTHON_INCLUDE_DIRS: /usr/include/python3.8
-- Using PYTHON_LIBRARIES: /usr/lib/x86_64-linux-gnu/libpython3.8.so
-- Found PythonExtra: .so  
-- Configuring done
-- Generating done
-- Build files have been written to: /root/TEAM_AIM/build/scene_srv
[  2%] [34m[1mGenerating C code for ROS interfaces[0m
[35m[1mScanning dependencies of target scene_srv__cpp[0m
[  5%] [34m[1mGenerating C++ code for ROS interfaces[0m
[35m[1mScanning dependencies of target scene_srv__rosidl_generator_c[0m
[  5%] Built target scene_srv__cpp
[ 10%] [32mBuilding C object CMakeFiles/scene_srv__rosidl_generator_c.dir/rosidl_generator_c/scene_srv/srv/detail/scene_signal__functions.c.o[0m
[ 10%] [32mBuilding C object CMakeFiles/scene_srv__rosidl_generator_c.dir/rosidl_generator_c/scene_srv/srv/detail/start_signal__functions.c.o[0m
[ 17%] [34m[1mGenerating C++ type support dispatch for ROS interfaces[0m
[ 17%] [34m[1mGenerating C++ type support for eProsima Fast-RTPS[0m
[ 17%] [34m[1mGenerating C++ introspection for ROS interfaces[0m
[ 20%] [32m[1mLinking C shared library libscene_srv__rosidl_generator_c.so[0m
[ 20%] Built target scene_srv__rosidl_generator_c
[ 25%] [34m[1mGenerating C introspection for ROS interfaces[0m
[ 25%] [34m[1mGenerating C type support dispatch for ROS interfaces[0m
[35m[1mScanning dependencies of target scene_srv__rosidl_typesupport_cpp[0m
[ 28%] [32mBuilding CXX object CMakeFiles/scene_srv__rosidl_typesupport_cpp.dir/rosidl_typesupport_cpp/scene_srv/srv/scene_signal__type_support.cpp.o[0m
[ 30%] [32mBuilding CXX object CMakeFiles/scene_srv__rosidl_typesupport_cpp.dir/rosidl_typesupport_cpp/scene_srv/srv/start_signal__type_support.cpp.o[0m
[35m[1mScanning dependencies of target scene_srv__rosidl_typesupport_introspection_cpp[0m
[ 33%] [32mBuilding CXX object CMakeFiles/scene_srv__rosidl_typesupport_introspection_cpp.dir/rosidl_typesupport_introspection_cpp/scene_srv/srv/detail/scene_signal__type_support.cpp.o[0m
[ 35%] [32mBuilding CXX object CMakeFiles/scene_srv__rosidl_typesupport_introspection_cpp.dir/rosidl_typesupport_introspection_cpp/scene_srv/srv/detail/start_signal__type_support.cpp.o[0m
[35m[1mScanning dependencies of target scene_srv__rosidl_typesupport_fastrtps_cpp[0m
[ 38%] [32mBuilding CXX object CMakeFiles/scene_srv__rosidl_typesupport_fastrtps_cpp.dir/rosidl_typesupport_fastrtps_cpp/scene_srv/srv/detail/dds_fastrtps/start_signal__type_support.cpp.o[0m
[ 41%] [32mBuilding CXX object CMakeFiles/scene_srv__rosidl_typesupport_fastrtps_cpp.dir/rosidl_typesupport_fastrtps_cpp/scene_srv/srv/detail/dds_fastrtps/scene_signal__type_support.cpp.o[0m
[35m[1mScanning dependencies of target scene_srv__rosidl_typesupport_c[0m
[ 43%] [32mBuilding CXX object CMakeFiles/scene_srv__rosidl_typesupport_c.dir/rosidl_typesupport_c/scene_srv/srv/scene_signal__type_support.cpp.o[0m
[ 46%] [32mBuilding CXX object CMakeFiles/scene_srv__rosidl_typesupport_c.dir/rosidl_typesupport_c/scene_srv/srv/start_signal__type_support.cpp.o[0m
[ 48%] [32m[1mLinking CXX shared library libscene_srv__rosidl_typesupport_c.so[0m
[35m[1mScanning dependencies of target scene_srv__rosidl_typesupport_introspection_c[0m
[ 48%] Built target scene_srv__rosidl_typesupport_c
[ 51%] [32mBuilding C object CMakeFiles/scene_srv__rosidl_typesupport_introspection_c.dir/rosidl_typesupport_introspection_c/scene_srv/srv/detail/scene_signal__type_support.c.o[0m
[ 53%] [32mBuilding C object CMakeFiles/scene_srv__rosidl_typesupport_introspection_c.dir/rosidl_typesupport_introspection_c/scene_srv/srv/detail/start_signal__type_support.c.o[0m
[ 56%] [32m[1mLinking CXX shared library libscene_srv__rosidl_typesupport_cpp.so[0m
[ 58%] [32m[1mLinking C shared library libscene_srv__rosidl_typesupport_introspection_c.so[0m
[ 58%] Built target scene_srv__rosidl_typesupport_introspection_c
[ 61%] [32m[1mLinking CXX shared library libscene_srv__rosidl_typesupport_introspection_cpp.so[0m
[ 61%] Built target scene_srv__rosidl_typesupport_cpp
[ 61%] Built target scene_srv__rosidl_typesupport_introspection_cpp
[ 64%] [32m[1mLinking CXX shared library libscene_srv__rosidl_typesupport_fastrtps_cpp.so[0m
[ 64%] Built target scene_srv__rosidl_typesupport_fastrtps_cpp
[ 66%] [34m[1mGenerating C type support for eProsima Fast-RTPS[0m
[35m[1mScanning dependencies of target scene_srv__rosidl_typesupport_fastrtps_c[0m
[ 69%] [32mBuilding CXX object CMakeFiles/scene_srv__rosidl_typesupport_fastrtps_c.dir/rosidl_typesupport_fastrtps_c/scene_srv/srv/detail/scene_signal__type_support_c.cpp.o[0m
[ 71%] [32mBuilding CXX object CMakeFiles/scene_srv__rosidl_typesupport_fastrtps_c.dir/rosidl_typesupport_fastrtps_c/scene_srv/srv/detail/start_signal__type_support_c.cpp.o[0m
[ 74%] [32m[1mLinking CXX shared library libscene_srv__rosidl_typesupport_fastrtps_c.so[0m
[ 74%] Built target scene_srv__rosidl_typesupport_fastrtps_c
[35m[1mScanning dependencies of target scene_srv[0m
[ 74%] Built target scene_srv
[35m[1mScanning dependencies of target scene_srv__py[0m
[ 76%] [34m[1mGenerating Python code for ROS interfaces[0m
[ 76%] Built target scene_srv__py
[35m[1mScanning dependencies of target scene_srv__python[0m
[ 82%] [32mBuilding C object CMakeFiles/scene_srv__python.dir/rosidl_generator_py/scene_srv/srv/_start_signal_s.c.o[0m
[ 82%] [32mBuilding C object CMakeFiles/scene_srv__python.dir/rosidl_generator_py/scene_srv/srv/_scene_signal_s.c.o[0m
[ 84%] [32m[1mLinking C shared library rosidl_generator_py/scene_srv/libscene_srv__python.so[0m
[ 84%] Built target scene_srv__python
[35m[1mScanning dependencies of target scene_srv__rosidl_typesupport_fastrtps_c__pyext[0m
[35m[1mScanning dependencies of target scene_srv__rosidl_typesupport_c__pyext[0m
[35m[1mScanning dependencies of target scene_srv__rosidl_typesupport_introspection_c__pyext[0m
[ 87%] [32mBuilding C object CMakeFiles/scene_srv__rosidl_typesupport_fastrtps_c__pyext.dir/rosidl_generator_py/scene_srv/_scene_srv_s.ep.rosidl_typesupport_fastrtps_c.c.o[0m
[ 92%] [32mBuilding C object CMakeFiles/scene_srv__rosidl_typesupport_c__pyext.dir/rosidl_generator_py/scene_srv/_scene_srv_s.ep.rosidl_typesupport_c.c.o[0m
[ 92%] [32mBuilding C object CMakeFiles/scene_srv__rosidl_typesupport_introspection_c__pyext.dir/rosidl_generator_py/scene_srv/_scene_srv_s.ep.rosidl_typesupport_introspection_c.c.o[0m
[ 94%] [32m[1mLinking CXX shared library rosidl_generator_py/scene_srv/scene_srv_s__rosidl_typesupport_fastrtps_c.cpython-38-x86_64-linux-gnu.so[0m
[ 97%] [32m[1mLinking C shared library rosidl_generator_py/scene_srv/scene_srv_s__rosidl_typesupport_introspection_c.cpython-38-x86_64-linux-gnu.so[0m
[100%] [32m[1mLinking C shared library rosidl_generator_py/scene_srv/scene_srv_s__rosidl_typesupport_c.cpython-38-x86_64-linux-gnu.so[0m
[100%] Built target scene_srv__rosidl_typesupport_introspection_c__pyext
[100%] Built target scene_srv__rosidl_typesupport_c__pyext
[100%] Built target scene_srv__rosidl_typesupport_fastrtps_c__pyext
-- Install configuration: ""
-- Installing: /root/TEAM_AIM/install/scene_srv/share/ament_index/resource_index/rosidl_interfaces/scene_srv
-- Installing: /root/TEAM_AIM/install/scene_srv/include/scene_srv
-- Installing: /root/TEAM_AIM/install/scene_srv/include/scene_srv/srv
-- Installing: /root/TEAM_AIM/install/scene_srv/include/scene_srv/srv/start_signal.h
-- Installing: /root/TEAM_AIM/install/scene_srv/include/scene_srv/srv/scene_signal.h
-- Installing: /root/TEAM_AIM/install/scene_srv/include/scene_srv/srv/detail
-- Installing: /root/TEAM_AIM/install/scene_srv/include/scene_srv/srv/detail/scene_signal__type_support.h
-- Installing: /root/TEAM_AIM/install/scene_srv/include/scene_srv/srv/detail/scene_signal__struct.h
-- Installing: /root/TEAM_AIM/install/scene_srv/include/scene_srv/srv/detail/scene_signal__functions.c
-- Installing: /root/TEAM_AIM/install/scene_srv/include/scene_srv/srv/detail/start_signal__functions.h
-- Installing: /root/TEAM_AIM/install/scene_srv/include/scene_srv/srv/detail/start_signal__struct.h
-- Installing: /root/TEAM_AIM/install/scene_srv/include/scene_srv/srv/detail/start_signal__functions.c
-- Installing: /root/TEAM_AIM/install/scene_srv/include/scene_srv/srv/detail/start_signal__type_support.h
-- Installing: /root/TEAM_AIM/install/scene_srv/include/scene_srv/srv/detail/scene_signal__functions.h
-- Installing: /root/TEAM_AIM/install/scene_srv/include/scene_srv/msg
-- Installing: /root/TEAM_AIM/install/scene_srv/include/scene_srv/msg/rosidl_generator_c__visibility_control.h
-- Installing: /root/TEAM_AIM/install/scene_srv/share/scene_srv/environment/library_path.sh
-- Installing: /root/TEAM_AIM/install/scene_srv/share/scene_srv/environment/library_path.dsv
-- Installing: /root/TEAM_AIM/install/scene_srv/lib/libscene_srv__rosidl_generator_c.so
-- Set runtime path of "/root/TEAM_AIM/install/scene_srv/lib/libscene_srv__rosidl_generator_c.so" to ""
-- Up-to-date: /root/TEAM_AIM/install/scene_srv/include/scene_srv
-- Up-to-date: /root/TEAM_AIM/install/scene_srv/include/scene_srv/srv
-- Up-to-date: /root/TEAM_AIM/install/scene_srv/include/scene_srv/srv/detail
-- Installing: /root/TEAM_AIM/install/scene_srv/include/scene_srv/srv/detail/scene_signal__rosidl_typesupport_fastrtps_c.h
-- Installing: /root/TEAM_AIM/install/scene_srv/include/scene_srv/srv/detail/start_signal__rosidl_typesupport_fastrtps_c.h
-- Up-to-date: /root/TEAM_AIM/install/scene_srv/include/scene_srv/msg
-- Installing: /root/TEAM_AIM/install/scene_srv/include/scene_srv/msg/rosidl_typesupport_fastrtps_c__visibility_control.h
-- Installing: /root/TEAM_AIM/install/scene_srv/lib/libscene_srv__rosidl_typesupport_fastrtps_c.so
-- Set runtime path of "/root/TEAM_AIM/install/scene_srv/lib/libscene_srv__rosidl_typesupport_fastrtps_c.so" to ""
-- Up-to-date: /root/TEAM_AIM/install/scene_srv/include/scene_srv
-- Up-to-date: /root/TEAM_AIM/install/scene_srv/include/scene_srv/srv
-- Up-to-date: /root/TEAM_AIM/install/scene_srv/include/scene_srv/srv/detail
-- Installing: /root/TEAM_AIM/install/scene_srv/include/scene_srv/srv/detail/start_signal__rosidl_typesupport_fastrtps_cpp.hpp
-- Installing: /root/TEAM_AIM/install/scene_srv/include/scene_srv/srv/detail/dds_fastrtps
-- Installing: /root/TEAM_AIM/install/scene_srv/include/scene_srv/srv/detail/scene_signal__rosidl_typesupport_fastrtps_cpp.hpp
-- Up-to-date: /root/TEAM_AIM/install/scene_srv/include/scene_srv/msg
-- Installing: /root/TEAM_AIM/install/scene_srv/include/scene_srv/msg/rosidl_typesupport_fastrtps_cpp__visibility_control.h
-- Installing: /root/TEAM_AIM/install/scene_srv/lib/libscene_srv__rosidl_typesupport_fastrtps_cpp.so
-- Set runtime path of "/root/TEAM_AIM/install/scene_srv/lib/libscene_srv__rosidl_typesupport_fastrtps_cpp.so" to ""
-- Up-to-date: /root/TEAM_AIM/install/scene_srv/include/scene_srv
-- Up-to-date: /root/TEAM_AIM/install/scene_srv/include/scene_srv/srv
-- Up-to-date: /root/TEAM_AIM/install/scene_srv/include/scene_srv/srv/detail
-- Installing: /root/TEAM_AIM/install/scene_srv/include/scene_srv/srv/detail/scene_signal__rosidl_typesupport_introspection_c.h
-- Installing: /root/TEAM_AIM/install/scene_srv/include/scene_srv/srv/detail/start_signal__rosidl_typesupport_introspection_c.h
-- Installing: /root/TEAM_AIM/install/scene_srv/include/scene_srv/srv/detail/start_signal__type_support.c
-- Installing: /root/TEAM_AIM/install/scene_srv/include/scene_srv/srv/detail/scene_signal__type_support.c
-- Up-to-date: /root/TEAM_AIM/install/scene_srv/include/scene_srv/msg
-- Installing: /root/TEAM_AIM/install/scene_srv/include/scene_srv/msg/rosidl_typesupport_introspection_c__visibility_control.h
-- Installing: /root/TEAM_AIM/install/scene_srv/lib/libscene_srv__rosidl_typesupport_introspection_c.so
-- Set runtime path of "/root/TEAM_AIM/install/scene_srv/lib/libscene_srv__rosidl_typesupport_introspection_c.so" to ""
-- Installing: /root/TEAM_AIM/install/scene_srv/lib/libscene_srv__rosidl_typesupport_c.so
-- Set runtime path of "/root/TEAM_AIM/install/scene_srv/lib/libscene_srv__rosidl_typesupport_c.so" to ""
-- Up-to-date: /root/TEAM_AIM/install/scene_srv/include/scene_srv
-- Up-to-date: /root/TEAM_AIM/install/scene_srv/include/scene_srv/srv
-- Installing: /root/TEAM_AIM/install/scene_srv/include/scene_srv/srv/scene_signal.hpp
-- Up-to-date: /root/TEAM_AIM/install/scene_srv/include/scene_srv/srv/detail
-- Installing: /root/TEAM_AIM/install/scene_srv/include/scene_srv/srv/detail/scene_signal__builder.hpp
-- Installing: /root/TEAM_AIM/install/scene_srv/include/scene_srv/srv/detail/start_signal__builder.hpp
-- Installing: /root/TEAM_AIM/install/scene_srv/include/scene_srv/srv/detail/start_signal__struct.hpp
-- Installing: /root/TEAM_AIM/install/scene_srv/include/scene_srv/srv/detail/start_signal__traits.hpp
-- Installing: /root/TEAM_AIM/install/scene_srv/include/scene_srv/srv/detail/start_signal__type_support.hpp
-- Installing: /root/TEAM_AIM/install/scene_srv/include/scene_srv/srv/detail/scene_signal__traits.hpp
-- Installing: /root/TEAM_AIM/install/scene_srv/include/scene_srv/srv/detail/scene_signal__type_support.hpp
-- Installing: /root/TEAM_AIM/install/scene_srv/include/scene_srv/srv/detail/scene_signal__struct.hpp
-- Installing: /root/TEAM_AIM/install/scene_srv/include/scene_srv/srv/start_signal.hpp
-- Up-to-date: /root/TEAM_AIM/install/scene_srv/include/scene_srv/msg
-- Installing: /root/TEAM_AIM/install/scene_srv/include/scene_srv/msg/rosidl_generator_cpp__visibility_control.hpp
-- Up-to-date: /root/TEAM_AIM/install/scene_srv/include/scene_srv
-- Up-to-date: /root/TEAM_AIM/install/scene_srv/include/scene_srv/srv
-- Up-to-date: /root/TEAM_AIM/install/scene_srv/include/scene_srv/srv/detail
-- Installing: /root/TEAM_AIM/install/scene_srv/include/scene_srv/srv/detail/start_signal__type_support.cpp
-- Installing: /root/TEAM_AIM/install/scene_srv/include/scene_srv/srv/detail/start_signal__rosidl_typesupport_introspection_cpp.hpp
-- Installing: /root/TEAM_AIM/install/scene_srv/include/scene_srv/srv/detail/scene_signal__type_support.cpp
-- Installing: /root/TEAM_AIM/install/scene_srv/include/scene_srv/srv/detail/scene_signal__rosidl_typesupport_introspection_cpp.hpp
-- Installing: /root/TEAM_AIM/install/scene_srv/lib/libscene_srv__rosidl_typesupport_introspection_cpp.so
-- Set runtime path of "/root/TEAM_AIM/install/scene_srv/lib/libscene_srv__rosidl_typesupport_introspection_cpp.so" to ""
-- Installing: /root/TEAM_AIM/install/scene_srv/lib/libscene_srv__rosidl_typesupport_cpp.so
-- Set runtime path of "/root/TEAM_AIM/install/scene_srv/lib/libscene_srv__rosidl_typesupport_cpp.so" to ""
-- Installing: /root/TEAM_AIM/install/scene_srv/share/scene_srv/environment/pythonpath.sh
-- Installing: /root/TEAM_AIM/install/scene_srv/share/scene_srv/environment/pythonpath.dsv
-- Installing: /root/TEAM_AIM/install/scene_srv/lib/python3.8/site-packages/scene_srv/__init__.py
Compiling '/root/TEAM_AIM/install/scene_srv/lib/python3.8/site-packages/scene_srv/__init__.py'...
-- Installing: /root/TEAM_AIM/install/scene_srv/lib/python3.8/site-packages/scene_srv/srv
-- Installing: /root/TEAM_AIM/install/scene_srv/lib/python3.8/site-packages/scene_srv/srv/_scene_signal.py
-- Installing: /root/TEAM_AIM/install/scene_srv/lib/python3.8/site-packages/scene_srv/srv/__init__.py
-- Installing: /root/TEAM_AIM/install/scene_srv/lib/python3.8/site-packages/scene_srv/srv/_scene_signal_s.c
-- Installing: /root/TEAM_AIM/install/scene_srv/lib/python3.8/site-packages/scene_srv/srv/_start_signal.py
-- Installing: /root/TEAM_AIM/install/scene_srv/lib/python3.8/site-packages/scene_srv/srv/_start_signal_s.c
-- Installing: /root/TEAM_AIM/install/scene_srv/lib/python3.8/site-packages/scene_srv/scene_srv_s__rosidl_typesupport_fastrtps_c.cpython-38-x86_64-linux-gnu.so
-- Set runtime path of "/root/TEAM_AIM/install/scene_srv/lib/python3.8/site-packages/scene_srv/scene_srv_s__rosidl_typesupport_fastrtps_c.cpython-38-x86_64-linux-gnu.so" to ""
-- Installing: /root/TEAM_AIM/install/scene_srv/lib/python3.8/site-packages/scene_srv/scene_srv_s__rosidl_typesupport_introspection_c.cpython-38-x86_64-linux-gnu.so
-- Set runtime path of "/root/TEAM_AIM/install/scene_srv/lib/python3.8/site-packages/scene_srv/scene_srv_s__rosidl_typesupport_introspection_c.cpython-38-x86_64-linux-gnu.so" to ""
-- Installing: /root/TEAM_AIM/install/scene_srv/lib/python3.8/site-packages/scene_srv/scene_srv_s__rosidl_typesupport_c.cpython-38-x86_64-linux-gnu.so
-- Set runtime path of "/root/TEAM_AIM/install/scene_srv/lib/python3.8/site-packages/scene_srv/scene_srv_s__rosidl_typesupport_c.cpython-38-x86_64-linux-gnu.so" to ""
-- Installing: /root/TEAM_AIM/install/scene_srv/lib/libscene_srv__python.so
-- Set runtime path of "/root/TEAM_AIM/install/scene_srv/lib/libscene_srv__python.so" to ""
-- Installing: /root/TEAM_AIM/install/scene_srv/share/scene_srv/srv/SceneSignal.idl
-- Installing: /root/TEAM_AIM/install/scene_srv/share/scene_srv/srv/StartSignal.idl
-- Installing: /root/TEAM_AIM/install/scene_srv/share/scene_srv/srv/SceneSignal.srv
-- Installing: /root/TEAM_AIM/install/scene_srv/share/scene_srv/srv/SceneSignal_Request.msg
-- Installing: /root/TEAM_AIM/install/scene_srv/share/scene_srv/srv/SceneSignal_Response.msg
-- Installing: /root/TEAM_AIM/install/scene_srv/share/scene_srv/srv/StartSignal.srv
-- Installing: /root/TEAM_AIM/install/scene_srv/share/scene_srv/srv/StartSignal_Request.msg
-- Installing: /root/TEAM_AIM/install/scene_srv/share/scene_srv/srv/StartSignal_Response.msg
-- Installing: /root/TEAM_AIM/install/scene_srv/share/ament_index/resource_index/package_run_dependencies/scene_srv
-- Installing: /root/TEAM_AIM/install/scene_srv/share/ament_index/resource_index/parent_prefix_path/scene_srv
-- Installing: /root/TEAM_AIM/install/scene_srv/share/scene_srv/environment/ament_prefix_path.sh
-- Installing: /root/TEAM_AIM/install/scene_srv/share/scene_srv/environment/ament_prefix_path.dsv
-- Installing: /root/TEAM_AIM/install/scene_srv/share/scene_srv/environment/path.sh
-- Installing: /root/TEAM_AIM/install/scene_srv/share/scene_srv/environment/path.dsv
-- Installing: /root/TEAM_AIM/install/scene_srv/share/scene_srv/local_setup.bash
-- Installing: /root/TEAM_AIM/install/scene_srv/share/scene_srv/local_setup.sh
-- Installing: /root/TEAM_AIM/install/scene_srv/share/scene_srv/local_setup.zsh
-- Installing: /root/TEAM_AIM/install/scene_srv/share/scene_srv/local_setup.dsv
-- Installing: /root/TEAM_AIM/install/scene_srv/share/scene_srv/package.dsv
-- Installing: /root/TEAM_AIM/install/scene_srv/share/ament_index/resource_index/packages/scene_srv
-- Installing: /root/TEAM_AIM/install/scene_srv/share/scene_srv/cmake/scene_srv__rosidl_generator_cExport.cmake
-- Installing: /root/TEAM_AIM/install/scene_srv/share/scene_srv/cmake/scene_srv__rosidl_generator_cExport-noconfig.cmake
-- Installing: /root/TEAM_AIM/install/scene_srv/share/scene_srv/cmake/scene_srv__rosidl_typesupport_introspection_cExport.cmake
-- Installing: /root/TEAM_AIM/install/scene_srv/share/scene_srv/cmake/scene_srv__rosidl_typesupport_introspection_cExport-noconfig.cmake
-- Installing: /root/TEAM_AIM/install/scene_srv/share/scene_srv/cmake/scene_srv__rosidl_typesupport_cExport.cmake
-- Installing: /root/TEAM_AIM/install/scene_srv/share/scene_srv/cmake/scene_srv__rosidl_typesupport_cExport-noconfig.cmake
-- Installing: /root/TEAM_AIM/install/scene_srv/share/scene_srv/cmake/scene_srv__rosidl_generator_cppExport.cmake
-- Installing: /root/TEAM_AIM/install/scene_srv/share/scene_srv/cmake/scene_srv__rosidl_typesupport_introspection_cppExport.cmake
-- Installing: /root/TEAM_AIM/install/scene_srv/share/scene_srv/cmake/scene_srv__rosidl_typesupport_introspection_cppExport-noconfig.cmake
-- Installing: /root/TEAM_AIM/install/scene_srv/share/scene_srv/cmake/scene_srv__rosidl_typesupport_cppExport.cmake
-- Installing: /root/TEAM_AIM/install/scene_srv/share/scene_srv/cmake/scene_srv__rosidl_typesupport_cppExport-noconfig.cmake
-- Installing: /root/TEAM_AIM/install/scene_srv/share/scene_srv/cmake/rosidl_cmake-extras.cmake
-- Installing: /root/TEAM_AIM/install/scene_srv/share/scene_srv/cmake/ament_cmake_export_dependencies-extras.cmake
-- Installing: /root/TEAM_AIM/install/scene_srv/share/scene_srv/cmake/ament_cmake_export_libraries-extras.cmake
-- Installing: /root/TEAM_AIM/install/scene_srv/share/scene_srv/cmake/ament_cmake_export_targets-extras.cmake
-- Installing: /root/TEAM_AIM/install/scene_srv/share/scene_srv/cmake/ament_cmake_export_include_directories-extras.cmake
-- Installing: /root/TEAM_AIM/install/scene_srv/share/scene_srv/cmake/rosidl_cmake_export_typesupport_libraries-extras.cmake
-- Installing: /root/TEAM_AIM/install/scene_srv/share/scene_srv/cmake/rosidl_cmake_export_typesupport_targets-extras.cmake
-- Installing: /root/TEAM_AIM/install/scene_srv/share/scene_srv/cmake/scene_srvConfig.cmake
-- Installing: /root/TEAM_AIM/install/scene_srv/share/scene_srv/cmake/scene_srvConfig-version.cmake
-- Installing: /root/TEAM_AIM/install/scene_srv/share/scene_srv/package.xml
