[0.054s] Invoking command in '/root/TEAM_AIM/build/scene_srv': CMAKE_PREFIX_PATH=${CMAKE_PREFIX_PATH}:/opt/ros/foxy /usr/bin/cmake /root/TEAM_AIM/Mobility_Challenge_Simulator/src/scene_srv -DBUILD_TESTING=OFF -DCMAKE_INSTALL_PREFIX=/root/TEAM_AIM/install/scene_srv
[0.123s] -- The C compiler identification is GNU 9.4.0
[0.177s] -- The CXX compiler identification is GNU 9.4.0
[0.182s] -- Check for working C compiler: /usr/bin/cc
[0.255s] -- Check for working C compiler: /usr/bin/cc -- works
[0.255s] -- Detecting C compiler ABI info
[0.327s] -- Detecting C compiler ABI info - done
[0.334s] -- Detecting C compile features
[0.334s] -- Detecting C compile features - done
[0.337s] -- Check for working CXX compiler: /usr/bin/c++
[0.423s] -- Check for working CXX compiler: /usr/bin/c++ -- works
[0.424s] -- Detecting CXX compiler ABI info
[0.498s] -- Detecting CXX compiler ABI info - done
[0.505s] -- Detecting CXX compile features
[0.505s] -- Detecting CXX compile features - done
[0.507s] -- Found ament_cmake: 0.9.12 (/opt/ros/foxy/share/ament_cmake/cmake)
[0.530s] -- Found PythonInterp: /usr/bin/python3 (found suitable version "3.8.10", minimum required is "3") 
[0.530s] -- Using PYTHON_EXECUTABLE: /usr/bin/python3
[0.652s] -- Found rosidl_default_generators: 1.0.1 (/opt/ros/foxy/share/rosidl_default_generators/cmake)
[0.654s] -- Using all available rosidl_typesupport_c: rosidl_typesupport_fastrtps_c;rosidl_typesupport_introspection_c
[0.660s] -- Found rosidl_adapter: 1.3.1 (/opt/ros/foxy/share/rosidl_adapter/cmake)
[0.766s] -- Found OpenSSL: /usr/lib/x86_64-linux-gnu/libcrypto.so (found version "1.1.1f")  
[0.791s] -- Found FastRTPS: /opt/ros/foxy/include  
[0.868s] -- Using all available rosidl_typesupport_cpp: rosidl_typesupport_fastrtps_cpp;rosidl_typesupport_introspection_cpp
[0.906s] -- Found PythonInterp: /usr/bin/python3 (found version "3.8.10") 
[1.019s] -- Found ament_cmake_ros: 0.9.2 (/opt/ros/foxy/share/ament_cmake_ros/cmake)
[1.119s] -- Using all available rosidl_typesupport_c: rosidl_typesupport_fastrtps_c;rosidl_typesupport_introspection_c
[1.126s] -- Using all available rosidl_typesupport_cpp: rosidl_typesupport_fastrtps_cpp;rosidl_typesupport_introspection_cpp
[1.145s] -- Found PythonInterp: /usr/bin/python3 (found suitable version "3.8.10", minimum required is "3.5") 
[1.146s] -- Found python_cmake_module: 0.8.1 (/opt/ros/foxy/share/python_cmake_module/cmake)
[1.165s] -- Found PythonLibs: /usr/lib/x86_64-linux-gnu/libpython3.8.so (found suitable version "3.8.10", minimum required is "3.5") 
[1.165s] -- Using PYTHON_EXECUTABLE: /usr/bin/python3
[1.165s] -- Using PYTHON_INCLUDE_DIRS: /usr/include/python3.8
[1.165s] -- Using PYTHON_LIBRARIES: /usr/lib/x86_64-linux-gnu/libpython3.8.so
[1.182s] -- Found PythonExtra: .so  
[1.220s] -- Configuring done
[1.244s] -- Generating done
[1.246s] -- Build files have been written to: /root/TEAM_AIM/build/scene_srv
[1.253s] Invoked command in '/root/TEAM_AIM/build/scene_srv' returned '0': CMAKE_PREFIX_PATH=${CMAKE_PREFIX_PATH}:/opt/ros/foxy /usr/bin/cmake /root/TEAM_AIM/Mobility_Challenge_Simulator/src/scene_srv -DBUILD_TESTING=OFF -DCMAKE_INSTALL_PREFIX=/root/TEAM_AIM/install/scene_srv
[1.257s] Invoking command in '/root/TEAM_AIM/build/scene_srv': CMAKE_PREFIX_PATH=${CMAKE_PREFIX_PATH}:/opt/ros/foxy /usr/bin/cmake --build /root/TEAM_AIM/build/scene_srv -- -j16 -l16
[1.298s] [  2%] [34m[1mGenerating C code for ROS interfaces[0m
[1.298s] [35m[1mScanning dependencies of target scene_srv__cpp[0m
[1.309s] [  5%] [34m[1mGenerating C++ code for ROS interfaces[0m
[1.500s] [35m[1mScanning dependencies of target scene_srv__rosidl_generator_c[0m
[1.509s] [  5%] Built target scene_srv__cpp
[1.515s] [ 10%] [32mBuilding C object CMakeFiles/scene_srv__rosidl_generator_c.dir/rosidl_generator_c/scene_srv/srv/detail/scene_signal__functions.c.o[0m
[1.516s] [ 10%] [32mBuilding C object CMakeFiles/scene_srv__rosidl_generator_c.dir/rosidl_generator_c/scene_srv/srv/detail/start_signal__functions.c.o[0m
[1.520s] [ 17%] [34m[1mGenerating C++ type support dispatch for ROS interfaces[0m
[1.520s] [ 17%] [34m[1mGenerating C++ type support for eProsima Fast-RTPS[0m
[1.521s] [ 17%] [34m[1mGenerating C++ introspection for ROS interfaces[0m
[1.588s] [ 20%] [32m[1mLinking C shared library libscene_srv__rosidl_generator_c.so[0m
[1.660s] [ 20%] Built target scene_srv__rosidl_generator_c
[1.674s] [ 25%] [34m[1mGenerating C introspection for ROS interfaces[0m
[1.674s] [ 25%] [34m[1mGenerating C type support dispatch for ROS interfaces[0m
[1.736s] [35m[1mScanning dependencies of target scene_srv__rosidl_typesupport_cpp[0m
[1.751s] [ 28%] [32mBuilding CXX object CMakeFiles/scene_srv__rosidl_typesupport_cpp.dir/rosidl_typesupport_cpp/scene_srv/srv/scene_signal__type_support.cpp.o[0m
[1.768s] [ 30%] [32mBuilding CXX object CMakeFiles/scene_srv__rosidl_typesupport_cpp.dir/rosidl_typesupport_cpp/scene_srv/srv/start_signal__type_support.cpp.o[0m
[1.793s] [35m[1mScanning dependencies of target scene_srv__rosidl_typesupport_introspection_cpp[0m
[1.812s] [ 33%] [32mBuilding CXX object CMakeFiles/scene_srv__rosidl_typesupport_introspection_cpp.dir/rosidl_typesupport_introspection_cpp/scene_srv/srv/detail/scene_signal__type_support.cpp.o[0m
[1.814s] [ 35%] [32mBuilding CXX object CMakeFiles/scene_srv__rosidl_typesupport_introspection_cpp.dir/rosidl_typesupport_introspection_cpp/scene_srv/srv/detail/start_signal__type_support.cpp.o[0m
[1.821s] [35m[1mScanning dependencies of target scene_srv__rosidl_typesupport_fastrtps_cpp[0m
[1.870s] [ 38%] [32mBuilding CXX object CMakeFiles/scene_srv__rosidl_typesupport_fastrtps_cpp.dir/rosidl_typesupport_fastrtps_cpp/scene_srv/srv/detail/dds_fastrtps/start_signal__type_support.cpp.o[0m
[1.871s] [ 41%] [32mBuilding CXX object CMakeFiles/scene_srv__rosidl_typesupport_fastrtps_cpp.dir/rosidl_typesupport_fastrtps_cpp/scene_srv/srv/detail/dds_fastrtps/scene_signal__type_support.cpp.o[0m
[1.904s] [35m[1mScanning dependencies of target scene_srv__rosidl_typesupport_c[0m
[1.926s] [ 43%] [32mBuilding CXX object CMakeFiles/scene_srv__rosidl_typesupport_c.dir/rosidl_typesupport_c/scene_srv/srv/scene_signal__type_support.cpp.o[0m
[1.931s] [ 46%] [32mBuilding CXX object CMakeFiles/scene_srv__rosidl_typesupport_c.dir/rosidl_typesupport_c/scene_srv/srv/start_signal__type_support.cpp.o[0m
[1.990s] [ 48%] [32m[1mLinking CXX shared library libscene_srv__rosidl_typesupport_c.so[0m
[2.029s] [35m[1mScanning dependencies of target scene_srv__rosidl_typesupport_introspection_c[0m
[2.054s] [ 48%] Built target scene_srv__rosidl_typesupport_c
[2.060s] [ 51%] [32mBuilding C object CMakeFiles/scene_srv__rosidl_typesupport_introspection_c.dir/rosidl_typesupport_introspection_c/scene_srv/srv/detail/scene_signal__type_support.c.o[0m
[2.061s] [ 53%] [32mBuilding C object CMakeFiles/scene_srv__rosidl_typesupport_introspection_c.dir/rosidl_typesupport_introspection_c/scene_srv/srv/detail/start_signal__type_support.c.o[0m
[2.102s] [ 56%] [32m[1mLinking CXX shared library libscene_srv__rosidl_typesupport_cpp.so[0m
[2.103s] [ 58%] [32m[1mLinking C shared library libscene_srv__rosidl_typesupport_introspection_c.so[0m
[2.148s] [ 58%] Built target scene_srv__rosidl_typesupport_introspection_c
[2.151s] [ 61%] [32m[1mLinking CXX shared library libscene_srv__rosidl_typesupport_introspection_cpp.so[0m
[2.157s] [ 61%] Built target scene_srv__rosidl_typesupport_cpp
[2.220s] [ 61%] Built target scene_srv__rosidl_typesupport_introspection_cpp
[2.285s] [ 64%] [32m[1mLinking CXX shared library libscene_srv__rosidl_typesupport_fastrtps_cpp.so[0m
[2.379s] [ 64%] Built target scene_srv__rosidl_typesupport_fastrtps_cpp
[2.390s] [ 66%] [34m[1mGenerating C type support for eProsima Fast-RTPS[0m
[2.597s] [35m[1mScanning dependencies of target scene_srv__rosidl_typesupport_fastrtps_c[0m
[2.620s] [ 69%] [32mBuilding CXX object CMakeFiles/scene_srv__rosidl_typesupport_fastrtps_c.dir/rosidl_typesupport_fastrtps_c/scene_srv/srv/detail/scene_signal__type_support_c.cpp.o[0m
[2.620s] [ 71%] [32mBuilding CXX object CMakeFiles/scene_srv__rosidl_typesupport_fastrtps_c.dir/rosidl_typesupport_fastrtps_c/scene_srv/srv/detail/start_signal__type_support_c.cpp.o[0m
[2.872s] [ 74%] [32m[1mLinking CXX shared library libscene_srv__rosidl_typesupport_fastrtps_c.so[0m
[2.949s] [ 74%] Built target scene_srv__rosidl_typesupport_fastrtps_c
[2.959s] [35m[1mScanning dependencies of target scene_srv[0m
[2.970s] [ 74%] Built target scene_srv
[2.979s] [35m[1mScanning dependencies of target scene_srv__py[0m
[2.989s] [ 76%] [34m[1mGenerating Python code for ROS interfaces[0m
[3.338s] [ 76%] Built target scene_srv__py
[3.349s] [35m[1mScanning dependencies of target scene_srv__python[0m
[3.370s] [ 82%] [32mBuilding C object CMakeFiles/scene_srv__python.dir/rosidl_generator_py/scene_srv/srv/_start_signal_s.c.o[0m
[3.370s] [ 82%] [32mBuilding C object CMakeFiles/scene_srv__python.dir/rosidl_generator_py/scene_srv/srv/_scene_signal_s.c.o[0m
[3.492s] [ 84%] [32m[1mLinking C shared library rosidl_generator_py/scene_srv/libscene_srv__python.so[0m
[3.552s] [ 84%] Built target scene_srv__python
[3.571s] [35m[1mScanning dependencies of target scene_srv__rosidl_typesupport_fastrtps_c__pyext[0m
[3.584s] [35m[1mScanning dependencies of target scene_srv__rosidl_typesupport_c__pyext[0m
[3.594s] [35m[1mScanning dependencies of target scene_srv__rosidl_typesupport_introspection_c__pyext[0m
[3.623s] [ 87%] [32mBuilding C object CMakeFiles/scene_srv__rosidl_typesupport_fastrtps_c__pyext.dir/rosidl_generator_py/scene_srv/_scene_srv_s.ep.rosidl_typesupport_fastrtps_c.c.o[0m
[3.639s] [ 92%] [32mBuilding C object CMakeFiles/scene_srv__rosidl_typesupport_c__pyext.dir/rosidl_generator_py/scene_srv/_scene_srv_s.ep.rosidl_typesupport_c.c.o[0m
[3.643s] [ 92%] [32mBuilding C object CMakeFiles/scene_srv__rosidl_typesupport_introspection_c__pyext.dir/rosidl_generator_py/scene_srv/_scene_srv_s.ep.rosidl_typesupport_introspection_c.c.o[0m
[3.822s] [ 94%] [32m[1mLinking CXX shared library rosidl_generator_py/scene_srv/scene_srv_s__rosidl_typesupport_fastrtps_c.cpython-38-x86_64-linux-gnu.so[0m
[3.826s] [ 97%] [32m[1mLinking C shared library rosidl_generator_py/scene_srv/scene_srv_s__rosidl_typesupport_introspection_c.cpython-38-x86_64-linux-gnu.so[0m
[3.829s] [100%] [32m[1mLinking C shared library rosidl_generator_py/scene_srv/scene_srv_s__rosidl_typesupport_c.cpython-38-x86_64-linux-gnu.so[0m
[3.894s] [100%] Built target scene_srv__rosidl_typesupport_introspection_c__pyext
[3.903s] [100%] Built target scene_srv__rosidl_typesupport_c__pyext
[3.935s] [100%] Built target scene_srv__rosidl_typesupport_fastrtps_c__pyext
[3.963s] Invoked command in '/root/TEAM_AIM/build/scene_srv' returned '0': CMAKE_PREFIX_PATH=${CMAKE_PREFIX_PATH}:/opt/ros/foxy /usr/bin/cmake --build /root/TEAM_AIM/build/scene_srv -- -j16 -l16
[4.081s] Invoking command in '/root/TEAM_AIM/build/scene_srv': CMAKE_PREFIX_PATH=${CMAKE_PREFIX_PATH}:/opt/ros/foxy /usr/bin/cmake --install /root/TEAM_AIM/build/scene_srv
[4.100s] -- Install configuration: ""
[4.100s] -- Installing: /root/TEAM_AIM/install/scene_srv/share/ament_index/resource_index/rosidl_interfaces/scene_srv
[4.100s] -- Installing: /root/TEAM_AIM/install/scene_srv/include/scene_srv
[4.101s] -- Installing: /root/TEAM_AIM/install/scene_srv/include/scene_srv/srv
[4.103s] -- Installing: /root/TEAM_AIM/install/scene_srv/include/scene_srv/srv/start_signal.h
[4.103s] -- Installing: /root/TEAM_AIM/install/scene_srv/include/scene_srv/srv/scene_signal.h
[4.103s] -- Installing: /root/TEAM_AIM/install/scene_srv/include/scene_srv/srv/detail
[4.103s] -- Installing: /root/TEAM_AIM/install/scene_srv/include/scene_srv/srv/detail/scene_signal__type_support.h
[4.103s] -- Installing: /root/TEAM_AIM/install/scene_srv/include/scene_srv/srv/detail/scene_signal__struct.h
[4.103s] -- Installing: /root/TEAM_AIM/install/scene_srv/include/scene_srv/srv/detail/scene_signal__functions.c
[4.103s] -- Installing: /root/TEAM_AIM/install/scene_srv/include/scene_srv/srv/detail/start_signal__functions.h
[4.103s] -- Installing: /root/TEAM_AIM/install/scene_srv/include/scene_srv/srv/detail/start_signal__struct.h
[4.103s] -- Installing: /root/TEAM_AIM/install/scene_srv/include/scene_srv/srv/detail/start_signal__functions.c
[4.103s] -- Installing: /root/TEAM_AIM/install/scene_srv/include/scene_srv/srv/detail/start_signal__type_support.h
[4.104s] -- Installing: /root/TEAM_AIM/install/scene_srv/include/scene_srv/srv/detail/scene_signal__functions.h
[4.104s] -- Installing: /root/TEAM_AIM/install/scene_srv/include/scene_srv/msg
[4.104s] -- Installing: /root/TEAM_AIM/install/scene_srv/include/scene_srv/msg/rosidl_generator_c__visibility_control.h
[4.104s] -- Installing: /root/TEAM_AIM/install/scene_srv/share/scene_srv/environment/library_path.sh
[4.104s] -- Installing: /root/TEAM_AIM/install/scene_srv/share/scene_srv/environment/library_path.dsv
[4.106s] -- Installing: /root/TEAM_AIM/install/scene_srv/lib/libscene_srv__rosidl_generator_c.so
[4.106s] -- Set runtime path of "/root/TEAM_AIM/install/scene_srv/lib/libscene_srv__rosidl_generator_c.so" to ""
[4.106s] -- Up-to-date: /root/TEAM_AIM/install/scene_srv/include/scene_srv
[4.106s] -- Up-to-date: /root/TEAM_AIM/install/scene_srv/include/scene_srv/srv
[4.106s] -- Up-to-date: /root/TEAM_AIM/install/scene_srv/include/scene_srv/srv/detail
[4.106s] -- Installing: /root/TEAM_AIM/install/scene_srv/include/scene_srv/srv/detail/scene_signal__rosidl_typesupport_fastrtps_c.h
[4.106s] -- Installing: /root/TEAM_AIM/install/scene_srv/include/scene_srv/srv/detail/start_signal__rosidl_typesupport_fastrtps_c.h
[4.106s] -- Up-to-date: /root/TEAM_AIM/install/scene_srv/include/scene_srv/msg
[4.106s] -- Installing: /root/TEAM_AIM/install/scene_srv/include/scene_srv/msg/rosidl_typesupport_fastrtps_c__visibility_control.h
[4.107s] -- Installing: /root/TEAM_AIM/install/scene_srv/lib/libscene_srv__rosidl_typesupport_fastrtps_c.so
[4.107s] -- Set runtime path of "/root/TEAM_AIM/install/scene_srv/lib/libscene_srv__rosidl_typesupport_fastrtps_c.so" to ""
[4.107s] -- Up-to-date: /root/TEAM_AIM/install/scene_srv/include/scene_srv
[4.107s] -- Up-to-date: /root/TEAM_AIM/install/scene_srv/include/scene_srv/srv
[4.107s] -- Up-to-date: /root/TEAM_AIM/install/scene_srv/include/scene_srv/srv/detail
[4.107s] -- Installing: /root/TEAM_AIM/install/scene_srv/include/scene_srv/srv/detail/start_signal__rosidl_typesupport_fastrtps_cpp.hpp
[4.109s] -- Installing: /root/TEAM_AIM/install/scene_srv/include/scene_srv/srv/detail/dds_fastrtps
[4.109s] -- Installing: /root/TEAM_AIM/install/scene_srv/include/scene_srv/srv/detail/scene_signal__rosidl_typesupport_fastrtps_cpp.hpp
[4.109s] -- Up-to-date: /root/TEAM_AIM/install/scene_srv/include/scene_srv/msg
[4.109s] -- Installing: /root/TEAM_AIM/install/scene_srv/include/scene_srv/msg/rosidl_typesupport_fastrtps_cpp__visibility_control.h
[4.109s] -- Installing: /root/TEAM_AIM/install/scene_srv/lib/libscene_srv__rosidl_typesupport_fastrtps_cpp.so
[4.109s] -- Set runtime path of "/root/TEAM_AIM/install/scene_srv/lib/libscene_srv__rosidl_typesupport_fastrtps_cpp.so" to ""
[4.109s] -- Up-to-date: /root/TEAM_AIM/install/scene_srv/include/scene_srv
[4.109s] -- Up-to-date: /root/TEAM_AIM/install/scene_srv/include/scene_srv/srv
[4.109s] -- Up-to-date: /root/TEAM_AIM/install/scene_srv/include/scene_srv/srv/detail
[4.109s] -- Installing: /root/TEAM_AIM/install/scene_srv/include/scene_srv/srv/detail/scene_signal__rosidl_typesupport_introspection_c.h
[4.110s] -- Installing: /root/TEAM_AIM/install/scene_srv/include/scene_srv/srv/detail/start_signal__rosidl_typesupport_introspection_c.h
[4.110s] -- Installing: /root/TEAM_AIM/install/scene_srv/include/scene_srv/srv/detail/start_signal__type_support.c
[4.110s] -- Installing: /root/TEAM_AIM/install/scene_srv/include/scene_srv/srv/detail/scene_signal__type_support.c
[4.110s] -- Up-to-date: /root/TEAM_AIM/install/scene_srv/include/scene_srv/msg
[4.110s] -- Installing: /root/TEAM_AIM/install/scene_srv/include/scene_srv/msg/rosidl_typesupport_introspection_c__visibility_control.h
[4.110s] -- Installing: /root/TEAM_AIM/install/scene_srv/lib/libscene_srv__rosidl_typesupport_introspection_c.so
[4.110s] -- Set runtime path of "/root/TEAM_AIM/install/scene_srv/lib/libscene_srv__rosidl_typesupport_introspection_c.so" to ""
[4.110s] -- Installing: /root/TEAM_AIM/install/scene_srv/lib/libscene_srv__rosidl_typesupport_c.so
[4.110s] -- Set runtime path of "/root/TEAM_AIM/install/scene_srv/lib/libscene_srv__rosidl_typesupport_c.so" to ""
[4.110s] -- Up-to-date: /root/TEAM_AIM/install/scene_srv/include/scene_srv
[4.110s] -- Up-to-date: /root/TEAM_AIM/install/scene_srv/include/scene_srv/srv
[4.111s] -- Installing: /root/TEAM_AIM/install/scene_srv/include/scene_srv/srv/scene_signal.hpp
[4.111s] -- Up-to-date: /root/TEAM_AIM/install/scene_srv/include/scene_srv/srv/detail
[4.111s] -- Installing: /root/TEAM_AIM/install/scene_srv/include/scene_srv/srv/detail/scene_signal__builder.hpp
[4.111s] -- Installing: /root/TEAM_AIM/install/scene_srv/include/scene_srv/srv/detail/start_signal__builder.hpp
[4.111s] -- Installing: /root/TEAM_AIM/install/scene_srv/include/scene_srv/srv/detail/start_signal__struct.hpp
[4.111s] -- Installing: /root/TEAM_AIM/install/scene_srv/include/scene_srv/srv/detail/start_signal__traits.hpp
[4.112s] -- Installing: /root/TEAM_AIM/install/scene_srv/include/scene_srv/srv/detail/start_signal__type_support.hpp
[4.112s] -- Installing: /root/TEAM_AIM/install/scene_srv/include/scene_srv/srv/detail/scene_signal__traits.hpp
[4.112s] -- Installing: /root/TEAM_AIM/install/scene_srv/include/scene_srv/srv/detail/scene_signal__type_support.hpp
[4.112s] -- Installing: /root/TEAM_AIM/install/scene_srv/include/scene_srv/srv/detail/scene_signal__struct.hpp
[4.112s] -- Installing: /root/TEAM_AIM/install/scene_srv/include/scene_srv/srv/start_signal.hpp
[4.112s] -- Up-to-date: /root/TEAM_AIM/install/scene_srv/include/scene_srv/msg
[4.112s] -- Installing: /root/TEAM_AIM/install/scene_srv/include/scene_srv/msg/rosidl_generator_cpp__visibility_control.hpp
[4.113s] -- Up-to-date: /root/TEAM_AIM/install/scene_srv/include/scene_srv
[4.113s] -- Up-to-date: /root/TEAM_AIM/install/scene_srv/include/scene_srv/srv
[4.113s] -- Up-to-date: /root/TEAM_AIM/install/scene_srv/include/scene_srv/srv/detail
[4.113s] -- Installing: /root/TEAM_AIM/install/scene_srv/include/scene_srv/srv/detail/start_signal__type_support.cpp
[4.113s] -- Installing: /root/TEAM_AIM/install/scene_srv/include/scene_srv/srv/detail/start_signal__rosidl_typesupport_introspection_cpp.hpp
[4.113s] -- Installing: /root/TEAM_AIM/install/scene_srv/include/scene_srv/srv/detail/scene_signal__type_support.cpp
[4.113s] -- Installing: /root/TEAM_AIM/install/scene_srv/include/scene_srv/srv/detail/scene_signal__rosidl_typesupport_introspection_cpp.hpp
[4.113s] -- Installing: /root/TEAM_AIM/install/scene_srv/lib/libscene_srv__rosidl_typesupport_introspection_cpp.so
[4.114s] -- Set runtime path of "/root/TEAM_AIM/install/scene_srv/lib/libscene_srv__rosidl_typesupport_introspection_cpp.so" to ""
[4.114s] -- Installing: /root/TEAM_AIM/install/scene_srv/lib/libscene_srv__rosidl_typesupport_cpp.so
[4.114s] -- Set runtime path of "/root/TEAM_AIM/install/scene_srv/lib/libscene_srv__rosidl_typesupport_cpp.so" to ""
[4.115s] -- Installing: /root/TEAM_AIM/install/scene_srv/share/scene_srv/environment/pythonpath.sh
[4.119s] -- Installing: /root/TEAM_AIM/install/scene_srv/share/scene_srv/environment/pythonpath.dsv
[4.121s] -- Installing: /root/TEAM_AIM/install/scene_srv/lib/python3.8/site-packages/scene_srv/__init__.py
[4.160s] Compiling '/root/TEAM_AIM/install/scene_srv/lib/python3.8/site-packages/scene_srv/__init__.py'...
[4.166s] -- Installing: /root/TEAM_AIM/install/scene_srv/lib/python3.8/site-packages/scene_srv/srv
[4.167s] -- Installing: /root/TEAM_AIM/install/scene_srv/lib/python3.8/site-packages/scene_srv/srv/_scene_signal.py
[4.167s] -- Installing: /root/TEAM_AIM/install/scene_srv/lib/python3.8/site-packages/scene_srv/srv/__init__.py
[4.168s] -- Installing: /root/TEAM_AIM/install/scene_srv/lib/python3.8/site-packages/scene_srv/srv/_scene_signal_s.c
[4.169s] -- Installing: /root/TEAM_AIM/install/scene_srv/lib/python3.8/site-packages/scene_srv/srv/_start_signal.py
[4.169s] -- Installing: /root/TEAM_AIM/install/scene_srv/lib/python3.8/site-packages/scene_srv/srv/_start_signal_s.c
[4.169s] -- Installing: /root/TEAM_AIM/install/scene_srv/lib/python3.8/site-packages/scene_srv/scene_srv_s__rosidl_typesupport_fastrtps_c.cpython-38-x86_64-linux-gnu.so
[4.171s] -- Set runtime path of "/root/TEAM_AIM/install/scene_srv/lib/python3.8/site-packages/scene_srv/scene_srv_s__rosidl_typesupport_fastrtps_c.cpython-38-x86_64-linux-gnu.so" to ""
[4.173s] -- Installing: /root/TEAM_AIM/install/scene_srv/lib/python3.8/site-packages/scene_srv/scene_srv_s__rosidl_typesupport_introspection_c.cpython-38-x86_64-linux-gnu.so
[4.173s] -- Set runtime path of "/root/TEAM_AIM/install/scene_srv/lib/python3.8/site-packages/scene_srv/scene_srv_s__rosidl_typesupport_introspection_c.cpython-38-x86_64-linux-gnu.so" to ""
[4.173s] -- Installing: /root/TEAM_AIM/install/scene_srv/lib/python3.8/site-packages/scene_srv/scene_srv_s__rosidl_typesupport_c.cpython-38-x86_64-linux-gnu.so
[4.174s] -- Set runtime path of "/root/TEAM_AIM/install/scene_srv/lib/python3.8/site-packages/scene_srv/scene_srv_s__rosidl_typesupport_c.cpython-38-x86_64-linux-gnu.so" to ""
[4.176s] -- Installing: /root/TEAM_AIM/install/scene_srv/lib/libscene_srv__python.so
[4.177s] -- Set runtime path of "/root/TEAM_AIM/install/scene_srv/lib/libscene_srv__python.so" to ""
[4.177s] -- Installing: /root/TEAM_AIM/install/scene_srv/share/scene_srv/srv/SceneSignal.idl
[4.177s] -- Installing: /root/TEAM_AIM/install/scene_srv/share/scene_srv/srv/StartSignal.idl
[4.178s] -- Installing: /root/TEAM_AIM/install/scene_srv/share/scene_srv/srv/SceneSignal.srv
[4.178s] -- Installing: /root/TEAM_AIM/install/scene_srv/share/scene_srv/srv/SceneSignal_Request.msg
[4.178s] -- Installing: /root/TEAM_AIM/install/scene_srv/share/scene_srv/srv/SceneSignal_Response.msg
[4.179s] -- Installing: /root/TEAM_AIM/install/scene_srv/share/scene_srv/srv/StartSignal.srv
[4.179s] -- Installing: /root/TEAM_AIM/install/scene_srv/share/scene_srv/srv/StartSignal_Request.msg
[4.179s] -- Installing: /root/TEAM_AIM/install/scene_srv/share/scene_srv/srv/StartSignal_Response.msg
[4.180s] -- Installing: /root/TEAM_AIM/install/scene_srv/share/ament_index/resource_index/package_run_dependencies/scene_srv
[4.180s] -- Installing: /root/TEAM_AIM/install/scene_srv/share/ament_index/resource_index/parent_prefix_path/scene_srv
[4.180s] -- Installing: /root/TEAM_AIM/install/scene_srv/share/scene_srv/environment/ament_prefix_path.sh
[4.181s] -- Installing: /root/TEAM_AIM/install/scene_srv/share/scene_srv/environment/ament_prefix_path.dsv
[4.182s] -- Installing: /root/TEAM_AIM/install/scene_srv/share/scene_srv/environment/path.sh
[4.182s] -- Installing: /root/TEAM_AIM/install/scene_srv/share/scene_srv/environment/path.dsv
[4.182s] -- Installing: /root/TEAM_AIM/install/scene_srv/share/scene_srv/local_setup.bash
[4.182s] -- Installing: /root/TEAM_AIM/install/scene_srv/share/scene_srv/local_setup.sh
[4.183s] -- Installing: /root/TEAM_AIM/install/scene_srv/share/scene_srv/local_setup.zsh
[4.183s] -- Installing: /root/TEAM_AIM/install/scene_srv/share/scene_srv/local_setup.dsv
[4.183s] -- Installing: /root/TEAM_AIM/install/scene_srv/share/scene_srv/package.dsv
[4.184s] -- Installing: /root/TEAM_AIM/install/scene_srv/share/ament_index/resource_index/packages/scene_srv
[4.185s] -- Installing: /root/TEAM_AIM/install/scene_srv/share/scene_srv/cmake/scene_srv__rosidl_generator_cExport.cmake
[4.185s] -- Installing: /root/TEAM_AIM/install/scene_srv/share/scene_srv/cmake/scene_srv__rosidl_generator_cExport-noconfig.cmake
[4.185s] -- Installing: /root/TEAM_AIM/install/scene_srv/share/scene_srv/cmake/scene_srv__rosidl_typesupport_introspection_cExport.cmake
[4.186s] -- Installing: /root/TEAM_AIM/install/scene_srv/share/scene_srv/cmake/scene_srv__rosidl_typesupport_introspection_cExport-noconfig.cmake
[4.186s] -- Installing: /root/TEAM_AIM/install/scene_srv/share/scene_srv/cmake/scene_srv__rosidl_typesupport_cExport.cmake
[4.186s] -- Installing: /root/TEAM_AIM/install/scene_srv/share/scene_srv/cmake/scene_srv__rosidl_typesupport_cExport-noconfig.cmake
[4.187s] -- Installing: /root/TEAM_AIM/install/scene_srv/share/scene_srv/cmake/scene_srv__rosidl_generator_cppExport.cmake
[4.187s] -- Installing: /root/TEAM_AIM/install/scene_srv/share/scene_srv/cmake/scene_srv__rosidl_typesupport_introspection_cppExport.cmake
[4.188s] -- Installing: /root/TEAM_AIM/install/scene_srv/share/scene_srv/cmake/scene_srv__rosidl_typesupport_introspection_cppExport-noconfig.cmake
[4.188s] -- Installing: /root/TEAM_AIM/install/scene_srv/share/scene_srv/cmake/scene_srv__rosidl_typesupport_cppExport.cmake
[4.188s] -- Installing: /root/TEAM_AIM/install/scene_srv/share/scene_srv/cmake/scene_srv__rosidl_typesupport_cppExport-noconfig.cmake
[4.189s] -- Installing: /root/TEAM_AIM/install/scene_srv/share/scene_srv/cmake/rosidl_cmake-extras.cmake
[4.189s] -- Installing: /root/TEAM_AIM/install/scene_srv/share/scene_srv/cmake/ament_cmake_export_dependencies-extras.cmake
[4.190s] -- Installing: /root/TEAM_AIM/install/scene_srv/share/scene_srv/cmake/ament_cmake_export_libraries-extras.cmake
[4.190s] -- Installing: /root/TEAM_AIM/install/scene_srv/share/scene_srv/cmake/ament_cmake_export_targets-extras.cmake
[4.190s] -- Installing: /root/TEAM_AIM/install/scene_srv/share/scene_srv/cmake/ament_cmake_export_include_directories-extras.cmake
[4.190s] -- Installing: /root/TEAM_AIM/install/scene_srv/share/scene_srv/cmake/rosidl_cmake_export_typesupport_libraries-extras.cmake
[4.191s] -- Installing: /root/TEAM_AIM/install/scene_srv/share/scene_srv/cmake/rosidl_cmake_export_typesupport_targets-extras.cmake
[4.191s] -- Installing: /root/TEAM_AIM/install/scene_srv/share/scene_srv/cmake/scene_srvConfig.cmake
[4.192s] -- Installing: /root/TEAM_AIM/install/scene_srv/share/scene_srv/cmake/scene_srvConfig-version.cmake
[4.192s] -- Installing: /root/TEAM_AIM/install/scene_srv/share/scene_srv/package.xml
[4.196s] Invoked command in '/root/TEAM_AIM/build/scene_srv' returned '0': CMAKE_PREFIX_PATH=${CMAKE_PREFIX_PATH}:/opt/ros/foxy /usr/bin/cmake --install /root/TEAM_AIM/build/scene_srv
