[0.276s] DEBUG:colcon:Command line arguments: ['/usr/bin/colcon', 'build']
[0.276s] DEBUG:colcon:Parsed command line arguments: Namespace(ament_cmake_args=None, base_paths=['.'], build_base='build', catkin_cmake_args=None, catkin_skip_building_tests=False, cmake_args=None, cmake_clean_cache=False, cmake_clean_first=False, cmake_force_configure=False, cmake_target=None, cmake_target_skip_unavailable=False, continue_on_error=False, event_handlers=None, executor='parallel', ignore_user_meta=False, install_base='install', log_base=None, log_level=None, main=<bound method BuildVerb.main of <colcon_core.verb.build.BuildVerb object at 0x792fe31361c0>>, merge_install=False, metas=['./colcon.meta'], mixin=None, mixin_files=None, mixin_verb=('build',), packages_above=None, packages_above_and_dependencies=None, packages_above_depth=None, packages_end=None, packages_ignore=None, packages_ignore_regex=None, packages_select=None, packages_select_build_failed=False, packages_select_by_dep=None, packages_select_regex=None, packages_select_test_failures=False, packages_skip=None, packages_skip_build_finished=False, packages_skip_by_dep=None, packages_skip_regex=None, packages_skip_test_passed=False, packages_skip_up_to=None, packages_start=None, packages_up_to=None, packages_up_to_regex=None, parallel_workers=16, paths=None, symlink_install=False, test_result_base=None, verb_extension=<colcon_core.verb.build.BuildVerb object at 0x792fe31361c0>, verb_name='build', verb_parser=<colcon_mixin.mixin.mixin_argument.MixinArgumentDecorator object at 0x792fe3136880>)
[0.304s] Level 1:colcon.colcon_core.package_discovery:discover_packages(colcon_meta) check parameters
[0.304s] INFO:colcon.colcon_metadata.package_discovery.colcon_meta:Using configuration from '/root/.colcon/metadata/default/Gazebo.meta'
[0.305s] INFO:colcon.colcon_metadata.package_discovery.colcon_meta:Using configuration from '/root/.colcon/metadata/default/fastdds.meta'
[0.305s] INFO:colcon.colcon_metadata.package_discovery.colcon_meta:Using configuration from '/root/.colcon/metadata/default/fastrtps.meta'
[0.305s] Level 1:colcon.colcon_core.package_discovery:discover_packages(recursive) check parameters
[0.305s] Level 1:colcon.colcon_core.package_discovery:discover_packages(ignore) check parameters
[0.305s] Level 1:colcon.colcon_core.package_discovery:discover_packages(path) check parameters
[0.305s] Level 1:colcon.colcon_core.package_discovery:discover_packages(colcon_meta) discover
[0.305s] Level 1:colcon.colcon_core.package_discovery:discover_packages(recursive) discover
[0.305s] INFO:colcon.colcon_core.package_discovery:Crawling recursively for packages in '/root/TEAM_AIM'
[0.305s] Level 1:colcon.colcon_core.package_identification:_identify(.) by extensions ['ignore', 'ignore_ament_install']
[0.306s] Level 1:colcon.colcon_core.package_identification:_identify(.) by extension 'ignore'
[0.306s] Level 1:colcon.colcon_core.package_identification:_identify(.) by extension 'ignore_ament_install'
[0.306s] Level 1:colcon.colcon_core.package_identification:_identify(.) by extensions ['colcon_pkg']
[0.306s] Level 1:colcon.colcon_core.package_identification:_identify(.) by extension 'colcon_pkg'
[0.306s] Level 1:colcon.colcon_core.package_identification:_identify(.) by extensions ['colcon_meta']
[0.306s] Level 1:colcon.colcon_core.package_identification:_identify(.) by extension 'colcon_meta'
[0.306s] Level 1:colcon.colcon_core.package_identification:_identify(.) by extensions ['ros']
[0.306s] Level 1:colcon.colcon_core.package_identification:_identify(.) by extension 'ros'
[0.335s] Level 1:colcon.colcon_core.package_identification:_identify(.) by extensions ['cmake', 'python']
[0.335s] Level 1:colcon.colcon_core.package_identification:_identify(.) by extension 'cmake'
[0.335s] Level 1:colcon.colcon_core.package_identification:_identify(.) by extension 'python'
[0.335s] Level 1:colcon.colcon_core.package_identification:_identify(.) by extensions ['python_setup_py']
[0.335s] Level 1:colcon.colcon_core.package_identification:_identify(.) by extension 'python_setup_py'
[0.335s] Level 1:colcon.colcon_core.package_identification:_identify(Mobility_Challenge_Simulator) by extensions ['ignore', 'ignore_ament_install']
[0.335s] Level 1:colcon.colcon_core.package_identification:_identify(Mobility_Challenge_Simulator) by extension 'ignore'
[0.335s] Level 1:colcon.colcon_core.package_identification:_identify(Mobility_Challenge_Simulator) by extension 'ignore_ament_install'
[0.335s] Level 1:colcon.colcon_core.package_identification:_identify(Mobility_Challenge_Simulator) by extensions ['colcon_pkg']
[0.335s] Level 1:colcon.colcon_core.package_identification:_identify(Mobility_Challenge_Simulator) by extension 'colcon_pkg'
[0.335s] Level 1:colcon.colcon_core.package_identification:_identify(Mobility_Challenge_Simulator) by extensions ['colcon_meta']
[0.335s] Level 1:colcon.colcon_core.package_identification:_identify(Mobility_Challenge_Simulator) by extension 'colcon_meta'
[0.335s] Level 1:colcon.colcon_core.package_identification:_identify(Mobility_Challenge_Simulator) by extensions ['ros']
[0.335s] Level 1:colcon.colcon_core.package_identification:_identify(Mobility_Challenge_Simulator) by extension 'ros'
[0.335s] Level 1:colcon.colcon_core.package_identification:_identify(Mobility_Challenge_Simulator) by extensions ['cmake', 'python']
[0.335s] Level 1:colcon.colcon_core.package_identification:_identify(Mobility_Challenge_Simulator) by extension 'cmake'
[0.335s] Level 1:colcon.colcon_core.package_identification:_identify(Mobility_Challenge_Simulator) by extension 'python'
[0.335s] Level 1:colcon.colcon_core.package_identification:_identify(Mobility_Challenge_Simulator) by extensions ['python_setup_py']
[0.336s] Level 1:colcon.colcon_core.package_identification:_identify(Mobility_Challenge_Simulator) by extension 'python_setup_py'
[0.336s] Level 1:colcon.colcon_core.package_identification:_identify(Mobility_Challenge_Simulator/build) by extensions ['ignore', 'ignore_ament_install']
[0.336s] Level 1:colcon.colcon_core.package_identification:_identify(Mobility_Challenge_Simulator/build) by extension 'ignore'
[0.336s] Level 1:colcon.colcon_core.package_identification:_identify(Mobility_Challenge_Simulator/build) ignored
[0.336s] Level 1:colcon.colcon_core.package_identification:_identify(Mobility_Challenge_Simulator/images) by extensions ['ignore', 'ignore_ament_install']
[0.336s] Level 1:colcon.colcon_core.package_identification:_identify(Mobility_Challenge_Simulator/images) by extension 'ignore'
[0.336s] Level 1:colcon.colcon_core.package_identification:_identify(Mobility_Challenge_Simulator/images) by extension 'ignore_ament_install'
[0.336s] Level 1:colcon.colcon_core.package_identification:_identify(Mobility_Challenge_Simulator/images) by extensions ['colcon_pkg']
[0.336s] Level 1:colcon.colcon_core.package_identification:_identify(Mobility_Challenge_Simulator/images) by extension 'colcon_pkg'
[0.336s] Level 1:colcon.colcon_core.package_identification:_identify(Mobility_Challenge_Simulator/images) by extensions ['colcon_meta']
[0.336s] Level 1:colcon.colcon_core.package_identification:_identify(Mobility_Challenge_Simulator/images) by extension 'colcon_meta'
[0.336s] Level 1:colcon.colcon_core.package_identification:_identify(Mobility_Challenge_Simulator/images) by extensions ['ros']
[0.336s] Level 1:colcon.colcon_core.package_identification:_identify(Mobility_Challenge_Simulator/images) by extension 'ros'
[0.336s] Level 1:colcon.colcon_core.package_identification:_identify(Mobility_Challenge_Simulator/images) by extensions ['cmake', 'python']
[0.336s] Level 1:colcon.colcon_core.package_identification:_identify(Mobility_Challenge_Simulator/images) by extension 'cmake'
[0.336s] Level 1:colcon.colcon_core.package_identification:_identify(Mobility_Challenge_Simulator/images) by extension 'python'
[0.336s] Level 1:colcon.colcon_core.package_identification:_identify(Mobility_Challenge_Simulator/images) by extensions ['python_setup_py']
[0.336s] Level 1:colcon.colcon_core.package_identification:_identify(Mobility_Challenge_Simulator/images) by extension 'python_setup_py'
[0.336s] Level 1:colcon.colcon_core.package_identification:_identify(Mobility_Challenge_Simulator/install) by extensions ['ignore', 'ignore_ament_install']
[0.337s] Level 1:colcon.colcon_core.package_identification:_identify(Mobility_Challenge_Simulator/install) by extension 'ignore'
[0.337s] Level 1:colcon.colcon_core.package_identification:_identify(Mobility_Challenge_Simulator/install) ignored
[0.337s] Level 1:colcon.colcon_core.package_identification:_identify(Mobility_Challenge_Simulator/log) by extensions ['ignore', 'ignore_ament_install']
[0.337s] Level 1:colcon.colcon_core.package_identification:_identify(Mobility_Challenge_Simulator/log) by extension 'ignore'
[0.337s] Level 1:colcon.colcon_core.package_identification:_identify(Mobility_Challenge_Simulator/log) ignored
[0.337s] Level 1:colcon.colcon_core.package_identification:_identify(Mobility_Challenge_Simulator/src) by extensions ['ignore', 'ignore_ament_install']
[0.337s] Level 1:colcon.colcon_core.package_identification:_identify(Mobility_Challenge_Simulator/src) by extension 'ignore'
[0.337s] Level 1:colcon.colcon_core.package_identification:_identify(Mobility_Challenge_Simulator/src) by extension 'ignore_ament_install'
[0.337s] Level 1:colcon.colcon_core.package_identification:_identify(Mobility_Challenge_Simulator/src) by extensions ['colcon_pkg']
[0.337s] Level 1:colcon.colcon_core.package_identification:_identify(Mobility_Challenge_Simulator/src) by extension 'colcon_pkg'
[0.337s] Level 1:colcon.colcon_core.package_identification:_identify(Mobility_Challenge_Simulator/src) by extensions ['colcon_meta']
[0.337s] Level 1:colcon.colcon_core.package_identification:_identify(Mobility_Challenge_Simulator/src) by extension 'colcon_meta'
[0.337s] Level 1:colcon.colcon_core.package_identification:_identify(Mobility_Challenge_Simulator/src) by extensions ['ros']
[0.337s] Level 1:colcon.colcon_core.package_identification:_identify(Mobility_Challenge_Simulator/src) by extension 'ros'
[0.337s] Level 1:colcon.colcon_core.package_identification:_identify(Mobility_Challenge_Simulator/src) by extensions ['cmake', 'python']
[0.337s] Level 1:colcon.colcon_core.package_identification:_identify(Mobility_Challenge_Simulator/src) by extension 'cmake'
[0.337s] Level 1:colcon.colcon_core.package_identification:_identify(Mobility_Challenge_Simulator/src) by extension 'python'
[0.337s] Level 1:colcon.colcon_core.package_identification:_identify(Mobility_Challenge_Simulator/src) by extensions ['python_setup_py']
[0.337s] Level 1:colcon.colcon_core.package_identification:_identify(Mobility_Challenge_Simulator/src) by extension 'python_setup_py'
[0.337s] Level 1:colcon.colcon_core.package_identification:_identify(Mobility_Challenge_Simulator/src/communication_manager) by extensions ['ignore', 'ignore_ament_install']
[0.337s] Level 1:colcon.colcon_core.package_identification:_identify(Mobility_Challenge_Simulator/src/communication_manager) by extension 'ignore'
[0.337s] Level 1:colcon.colcon_core.package_identification:_identify(Mobility_Challenge_Simulator/src/communication_manager) by extension 'ignore_ament_install'
[0.337s] Level 1:colcon.colcon_core.package_identification:_identify(Mobility_Challenge_Simulator/src/communication_manager) by extensions ['colcon_pkg']
[0.337s] Level 1:colcon.colcon_core.package_identification:_identify(Mobility_Challenge_Simulator/src/communication_manager) by extension 'colcon_pkg'
[0.337s] Level 1:colcon.colcon_core.package_identification:_identify(Mobility_Challenge_Simulator/src/communication_manager) by extensions ['colcon_meta']
[0.337s] Level 1:colcon.colcon_core.package_identification:_identify(Mobility_Challenge_Simulator/src/communication_manager) by extension 'colcon_meta'
[0.337s] Level 1:colcon.colcon_core.package_identification:_identify(Mobility_Challenge_Simulator/src/communication_manager) by extensions ['ros']
[0.337s] Level 1:colcon.colcon_core.package_identification:_identify(Mobility_Challenge_Simulator/src/communication_manager) by extension 'ros'
[0.340s] DEBUG:colcon.colcon_core.package_identification:Package 'Mobility_Challenge_Simulator/src/communication_manager' with type 'ros.ament_cmake' and name 'communication_manager'
[0.340s] Level 1:colcon.colcon_core.package_identification:_identify(Mobility_Challenge_Simulator/src/domain_bridge) by extensions ['ignore', 'ignore_ament_install']
[0.340s] Level 1:colcon.colcon_core.package_identification:_identify(Mobility_Challenge_Simulator/src/domain_bridge) by extension 'ignore'
[0.340s] Level 1:colcon.colcon_core.package_identification:_identify(Mobility_Challenge_Simulator/src/domain_bridge) by extension 'ignore_ament_install'
[0.340s] Level 1:colcon.colcon_core.package_identification:_identify(Mobility_Challenge_Simulator/src/domain_bridge) by extensions ['colcon_pkg']
[0.340s] Level 1:colcon.colcon_core.package_identification:_identify(Mobility_Challenge_Simulator/src/domain_bridge) by extension 'colcon_pkg'
[0.340s] Level 1:colcon.colcon_core.package_identification:_identify(Mobility_Challenge_Simulator/src/domain_bridge) by extensions ['colcon_meta']
[0.341s] Level 1:colcon.colcon_core.package_identification:_identify(Mobility_Challenge_Simulator/src/domain_bridge) by extension 'colcon_meta'
[0.341s] Level 1:colcon.colcon_core.package_identification:_identify(Mobility_Challenge_Simulator/src/domain_bridge) by extensions ['ros']
[0.341s] Level 1:colcon.colcon_core.package_identification:_identify(Mobility_Challenge_Simulator/src/domain_bridge) by extension 'ros'
[0.341s] DEBUG:colcon.colcon_core.package_identification:Package 'Mobility_Challenge_Simulator/src/domain_bridge' with type 'ros.ament_cmake' and name 'domain_bridge'
[0.342s] Level 1:colcon.colcon_core.package_identification:_identify(Mobility_Challenge_Simulator/src/hv_handler) by extensions ['ignore', 'ignore_ament_install']
[0.342s] Level 1:colcon.colcon_core.package_identification:_identify(Mobility_Challenge_Simulator/src/hv_handler) by extension 'ignore'
[0.342s] Level 1:colcon.colcon_core.package_identification:_identify(Mobility_Challenge_Simulator/src/hv_handler) by extension 'ignore_ament_install'
[0.342s] Level 1:colcon.colcon_core.package_identification:_identify(Mobility_Challenge_Simulator/src/hv_handler) by extensions ['colcon_pkg']
[0.342s] Level 1:colcon.colcon_core.package_identification:_identify(Mobility_Challenge_Simulator/src/hv_handler) by extension 'colcon_pkg'
[0.342s] Level 1:colcon.colcon_core.package_identification:_identify(Mobility_Challenge_Simulator/src/hv_handler) by extensions ['colcon_meta']
[0.342s] Level 1:colcon.colcon_core.package_identification:_identify(Mobility_Challenge_Simulator/src/hv_handler) by extension 'colcon_meta'
[0.342s] Level 1:colcon.colcon_core.package_identification:_identify(Mobility_Challenge_Simulator/src/hv_handler) by extensions ['ros']
[0.342s] Level 1:colcon.colcon_core.package_identification:_identify(Mobility_Challenge_Simulator/src/hv_handler) by extension 'ros'
[0.343s] DEBUG:colcon.colcon_core.package_identification:Package 'Mobility_Challenge_Simulator/src/hv_handler' with type 'ros.ament_cmake' and name 'hv_handler'
[0.343s] Level 1:colcon.colcon_core.package_identification:_identify(Mobility_Challenge_Simulator/src/scene_srv) by extensions ['ignore', 'ignore_ament_install']
[0.343s] Level 1:colcon.colcon_core.package_identification:_identify(Mobility_Challenge_Simulator/src/scene_srv) by extension 'ignore'
[0.343s] Level 1:colcon.colcon_core.package_identification:_identify(Mobility_Challenge_Simulator/src/scene_srv) by extension 'ignore_ament_install'
[0.343s] Level 1:colcon.colcon_core.package_identification:_identify(Mobility_Challenge_Simulator/src/scene_srv) by extensions ['colcon_pkg']
[0.343s] Level 1:colcon.colcon_core.package_identification:_identify(Mobility_Challenge_Simulator/src/scene_srv) by extension 'colcon_pkg'
[0.343s] Level 1:colcon.colcon_core.package_identification:_identify(Mobility_Challenge_Simulator/src/scene_srv) by extensions ['colcon_meta']
[0.343s] Level 1:colcon.colcon_core.package_identification:_identify(Mobility_Challenge_Simulator/src/scene_srv) by extension 'colcon_meta'
[0.343s] Level 1:colcon.colcon_core.package_identification:_identify(Mobility_Challenge_Simulator/src/scene_srv) by extensions ['ros']
[0.343s] Level 1:colcon.colcon_core.package_identification:_identify(Mobility_Challenge_Simulator/src/scene_srv) by extension 'ros'
[0.343s] DEBUG:colcon.colcon_core.package_identification:Package 'Mobility_Challenge_Simulator/src/scene_srv' with type 'ros.ament_cmake' and name 'scene_srv'
[0.343s] Level 1:colcon.colcon_core.package_identification:_identify(Mobility_Challenge_Simulator/src/simulator) by extensions ['ignore', 'ignore_ament_install']
[0.344s] Level 1:colcon.colcon_core.package_identification:_identify(Mobility_Challenge_Simulator/src/simulator) by extension 'ignore'
[0.344s] Level 1:colcon.colcon_core.package_identification:_identify(Mobility_Challenge_Simulator/src/simulator) by extension 'ignore_ament_install'
[0.344s] Level 1:colcon.colcon_core.package_identification:_identify(Mobility_Challenge_Simulator/src/simulator) by extensions ['colcon_pkg']
[0.344s] Level 1:colcon.colcon_core.package_identification:_identify(Mobility_Challenge_Simulator/src/simulator) by extension 'colcon_pkg'
[0.344s] Level 1:colcon.colcon_core.package_identification:_identify(Mobility_Challenge_Simulator/src/simulator) by extensions ['colcon_meta']
[0.344s] Level 1:colcon.colcon_core.package_identification:_identify(Mobility_Challenge_Simulator/src/simulator) by extension 'colcon_meta'
[0.344s] Level 1:colcon.colcon_core.package_identification:_identify(Mobility_Challenge_Simulator/src/simulator) by extensions ['ros']
[0.344s] Level 1:colcon.colcon_core.package_identification:_identify(Mobility_Challenge_Simulator/src/simulator) by extension 'ros'
[0.345s] DEBUG:colcon.colcon_core.package_identification:Package 'Mobility_Challenge_Simulator/src/simulator' with type 'ros.ament_cmake' and name 'simulator'
[0.345s] Level 1:colcon.colcon_core.package_identification:_identify(Mobility_Challenge_Simulator/src/simulator_launch) by extensions ['ignore', 'ignore_ament_install']
[0.346s] Level 1:colcon.colcon_core.package_identification:_identify(Mobility_Challenge_Simulator/src/simulator_launch) by extension 'ignore'
[0.346s] Level 1:colcon.colcon_core.package_identification:_identify(Mobility_Challenge_Simulator/src/simulator_launch) by extension 'ignore_ament_install'
[0.346s] Level 1:colcon.colcon_core.package_identification:_identify(Mobility_Challenge_Simulator/src/simulator_launch) by extensions ['colcon_pkg']
[0.346s] Level 1:colcon.colcon_core.package_identification:_identify(Mobility_Challenge_Simulator/src/simulator_launch) by extension 'colcon_pkg'
[0.346s] Level 1:colcon.colcon_core.package_identification:_identify(Mobility_Challenge_Simulator/src/simulator_launch) by extensions ['colcon_meta']
[0.346s] Level 1:colcon.colcon_core.package_identification:_identify(Mobility_Challenge_Simulator/src/simulator_launch) by extension 'colcon_meta'
[0.346s] Level 1:colcon.colcon_core.package_identification:_identify(Mobility_Challenge_Simulator/src/simulator_launch) by extensions ['ros']
[0.346s] Level 1:colcon.colcon_core.package_identification:_identify(Mobility_Challenge_Simulator/src/simulator_launch) by extension 'ros'
[0.346s] DEBUG:colcon.colcon_core.package_identification:Package 'Mobility_Challenge_Simulator/src/simulator_launch' with type 'ros.ament_cmake' and name 'simulator_launch'
[0.346s] Level 1:colcon.colcon_core.package_identification:_identify(Mobility_Challenge_Simulator/tool) by extensions ['ignore', 'ignore_ament_install']
[0.346s] Level 1:colcon.colcon_core.package_identification:_identify(Mobility_Challenge_Simulator/tool) by extension 'ignore'
[0.347s] Level 1:colcon.colcon_core.package_identification:_identify(Mobility_Challenge_Simulator/tool) by extension 'ignore_ament_install'
[0.347s] Level 1:colcon.colcon_core.package_identification:_identify(Mobility_Challenge_Simulator/tool) by extensions ['colcon_pkg']
[0.347s] Level 1:colcon.colcon_core.package_identification:_identify(Mobility_Challenge_Simulator/tool) by extension 'colcon_pkg'
[0.347s] Level 1:colcon.colcon_core.package_identification:_identify(Mobility_Challenge_Simulator/tool) by extensions ['colcon_meta']
[0.347s] Level 1:colcon.colcon_core.package_identification:_identify(Mobility_Challenge_Simulator/tool) by extension 'colcon_meta'
[0.347s] Level 1:colcon.colcon_core.package_identification:_identify(Mobility_Challenge_Simulator/tool) by extensions ['ros']
[0.347s] Level 1:colcon.colcon_core.package_identification:_identify(Mobility_Challenge_Simulator/tool) by extension 'ros'
[0.347s] Level 1:colcon.colcon_core.package_identification:_identify(Mobility_Challenge_Simulator/tool) by extensions ['cmake', 'python']
[0.347s] Level 1:colcon.colcon_core.package_identification:_identify(Mobility_Challenge_Simulator/tool) by extension 'cmake'
[0.347s] Level 1:colcon.colcon_core.package_identification:_identify(Mobility_Challenge_Simulator/tool) by extension 'python'
[0.347s] Level 1:colcon.colcon_core.package_identification:_identify(Mobility_Challenge_Simulator/tool) by extensions ['python_setup_py']
[0.347s] Level 1:colcon.colcon_core.package_identification:_identify(Mobility_Challenge_Simulator/tool) by extension 'python_setup_py'
[0.347s] Level 1:colcon.colcon_core.package_identification:_identify(Mobility_Challenge_Simulator/tool/waypoint) by extensions ['ignore', 'ignore_ament_install']
[0.347s] Level 1:colcon.colcon_core.package_identification:_identify(Mobility_Challenge_Simulator/tool/waypoint) by extension 'ignore'
[0.347s] Level 1:colcon.colcon_core.package_identification:_identify(Mobility_Challenge_Simulator/tool/waypoint) by extension 'ignore_ament_install'
[0.347s] Level 1:colcon.colcon_core.package_identification:_identify(Mobility_Challenge_Simulator/tool/waypoint) by extensions ['colcon_pkg']
[0.347s] Level 1:colcon.colcon_core.package_identification:_identify(Mobility_Challenge_Simulator/tool/waypoint) by extension 'colcon_pkg'
[0.347s] Level 1:colcon.colcon_core.package_identification:_identify(Mobility_Challenge_Simulator/tool/waypoint) by extensions ['colcon_meta']
[0.347s] Level 1:colcon.colcon_core.package_identification:_identify(Mobility_Challenge_Simulator/tool/waypoint) by extension 'colcon_meta'
[0.347s] Level 1:colcon.colcon_core.package_identification:_identify(Mobility_Challenge_Simulator/tool/waypoint) by extensions ['ros']
[0.347s] Level 1:colcon.colcon_core.package_identification:_identify(Mobility_Challenge_Simulator/tool/waypoint) by extension 'ros'
[0.347s] Level 1:colcon.colcon_core.package_identification:_identify(Mobility_Challenge_Simulator/tool/waypoint) by extensions ['cmake', 'python']
[0.347s] Level 1:colcon.colcon_core.package_identification:_identify(Mobility_Challenge_Simulator/tool/waypoint) by extension 'cmake'
[0.347s] Level 1:colcon.colcon_core.package_identification:_identify(Mobility_Challenge_Simulator/tool/waypoint) by extension 'python'
[0.347s] Level 1:colcon.colcon_core.package_identification:_identify(Mobility_Challenge_Simulator/tool/waypoint) by extensions ['python_setup_py']
[0.347s] Level 1:colcon.colcon_core.package_identification:_identify(Mobility_Challenge_Simulator/tool/waypoint) by extension 'python_setup_py'
[0.347s] Level 1:colcon.colcon_core.package_identification:_identify(build) by extensions ['ignore', 'ignore_ament_install']
[0.347s] Level 1:colcon.colcon_core.package_identification:_identify(build) by extension 'ignore'
[0.347s] Level 1:colcon.colcon_core.package_identification:_identify(build) ignored
[0.347s] Level 1:colcon.colcon_core.package_identification:_identify(control) by extensions ['ignore', 'ignore_ament_install']
[0.348s] Level 1:colcon.colcon_core.package_identification:_identify(control) by extension 'ignore'
[0.348s] Level 1:colcon.colcon_core.package_identification:_identify(control) by extension 'ignore_ament_install'
[0.348s] Level 1:colcon.colcon_core.package_identification:_identify(control) by extensions ['colcon_pkg']
[0.348s] Level 1:colcon.colcon_core.package_identification:_identify(control) by extension 'colcon_pkg'
[0.348s] Level 1:colcon.colcon_core.package_identification:_identify(control) by extensions ['colcon_meta']
[0.348s] Level 1:colcon.colcon_core.package_identification:_identify(control) by extension 'colcon_meta'
[0.348s] Level 1:colcon.colcon_core.package_identification:_identify(control) by extensions ['ros']
[0.348s] Level 1:colcon.colcon_core.package_identification:_identify(control) by extension 'ros'
[0.348s] Level 1:colcon.colcon_core.package_identification:_identify(control) by extensions ['cmake', 'python']
[0.348s] Level 1:colcon.colcon_core.package_identification:_identify(control) by extension 'cmake'
[0.348s] Level 1:colcon.colcon_core.package_identification:_identify(control) by extension 'python'
[0.348s] Level 1:colcon.colcon_core.package_identification:_identify(control) by extensions ['python_setup_py']
[0.348s] Level 1:colcon.colcon_core.package_identification:_identify(control) by extension 'python_setup_py'
[0.348s] Level 1:colcon.colcon_core.package_identification:_identify(decision) by extensions ['ignore', 'ignore_ament_install']
[0.348s] Level 1:colcon.colcon_core.package_identification:_identify(decision) by extension 'ignore'
[0.348s] Level 1:colcon.colcon_core.package_identification:_identify(decision) by extension 'ignore_ament_install'
[0.348s] Level 1:colcon.colcon_core.package_identification:_identify(decision) by extensions ['colcon_pkg']
[0.348s] Level 1:colcon.colcon_core.package_identification:_identify(decision) by extension 'colcon_pkg'
[0.348s] Level 1:colcon.colcon_core.package_identification:_identify(decision) by extensions ['colcon_meta']
[0.348s] Level 1:colcon.colcon_core.package_identification:_identify(decision) by extension 'colcon_meta'
[0.348s] Level 1:colcon.colcon_core.package_identification:_identify(decision) by extensions ['ros']
[0.348s] Level 1:colcon.colcon_core.package_identification:_identify(decision) by extension 'ros'
[0.348s] Level 1:colcon.colcon_core.package_identification:_identify(decision) by extensions ['cmake', 'python']
[0.348s] Level 1:colcon.colcon_core.package_identification:_identify(decision) by extension 'cmake'
[0.348s] Level 1:colcon.colcon_core.package_identification:_identify(decision) by extension 'python'
[0.348s] Level 1:colcon.colcon_core.package_identification:_identify(decision) by extensions ['python_setup_py']
[0.348s] Level 1:colcon.colcon_core.package_identification:_identify(decision) by extension 'python_setup_py'
[0.348s] Level 1:colcon.colcon_core.package_identification:_identify(docker_kaist_aim) by extensions ['ignore', 'ignore_ament_install']
[0.348s] Level 1:colcon.colcon_core.package_identification:_identify(docker_kaist_aim) by extension 'ignore'
[0.348s] Level 1:colcon.colcon_core.package_identification:_identify(docker_kaist_aim) by extension 'ignore_ament_install'
[0.348s] Level 1:colcon.colcon_core.package_identification:_identify(docker_kaist_aim) by extensions ['colcon_pkg']
[0.348s] Level 1:colcon.colcon_core.package_identification:_identify(docker_kaist_aim) by extension 'colcon_pkg'
[0.348s] Level 1:colcon.colcon_core.package_identification:_identify(docker_kaist_aim) by extensions ['colcon_meta']
[0.348s] Level 1:colcon.colcon_core.package_identification:_identify(docker_kaist_aim) by extension 'colcon_meta'
[0.348s] Level 1:colcon.colcon_core.package_identification:_identify(docker_kaist_aim) by extensions ['ros']
[0.348s] Level 1:colcon.colcon_core.package_identification:_identify(docker_kaist_aim) by extension 'ros'
[0.348s] Level 1:colcon.colcon_core.package_identification:_identify(docker_kaist_aim) by extensions ['cmake', 'python']
[0.348s] Level 1:colcon.colcon_core.package_identification:_identify(docker_kaist_aim) by extension 'cmake'
[0.348s] Level 1:colcon.colcon_core.package_identification:_identify(docker_kaist_aim) by extension 'python'
[0.348s] Level 1:colcon.colcon_core.package_identification:_identify(docker_kaist_aim) by extensions ['python_setup_py']
[0.348s] Level 1:colcon.colcon_core.package_identification:_identify(docker_kaist_aim) by extension 'python_setup_py'
[0.349s] Level 1:colcon.colcon_core.package_identification:_identify(install) by extensions ['ignore', 'ignore_ament_install']
[0.349s] Level 1:colcon.colcon_core.package_identification:_identify(install) by extension 'ignore'
[0.349s] Level 1:colcon.colcon_core.package_identification:_identify(install) ignored
[0.349s] Level 1:colcon.colcon_core.package_identification:_identify(localization) by extensions ['ignore', 'ignore_ament_install']
[0.349s] Level 1:colcon.colcon_core.package_identification:_identify(localization) by extension 'ignore'
[0.349s] Level 1:colcon.colcon_core.package_identification:_identify(localization) by extension 'ignore_ament_install'
[0.349s] Level 1:colcon.colcon_core.package_identification:_identify(localization) by extensions ['colcon_pkg']
[0.349s] Level 1:colcon.colcon_core.package_identification:_identify(localization) by extension 'colcon_pkg'
[0.349s] Level 1:colcon.colcon_core.package_identification:_identify(localization) by extensions ['colcon_meta']
[0.349s] Level 1:colcon.colcon_core.package_identification:_identify(localization) by extension 'colcon_meta'
[0.349s] Level 1:colcon.colcon_core.package_identification:_identify(localization) by extensions ['ros']
[0.349s] Level 1:colcon.colcon_core.package_identification:_identify(localization) by extension 'ros'
[0.349s] Level 1:colcon.colcon_core.package_identification:_identify(localization) by extensions ['cmake', 'python']
[0.349s] Level 1:colcon.colcon_core.package_identification:_identify(localization) by extension 'cmake'
[0.349s] Level 1:colcon.colcon_core.package_identification:_identify(localization) by extension 'python'
[0.349s] Level 1:colcon.colcon_core.package_identification:_identify(localization) by extensions ['python_setup_py']
[0.349s] Level 1:colcon.colcon_core.package_identification:_identify(localization) by extension 'python_setup_py'
[0.349s] Level 1:colcon.colcon_core.package_identification:_identify(log) by extensions ['ignore', 'ignore_ament_install']
[0.349s] Level 1:colcon.colcon_core.package_identification:_identify(log) by extension 'ignore'
[0.349s] Level 1:colcon.colcon_core.package_identification:_identify(log) ignored
[0.349s] Level 1:colcon.colcon_core.package_identification:_identify(mission_1_1) by extensions ['ignore', 'ignore_ament_install']
[0.349s] Level 1:colcon.colcon_core.package_identification:_identify(mission_1_1) by extension 'ignore'
[0.349s] Level 1:colcon.colcon_core.package_identification:_identify(mission_1_1) by extension 'ignore_ament_install'
[0.349s] Level 1:colcon.colcon_core.package_identification:_identify(mission_1_1) by extensions ['colcon_pkg']
[0.349s] Level 1:colcon.colcon_core.package_identification:_identify(mission_1_1) by extension 'colcon_pkg'
[0.349s] Level 1:colcon.colcon_core.package_identification:_identify(mission_1_1) by extensions ['colcon_meta']
[0.349s] Level 1:colcon.colcon_core.package_identification:_identify(mission_1_1) by extension 'colcon_meta'
[0.349s] Level 1:colcon.colcon_core.package_identification:_identify(mission_1_1) by extensions ['ros']
[0.349s] Level 1:colcon.colcon_core.package_identification:_identify(mission_1_1) by extension 'ros'
[0.349s] Level 1:colcon.colcon_core.package_identification:_identify(mission_1_1) by extensions ['cmake', 'python']
[0.349s] Level 1:colcon.colcon_core.package_identification:_identify(mission_1_1) by extension 'cmake'
[0.349s] Level 1:colcon.colcon_core.package_identification:_identify(mission_1_1) by extension 'python'
[0.349s] Level 1:colcon.colcon_core.package_identification:_identify(mission_1_1) by extensions ['python_setup_py']
[0.349s] Level 1:colcon.colcon_core.package_identification:_identify(mission_1_1) by extension 'python_setup_py'
[0.350s] Level 1:colcon.colcon_core.package_identification:_identify(mission_1_2) by extensions ['ignore', 'ignore_ament_install']
[0.350s] Level 1:colcon.colcon_core.package_identification:_identify(mission_1_2) by extension 'ignore'
[0.350s] Level 1:colcon.colcon_core.package_identification:_identify(mission_1_2) by extension 'ignore_ament_install'
[0.350s] Level 1:colcon.colcon_core.package_identification:_identify(mission_1_2) by extensions ['colcon_pkg']
[0.350s] Level 1:colcon.colcon_core.package_identification:_identify(mission_1_2) by extension 'colcon_pkg'
[0.350s] Level 1:colcon.colcon_core.package_identification:_identify(mission_1_2) by extensions ['colcon_meta']
[0.350s] Level 1:colcon.colcon_core.package_identification:_identify(mission_1_2) by extension 'colcon_meta'
[0.350s] Level 1:colcon.colcon_core.package_identification:_identify(mission_1_2) by extensions ['ros']
[0.350s] Level 1:colcon.colcon_core.package_identification:_identify(mission_1_2) by extension 'ros'
[0.350s] Level 1:colcon.colcon_core.package_identification:_identify(mission_1_2) by extensions ['cmake', 'python']
[0.350s] Level 1:colcon.colcon_core.package_identification:_identify(mission_1_2) by extension 'cmake'
[0.350s] Level 1:colcon.colcon_core.package_identification:_identify(mission_1_2) by extension 'python'
[0.350s] Level 1:colcon.colcon_core.package_identification:_identify(mission_1_2) by extensions ['python_setup_py']
[0.350s] Level 1:colcon.colcon_core.package_identification:_identify(mission_1_2) by extension 'python_setup_py'
[0.350s] Level 1:colcon.colcon_core.package_identification:_identify(perception) by extensions ['ignore', 'ignore_ament_install']
[0.350s] Level 1:colcon.colcon_core.package_identification:_identify(perception) by extension 'ignore'
[0.350s] Level 1:colcon.colcon_core.package_identification:_identify(perception) by extension 'ignore_ament_install'
[0.350s] Level 1:colcon.colcon_core.package_identification:_identify(perception) by extensions ['colcon_pkg']
[0.350s] Level 1:colcon.colcon_core.package_identification:_identify(perception) by extension 'colcon_pkg'
[0.350s] Level 1:colcon.colcon_core.package_identification:_identify(perception) by extensions ['colcon_meta']
[0.350s] Level 1:colcon.colcon_core.package_identification:_identify(perception) by extension 'colcon_meta'
[0.350s] Level 1:colcon.colcon_core.package_identification:_identify(perception) by extensions ['ros']
[0.350s] Level 1:colcon.colcon_core.package_identification:_identify(perception) by extension 'ros'
[0.350s] Level 1:colcon.colcon_core.package_identification:_identify(perception) by extensions ['cmake', 'python']
[0.350s] Level 1:colcon.colcon_core.package_identification:_identify(perception) by extension 'cmake'
[0.350s] Level 1:colcon.colcon_core.package_identification:_identify(perception) by extension 'python'
[0.350s] Level 1:colcon.colcon_core.package_identification:_identify(perception) by extensions ['python_setup_py']
[0.350s] Level 1:colcon.colcon_core.package_identification:_identify(perception) by extension 'python_setup_py'
[0.350s] Level 1:colcon.colcon_core.package_identification:_identify(src) by extensions ['ignore', 'ignore_ament_install']
[0.350s] Level 1:colcon.colcon_core.package_identification:_identify(src) by extension 'ignore'
[0.350s] Level 1:colcon.colcon_core.package_identification:_identify(src) by extension 'ignore_ament_install'
[0.350s] Level 1:colcon.colcon_core.package_identification:_identify(src) by extensions ['colcon_pkg']
[0.350s] Level 1:colcon.colcon_core.package_identification:_identify(src) by extension 'colcon_pkg'
[0.350s] Level 1:colcon.colcon_core.package_identification:_identify(src) by extensions ['colcon_meta']
[0.351s] Level 1:colcon.colcon_core.package_identification:_identify(src) by extension 'colcon_meta'
[0.351s] Level 1:colcon.colcon_core.package_identification:_identify(src) by extensions ['ros']
[0.351s] Level 1:colcon.colcon_core.package_identification:_identify(src) by extension 'ros'
[0.351s] Level 1:colcon.colcon_core.package_identification:_identify(src) by extensions ['cmake', 'python']
[0.351s] Level 1:colcon.colcon_core.package_identification:_identify(src) by extension 'cmake'
[0.351s] Level 1:colcon.colcon_core.package_identification:_identify(src) by extension 'python'
[0.351s] Level 1:colcon.colcon_core.package_identification:_identify(src) by extensions ['python_setup_py']
[0.351s] Level 1:colcon.colcon_core.package_identification:_identify(src) by extension 'python_setup_py'
[0.351s] Level 1:colcon.colcon_core.package_identification:_identify(src/global_path) by extensions ['ignore', 'ignore_ament_install']
[0.351s] Level 1:colcon.colcon_core.package_identification:_identify(src/global_path) by extension 'ignore'
[0.351s] Level 1:colcon.colcon_core.package_identification:_identify(src/global_path) by extension 'ignore_ament_install'
[0.351s] Level 1:colcon.colcon_core.package_identification:_identify(src/global_path) by extensions ['colcon_pkg']
[0.351s] Level 1:colcon.colcon_core.package_identification:_identify(src/global_path) by extension 'colcon_pkg'
[0.351s] Level 1:colcon.colcon_core.package_identification:_identify(src/global_path) by extensions ['colcon_meta']
[0.351s] Level 1:colcon.colcon_core.package_identification:_identify(src/global_path) by extension 'colcon_meta'
[0.351s] Level 1:colcon.colcon_core.package_identification:_identify(src/global_path) by extensions ['ros']
[0.351s] Level 1:colcon.colcon_core.package_identification:_identify(src/global_path) by extension 'ros'
[0.351s] Level 1:colcon.colcon_core.package_identification:_identify(src/global_path) by extensions ['cmake', 'python']
[0.351s] Level 1:colcon.colcon_core.package_identification:_identify(src/global_path) by extension 'cmake'
[0.351s] Level 1:colcon.colcon_core.package_identification:_identify(src/global_path) by extension 'python'
[0.351s] Level 1:colcon.colcon_core.package_identification:_identify(src/global_path) by extensions ['python_setup_py']
[0.351s] Level 1:colcon.colcon_core.package_identification:_identify(src/global_path) by extension 'python_setup_py'
[0.351s] Level 1:colcon.colcon_core.package_identification:_identify(src/mission_2) by extensions ['ignore', 'ignore_ament_install']
[0.351s] Level 1:colcon.colcon_core.package_identification:_identify(src/mission_2) by extension 'ignore'
[0.351s] Level 1:colcon.colcon_core.package_identification:_identify(src/mission_2) by extension 'ignore_ament_install'
[0.351s] Level 1:colcon.colcon_core.package_identification:_identify(src/mission_2) by extensions ['colcon_pkg']
[0.351s] Level 1:colcon.colcon_core.package_identification:_identify(src/mission_2) by extension 'colcon_pkg'
[0.351s] Level 1:colcon.colcon_core.package_identification:_identify(src/mission_2) by extensions ['colcon_meta']
[0.351s] Level 1:colcon.colcon_core.package_identification:_identify(src/mission_2) by extension 'colcon_meta'
[0.352s] Level 1:colcon.colcon_core.package_identification:_identify(src/mission_2) by extensions ['ros']
[0.352s] Level 1:colcon.colcon_core.package_identification:_identify(src/mission_2) by extension 'ros'
[0.352s] DEBUG:colcon.colcon_core.package_identification:Package 'src/mission_2' with type 'ros.ament_cmake' and name 'mission_2'
[0.352s] Level 1:colcon.colcon_core.package_identification:_identify(src/mission_3) by extensions ['ignore', 'ignore_ament_install']
[0.353s] Level 1:colcon.colcon_core.package_identification:_identify(src/mission_3) by extension 'ignore'
[0.353s] Level 1:colcon.colcon_core.package_identification:_identify(src/mission_3) by extension 'ignore_ament_install'
[0.353s] Level 1:colcon.colcon_core.package_identification:_identify(src/mission_3) by extensions ['colcon_pkg']
[0.353s] Level 1:colcon.colcon_core.package_identification:_identify(src/mission_3) by extension 'colcon_pkg'
[0.353s] Level 1:colcon.colcon_core.package_identification:_identify(src/mission_3) by extensions ['colcon_meta']
[0.353s] Level 1:colcon.colcon_core.package_identification:_identify(src/mission_3) by extension 'colcon_meta'
[0.353s] Level 1:colcon.colcon_core.package_identification:_identify(src/mission_3) by extensions ['ros']
[0.353s] Level 1:colcon.colcon_core.package_identification:_identify(src/mission_3) by extension 'ros'
[0.355s] DEBUG:colcon.colcon_core.package_identification:Package 'src/mission_3' with type 'ros.ament_cmake' and name 'mission_3'
[0.355s] Level 1:colcon.colcon_core.package_discovery:discover_packages(recursive) using defaults
[0.356s] Level 1:colcon.colcon_core.package_discovery:discover_packages(ignore) discover
[0.356s] Level 1:colcon.colcon_core.package_discovery:discover_packages(ignore) using defaults
[0.356s] Level 1:colcon.colcon_core.package_discovery:discover_packages(path) discover
[0.356s] Level 1:colcon.colcon_core.package_discovery:discover_packages(path) using defaults
[0.376s] Level 5:colcon.colcon_core.verb:set package 'domain_bridge' build argument 'cmake_args' from command line to 'None'
[0.376s] Level 5:colcon.colcon_core.verb:set package 'domain_bridge' build argument 'cmake_target' from command line to 'None'
[0.376s] Level 5:colcon.colcon_core.verb:set package 'domain_bridge' build argument 'cmake_target_skip_unavailable' from command line to 'False'
[0.376s] Level 5:colcon.colcon_core.verb:set package 'domain_bridge' build argument 'cmake_clean_cache' from command line to 'False'
[0.376s] Level 5:colcon.colcon_core.verb:set package 'domain_bridge' build argument 'cmake_clean_first' from command line to 'False'
[0.376s] Level 5:colcon.colcon_core.verb:set package 'domain_bridge' build argument 'cmake_force_configure' from command line to 'False'
[0.376s] Level 5:colcon.colcon_core.verb:set package 'domain_bridge' build argument 'ament_cmake_args' from command line to 'None'
[0.376s] Level 5:colcon.colcon_core.verb:set package 'domain_bridge' build argument 'catkin_cmake_args' from command line to 'None'
[0.376s] Level 5:colcon.colcon_core.verb:set package 'domain_bridge' build argument 'catkin_skip_building_tests' from command line to 'False'
[0.376s] DEBUG:colcon.colcon_core.verb:Building package 'domain_bridge' with the following arguments: {'ament_cmake_args': None, 'build_base': '/root/TEAM_AIM/build/domain_bridge', 'catkin_cmake_args': None, 'catkin_skip_building_tests': False, 'cmake_args': None, 'cmake_clean_cache': False, 'cmake_clean_first': False, 'cmake_force_configure': False, 'cmake_target': None, 'cmake_target_skip_unavailable': False, 'install_base': '/root/TEAM_AIM/install/domain_bridge', 'merge_install': False, 'path': '/root/TEAM_AIM/Mobility_Challenge_Simulator/src/domain_bridge', 'symlink_install': False, 'test_result_base': None}
[0.377s] Level 5:colcon.colcon_core.verb:set package 'mission_2' build argument 'cmake_args' from command line to 'None'
[0.377s] Level 5:colcon.colcon_core.verb:set package 'mission_2' build argument 'cmake_target' from command line to 'None'
[0.377s] Level 5:colcon.colcon_core.verb:set package 'mission_2' build argument 'cmake_target_skip_unavailable' from command line to 'False'
[0.378s] Level 5:colcon.colcon_core.verb:set package 'mission_2' build argument 'cmake_clean_cache' from command line to 'False'
[0.378s] Level 5:colcon.colcon_core.verb:set package 'mission_2' build argument 'cmake_clean_first' from command line to 'False'
[0.378s] Level 5:colcon.colcon_core.verb:set package 'mission_2' build argument 'cmake_force_configure' from command line to 'False'
[0.378s] Level 5:colcon.colcon_core.verb:set package 'mission_2' build argument 'ament_cmake_args' from command line to 'None'
[0.378s] Level 5:colcon.colcon_core.verb:set package 'mission_2' build argument 'catkin_cmake_args' from command line to 'None'
[0.378s] Level 5:colcon.colcon_core.verb:set package 'mission_2' build argument 'catkin_skip_building_tests' from command line to 'False'
[0.378s] DEBUG:colcon.colcon_core.verb:Building package 'mission_2' with the following arguments: {'ament_cmake_args': None, 'build_base': '/root/TEAM_AIM/build/mission_2', 'catkin_cmake_args': None, 'catkin_skip_building_tests': False, 'cmake_args': None, 'cmake_clean_cache': False, 'cmake_clean_first': False, 'cmake_force_configure': False, 'cmake_target': None, 'cmake_target_skip_unavailable': False, 'install_base': '/root/TEAM_AIM/install/mission_2', 'merge_install': False, 'path': '/root/TEAM_AIM/src/mission_2', 'symlink_install': False, 'test_result_base': None}
[0.379s] Level 5:colcon.colcon_core.verb:set package 'mission_3' build argument 'cmake_args' from command line to 'None'
[0.379s] Level 5:colcon.colcon_core.verb:set package 'mission_3' build argument 'cmake_target' from command line to 'None'
[0.379s] Level 5:colcon.colcon_core.verb:set package 'mission_3' build argument 'cmake_target_skip_unavailable' from command line to 'False'
[0.379s] Level 5:colcon.colcon_core.verb:set package 'mission_3' build argument 'cmake_clean_cache' from command line to 'False'
[0.379s] Level 5:colcon.colcon_core.verb:set package 'mission_3' build argument 'cmake_clean_first' from command line to 'False'
[0.379s] Level 5:colcon.colcon_core.verb:set package 'mission_3' build argument 'cmake_force_configure' from command line to 'False'
[0.379s] Level 5:colcon.colcon_core.verb:set package 'mission_3' build argument 'ament_cmake_args' from command line to 'None'
[0.379s] Level 5:colcon.colcon_core.verb:set package 'mission_3' build argument 'catkin_cmake_args' from command line to 'None'
[0.379s] Level 5:colcon.colcon_core.verb:set package 'mission_3' build argument 'catkin_skip_building_tests' from command line to 'False'
[0.379s] DEBUG:colcon.colcon_core.verb:Building package 'mission_3' with the following arguments: {'ament_cmake_args': None, 'build_base': '/root/TEAM_AIM/build/mission_3', 'catkin_cmake_args': None, 'catkin_skip_building_tests': False, 'cmake_args': None, 'cmake_clean_cache': False, 'cmake_clean_first': False, 'cmake_force_configure': False, 'cmake_target': None, 'cmake_target_skip_unavailable': False, 'install_base': '/root/TEAM_AIM/install/mission_3', 'merge_install': False, 'path': '/root/TEAM_AIM/src/mission_3', 'symlink_install': False, 'test_result_base': None}
[0.380s] Level 5:colcon.colcon_core.verb:set package 'scene_srv' build argument 'cmake_args' from command line to 'None'
[0.381s] Level 5:colcon.colcon_core.verb:set package 'scene_srv' build argument 'cmake_target' from command line to 'None'
[0.381s] Level 5:colcon.colcon_core.verb:set package 'scene_srv' build argument 'cmake_target_skip_unavailable' from command line to 'False'
[0.381s] Level 5:colcon.colcon_core.verb:set package 'scene_srv' build argument 'cmake_clean_cache' from command line to 'False'
[0.381s] Level 5:colcon.colcon_core.verb:set package 'scene_srv' build argument 'cmake_clean_first' from command line to 'False'
[0.381s] Level 5:colcon.colcon_core.verb:set package 'scene_srv' build argument 'cmake_force_configure' from command line to 'False'
[0.381s] Level 5:colcon.colcon_core.verb:set package 'scene_srv' build argument 'ament_cmake_args' from command line to 'None'
[0.381s] Level 5:colcon.colcon_core.verb:set package 'scene_srv' build argument 'catkin_cmake_args' from command line to 'None'
[0.381s] Level 5:colcon.colcon_core.verb:set package 'scene_srv' build argument 'catkin_skip_building_tests' from command line to 'False'
[0.381s] DEBUG:colcon.colcon_core.verb:Building package 'scene_srv' with the following arguments: {'ament_cmake_args': None, 'build_base': '/root/TEAM_AIM/build/scene_srv', 'catkin_cmake_args': None, 'catkin_skip_building_tests': False, 'cmake_args': None, 'cmake_clean_cache': False, 'cmake_clean_first': False, 'cmake_force_configure': False, 'cmake_target': None, 'cmake_target_skip_unavailable': False, 'install_base': '/root/TEAM_AIM/install/scene_srv', 'merge_install': False, 'path': '/root/TEAM_AIM/Mobility_Challenge_Simulator/src/scene_srv', 'symlink_install': False, 'test_result_base': None}
[0.382s] Level 5:colcon.colcon_core.verb:set package 'simulator_launch' build argument 'cmake_args' from command line to 'None'
[0.382s] Level 5:colcon.colcon_core.verb:set package 'simulator_launch' build argument 'cmake_target' from command line to 'None'
[0.382s] Level 5:colcon.colcon_core.verb:set package 'simulator_launch' build argument 'cmake_target_skip_unavailable' from command line to 'False'
[0.382s] Level 5:colcon.colcon_core.verb:set package 'simulator_launch' build argument 'cmake_clean_cache' from command line to 'False'
[0.382s] Level 5:colcon.colcon_core.verb:set package 'simulator_launch' build argument 'cmake_clean_first' from command line to 'False'
[0.382s] Level 5:colcon.colcon_core.verb:set package 'simulator_launch' build argument 'cmake_force_configure' from command line to 'False'
[0.382s] Level 5:colcon.colcon_core.verb:set package 'simulator_launch' build argument 'ament_cmake_args' from command line to 'None'
[0.382s] Level 5:colcon.colcon_core.verb:set package 'simulator_launch' build argument 'catkin_cmake_args' from command line to 'None'
[0.382s] Level 5:colcon.colcon_core.verb:set package 'simulator_launch' build argument 'catkin_skip_building_tests' from command line to 'False'
[0.382s] DEBUG:colcon.colcon_core.verb:Building package 'simulator_launch' with the following arguments: {'ament_cmake_args': None, 'build_base': '/root/TEAM_AIM/build/simulator_launch', 'catkin_cmake_args': None, 'catkin_skip_building_tests': False, 'cmake_args': None, 'cmake_clean_cache': False, 'cmake_clean_first': False, 'cmake_force_configure': False, 'cmake_target': None, 'cmake_target_skip_unavailable': False, 'install_base': '/root/TEAM_AIM/install/simulator_launch', 'merge_install': False, 'path': '/root/TEAM_AIM/Mobility_Challenge_Simulator/src/simulator_launch', 'symlink_install': False, 'test_result_base': None}
[0.383s] Level 5:colcon.colcon_core.verb:set package 'communication_manager' build argument 'cmake_args' from command line to 'None'
[0.383s] Level 5:colcon.colcon_core.verb:set package 'communication_manager' build argument 'cmake_target' from command line to 'None'
[0.383s] Level 5:colcon.colcon_core.verb:set package 'communication_manager' build argument 'cmake_target_skip_unavailable' from command line to 'False'
[0.383s] Level 5:colcon.colcon_core.verb:set package 'communication_manager' build argument 'cmake_clean_cache' from command line to 'False'
[0.383s] Level 5:colcon.colcon_core.verb:set package 'communication_manager' build argument 'cmake_clean_first' from command line to 'False'
[0.383s] Level 5:colcon.colcon_core.verb:set package 'communication_manager' build argument 'cmake_force_configure' from command line to 'False'
[0.383s] Level 5:colcon.colcon_core.verb:set package 'communication_manager' build argument 'ament_cmake_args' from command line to 'None'
[0.383s] Level 5:colcon.colcon_core.verb:set package 'communication_manager' build argument 'catkin_cmake_args' from command line to 'None'
[0.383s] Level 5:colcon.colcon_core.verb:set package 'communication_manager' build argument 'catkin_skip_building_tests' from command line to 'False'
[0.383s] DEBUG:colcon.colcon_core.verb:Building package 'communication_manager' with the following arguments: {'ament_cmake_args': None, 'build_base': '/root/TEAM_AIM/build/communication_manager', 'catkin_cmake_args': None, 'catkin_skip_building_tests': False, 'cmake_args': None, 'cmake_clean_cache': False, 'cmake_clean_first': False, 'cmake_force_configure': False, 'cmake_target': None, 'cmake_target_skip_unavailable': False, 'install_base': '/root/TEAM_AIM/install/communication_manager', 'merge_install': False, 'path': '/root/TEAM_AIM/Mobility_Challenge_Simulator/src/communication_manager', 'symlink_install': False, 'test_result_base': None}
[0.384s] Level 5:colcon.colcon_core.verb:set package 'hv_handler' build argument 'cmake_args' from command line to 'None'
[0.384s] Level 5:colcon.colcon_core.verb:set package 'hv_handler' build argument 'cmake_target' from command line to 'None'
[0.384s] Level 5:colcon.colcon_core.verb:set package 'hv_handler' build argument 'cmake_target_skip_unavailable' from command line to 'False'
[0.384s] Level 5:colcon.colcon_core.verb:set package 'hv_handler' build argument 'cmake_clean_cache' from command line to 'False'
[0.384s] Level 5:colcon.colcon_core.verb:set package 'hv_handler' build argument 'cmake_clean_first' from command line to 'False'
[0.384s] Level 5:colcon.colcon_core.verb:set package 'hv_handler' build argument 'cmake_force_configure' from command line to 'False'
[0.384s] Level 5:colcon.colcon_core.verb:set package 'hv_handler' build argument 'ament_cmake_args' from command line to 'None'
[0.384s] Level 5:colcon.colcon_core.verb:set package 'hv_handler' build argument 'catkin_cmake_args' from command line to 'None'
[0.384s] Level 5:colcon.colcon_core.verb:set package 'hv_handler' build argument 'catkin_skip_building_tests' from command line to 'False'
[0.384s] DEBUG:colcon.colcon_core.verb:Building package 'hv_handler' with the following arguments: {'ament_cmake_args': None, 'build_base': '/root/TEAM_AIM/build/hv_handler', 'catkin_cmake_args': None, 'catkin_skip_building_tests': False, 'cmake_args': None, 'cmake_clean_cache': False, 'cmake_clean_first': False, 'cmake_force_configure': False, 'cmake_target': None, 'cmake_target_skip_unavailable': False, 'install_base': '/root/TEAM_AIM/install/hv_handler', 'merge_install': False, 'path': '/root/TEAM_AIM/Mobility_Challenge_Simulator/src/hv_handler', 'symlink_install': False, 'test_result_base': None}
[0.385s] Level 5:colcon.colcon_core.verb:set package 'simulator' build argument 'cmake_args' from command line to 'None'
[0.385s] Level 5:colcon.colcon_core.verb:set package 'simulator' build argument 'cmake_target' from command line to 'None'
[0.385s] Level 5:colcon.colcon_core.verb:set package 'simulator' build argument 'cmake_target_skip_unavailable' from command line to 'False'
[0.385s] Level 5:colcon.colcon_core.verb:set package 'simulator' build argument 'cmake_clean_cache' from command line to 'False'
[0.385s] Level 5:colcon.colcon_core.verb:set package 'simulator' build argument 'cmake_clean_first' from command line to 'False'
[0.385s] Level 5:colcon.colcon_core.verb:set package 'simulator' build argument 'cmake_force_configure' from command line to 'False'
[0.385s] Level 5:colcon.colcon_core.verb:set package 'simulator' build argument 'ament_cmake_args' from command line to 'None'
[0.385s] Level 5:colcon.colcon_core.verb:set package 'simulator' build argument 'catkin_cmake_args' from command line to 'None'
[0.385s] Level 5:colcon.colcon_core.verb:set package 'simulator' build argument 'catkin_skip_building_tests' from command line to 'False'
[0.385s] DEBUG:colcon.colcon_core.verb:Building package 'simulator' with the following arguments: {'ament_cmake_args': None, 'build_base': '/root/TEAM_AIM/build/simulator', 'catkin_cmake_args': None, 'catkin_skip_building_tests': False, 'cmake_args': None, 'cmake_clean_cache': False, 'cmake_clean_first': False, 'cmake_force_configure': False, 'cmake_target': None, 'cmake_target_skip_unavailable': False, 'install_base': '/root/TEAM_AIM/install/simulator', 'merge_install': False, 'path': '/root/TEAM_AIM/Mobility_Challenge_Simulator/src/simulator', 'symlink_install': False, 'test_result_base': None}
[0.386s] INFO:colcon.colcon_core.executor:Executing jobs using 'parallel' executor
[0.391s] DEBUG:colcon.colcon_parallel_executor.executor.parallel:run_until_complete
[0.391s] INFO:colcon.colcon_ros.task.ament_cmake.build:Building ROS package in '/root/TEAM_AIM/Mobility_Challenge_Simulator/src/scene_srv' with build type 'ament_cmake'
[0.391s] INFO:colcon.colcon_cmake.task.cmake.build:Building CMake package in '/root/TEAM_AIM/Mobility_Challenge_Simulator/src/scene_srv'
[0.397s] INFO:colcon.colcon_core.plugin_system:Skipping extension 'colcon_core.shell.bat': Not used on non-Windows systems
[0.397s] INFO:colcon.colcon_core.shell:Skip shell extension 'powershell' for command environment: Not usable outside of PowerShell
[0.397s] DEBUG:colcon.colcon_core.shell:Skip shell extension 'dsv' for command environment
[0.407s] INFO:colcon.colcon_ros.task.ament_cmake.build:Building ROS package in '/root/TEAM_AIM/Mobility_Challenge_Simulator/src/domain_bridge' with build type 'ament_cmake'
[0.407s] INFO:colcon.colcon_cmake.task.cmake.build:Building CMake package in '/root/TEAM_AIM/Mobility_Challenge_Simulator/src/domain_bridge'
[0.409s] INFO:colcon.colcon_core.shell:Skip shell extension 'powershell' for command environment: Not usable outside of PowerShell
[0.409s] DEBUG:colcon.colcon_core.shell:Skip shell extension 'dsv' for command environment
[0.420s] INFO:colcon.colcon_ros.task.ament_cmake.build:Building ROS package in '/root/TEAM_AIM/src/mission_2' with build type 'ament_cmake'
[0.421s] INFO:colcon.colcon_cmake.task.cmake.build:Building CMake package in '/root/TEAM_AIM/src/mission_2'
[0.424s] INFO:colcon.colcon_core.shell:Skip shell extension 'powershell' for command environment: Not usable outside of PowerShell
[0.425s] DEBUG:colcon.colcon_core.shell:Skip shell extension 'dsv' for command environment
[0.437s] INFO:colcon.colcon_ros.task.ament_cmake.build:Building ROS package in '/root/TEAM_AIM/src/mission_3' with build type 'ament_cmake'
[0.437s] INFO:colcon.colcon_cmake.task.cmake.build:Building CMake package in '/root/TEAM_AIM/src/mission_3'
[0.440s] INFO:colcon.colcon_core.shell:Skip shell extension 'powershell' for command environment: Not usable outside of PowerShell
[0.441s] DEBUG:colcon.colcon_core.shell:Skip shell extension 'dsv' for command environment
[0.451s] INFO:colcon.colcon_ros.task.ament_cmake.build:Building ROS package in '/root/TEAM_AIM/Mobility_Challenge_Simulator/src/simulator_launch' with build type 'ament_cmake'
[0.452s] INFO:colcon.colcon_cmake.task.cmake.build:Building CMake package in '/root/TEAM_AIM/Mobility_Challenge_Simulator/src/simulator_launch'
[0.455s] INFO:colcon.colcon_core.shell:Skip shell extension 'powershell' for command environment: Not usable outside of PowerShell
[0.455s] DEBUG:colcon.colcon_core.shell:Skip shell extension 'dsv' for command environment
[0.474s] DEBUG:colcon.colcon_core.event_handler.log_command:Invoking command in '/root/TEAM_AIM/build/scene_srv': CMAKE_PREFIX_PATH=${CMAKE_PREFIX_PATH}:/opt/ros/foxy /usr/bin/cmake /root/TEAM_AIM/Mobility_Challenge_Simulator/src/scene_srv -DCMAKE_INSTALL_PREFIX=/root/TEAM_AIM/install/scene_srv
[0.481s] DEBUG:colcon.colcon_core.event_handler.log_command:Invoking command in '/root/TEAM_AIM/build/domain_bridge': CMAKE_PREFIX_PATH=${CMAKE_PREFIX_PATH}:/opt/ros/foxy /usr/bin/cmake /root/TEAM_AIM/Mobility_Challenge_Simulator/src/domain_bridge -DCMAKE_INSTALL_PREFIX=/root/TEAM_AIM/install/domain_bridge
[0.485s] DEBUG:colcon.colcon_core.event_handler.log_command:Invoking command in '/root/TEAM_AIM/build/mission_2': CMAKE_PREFIX_PATH=${CMAKE_PREFIX_PATH}:/opt/ros/foxy /usr/bin/cmake /root/TEAM_AIM/src/mission_2 -DCMAKE_INSTALL_PREFIX=/root/TEAM_AIM/install/mission_2
[0.493s] DEBUG:colcon.colcon_core.event_handler.log_command:Invoking command in '/root/TEAM_AIM/build/mission_3': CMAKE_PREFIX_PATH=${CMAKE_PREFIX_PATH}:/opt/ros/foxy /usr/bin/cmake /root/TEAM_AIM/src/mission_3 -DCMAKE_INSTALL_PREFIX=/root/TEAM_AIM/install/mission_3
[0.514s] DEBUG:colcon.colcon_core.event_handler.log_command:Invoking command in '/root/TEAM_AIM/build/simulator_launch': CMAKE_PREFIX_PATH=${CMAKE_PREFIX_PATH}:/opt/ros/foxy /usr/bin/cmake /root/TEAM_AIM/Mobility_Challenge_Simulator/src/simulator_launch -DCMAKE_INSTALL_PREFIX=/root/TEAM_AIM/install/simulator_launch
[1.566s] DEBUG:colcon.colcon_core.event_handler.log_command:Invoked command in '/root/TEAM_AIM/build/simulator_launch' returned '0': CMAKE_PREFIX_PATH=${CMAKE_PREFIX_PATH}:/opt/ros/foxy /usr/bin/cmake /root/TEAM_AIM/Mobility_Challenge_Simulator/src/simulator_launch -DCMAKE_INSTALL_PREFIX=/root/TEAM_AIM/install/simulator_launch
[1.571s] DEBUG:colcon.colcon_core.event_handler.log_command:Invoking command in '/root/TEAM_AIM/build/simulator_launch': CMAKE_PREFIX_PATH=${CMAKE_PREFIX_PATH}:/opt/ros/foxy /usr/bin/cmake --build /root/TEAM_AIM/build/simulator_launch -- -j16 -l16
[1.641s] DEBUG:colcon.colcon_core.event_handler.log_command:Invoked command in '/root/TEAM_AIM/build/simulator_launch' returned '0': CMAKE_PREFIX_PATH=${CMAKE_PREFIX_PATH}:/opt/ros/foxy /usr/bin/cmake --build /root/TEAM_AIM/build/simulator_launch -- -j16 -l16
[1.708s] DEBUG:colcon.colcon_core.event_handler.log_command:Invoking command in '/root/TEAM_AIM/build/simulator_launch': CMAKE_PREFIX_PATH=${CMAKE_PREFIX_PATH}:/opt/ros/foxy /usr/bin/cmake --install /root/TEAM_AIM/build/simulator_launch
[1.732s] Level 1:colcon.colcon_core.environment:create_environment_scripts_only(simulator_launch)
[1.735s] DEBUG:colcon.colcon_core.event_handler.log_command:Invoked command in '/root/TEAM_AIM/build/simulator_launch' returned '0': CMAKE_PREFIX_PATH=${CMAKE_PREFIX_PATH}:/opt/ros/foxy /usr/bin/cmake --install /root/TEAM_AIM/build/simulator_launch
[1.740s] Level 1:colcon.colcon_core.environment:checking '/root/TEAM_AIM/install/simulator_launch' for CMake module files
[1.741s] Level 1:colcon.colcon_core.environment:checking '/root/TEAM_AIM/install/simulator_launch' for CMake config files
[1.742s] Level 1:colcon.colcon_core.shell:create_environment_hook('simulator_launch', 'cmake_prefix_path')
[1.744s] INFO:colcon.colcon_core.shell:Creating environment hook '/root/TEAM_AIM/install/simulator_launch/share/simulator_launch/hook/cmake_prefix_path.ps1'
[1.746s] INFO:colcon.colcon_core.shell:Creating environment descriptor '/root/TEAM_AIM/install/simulator_launch/share/simulator_launch/hook/cmake_prefix_path.dsv'
[1.747s] INFO:colcon.colcon_core.shell:Creating environment hook '/root/TEAM_AIM/install/simulator_launch/share/simulator_launch/hook/cmake_prefix_path.sh'
[1.749s] Level 1:colcon.colcon_core.environment:checking '/root/TEAM_AIM/install/simulator_launch/bin'
[1.749s] Level 1:colcon.colcon_core.environment:checking '/root/TEAM_AIM/install/simulator_launch/lib/pkgconfig/simulator_launch.pc'
[1.750s] Level 1:colcon.colcon_core.environment:checking '/root/TEAM_AIM/install/simulator_launch/lib/python3.8/site-packages'
[1.751s] Level 1:colcon.colcon_core.environment:checking '/root/TEAM_AIM/install/simulator_launch/bin'
[1.754s] INFO:colcon.colcon_core.shell:Creating package script '/root/TEAM_AIM/install/simulator_launch/share/simulator_launch/package.ps1'
[1.755s] INFO:colcon.colcon_core.shell:Creating package descriptor '/root/TEAM_AIM/install/simulator_launch/share/simulator_launch/package.dsv'
[1.755s] INFO:colcon.colcon_core.shell:Creating package script '/root/TEAM_AIM/install/simulator_launch/share/simulator_launch/package.sh'
[1.756s] INFO:colcon.colcon_core.shell:Creating package script '/root/TEAM_AIM/install/simulator_launch/share/simulator_launch/package.bash'
[1.757s] INFO:colcon.colcon_core.shell:Creating package script '/root/TEAM_AIM/install/simulator_launch/share/simulator_launch/package.zsh'
[1.758s] Level 1:colcon.colcon_core.environment:create_file_with_runtime_dependencies(/root/TEAM_AIM/install/simulator_launch/share/colcon-core/packages/simulator_launch)
[1.795s] Level 1:colcon.colcon_core.environment:create_environment_scripts_only(simulator_launch)
[1.799s] Level 1:colcon.colcon_core.environment:checking '/root/TEAM_AIM/install/simulator_launch' for CMake module files
[1.799s] Level 1:colcon.colcon_core.environment:checking '/root/TEAM_AIM/install/simulator_launch' for CMake config files
[1.800s] Level 1:colcon.colcon_core.shell:create_environment_hook('simulator_launch', 'cmake_prefix_path')
[1.803s] INFO:colcon.colcon_core.shell:Creating environment hook '/root/TEAM_AIM/install/simulator_launch/share/simulator_launch/hook/cmake_prefix_path.ps1'
[1.803s] INFO:colcon.colcon_core.shell:Creating environment descriptor '/root/TEAM_AIM/install/simulator_launch/share/simulator_launch/hook/cmake_prefix_path.dsv'
[1.803s] INFO:colcon.colcon_core.shell:Creating environment hook '/root/TEAM_AIM/install/simulator_launch/share/simulator_launch/hook/cmake_prefix_path.sh'
[1.804s] Level 1:colcon.colcon_core.environment:checking '/root/TEAM_AIM/install/simulator_launch/bin'
[1.804s] Level 1:colcon.colcon_core.environment:checking '/root/TEAM_AIM/install/simulator_launch/lib/pkgconfig/simulator_launch.pc'
[1.804s] Level 1:colcon.colcon_core.environment:checking '/root/TEAM_AIM/install/simulator_launch/lib/python3.8/site-packages'
[1.804s] Level 1:colcon.colcon_core.environment:checking '/root/TEAM_AIM/install/simulator_launch/bin'
[1.806s] INFO:colcon.colcon_core.shell:Creating package script '/root/TEAM_AIM/install/simulator_launch/share/simulator_launch/package.ps1'
[1.807s] INFO:colcon.colcon_core.shell:Creating package descriptor '/root/TEAM_AIM/install/simulator_launch/share/simulator_launch/package.dsv'
[1.808s] INFO:colcon.colcon_core.shell:Creating package script '/root/TEAM_AIM/install/simulator_launch/share/simulator_launch/package.sh'
[1.808s] INFO:colcon.colcon_core.shell:Creating package script '/root/TEAM_AIM/install/simulator_launch/share/simulator_launch/package.bash'
[1.809s] INFO:colcon.colcon_core.shell:Creating package script '/root/TEAM_AIM/install/simulator_launch/share/simulator_launch/package.zsh'
[1.809s] Level 1:colcon.colcon_core.environment:create_file_with_runtime_dependencies(/root/TEAM_AIM/install/simulator_launch/share/colcon-core/packages/simulator_launch)
[2.459s] DEBUG:colcon.colcon_core.event_handler.log_command:Invoked command in '/root/TEAM_AIM/build/scene_srv' returned '0': CMAKE_PREFIX_PATH=${CMAKE_PREFIX_PATH}:/opt/ros/foxy /usr/bin/cmake /root/TEAM_AIM/Mobility_Challenge_Simulator/src/scene_srv -DCMAKE_INSTALL_PREFIX=/root/TEAM_AIM/install/scene_srv
[2.459s] DEBUG:colcon.colcon_core.event_handler.log_command:Invoking command in '/root/TEAM_AIM/build/scene_srv': CMAKE_PREFIX_PATH=${CMAKE_PREFIX_PATH}:/opt/ros/foxy /usr/bin/cmake --build /root/TEAM_AIM/build/scene_srv -- -j16 -l16
[2.811s] DEBUG:colcon.colcon_core.event_handler.log_command:Invoked command in '/root/TEAM_AIM/build/mission_2' returned '0': CMAKE_PREFIX_PATH=${CMAKE_PREFIX_PATH}:/opt/ros/foxy /usr/bin/cmake /root/TEAM_AIM/src/mission_2 -DCMAKE_INSTALL_PREFIX=/root/TEAM_AIM/install/mission_2
[2.816s] DEBUG:colcon.colcon_core.event_handler.log_command:Invoking command in '/root/TEAM_AIM/build/mission_2': CMAKE_PREFIX_PATH=${CMAKE_PREFIX_PATH}:/opt/ros/foxy /usr/bin/cmake --build /root/TEAM_AIM/build/mission_2 -- -j16 -l16
[2.841s] DEBUG:colcon.colcon_core.event_handler.log_command:Invoked command in '/root/TEAM_AIM/build/mission_3' returned '0': CMAKE_PREFIX_PATH=${CMAKE_PREFIX_PATH}:/opt/ros/foxy /usr/bin/cmake /root/TEAM_AIM/src/mission_3 -DCMAKE_INSTALL_PREFIX=/root/TEAM_AIM/install/mission_3
[2.842s] DEBUG:colcon.colcon_core.event_handler.log_command:Invoking command in '/root/TEAM_AIM/build/mission_3': CMAKE_PREFIX_PATH=${CMAKE_PREFIX_PATH}:/opt/ros/foxy /usr/bin/cmake --build /root/TEAM_AIM/build/mission_3 -- -j16 -l16
[3.902s] DEBUG:colcon.colcon_core.event_handler.log_command:Invoked command in '/root/TEAM_AIM/build/domain_bridge' returned '1': CMAKE_PREFIX_PATH=${CMAKE_PREFIX_PATH}:/opt/ros/foxy /usr/bin/cmake /root/TEAM_AIM/Mobility_Challenge_Simulator/src/domain_bridge -DCMAKE_INSTALL_PREFIX=/root/TEAM_AIM/install/domain_bridge
[3.923s] Level 1:colcon.colcon_core.environment:create_environment_scripts_only(domain_bridge)
[3.931s] Level 1:colcon.colcon_core.environment:checking '/root/TEAM_AIM/install/domain_bridge' for CMake module files
[3.934s] Level 1:colcon.colcon_core.environment:checking '/root/TEAM_AIM/install/domain_bridge' for CMake config files
[3.935s] Level 1:colcon.colcon_core.shell:create_environment_hook('domain_bridge', 'cmake_prefix_path')
[3.939s] INFO:colcon.colcon_core.shell:Creating environment hook '/root/TEAM_AIM/install/domain_bridge/share/domain_bridge/hook/cmake_prefix_path.ps1'
[3.940s] INFO:colcon.colcon_core.shell:Creating environment descriptor '/root/TEAM_AIM/install/domain_bridge/share/domain_bridge/hook/cmake_prefix_path.dsv'
[3.940s] INFO:colcon.colcon_core.shell:Creating environment hook '/root/TEAM_AIM/install/domain_bridge/share/domain_bridge/hook/cmake_prefix_path.sh'
[3.941s] Level 1:colcon.colcon_core.environment:checking '/root/TEAM_AIM/install/domain_bridge/lib'
[3.941s] Level 1:colcon.colcon_core.shell:create_environment_hook('domain_bridge', 'ld_library_path_lib')
[3.944s] INFO:colcon.colcon_core.shell:Creating environment hook '/root/TEAM_AIM/install/domain_bridge/share/domain_bridge/hook/ld_library_path_lib.ps1'
[3.944s] INFO:colcon.colcon_core.shell:Creating environment descriptor '/root/TEAM_AIM/install/domain_bridge/share/domain_bridge/hook/ld_library_path_lib.dsv'
[3.945s] INFO:colcon.colcon_core.shell:Creating environment hook '/root/TEAM_AIM/install/domain_bridge/share/domain_bridge/hook/ld_library_path_lib.sh'
[3.946s] Level 1:colcon.colcon_core.environment:checking '/root/TEAM_AIM/install/domain_bridge/bin'
[3.946s] Level 1:colcon.colcon_core.environment:checking '/root/TEAM_AIM/install/domain_bridge/lib/pkgconfig/domain_bridge.pc'
[3.946s] Level 1:colcon.colcon_core.environment:checking '/root/TEAM_AIM/install/domain_bridge/lib/python3.8/site-packages'
[3.946s] Level 1:colcon.colcon_core.shell:create_environment_hook('domain_bridge', 'pythonpath')
[3.949s] INFO:colcon.colcon_core.shell:Creating environment hook '/root/TEAM_AIM/install/domain_bridge/share/domain_bridge/hook/pythonpath.ps1'
[3.950s] INFO:colcon.colcon_core.shell:Creating environment descriptor '/root/TEAM_AIM/install/domain_bridge/share/domain_bridge/hook/pythonpath.dsv'
[3.950s] INFO:colcon.colcon_core.shell:Creating environment hook '/root/TEAM_AIM/install/domain_bridge/share/domain_bridge/hook/pythonpath.sh'
[3.951s] Level 1:colcon.colcon_core.environment:checking '/root/TEAM_AIM/install/domain_bridge/bin'
[3.954s] INFO:colcon.colcon_core.shell:Creating package script '/root/TEAM_AIM/install/domain_bridge/share/domain_bridge/package.ps1'
[3.955s] INFO:colcon.colcon_core.shell:Creating package descriptor '/root/TEAM_AIM/install/domain_bridge/share/domain_bridge/package.dsv'
[3.955s] INFO:colcon.colcon_core.shell:Creating package script '/root/TEAM_AIM/install/domain_bridge/share/domain_bridge/package.sh'
[3.956s] INFO:colcon.colcon_core.shell:Creating package script '/root/TEAM_AIM/install/domain_bridge/share/domain_bridge/package.bash'
[3.956s] INFO:colcon.colcon_core.shell:Creating package script '/root/TEAM_AIM/install/domain_bridge/share/domain_bridge/package.zsh'
[3.956s] Level 1:colcon.colcon_core.environment:create_file_with_runtime_dependencies(/root/TEAM_AIM/install/domain_bridge/share/colcon-core/packages/domain_bridge)
[9.855s] DEBUG:colcon.colcon_parallel_executor.executor.parallel:closing loop
[9.855s] DEBUG:colcon.colcon_parallel_executor.executor.parallel:loop closed
[9.855s] DEBUG:colcon.colcon_parallel_executor.executor.parallel:run_until_complete finished with '1'
[9.855s] DEBUG:colcon.colcon_core.event_reactor:joining thread
[9.860s] INFO:colcon.colcon_core.plugin_system:Skipping extension 'colcon_notification.desktop_notification.notify_send': Could not find 'notify-send'
[9.860s] INFO:colcon.colcon_core.plugin_system:Skipping extension 'colcon_notification.desktop_notification.terminal_notifier': Not used on non-Darwin systems
[9.860s] INFO:colcon.colcon_core.plugin_system:Skipping extension 'colcon_notification.desktop_notification.win32': Not used on non-Windows systems
[9.860s] INFO:colcon.colcon_notification.desktop_notification:Sending desktop notification using 'notify2'
[9.863s] DEBUG:colcon.colcon_notification.desktop_notification.notify2:Failed to initialize notify2: org.freedesktop.DBus.Error.Spawn.ExecFailed: /usr/bin/dbus-launch terminated abnormally without any error message
[9.863s] DEBUG:colcon.colcon_core.event_reactor:joined thread
[9.866s] INFO:colcon.colcon_core.shell:Creating prefix script '/root/TEAM_AIM/install/local_setup.ps1'
[9.867s] INFO:colcon.colcon_core.shell:Creating prefix util module '/root/TEAM_AIM/install/_local_setup_util_ps1.py'
[9.868s] INFO:colcon.colcon_core.shell:Creating prefix chain script '/root/TEAM_AIM/install/setup.ps1'
[9.869s] INFO:colcon.colcon_core.shell:Creating prefix script '/root/TEAM_AIM/install/local_setup.sh'
[9.870s] INFO:colcon.colcon_core.shell:Creating prefix util module '/root/TEAM_AIM/install/_local_setup_util_sh.py'
[9.870s] INFO:colcon.colcon_core.shell:Creating prefix chain script '/root/TEAM_AIM/install/setup.sh'
[9.872s] INFO:colcon.colcon_core.shell:Creating prefix script '/root/TEAM_AIM/install/local_setup.bash'
[9.872s] INFO:colcon.colcon_core.shell:Creating prefix chain script '/root/TEAM_AIM/install/setup.bash'
[9.873s] INFO:colcon.colcon_core.shell:Creating prefix script '/root/TEAM_AIM/install/local_setup.zsh'
[9.874s] INFO:colcon.colcon_core.shell:Creating prefix chain script '/root/TEAM_AIM/install/setup.zsh'
