[100%] Built target control_cav_mission_2
-- Install configuration: ""
-- Up-to-date: /root/TEAM_AIM/install/mission_2/lib/mission_2/control_cav_mission_2
-- Up-to-date: /root/TEAM_AIM/install/mission_2/share/mission_2/launch
-- Up-to-date: /root/TEAM_AIM/install/mission_2/share/mission_2/launch/mission_2.launch.py
-- Up-to-date: /root/TEAM_AIM/install/mission_2/share/ament_index/resource_index/package_run_dependencies/mission_2
-- Up-to-date: /root/TEAM_AIM/install/mission_2/share/ament_index/resource_index/parent_prefix_path/mission_2
-- Up-to-date: /root/TEAM_AIM/install/mission_2/share/mission_2/environment/ament_prefix_path.sh
-- Up-to-date: /root/TEAM_AIM/install/mission_2/share/mission_2/environment/ament_prefix_path.dsv
-- Up-to-date: /root/TEAM_AIM/install/mission_2/share/mission_2/environment/path.sh
-- Up-to-date: /root/TEAM_AIM/install/mission_2/share/mission_2/environment/path.dsv
-- Up-to-date: /root/TEAM_AIM/install/mission_2/share/mission_2/local_setup.bash
-- Up-to-date: /root/TEAM_AIM/install/mission_2/share/mission_2/local_setup.sh
-- Up-to-date: /root/TEAM_AIM/install/mission_2/share/mission_2/local_setup.zsh
-- Up-to-date: /root/TEAM_AIM/install/mission_2/share/mission_2/local_setup.dsv
-- Installing: /root/TEAM_AIM/install/mission_2/share/mission_2/package.dsv
-- Up-to-date: /root/TEAM_AIM/install/mission_2/share/ament_index/resource_index/packages/mission_2
-- Up-to-date: /root/TEAM_AIM/install/mission_2/share/mission_2/cmake/mission_2Config.cmake
-- Up-to-date: /root/TEAM_AIM/install/mission_2/share/mission_2/cmake/mission_2Config-version.cmake
-- Up-to-date: /root/TEAM_AIM/install/mission_2/share/mission_2/package.xml
