[0.088s] Invoking command in '/root/TEAM_AIM/build/scene_srv': CMAKE_PREFIX_PATH=/opt/ros/foxy /usr/bin/cmake /root/TEAM_AIM/Mobility_Challenge_Simulator/src/scene_srv -DCMAKE_INSTALL_PREFIX=/root/TEAM_AIM/install/scene_srv
[0.197s] -- The C compiler identification is GNU 9.4.0
[0.277s] -- The CXX compiler identification is GNU 9.4.0
[0.281s] -- Check for working C compiler: /usr/bin/cc
[0.394s] -- Check for working C compiler: /usr/bin/cc -- works
[0.395s] -- Detecting C compiler ABI info
[0.510s] -- Detecting C compiler ABI info - done
[0.524s] -- Detecting C compile features
[0.524s] -- Detecting C compile features - done
[0.530s] -- Check for working CXX compiler: /usr/bin/c++
[0.670s] -- Check for working CXX compiler: /usr/bin/c++ -- works
[0.671s] -- Detecting CXX compiler ABI info
[0.823s] -- Detecting CXX compiler ABI info - done
[0.841s] -- Detecting CXX compile features
[0.842s] -- Detecting CXX compile features - done
[0.846s] -- Found ament_cmake: 0.9.12 (/opt/ros/foxy/share/ament_cmake/cmake)
[0.891s] -- Found PythonInterp: /usr/bin/python3 (found suitable version "3.8.10", minimum required is "3") 
[0.891s] -- Using PYTHON_EXECUTABLE: /usr/bin/python3
[1.118s] -- Found rosidl_default_generators: 1.0.1 (/opt/ros/foxy/share/rosidl_default_generators/cmake)
[1.121s] -- Using all available rosidl_typesupport_c: rosidl_typesupport_fastrtps_c;rosidl_typesupport_introspection_c
[1.136s] -- Found rosidl_adapter: 1.3.1 (/opt/ros/foxy/share/rosidl_adapter/cmake)
[1.351s] -- Found OpenSSL: /usr/lib/x86_64-linux-gnu/libcrypto.so (found version "1.1.1f")  
[1.420s] -- Found FastRTPS: /opt/ros/foxy/include  
[1.601s] -- Using all available rosidl_typesupport_cpp: rosidl_typesupport_fastrtps_cpp;rosidl_typesupport_introspection_cpp
[1.702s] -- Found PythonInterp: /usr/bin/python3 (found version "3.8.10") 
[1.912s] -- Found ament_cmake_ros: 0.9.2 (/opt/ros/foxy/share/ament_cmake_ros/cmake)
[2.158s] -- Using all available rosidl_typesupport_c: rosidl_typesupport_fastrtps_c;rosidl_typesupport_introspection_c
[2.172s] -- Using all available rosidl_typesupport_cpp: rosidl_typesupport_fastrtps_cpp;rosidl_typesupport_introspection_cpp
[2.218s] -- Found PythonInterp: /usr/bin/python3 (found suitable version "3.8.10", minimum required is "3.5") 
[2.222s] -- Found python_cmake_module: 0.8.1 (/opt/ros/foxy/share/python_cmake_module/cmake)
[2.278s] -- Found PythonLibs: /usr/lib/x86_64-linux-gnu/libpython3.8.so (found suitable version "3.8.10", minimum required is "3.5") 
[2.278s] -- Using PYTHON_EXECUTABLE: /usr/bin/python3
[2.278s] -- Using PYTHON_INCLUDE_DIRS: /usr/include/python3.8
[2.278s] -- Using PYTHON_LIBRARIES: /usr/lib/x86_64-linux-gnu/libpython3.8.so
[2.314s] -- Found PythonExtra: .so  
[2.387s] -- Found ament_lint_auto: 0.9.8 (/opt/ros/foxy/share/ament_lint_auto/cmake)
[2.429s] -- Added test 'copyright' to check source files copyright and LICENSE
[2.431s] -- Added test 'lint_cmake' to check CMake code style
[2.433s] -- Added test 'xmllint' to check XML markup files
[2.445s] -- Configuring done
[2.507s] -- Generating done
[2.512s] -- Build files have been written to: /root/TEAM_AIM/build/scene_srv
[2.523s] Invoked command in '/root/TEAM_AIM/build/scene_srv' returned '0': CMAKE_PREFIX_PATH=/opt/ros/foxy /usr/bin/cmake /root/TEAM_AIM/Mobility_Challenge_Simulator/src/scene_srv -DCMAKE_INSTALL_PREFIX=/root/TEAM_AIM/install/scene_srv
[2.531s] Invoking command in '/root/TEAM_AIM/build/scene_srv': CMAKE_PREFIX_PATH=/opt/ros/foxy /usr/bin/cmake --build /root/TEAM_AIM/build/scene_srv -- -j16 -l16
[2.625s] [  2%] [34m[1mGenerating C code for ROS interfaces[0m
[2.625s] [35m[1mScanning dependencies of target scene_srv__cpp[0m
[2.653s] [  5%] [34m[1mGenerating C++ code for ROS interfaces[0m
[3.148s] [  5%] Built target scene_srv__cpp
[3.149s] [35m[1mScanning dependencies of target scene_srv__rosidl_generator_c[0m
[3.179s] [ 12%] [34m[1mGenerating C++ type support dispatch for ROS interfaces[0m
[3.179s] [ 12%] [34m[1mGenerating C++ type support for eProsima Fast-RTPS[0m
[3.180s] [ 12%] [34m[1mGenerating C++ introspection for ROS interfaces[0m
[3.183s] [ 15%] [32mBuilding C object CMakeFiles/scene_srv__rosidl_generator_c.dir/rosidl_generator_c/scene_srv/srv/detail/scene_signal__functions.c.o[0m
[3.184s] [ 17%] [32mBuilding C object CMakeFiles/scene_srv__rosidl_generator_c.dir/rosidl_generator_c/scene_srv/srv/detail/start_signal__functions.c.o[0m
[3.298s] [ 20%] [32m[1mLinking C shared library libscene_srv__rosidl_generator_c.so[0m
[3.375s] [ 20%] Built target scene_srv__rosidl_generator_c
[3.396s] [ 23%] [34m[1mGenerating C introspection for ROS interfaces[0m
[3.396s] [ 25%] [34m[1mGenerating C type support dispatch for ROS interfaces[0m
[3.554s] [35m[1mScanning dependencies of target scene_srv__rosidl_typesupport_cpp[0m
[3.584s] [ 30%] [32mBuilding CXX object CMakeFiles/scene_srv__rosidl_typesupport_cpp.dir/rosidl_typesupport_cpp/scene_srv/srv/scene_signal__type_support.cpp.o[0m
[3.584s] [ 30%] [32mBuilding CXX object CMakeFiles/scene_srv__rosidl_typesupport_cpp.dir/rosidl_typesupport_cpp/scene_srv/srv/start_signal__type_support.cpp.o[0m
[3.595s] [35m[1mScanning dependencies of target scene_srv__rosidl_typesupport_introspection_cpp[0m
[3.638s] [ 33%] [32mBuilding CXX object CMakeFiles/scene_srv__rosidl_typesupport_introspection_cpp.dir/rosidl_typesupport_introspection_cpp/scene_srv/srv/detail/scene_signal__type_support.cpp.o[0m
[3.639s] [ 35%] [32mBuilding CXX object CMakeFiles/scene_srv__rosidl_typesupport_introspection_cpp.dir/rosidl_typesupport_introspection_cpp/scene_srv/srv/detail/start_signal__type_support.cpp.o[0m
[3.647s] [35m[1mScanning dependencies of target scene_srv__rosidl_typesupport_fastrtps_cpp[0m
[3.696s] [ 38%] [32mBuilding CXX object CMakeFiles/scene_srv__rosidl_typesupport_fastrtps_cpp.dir/rosidl_typesupport_fastrtps_cpp/scene_srv/srv/detail/dds_fastrtps/scene_signal__type_support.cpp.o[0m
[3.702s] [ 41%] [32mBuilding CXX object CMakeFiles/scene_srv__rosidl_typesupport_fastrtps_cpp.dir/rosidl_typesupport_fastrtps_cpp/scene_srv/srv/detail/dds_fastrtps/start_signal__type_support.cpp.o[0m
[3.830s] [35m[1mScanning dependencies of target scene_srv__rosidl_typesupport_c[0m
[3.877s] [ 43%] [32mBuilding CXX object CMakeFiles/scene_srv__rosidl_typesupport_c.dir/rosidl_typesupport_c/scene_srv/srv/scene_signal__type_support.cpp.o[0m
[3.877s] [ 46%] [32mBuilding CXX object CMakeFiles/scene_srv__rosidl_typesupport_c.dir/rosidl_typesupport_c/scene_srv/srv/start_signal__type_support.cpp.o[0m
[3.924s] [35m[1mScanning dependencies of target scene_srv__rosidl_typesupport_introspection_c[0m
[3.961s] [ 48%] [32m[1mLinking CXX shared library libscene_srv__rosidl_typesupport_c.so[0m
[3.983s] [ 51%] [32mBuilding C object CMakeFiles/scene_srv__rosidl_typesupport_introspection_c.dir/rosidl_typesupport_introspection_c/scene_srv/srv/detail/scene_signal__type_support.c.o[0m
[3.984s] [ 53%] [32mBuilding C object CMakeFiles/scene_srv__rosidl_typesupport_introspection_c.dir/rosidl_typesupport_introspection_c/scene_srv/srv/detail/start_signal__type_support.c.o[0m
[4.069s] [ 53%] Built target scene_srv__rosidl_typesupport_c
[4.084s] [ 56%] [32m[1mLinking C shared library libscene_srv__rosidl_typesupport_introspection_c.so[0m
[4.149s] [ 58%] [32m[1mLinking CXX shared library libscene_srv__rosidl_typesupport_cpp.so[0m
[4.165s] [ 58%] Built target scene_srv__rosidl_typesupport_introspection_c
[4.225s] [ 58%] Built target scene_srv__rosidl_typesupport_cpp
[4.236s] [ 61%] [32m[1mLinking CXX shared library libscene_srv__rosidl_typesupport_introspection_cpp.so[0m
[4.355s] [ 61%] Built target scene_srv__rosidl_typesupport_introspection_cpp
[4.508s] [ 64%] [32m[1mLinking CXX shared library libscene_srv__rosidl_typesupport_fastrtps_cpp.so[0m
[4.695s] [ 64%] Built target scene_srv__rosidl_typesupport_fastrtps_cpp
[4.717s] [ 66%] [34m[1mGenerating C type support for eProsima Fast-RTPS[0m
[5.164s] [35m[1mScanning dependencies of target scene_srv__rosidl_typesupport_fastrtps_c[0m
[5.203s] [ 71%] [32mBuilding CXX object CMakeFiles/scene_srv__rosidl_typesupport_fastrtps_c.dir/rosidl_typesupport_fastrtps_c/scene_srv/srv/detail/start_signal__type_support_c.cpp.o[0m
[5.203s] [ 71%] [32mBuilding CXX object CMakeFiles/scene_srv__rosidl_typesupport_fastrtps_c.dir/rosidl_typesupport_fastrtps_c/scene_srv/srv/detail/scene_signal__type_support_c.cpp.o[0m
[5.748s] [ 74%] [32m[1mLinking CXX shared library libscene_srv__rosidl_typesupport_fastrtps_c.so[0m
[5.881s] [ 74%] Built target scene_srv__rosidl_typesupport_fastrtps_c
[5.900s] [35m[1mScanning dependencies of target scene_srv[0m
[5.921s] [ 74%] Built target scene_srv
[5.939s] [35m[1mScanning dependencies of target scene_srv__py[0m
[5.960s] [ 76%] [34m[1mGenerating Python code for ROS interfaces[0m
[6.974s] [ 76%] Built target scene_srv__py
[7.001s] [35m[1mScanning dependencies of target scene_srv__python[0m
[7.059s] [ 79%] [32mBuilding C object CMakeFiles/scene_srv__python.dir/rosidl_generator_py/scene_srv/srv/_scene_signal_s.c.o[0m
[7.060s] [ 82%] [32mBuilding C object CMakeFiles/scene_srv__python.dir/rosidl_generator_py/scene_srv/srv/_start_signal_s.c.o[0m
[7.270s] [ 84%] [32m[1mLinking C shared library rosidl_generator_py/scene_srv/libscene_srv__python.so[0m
[7.364s] [ 84%] Built target scene_srv__python
[7.388s] [35m[1mScanning dependencies of target scene_srv__rosidl_typesupport_introspection_c__pyext[0m
[7.389s] [35m[1mScanning dependencies of target scene_srv__rosidl_typesupport_fastrtps_c__pyext[0m
[7.390s] [35m[1mScanning dependencies of target scene_srv__rosidl_typesupport_c__pyext[0m
[7.427s] [ 89%] [32mBuilding C object CMakeFiles/scene_srv__rosidl_typesupport_introspection_c__pyext.dir/rosidl_generator_py/scene_srv/_scene_srv_s.ep.rosidl_typesupport_introspection_c.c.o[0m
[7.427s] [ 92%] [32mBuilding C object CMakeFiles/scene_srv__rosidl_typesupport_fastrtps_c__pyext.dir/rosidl_generator_py/scene_srv/_scene_srv_s.ep.rosidl_typesupport_fastrtps_c.c.o[0m
[7.428s] [ 92%] [32mBuilding C object CMakeFiles/scene_srv__rosidl_typesupport_c__pyext.dir/rosidl_generator_py/scene_srv/_scene_srv_s.ep.rosidl_typesupport_c.c.o[0m
[7.596s] [ 97%] [32m[1mLinking C shared library rosidl_generator_py/scene_srv/scene_srv_s__rosidl_typesupport_c.cpython-38-x86_64-linux-gnu.so[0m
[7.596s] [ 97%] [32m[1mLinking C shared library rosidl_generator_py/scene_srv/scene_srv_s__rosidl_typesupport_introspection_c.cpython-38-x86_64-linux-gnu.so[0m
[7.596s] [100%] [32m[1mLinking CXX shared library rosidl_generator_py/scene_srv/scene_srv_s__rosidl_typesupport_fastrtps_c.cpython-38-x86_64-linux-gnu.so[0m
[7.674s] [100%] Built target scene_srv__rosidl_typesupport_c__pyext
[7.675s] [100%] Built target scene_srv__rosidl_typesupport_introspection_c__pyext
[7.721s] [100%] Built target scene_srv__rosidl_typesupport_fastrtps_c__pyext
