[0.083s] Invoking command in '/root/TEAM_AIM/build/mission_3': CMAKE_PREFIX_PATH=/opt/ros/foxy /usr/bin/cmake /root/TEAM_AIM/src/mission_3 -DCMAKE_INSTALL_PREFIX=/root/TEAM_AIM/install/mission_3
[0.117s] -- Found ament_cmake: 0.9.12 (/opt/ros/foxy/share/ament_cmake/cmake)
[0.162s] -- Using PYTHON_EXECUTABLE: /usr/bin/python3
[0.439s] -- Found rclcpp: 2.4.3 (/opt/ros/foxy/share/rclcpp/cmake)
[0.501s] -- Using all available rosidl_typesupport_c: rosidl_typesupport_fastrtps_c;rosidl_typesupport_introspection_c
[0.507s] -- Found rosidl_adapter: 1.3.1 (/opt/ros/foxy/share/rosidl_adapter/cmake)
[0.788s] -- Using all available rosidl_typesupport_cpp: rosidl_typesupport_fastrtps_cpp;rosidl_typesupport_introspection_cpp
[0.857s] -- Found rmw_implementation_cmake: 1.0.4 (/opt/ros/foxy/share/rmw_implementation_cmake/cmake)
[0.859s] -- Using RMW implementation 'rmw_fastrtps_cpp' as default
[1.096s] -- Found geometry_msgs: 2.0.5 (/opt/ros/foxy/share/geometry_msgs/cmake)
[1.148s] -- Found visualization_msgs: 2.0.5 (/opt/ros/foxy/share/visualization_msgs/cmake)
[1.282s] -- Found tf2: 0.13.14 (/opt/ros/foxy/share/tf2/cmake)
[1.303s] -- Found ament_index_cpp: 1.1.0 (/opt/ros/foxy/share/ament_index_cpp/cmake)
[1.313s] -- Found ament_lint_auto: 0.9.8 (/opt/ros/foxy/share/ament_lint_auto/cmake)
[1.452s] -- Added test 'copyright' to check source files copyright and LICENSE
[1.453s] -- Added test 'cppcheck' to perform static code analysis on C / C++ code
[1.453s] -- Configured cppcheck include dirs: 
[1.454s] -- Configured cppcheck exclude dirs and/or files: 
[1.455s] -- Added test 'cpplint' to check C / C++ code against the Google style
[1.455s] -- Configured cpplint exclude dirs and/or files: 
[1.456s] -- Added test 'lint_cmake' to check CMake code style
[1.457s] -- Added test 'uncrustify' to check C / C++ code style
[1.457s] -- Configured uncrustify additional arguments: 
[1.458s] -- Added test 'xmllint' to check XML markup files
[1.464s] -- Configuring done
[1.466s] CMake Error at CMakeLists.txt:71 (add_executable):
[1.466s]   Cannot find source file:
[1.466s] 
[1.466s]     src/decision/roi_visualizer.cpp
[1.466s] 
[1.467s]   Tried extensions .c .C .c++ .cc .cpp .cxx .cu .m .M .mm .h .hh .h++ .hm
[1.467s]   .hpp .hxx .in .txx
[1.467s] 
[1.467s] 
[1.467s] CMake Error at CMakeLists.txt:46 (add_executable):
[1.468s]   Cannot find source file:
[1.468s] 
[1.468s]     src/control/control_tower_mission_3.cpp
[1.468s] 
[1.468s]   Tried extensions .c .C .c++ .cc .cpp .cxx .cu .m .M .mm .h .hh .h++ .hm
[1.468s]   .hpp .hxx .in .txx
[1.469s] 
[1.469s] 
[1.469s] CMake Error at CMakeLists.txt:31 (add_executable):
[1.469s]   Cannot find source file:
[1.469s] 
[1.469s]     src/control/control_cav_mission_3.cpp
[1.469s] 
[1.469s]   Tried extensions .c .C .c++ .cc .cpp .cxx .cu .m .M .mm .h .hh .h++ .hm
[1.470s]   .hpp .hxx .in .txx
[1.470s] 
[1.470s] 
[1.470s] CMake Error at CMakeLists.txt:71 (add_executable):
[1.470s]   No SOURCES given to target: roi_visualizer
[1.470s] 
[1.470s] 
[1.471s] CMake Error at CMakeLists.txt:46 (add_executable):
[1.471s]   No SOURCES given to target: control_tower_mission_3
[1.471s] 
[1.471s] 
[1.471s] CMake Error at CMakeLists.txt:31 (add_executable):
[1.471s]   No SOURCES given to target: control_cav_mission_3
[1.471s] 
[1.471s] 
[1.472s] CMake Generate step failed.  Build files cannot be regenerated correctly.
[1.507s] Invoked command in '/root/TEAM_AIM/build/mission_3' returned '1': CMAKE_PREFIX_PATH=/opt/ros/foxy /usr/bin/cmake /root/TEAM_AIM/src/mission_3 -DCMAKE_INSTALL_PREFIX=/root/TEAM_AIM/install/mission_3
