CMake Error at CMakeLists.txt:92 (add_executable):
  Cannot find source file:

    src/decision/roi_visualizer.cpp

  Tried extensions .c .C .c++ .cc .cpp .cxx .cu .m .M .mm .h .hh .h++ .hm
  .hpp .hxx .in .txx


CMake Error at CMakeLists.txt:68 (add_executable):
  Cannot find source file:

    src/control/control_cav_mission_2_ver4_refactored.cpp

  Tried extensions .c .C .c++ .cc .cpp .cxx .cu .m .M .mm .h .hh .h++ .hm
  .hpp .hxx .in .txx


CMake Error at CMakeLists.txt:54 (add_executable):
  Cannot find source file:

    src/control/control_cav_mission_2_ver2_refactored.cpp

  Tried extensions .c .C .c++ .cc .cpp .cxx .cu .m .M .mm .h .hh .h++ .hm
  .hpp .hxx .in .txx


CMake Error at CMakeLists.txt:40 (add_executable):
  Cannot find source file:

    src/control/control_cav_mission_2_ver2.cpp

  Tried extensions .c .C .c++ .cc .cpp .cxx .cu .m .M .mm .h .hh .h++ .hm
  .hpp .hxx .in .txx


CMake Error at CMakeLists.txt:92 (add_executable):
  No SOURCES given to target: roi_visualizer


CMake Error at CMakeLists.txt:68 (add_executable):
  No SOURCES given to target: control_cav_mission_2_ver4_refactored


CMake Error at CMakeLists.txt:54 (add_executable):
  No SOURCES given to target: control_cav_mission_2_ver2_refactored


CMake Error at CMakeLists.txt:40 (add_executable):
  No SOURCES given to target: control_cav_mission_2_ver2


CMake Generate step failed.  Build files cannot be regenerated correctly.
