[0.085s] Invoking command in '/root/TEAM_AIM/build/domain_bridge': CMAKE_PREFIX_PATH=/opt/ros/foxy /usr/bin/cmake /root/TEAM_AIM/Mobility_Challenge_Simulator/src/domain_bridge -DCMAKE_INSTALL_PREFIX=/root/TEAM_AIM/install/domain_bridge
[0.181s] -- The C compiler identification is GNU 9.4.0
[0.261s] -- The CXX compiler identification is GNU 9.4.0
[0.265s] -- Check for working C compiler: /usr/bin/cc
[0.377s] -- Check for working C compiler: /usr/bin/cc -- works
[0.378s] -- Detecting C compiler ABI info
[0.493s] -- Detecting C compiler ABI info - done
[0.507s] -- Detecting C compile features
[0.507s] -- Detecting C compile features - done
[0.510s] -- Check for working CXX compiler: /usr/bin/c++
[0.653s] -- Check for working CXX compiler: /usr/bin/c++ -- works
[0.654s] -- Detecting CXX compiler ABI info
[0.806s] -- Detecting CXX compiler ABI info - done
[0.824s] -- Detecting CXX compile features
[0.824s] -- Detecting CXX compile features - done
[0.829s] -- Found ament_cmake: 0.9.12 (/opt/ros/foxy/share/ament_cmake/cmake)
[0.874s] -- Found PythonInterp: /usr/bin/python3 (found suitable version "3.8.10", minimum required is "3") 
[0.874s] -- Using PYTHON_EXECUTABLE: /usr/bin/python3
[1.101s] -- Found rcl: 1.1.14 (/opt/ros/foxy/share/rcl/cmake)
[1.151s] -- Using all available rosidl_typesupport_c: rosidl_typesupport_fastrtps_c;rosidl_typesupport_introspection_c
[1.160s] -- Found rosidl_adapter: 1.3.1 (/opt/ros/foxy/share/rosidl_adapter/cmake)
[1.330s] -- Found OpenSSL: /usr/lib/x86_64-linux-gnu/libcrypto.so (found version "1.1.1f")  
[1.404s] -- Found FastRTPS: /opt/ros/foxy/include  
[1.582s] -- Using all available rosidl_typesupport_cpp: rosidl_typesupport_fastrtps_cpp;rosidl_typesupport_introspection_cpp
[1.698s] -- Found rmw_implementation_cmake: 1.0.4 (/opt/ros/foxy/share/rmw_implementation_cmake/cmake)
[1.700s] -- Using RMW implementation 'rmw_fastrtps_cpp' as default
[1.702s] -- Looking for pthread.h
[1.860s] -- Looking for pthread.h - found
[1.860s] -- Performing Test CMAKE_HAVE_LIBC_PTHREAD
[2.006s] -- Performing Test CMAKE_HAVE_LIBC_PTHREAD - Failed
[2.006s] -- Looking for pthread_create in pthreads
[2.152s] -- Looking for pthread_create in pthreads - not found
[2.152s] -- Looking for pthread_create in pthread
[2.321s] -- Looking for pthread_create in pthread - found
[2.323s] -- Found Threads: TRUE  
[2.366s] -- Found rclcpp: 2.4.3 (/opt/ros/foxy/share/rclcpp/cmake)
[2.601s] -- Found rosbag2_cpp: 0.3.11 (/opt/ros/foxy/share/rosbag2_cpp/cmake)
[2.691s] -- Setting yaml-cpp_DIR to: '/opt/ros/foxy/share/yaml_cpp_vendor/cmake/../../../opt/yaml_cpp_vendor/lib/cmake/yaml-cpp'
[2.700s] -- Found rosidl_default_generators: 1.0.1 (/opt/ros/foxy/share/rosidl_default_generators/cmake)
[2.722s] -- Found zstd_vendor: 0.3.11 (/opt/ros/foxy/share/zstd_vendor/cmake)
[2.724s] -- Found zstd: /opt/ros/foxy/lib/libzstd.so  
[2.764s] -- Found PythonInterp: /usr/bin/python3 (found version "3.8.10") 
[2.948s] -- Found ament_cmake_ros: 0.9.2 (/opt/ros/foxy/share/ament_cmake_ros/cmake)
[3.232s] -- Using all available rosidl_typesupport_c: rosidl_typesupport_fastrtps_c;rosidl_typesupport_introspection_c
[3.245s] -- Using all available rosidl_typesupport_cpp: rosidl_typesupport_fastrtps_cpp;rosidl_typesupport_introspection_cpp
[3.284s] -- Found PythonInterp: /usr/bin/python3 (found suitable version "3.8.10", minimum required is "3.5") 
[3.287s] -- Found python_cmake_module: 0.8.1 (/opt/ros/foxy/share/python_cmake_module/cmake)
[3.332s] -- Found PythonLibs: /usr/lib/x86_64-linux-gnu/libpython3.8.so (found suitable version "3.8.10", minimum required is "3.5") 
[3.333s] -- Using PYTHON_EXECUTABLE: /usr/bin/python3
[3.333s] -- Using PYTHON_INCLUDE_DIRS: /usr/include/python3.8
[3.333s] -- Using PYTHON_LIBRARIES: /usr/lib/x86_64-linux-gnu/libpython3.8.so
[3.372s] -- Found PythonExtra: .so  
[3.474s] -- Found ament_lint_auto: 0.9.8 (/opt/ros/foxy/share/ament_lint_auto/cmake)
[3.926s] -- Using PYTHON_EXECUTABLE: /usr/bin/python3
[3.927s] -- Using PYTHON_INCLUDE_DIRS: /usr/include/python3.8
[3.927s] -- Using PYTHON_LIBRARIES: /usr/lib/x86_64-linux-gnu/libpython3.8.so
[4.363s] CMake Error at test/CMakeLists.txt:5 (find_package):
[4.364s]   By not providing "Findtest_msgs.cmake" in CMAKE_MODULE_PATH this project
[4.364s]   has asked CMake to find a package configuration file provided by
[4.364s]   "test_msgs", but CMake did not find one.
[4.364s] 
[4.364s]   Could not find a package configuration file provided by "test_msgs" with
[4.364s]   any of the following names:
[4.365s] 
[4.365s]     test_msgsConfig.cmake
[4.365s]     test_msgs-config.cmake
[4.365s] 
[4.365s]   Add the installation prefix of "test_msgs" to CMAKE_PREFIX_PATH or set
[4.365s]   "test_msgs_DIR" to a directory containing one of the above files.  If
[4.365s]   "test_msgs" provides a separate development package or SDK, be sure it has
[4.365s]   been installed.
[4.365s] 
[4.366s] 
[4.371s] -- Configuring incomplete, errors occurred!
[4.371s] See also "/root/TEAM_AIM/build/domain_bridge/CMakeFiles/CMakeOutput.log".
[4.372s] See also "/root/TEAM_AIM/build/domain_bridge/CMakeFiles/CMakeError.log".
