[0.055s] Invoking command in '/root/TEAM_AIM/build/mission_3': CMAKE_PREFIX_PATH=${CMAKE_PREFIX_PATH}:/opt/ros/foxy /usr/bin/cmake /root/TEAM_AIM/src/mission_3 -DCMAKE_INSTALL_PREFIX=/root/TEAM_AIM/install/mission_3
[0.149s] -- The C compiler identification is GNU 9.4.0
[0.231s] -- The CXX compiler identification is GNU 9.4.0
[0.237s] -- Check for working C compiler: /usr/bin/cc
[0.351s] -- Check for working C compiler: /usr/bin/cc -- works
[0.356s] -- Detecting C compiler ABI info
[0.461s] -- Detecting C compiler ABI info - done
[0.473s] -- Detecting C compile features
[0.473s] -- Detecting C compile features - done
[0.476s] -- Check for working CXX compiler: /usr/bin/c++
[0.634s] -- Check for working CXX compiler: /usr/bin/c++ -- works
[0.637s] -- Detecting CXX compiler ABI info
[0.764s] -- Detecting CXX compiler ABI info - done
[0.774s] -- Detecting CXX compile features
[0.774s] -- Detecting CXX compile features - done
[0.779s] -- Found ament_cmake: 0.9.12 (/opt/ros/foxy/share/ament_cmake/cmake)
[0.820s] -- Found PythonInterp: /usr/bin/python3 (found suitable version "3.8.10", minimum required is "3") 
[0.821s] -- Using PYTHON_EXECUTABLE: /usr/bin/python3
[1.041s] -- Found rclcpp: 2.4.3 (/opt/ros/foxy/share/rclcpp/cmake)
[1.113s] -- Using all available rosidl_typesupport_c: rosidl_typesupport_fastrtps_c;rosidl_typesupport_introspection_c
[1.126s] -- Found rosidl_adapter: 1.3.1 (/opt/ros/foxy/share/rosidl_adapter/cmake)
[1.285s] -- Found OpenSSL: /usr/lib/x86_64-linux-gnu/libcrypto.so (found version "1.1.1f")  
[1.329s] -- Found FastRTPS: /opt/ros/foxy/include  
[1.444s] -- Using all available rosidl_typesupport_cpp: rosidl_typesupport_fastrtps_cpp;rosidl_typesupport_introspection_cpp
[1.517s] -- Found rmw_implementation_cmake: 1.0.4 (/opt/ros/foxy/share/rmw_implementation_cmake/cmake)
[1.519s] -- Using RMW implementation 'rmw_fastrtps_cpp' as default
[1.520s] -- Looking for pthread.h
[1.620s] -- Looking for pthread.h - found
[1.620s] -- Performing Test CMAKE_HAVE_LIBC_PTHREAD
[1.726s] -- Performing Test CMAKE_HAVE_LIBC_PTHREAD - Failed
[1.726s] -- Looking for pthread_create in pthreads
[1.814s] -- Looking for pthread_create in pthreads - not found
[1.814s] -- Looking for pthread_create in pthread
[1.910s] -- Looking for pthread_create in pthread - found
[1.911s] -- Found Threads: TRUE  
[2.097s] -- Found geometry_msgs: 2.0.5 (/opt/ros/foxy/share/geometry_msgs/cmake)
[2.135s] -- Found visualization_msgs: 2.0.5 (/opt/ros/foxy/share/visualization_msgs/cmake)
[2.221s] -- Found tf2: 0.13.14 (/opt/ros/foxy/share/tf2/cmake)
[2.239s] -- Found ament_index_cpp: 1.1.0 (/opt/ros/foxy/share/ament_index_cpp/cmake)
[2.248s] -- Found ament_lint_auto: 0.9.8 (/opt/ros/foxy/share/ament_lint_auto/cmake)
[2.352s] -- Added test 'copyright' to check source files copyright and LICENSE
[2.353s] -- Added test 'cppcheck' to perform static code analysis on C / C++ code
[2.353s] -- Configured cppcheck include dirs: 
[2.353s] -- Configured cppcheck exclude dirs and/or files: 
[2.353s] -- Added test 'cpplint' to check C / C++ code against the Google style
[2.354s] -- Configured cpplint exclude dirs and/or files: 
[2.355s] -- Added test 'flake8' to check Python code syntax and style conventions
[2.355s] -- Added test 'lint_cmake' to check CMake code style
[2.356s] -- Added test 'pep257' to check Python code against some of the style conventions in PEP 257
[2.357s] -- Added test 'uncrustify' to check C / C++ code style
[2.357s] -- Configured uncrustify additional arguments: 
[2.358s] -- Added test 'xmllint' to check XML markup files
[2.364s] -- Configuring done
[2.382s] -- Generating done
[2.382s] -- Build files have been written to: /root/TEAM_AIM/build/mission_3
[2.403s] Invoked command in '/root/TEAM_AIM/build/mission_3' returned '0': CMAKE_PREFIX_PATH=${CMAKE_PREFIX_PATH}:/opt/ros/foxy /usr/bin/cmake /root/TEAM_AIM/src/mission_3 -DCMAKE_INSTALL_PREFIX=/root/TEAM_AIM/install/mission_3
[2.404s] Invoking command in '/root/TEAM_AIM/build/mission_3': CMAKE_PREFIX_PATH=${CMAKE_PREFIX_PATH}:/opt/ros/foxy /usr/bin/cmake --build /root/TEAM_AIM/build/mission_3 -- -j16 -l16
[2.473s] [35m[1mScanning dependencies of target control_tower_mission_3[0m
[2.475s] [35m[1mScanning dependencies of target control_cav_mission_3[0m
[2.561s] [ 25%] [32mBuilding CXX object CMakeFiles/control_tower_mission_3.dir/src/control_tower_mission_3.cpp.o[0m
[2.563s] [ 50%] [32mBuilding CXX object CMakeFiles/control_cav_mission_3.dir/src/control_cav_mission_3.cpp.o[0m
[4.356s] [01m[K/root/TEAM_AIM/src/mission_3/src/control_cav_mission_3.cpp:[m[K In function ‘[01m[Kbool isCorner(const std::vector<integrate_path_struct>&, double, int)[m[K’:
[4.356s] [01m[K/root/TEAM_AIM/src/mission_3/src/control_cav_mission_3.cpp:281:12:[m[K [01;35m[Kwarning: [m[Kunused variable ‘[01m[Kdiff_deg[m[K’ [[01;35m[K-Wunused-variable[m[K]
[4.356s]   281 |     double [01;35m[Kdiff_deg[m[K = diff * (180.0 / M_PI);
[4.356s]       |            [01;35m[K^~~~~~~~[m[K
[4.356s] [01m[K/root/TEAM_AIM/src/mission_3/src/control_cav_mission_3.cpp:246:82:[m[K [01;35m[Kwarning: [m[Kunused parameter ‘[01m[KL_d[m[K’ [[01;35m[K-Wunused-parameter[m[K]
[4.356s]   246 | bool isCorner(const vector<integrate_path_struct>& integrate_path_vector, [01;35m[Kdouble L_d[m[K, int closest_idx) {
[4.356s]       |                                                                           [01;35m[K~~~~~~~^~~[m[K
[4.358s] [01m[K/root/TEAM_AIM/src/mission_3/src/control_cav_mission_3.cpp:[m[K In function ‘[01m[Kbool CheckAllFinished(const std::vector<CavState>&)[m[K’:
[4.358s] [01m[K/root/TEAM_AIM/src/mission_3/src/control_cav_mission_3.cpp:307:23:[m[K [01;35m[Kwarning: [m[Kcomparison of integer expressions of different signedness: ‘[01m[Kint[m[K’ and ‘[01m[Kstd::vector<CavState>::size_type[m[K’ {aka ‘[01m[Klong unsigned int[m[K’} [[01;35m[K-Wsign-compare[m[K]
[4.358s]   307 |     for (int i = 0; [01;35m[Ki < cav_list.size()[m[K; ++i) {
[4.358s]       |                     [01;35m[K~~^~~~~~~~~~~~~~~~~[m[K
[4.358s] [01m[K/root/TEAM_AIM/src/mission_3/src/control_cav_mission_3.cpp:313:24:[m[K [01;35m[Kwarning: [m[Kcomparison of integer expressions of different signedness: ‘[01m[Kint[m[K’ and ‘[01m[Kstd::vector<CavState>::size_type[m[K’ {aka ‘[01m[Klong unsigned int[m[K’} [[01;35m[K-Wsign-compare[m[K]
[4.358s]   313 |     if ([01;35m[Kfinished_count == cav_list.size() - 1[m[K) {
[4.358s]       |         [01;35m[K~~~~~~~~~~~~~~~^~~~~~~~~~~~~~~~~~~~~~[m[K
[4.359s] [01m[K/root/TEAM_AIM/src/mission_3/src/control_cav_mission_3.cpp:306:14:[m[K [01;35m[Kwarning: [m[Kvariable ‘[01m[Kcurrent_cav[m[K’ set but not used [[01;35m[K-Wunused-but-set-variable[m[K]
[4.359s]   306 |     CavState [01;35m[Kcurrent_cav[m[K = cav_list[0]; // 임시 변수 선언
[4.359s]       |              [01;35m[K^~~~~~~~~~~[m[K
[8.552s] [ 75%] [32m[1mLinking CXX executable control_tower_mission_3[0m
[8.665s] [100%] [32m[1mLinking CXX executable control_cav_mission_3[0m
[8.806s] [100%] Built target control_tower_mission_3
[8.897s] [100%] Built target control_cav_mission_3
