[35m[1mScanning dependencies of target control_cav_mission_1_1[0m
[ 50%] [32mBuilding CXX object CMakeFiles/control_cav_mission_1_1.dir/src/control_cav_mission_1_1.cpp.o[0m
[100%] [32m[1mLinking CXX executable control_cav_mission_1_1[0m
[100%] Built target control_cav_mission_1_1
-- Install configuration: ""
-- Installing: /root/TEAM_AIM/install/mission_1_1/lib/mission_1_1/control_cav_mission_1_1
-- Set runtime path of "/root/TEAM_AIM/install/mission_1_1/lib/mission_1_1/control_cav_mission_1_1" to ""
-- Up-to-date: /root/TEAM_AIM/install/mission_1_1/share/ament_index/resource_index/package_run_dependencies/mission_1_1
-- Up-to-date: /root/TEAM_AIM/install/mission_1_1/share/ament_index/resource_index/parent_prefix_path/mission_1_1
-- Up-to-date: /root/TEAM_AIM/install/mission_1_1/share/mission_1_1/environment/ament_prefix_path.sh
-- Up-to-date: /root/TEAM_AIM/install/mission_1_1/share/mission_1_1/environment/ament_prefix_path.dsv
-- Up-to-date: /root/TEAM_AIM/install/mission_1_1/share/mission_1_1/environment/path.sh
-- Up-to-date: /root/TEAM_AIM/install/mission_1_1/share/mission_1_1/environment/path.dsv
-- Up-to-date: /root/TEAM_AIM/install/mission_1_1/share/mission_1_1/local_setup.bash
-- Up-to-date: /root/TEAM_AIM/install/mission_1_1/share/mission_1_1/local_setup.sh
-- Up-to-date: /root/TEAM_AIM/install/mission_1_1/share/mission_1_1/local_setup.zsh
-- Up-to-date: /root/TEAM_AIM/install/mission_1_1/share/mission_1_1/local_setup.dsv
-- Installing: /root/TEAM_AIM/install/mission_1_1/share/mission_1_1/package.dsv
-- Up-to-date: /root/TEAM_AIM/install/mission_1_1/share/ament_index/resource_index/packages/mission_1_1
-- Up-to-date: /root/TEAM_AIM/install/mission_1_1/share/mission_1_1/cmake/mission_1_1Config.cmake
-- Up-to-date: /root/TEAM_AIM/install/mission_1_1/share/mission_1_1/cmake/mission_1_1Config-version.cmake
-- Up-to-date: /root/TEAM_AIM/install/mission_1_1/share/mission_1_1/package.xml
