[35m[1mScanning dependencies of target control_cav_mission_2[0m
[ 50%] [32mBuilding CXX object CMakeFiles/control_cav_mission_2.dir/src/control_cav_mission_2.cpp.o[0m
[100%] [32m[1mLinking CXX executable control_cav_mission_2[0m
[100%] Built target control_cav_mission_2
-- Install configuration: ""
-- Installing: /root/TEAM_AIM/install/mission_2/lib/mission_2/control_cav_mission_2
-- Set runtime path of "/root/TEAM_AIM/install/mission_2/lib/mission_2/control_cav_mission_2" to ""
-- Installing: /root/TEAM_AIM/install/mission_2/share/ament_index/resource_index/package_run_dependencies/mission_2
-- Installing: /root/TEAM_AIM/install/mission_2/share/ament_index/resource_index/parent_prefix_path/mission_2
-- Installing: /root/TEAM_AIM/install/mission_2/share/mission_2/environment/ament_prefix_path.sh
-- Installing: /root/TEAM_AIM/install/mission_2/share/mission_2/environment/ament_prefix_path.dsv
-- Installing: /root/TEAM_AIM/install/mission_2/share/mission_2/environment/path.sh
-- Installing: /root/TEAM_AIM/install/mission_2/share/mission_2/environment/path.dsv
-- Installing: /root/TEAM_AIM/install/mission_2/share/mission_2/local_setup.bash
-- Installing: /root/TEAM_AIM/install/mission_2/share/mission_2/local_setup.sh
-- Installing: /root/TEAM_AIM/install/mission_2/share/mission_2/local_setup.zsh
-- Installing: /root/TEAM_AIM/install/mission_2/share/mission_2/local_setup.dsv
-- Installing: /root/TEAM_AIM/install/mission_2/share/mission_2/package.dsv
-- Installing: /root/TEAM_AIM/install/mission_2/share/ament_index/resource_index/packages/mission_2
-- Installing: /root/TEAM_AIM/install/mission_2/share/mission_2/cmake/mission_2Config.cmake
-- Installing: /root/TEAM_AIM/install/mission_2/share/mission_2/cmake/mission_2Config-version.cmake
-- Installing: /root/TEAM_AIM/install/mission_2/share/mission_2/package.xml
