[0.037s] Invoking command in '/root/TEAM_AIM/build/mission_3': CMAKE_PREFIX_PATH=/opt/ros/foxy /usr/bin/cmake /root/TEAM_AIM/src/mission_3 -DCMAKE_INSTALL_PREFIX=/root/TEAM_AIM/install/mission_3
[0.052s] -- Found ament_cmake: 0.9.12 (/opt/ros/foxy/share/ament_cmake/cmake)
[0.066s] -- Using PYTHON_EXECUTABLE: /usr/bin/python3
[0.171s] -- Found rclcpp: 2.4.3 (/opt/ros/foxy/share/rclcpp/cmake)
[0.191s] -- Using all available rosidl_typesupport_c: rosidl_typesupport_fastrtps_c;rosidl_typesupport_introspection_c
[0.197s] -- Found rosidl_adapter: 1.3.1 (/opt/ros/foxy/share/rosidl_adapter/cmake)
[0.297s] -- Using all available rosidl_typesupport_cpp: rosidl_typesupport_fastrtps_cpp;rosidl_typesupport_introspection_cpp
[0.331s] -- Found rmw_implementation_cmake: 1.0.4 (/opt/ros/foxy/share/rmw_implementation_cmake/cmake)
[0.332s] -- Using RMW implementation 'rmw_fastrtps_cpp' as default
[0.420s] -- Found geometry_msgs: 2.0.5 (/opt/ros/foxy/share/geometry_msgs/cmake)
[0.440s] -- Found visualization_msgs: 2.0.5 (/opt/ros/foxy/share/visualization_msgs/cmake)
[0.485s] -- Found tf2: 0.13.14 (/opt/ros/foxy/share/tf2/cmake)
[0.491s] -- Found ament_index_cpp: 1.1.0 (/opt/ros/foxy/share/ament_index_cpp/cmake)
[0.494s] -- Found ament_lint_auto: 0.9.8 (/opt/ros/foxy/share/ament_lint_auto/cmake)
[0.548s] -- Added test 'copyright' to check source files copyright and LICENSE
[0.548s] -- Added test 'cppcheck' to perform static code analysis on C / C++ code
[0.548s] -- Configured cppcheck include dirs: 
[0.548s] -- Configured cppcheck exclude dirs and/or files: 
[0.549s] -- Added test 'cpplint' to check C / C++ code against the Google style
[0.549s] -- Configured cpplint exclude dirs and/or files: 
[0.549s] -- Added test 'lint_cmake' to check CMake code style
[0.550s] -- Added test 'uncrustify' to check C / C++ code style
[0.550s] -- Configured uncrustify additional arguments: 
[0.550s] -- Added test 'xmllint' to check XML markup files
[0.553s] -- Configuring done
[0.563s] -- Generating done
[0.564s] -- Build files have been written to: /root/TEAM_AIM/build/mission_3
[0.572s] Invoked command in '/root/TEAM_AIM/build/mission_3' returned '0': CMAKE_PREFIX_PATH=/opt/ros/foxy /usr/bin/cmake /root/TEAM_AIM/src/mission_3 -DCMAKE_INSTALL_PREFIX=/root/TEAM_AIM/install/mission_3
[0.575s] Invoking command in '/root/TEAM_AIM/build/mission_3': CMAKE_PREFIX_PATH=/opt/ros/foxy /usr/bin/cmake --build /root/TEAM_AIM/build/mission_3 -- -j16 -l16
[0.614s] [35m[1mScanning dependencies of target control_tower_mission_3[0m
[0.614s] [35m[1mScanning dependencies of target control_cav_mission_3[0m
[0.691s] [ 50%] [32mBuilding CXX object CMakeFiles/control_cav_mission_3.dir/src/control_cav_mission_3.cpp.o[0m
[0.692s] [ 50%] [32mBuilding CXX object CMakeFiles/control_tower_mission_3.dir/src/control_tower_mission_3.cpp.o[0m
[1.747s] [01m[K/root/TEAM_AIM/src/mission_3/src/control_cav_mission_3.cpp:[m[K In function ‘[01m[Kbool isCorner(const std::vector<integrate_path_struct>&, double, int)[m[K’:
[1.747s] [01m[K/root/TEAM_AIM/src/mission_3/src/control_cav_mission_3.cpp:281:12:[m[K [01;35m[Kwarning: [m[Kunused variable ‘[01m[Kdiff_deg[m[K’ [[01;35m[K-Wunused-variable[m[K]
[1.747s]   281 |     double [01;35m[Kdiff_deg[m[K = diff * (180.0 / M_PI);
[1.747s]       |            [01;35m[K^~~~~~~~[m[K
[1.747s] [01m[K/root/TEAM_AIM/src/mission_3/src/control_cav_mission_3.cpp:246:82:[m[K [01;35m[Kwarning: [m[Kunused parameter ‘[01m[KL_d[m[K’ [[01;35m[K-Wunused-parameter[m[K]
[1.747s]   246 | bool isCorner(const vector<integrate_path_struct>& integrate_path_vector, [01;35m[Kdouble L_d[m[K, int closest_idx) {
[1.747s]       |                                                                           [01;35m[K~~~~~~~^~~[m[K
[1.749s] [01m[K/root/TEAM_AIM/src/mission_3/src/control_cav_mission_3.cpp:[m[K In function ‘[01m[Kbool CheckAllFinished(const std::vector<CavState>&)[m[K’:
[1.749s] [01m[K/root/TEAM_AIM/src/mission_3/src/control_cav_mission_3.cpp:307:23:[m[K [01;35m[Kwarning: [m[Kcomparison of integer expressions of different signedness: ‘[01m[Kint[m[K’ and ‘[01m[Kstd::vector<CavState>::size_type[m[K’ {aka ‘[01m[Klong unsigned int[m[K’} [[01;35m[K-Wsign-compare[m[K]
[1.749s]   307 |     for (int i = 0; [01;35m[Ki < cav_list.size()[m[K; ++i) {
[1.749s]       |                     [01;35m[K~~^~~~~~~~~~~~~~~~~[m[K
[1.749s] [01m[K/root/TEAM_AIM/src/mission_3/src/control_cav_mission_3.cpp:313:24:[m[K [01;35m[Kwarning: [m[Kcomparison of integer expressions of different signedness: ‘[01m[Kint[m[K’ and ‘[01m[Kstd::vector<CavState>::size_type[m[K’ {aka ‘[01m[Klong unsigned int[m[K’} [[01;35m[K-Wsign-compare[m[K]
[1.749s]   313 |     if ([01;35m[Kfinished_count == cav_list.size() - 1[m[K) {
[1.749s]       |         [01;35m[K~~~~~~~~~~~~~~~^~~~~~~~~~~~~~~~~~~~~~[m[K
[1.749s] [01m[K/root/TEAM_AIM/src/mission_3/src/control_cav_mission_3.cpp:306:14:[m[K [01;35m[Kwarning: [m[Kvariable ‘[01m[Kcurrent_cav[m[K’ set but not used [[01;35m[K-Wunused-but-set-variable[m[K]
[1.749s]   306 |     CavState [01;35m[Kcurrent_cav[m[K = cav_list[0]; // 임시 변수 선언
[1.749s]       |              [01;35m[K^~~~~~~~~~~[m[K
[5.451s] [ 75%] [32m[1mLinking CXX executable control_tower_mission_3[0m
[5.497s] [100%] [32m[1mLinking CXX executable control_cav_mission_3[0m
[5.655s] [100%] Built target control_tower_mission_3
[5.706s] [100%] Built target control_cav_mission_3
