-- Found ament_cmake: 0.9.12 (/opt/ros/foxy/share/ament_cmake/cmake)
-- Using PYTHON_EXECUTABLE: /usr/bin/python3
-- Found rclcpp: 2.4.3 (/opt/ros/foxy/share/rclcpp/cmake)
-- Using all available rosidl_typesupport_c: rosidl_typesupport_fastrtps_c;rosidl_typesupport_introspection_c
-- Found rosidl_adapter: 1.3.1 (/opt/ros/foxy/share/rosidl_adapter/cmake)
-- Using all available rosidl_typesupport_cpp: rosidl_typesupport_fastrtps_cpp;rosidl_typesupport_introspection_cpp
-- Found rmw_implementation_cmake: 1.0.4 (/opt/ros/foxy/share/rmw_implementation_cmake/cmake)
-- Using RMW implementation 'rmw_fastrtps_cpp' as default
-- Found geometry_msgs: 2.0.5 (/opt/ros/foxy/share/geometry_msgs/cmake)
-- Found ament_index_cpp: 1.1.0 (/opt/ros/foxy/share/ament_index_cpp/cmake)
-- Found rosidl_default_generators: 1.0.1 (/opt/ros/foxy/share/rosidl_default_generators/cmake)
-- Found scene_srv: 0.0.0 (/root/TEAM_AIM/install/scene_srv/share/scene_srv/cmake)
-- Configuring done
-- Generating done
-- Build files have been written to: /root/TEAM_AIM/build/hv_handler
[100%] Built target hv_handler_node
-- Install configuration: ""
-- Up-to-date: /root/TEAM_AIM/install/hv_handler/lib/hv_handler/hv_handler_node
-- Up-to-date: /root/TEAM_AIM/install/hv_handler/share/hv_handler/config
-- Up-to-date: /root/TEAM_AIM/install/hv_handler/share/hv_handler/config/hv_params.yaml
-- Up-to-date: /root/TEAM_AIM/install/hv_handler/share/hv_handler/config/belt_lane_three.json
-- Up-to-date: /root/TEAM_AIM/install/hv_handler/share/hv_handler/config/belt_lane_two.json
-- Up-to-date: /root/TEAM_AIM/install/hv_handler/share/hv_handler/config/roundabout_lane_two.json
-- Up-to-date: /root/TEAM_AIM/install/hv_handler/share/hv_handler/config/belt_lane_one.json
-- Up-to-date: /root/TEAM_AIM/install/hv_handler/share/ament_index/resource_index/package_run_dependencies/hv_handler
-- Up-to-date: /root/TEAM_AIM/install/hv_handler/share/ament_index/resource_index/parent_prefix_path/hv_handler
-- Up-to-date: /root/TEAM_AIM/install/hv_handler/share/hv_handler/environment/ament_prefix_path.sh
-- Installing: /root/TEAM_AIM/install/hv_handler/share/hv_handler/environment/ament_prefix_path.dsv
-- Up-to-date: /root/TEAM_AIM/install/hv_handler/share/hv_handler/environment/path.sh
-- Installing: /root/TEAM_AIM/install/hv_handler/share/hv_handler/environment/path.dsv
-- Up-to-date: /root/TEAM_AIM/install/hv_handler/share/hv_handler/local_setup.bash
-- Up-to-date: /root/TEAM_AIM/install/hv_handler/share/hv_handler/local_setup.sh
-- Up-to-date: /root/TEAM_AIM/install/hv_handler/share/hv_handler/local_setup.zsh
-- Installing: /root/TEAM_AIM/install/hv_handler/share/hv_handler/local_setup.dsv
-- Installing: /root/TEAM_AIM/install/hv_handler/share/hv_handler/package.dsv
-- Up-to-date: /root/TEAM_AIM/install/hv_handler/share/ament_index/resource_index/packages/hv_handler
-- Up-to-date: /root/TEAM_AIM/install/hv_handler/share/hv_handler/cmake/hv_handlerConfig.cmake
-- Up-to-date: /root/TEAM_AIM/install/hv_handler/share/hv_handler/cmake/hv_handlerConfig-version.cmake
-- Up-to-date: /root/TEAM_AIM/install/hv_handler/share/hv_handler/package.xml
