[0.054s] Invoking command in '/root/TEAM_AIM/build/hv_handler': AMENT_PREFIX_PATH=/root/TEAM_AIM/install/scene_srv:${AMENT_PREFIX_PATH} CMAKE_PREFIX_PATH=/root/TEAM_AIM/install/scene_srv:/opt/ros/foxy LD_LIBRARY_PATH=/root/TEAM_AIM/install/scene_srv/lib:${LD_LIBRARY_PATH} PYTHONPATH=/root/TEAM_AIM/install/scene_srv/lib/python3.8/site-packages:${PYTHONPATH} /usr/bin/cmake /root/TEAM_AIM/Mobility_Challenge_Simulator/src/hv_handler -DBUILD_TESTING=OFF -DCMAKE_INSTALL_PREFIX=/root/TEAM_AIM/install/hv_handler
[0.076s] -- Found ament_cmake: 0.9.12 (/opt/ros/foxy/share/ament_cmake/cmake)
[0.121s] -- Using PYTHON_EXECUTABLE: /usr/bin/python3
[0.432s] -- Found rclcpp: 2.4.3 (/opt/ros/foxy/share/rclcpp/cmake)
[0.507s] -- Using all available rosidl_typesupport_c: rosidl_typesupport_fastrtps_c;rosidl_typesupport_introspection_c
[0.515s] -- Found rosidl_adapter: 1.3.1 (/opt/ros/foxy/share/rosidl_adapter/cmake)
[0.817s] -- Using all available rosidl_typesupport_cpp: rosidl_typesupport_fastrtps_cpp;rosidl_typesupport_introspection_cpp
[0.907s] -- Found rmw_implementation_cmake: 1.0.4 (/opt/ros/foxy/share/rmw_implementation_cmake/cmake)
[0.909s] -- Using RMW implementation 'rmw_fastrtps_cpp' as default
[1.154s] -- Found geometry_msgs: 2.0.5 (/opt/ros/foxy/share/geometry_msgs/cmake)
[1.207s] -- Found ament_index_cpp: 1.1.0 (/opt/ros/foxy/share/ament_index_cpp/cmake)
[1.212s] -- Found rosidl_default_generators: 1.0.1 (/opt/ros/foxy/share/rosidl_default_generators/cmake)
[1.225s] -- Found scene_srv: 0.0.0 (/root/TEAM_AIM/install/scene_srv/share/scene_srv/cmake)
[1.358s] -- Configuring done
[1.377s] -- Generating done
[1.381s] -- Build files have been written to: /root/TEAM_AIM/build/hv_handler
[1.391s] Invoked command in '/root/TEAM_AIM/build/hv_handler' returned '0': AMENT_PREFIX_PATH=/root/TEAM_AIM/install/scene_srv:${AMENT_PREFIX_PATH} CMAKE_PREFIX_PATH=/root/TEAM_AIM/install/scene_srv:/opt/ros/foxy LD_LIBRARY_PATH=/root/TEAM_AIM/install/scene_srv/lib:${LD_LIBRARY_PATH} PYTHONPATH=/root/TEAM_AIM/install/scene_srv/lib/python3.8/site-packages:${PYTHONPATH} /usr/bin/cmake /root/TEAM_AIM/Mobility_Challenge_Simulator/src/hv_handler -DBUILD_TESTING=OFF -DCMAKE_INSTALL_PREFIX=/root/TEAM_AIM/install/hv_handler
[1.395s] Invoking command in '/root/TEAM_AIM/build/hv_handler': AMENT_PREFIX_PATH=/root/TEAM_AIM/install/scene_srv:${AMENT_PREFIX_PATH} CMAKE_PREFIX_PATH=/root/TEAM_AIM/install/scene_srv:/opt/ros/foxy LD_LIBRARY_PATH=/root/TEAM_AIM/install/scene_srv/lib:${LD_LIBRARY_PATH} PYTHONPATH=/root/TEAM_AIM/install/scene_srv/lib/python3.8/site-packages:${PYTHONPATH} /usr/bin/cmake --build /root/TEAM_AIM/build/hv_handler -- -j16 -l16
[1.531s] [100%] Built target hv_handler_node
[1.569s] Invoked command in '/root/TEAM_AIM/build/hv_handler' returned '0': AMENT_PREFIX_PATH=/root/TEAM_AIM/install/scene_srv:${AMENT_PREFIX_PATH} CMAKE_PREFIX_PATH=/root/TEAM_AIM/install/scene_srv:/opt/ros/foxy LD_LIBRARY_PATH=/root/TEAM_AIM/install/scene_srv/lib:${LD_LIBRARY_PATH} PYTHONPATH=/root/TEAM_AIM/install/scene_srv/lib/python3.8/site-packages:${PYTHONPATH} /usr/bin/cmake --build /root/TEAM_AIM/build/hv_handler -- -j16 -l16
[1.627s] Invoking command in '/root/TEAM_AIM/build/hv_handler': AMENT_PREFIX_PATH=/root/TEAM_AIM/install/scene_srv:${AMENT_PREFIX_PATH} CMAKE_PREFIX_PATH=/root/TEAM_AIM/install/scene_srv:/opt/ros/foxy LD_LIBRARY_PATH=/root/TEAM_AIM/install/scene_srv/lib:${LD_LIBRARY_PATH} PYTHONPATH=/root/TEAM_AIM/install/scene_srv/lib/python3.8/site-packages:${PYTHONPATH} /usr/bin/cmake --install /root/TEAM_AIM/build/hv_handler
[1.642s] -- Install configuration: ""
[1.642s] -- Up-to-date: /root/TEAM_AIM/install/hv_handler/lib/hv_handler/hv_handler_node
[1.642s] -- Up-to-date: /root/TEAM_AIM/install/hv_handler/share/hv_handler/config
[1.642s] -- Up-to-date: /root/TEAM_AIM/install/hv_handler/share/hv_handler/config/hv_params.yaml
[1.643s] -- Up-to-date: /root/TEAM_AIM/install/hv_handler/share/hv_handler/config/belt_lane_three.json
[1.643s] -- Up-to-date: /root/TEAM_AIM/install/hv_handler/share/hv_handler/config/belt_lane_two.json
[1.647s] -- Up-to-date: /root/TEAM_AIM/install/hv_handler/share/hv_handler/config/roundabout_lane_two.json
[1.647s] -- Up-to-date: /root/TEAM_AIM/install/hv_handler/share/hv_handler/config/belt_lane_one.json
[1.647s] -- Up-to-date: /root/TEAM_AIM/install/hv_handler/share/ament_index/resource_index/package_run_dependencies/hv_handler
[1.648s] -- Up-to-date: /root/TEAM_AIM/install/hv_handler/share/ament_index/resource_index/parent_prefix_path/hv_handler
[1.648s] -- Up-to-date: /root/TEAM_AIM/install/hv_handler/share/hv_handler/environment/ament_prefix_path.sh
[1.648s] -- Installing: /root/TEAM_AIM/install/hv_handler/share/hv_handler/environment/ament_prefix_path.dsv
[1.648s] -- Up-to-date: /root/TEAM_AIM/install/hv_handler/share/hv_handler/environment/path.sh
[1.648s] -- Installing: /root/TEAM_AIM/install/hv_handler/share/hv_handler/environment/path.dsv
[1.655s] -- Up-to-date: /root/TEAM_AIM/install/hv_handler/share/hv_handler/local_setup.bash
[1.657s] -- Up-to-date: /root/TEAM_AIM/install/hv_handler/share/hv_handler/local_setup.sh
[1.657s] -- Up-to-date: /root/TEAM_AIM/install/hv_handler/share/hv_handler/local_setup.zsh
[1.657s] -- Installing: /root/TEAM_AIM/install/hv_handler/share/hv_handler/local_setup.dsv
[1.659s] -- Installing: /root/TEAM_AIM/install/hv_handler/share/hv_handler/package.dsv
[1.659s] -- Up-to-date: /root/TEAM_AIM/install/hv_handler/share/ament_index/resource_index/packages/hv_handler
[1.660s] -- Up-to-date: /root/TEAM_AIM/install/hv_handler/share/hv_handler/cmake/hv_handlerConfig.cmake
[1.660s] -- Up-to-date: /root/TEAM_AIM/install/hv_handler/share/hv_handler/cmake/hv_handlerConfig-version.cmake
[1.660s] -- Up-to-date: /root/TEAM_AIM/install/hv_handler/share/hv_handler/package.xml
[1.676s] Invoked command in '/root/TEAM_AIM/build/hv_handler' returned '0': AMENT_PREFIX_PATH=/root/TEAM_AIM/install/scene_srv:${AMENT_PREFIX_PATH} CMAKE_PREFIX_PATH=/root/TEAM_AIM/install/scene_srv:/opt/ros/foxy LD_LIBRARY_PATH=/root/TEAM_AIM/install/scene_srv/lib:${LD_LIBRARY_PATH} PYTHONPATH=/root/TEAM_AIM/install/scene_srv/lib/python3.8/site-packages:${PYTHONPATH} /usr/bin/cmake --install /root/TEAM_AIM/build/hv_handler
