[0.035s] Invoking command in '/root/TEAM_AIM/build/simulator_launch': CMAKE_PREFIX_PATH=/opt/ros/foxy /usr/bin/cmake --build /root/TEAM_AIM/build/simulator_launch -- -j16 -l16
[0.080s] Invoked command in '/root/TEAM_AIM/build/simulator_launch' returned '0': CMAKE_PREFIX_PATH=/opt/ros/foxy /usr/bin/cmake --build /root/TEAM_AIM/build/simulator_launch -- -j16 -l16
[0.114s] Invoking command in '/root/TEAM_AIM/build/simulator_launch': CMAKE_PREFIX_PATH=/opt/ros/foxy /usr/bin/cmake --install /root/TEAM_AIM/build/simulator_launch
[0.120s] -- Install configuration: ""
[0.120s] -- Up-to-date: /root/TEAM_AIM/install/simulator_launch/share/simulator_launch/launch
[0.120s] -- Up-to-date: /root/TEAM_AIM/install/simulator_launch/share/simulator_launch/launch/simulator_launch.py
[0.120s] -- Up-to-date: /root/TEAM_AIM/install/simulator_launch/share/ament_index/resource_index/package_run_dependencies/simulator_launch
[0.120s] -- Up-to-date: /root/TEAM_AIM/install/simulator_launch/share/ament_index/resource_index/parent_prefix_path/simulator_launch
[0.120s] -- Up-to-date: /root/TEAM_AIM/install/simulator_launch/share/simulator_launch/environment/ament_prefix_path.sh
[0.121s] -- Up-to-date: /root/TEAM_AIM/install/simulator_launch/share/simulator_launch/environment/ament_prefix_path.dsv
[0.121s] -- Up-to-date: /root/TEAM_AIM/install/simulator_launch/share/simulator_launch/environment/path.sh
[0.121s] -- Up-to-date: /root/TEAM_AIM/install/simulator_launch/share/simulator_launch/environment/path.dsv
[0.121s] -- Up-to-date: /root/TEAM_AIM/install/simulator_launch/share/simulator_launch/local_setup.bash
[0.121s] -- Up-to-date: /root/TEAM_AIM/install/simulator_launch/share/simulator_launch/local_setup.sh
[0.121s] -- Up-to-date: /root/TEAM_AIM/install/simulator_launch/share/simulator_launch/local_setup.zsh
[0.121s] -- Up-to-date: /root/TEAM_AIM/install/simulator_launch/share/simulator_launch/local_setup.dsv
[0.121s] -- Installing: /root/TEAM_AIM/install/simulator_launch/share/simulator_launch/package.dsv
[0.121s] -- Up-to-date: /root/TEAM_AIM/install/simulator_launch/share/ament_index/resource_index/packages/simulator_launch
[0.121s] -- Up-to-date: /root/TEAM_AIM/install/simulator_launch/share/simulator_launch/cmake/simulator_launchConfig.cmake
[0.121s] -- Up-to-date: /root/TEAM_AIM/install/simulator_launch/share/simulator_launch/cmake/simulator_launchConfig-version.cmake
[0.121s] -- Up-to-date: /root/TEAM_AIM/install/simulator_launch/share/simulator_launch/package.xml
[0.123s] Invoked command in '/root/TEAM_AIM/build/simulator_launch' returned '0': CMAKE_PREFIX_PATH=/opt/ros/foxy /usr/bin/cmake --install /root/TEAM_AIM/build/simulator_launch
