[100%] Built target hv_handler_node
-- Install configuration: ""
-- Installing: /root/TEAM_AIM/install/hv_handler/lib/hv_handler/hv_handler_node
-- Set runtime path of "/root/TEAM_AIM/install/hv_handler/lib/hv_handler/hv_handler_node" to ""
-- Installing: /root/TEAM_AIM/install/hv_handler/share/hv_handler/config
-- Installing: /root/TEAM_AIM/install/hv_handler/share/hv_handler/config/hv_params.yaml
-- Installing: /root/TEAM_AIM/install/hv_handler/share/hv_handler/config/belt_lane_three.json
-- Installing: /root/TEAM_AIM/install/hv_handler/share/hv_handler/config/belt_lane_two.json
-- Installing: /root/TEAM_AIM/install/hv_handler/share/hv_handler/config/roundabout_lane_two.json
-- Installing: /root/TEAM_AIM/install/hv_handler/share/hv_handler/config/belt_lane_one.json
-- Installing: /root/TEAM_AIM/install/hv_handler/share/ament_index/resource_index/package_run_dependencies/hv_handler
-- Installing: /root/TEAM_AIM/install/hv_handler/share/ament_index/resource_index/parent_prefix_path/hv_handler
-- Installing: /root/TEAM_AIM/install/hv_handler/share/hv_handler/environment/ament_prefix_path.sh
-- Installing: /root/TEAM_AIM/install/hv_handler/share/hv_handler/environment/ament_prefix_path.dsv
-- Installing: /root/TEAM_AIM/install/hv_handler/share/hv_handler/environment/path.sh
-- Installing: /root/TEAM_AIM/install/hv_handler/share/hv_handler/environment/path.dsv
-- Installing: /root/TEAM_AIM/install/hv_handler/share/hv_handler/local_setup.bash
-- Installing: /root/TEAM_AIM/install/hv_handler/share/hv_handler/local_setup.sh
-- Installing: /root/TEAM_AIM/install/hv_handler/share/hv_handler/local_setup.zsh
-- Installing: /root/TEAM_AIM/install/hv_handler/share/hv_handler/local_setup.dsv
-- Installing: /root/TEAM_AIM/install/hv_handler/share/hv_handler/package.dsv
-- Installing: /root/TEAM_AIM/install/hv_handler/share/ament_index/resource_index/packages/hv_handler
-- Installing: /root/TEAM_AIM/install/hv_handler/share/hv_handler/cmake/hv_handlerConfig.cmake
-- Installing: /root/TEAM_AIM/install/hv_handler/share/hv_handler/cmake/hv_handlerConfig-version.cmake
-- Installing: /root/TEAM_AIM/install/hv_handler/share/hv_handler/package.xml
