[0.035s] Invoking command in '/root/TEAM_AIM/build/hv_handler': AMENT_PREFIX_PATH=/root/TEAM_AIM/install/scene_srv:${AMENT_PREFIX_PATH} CMAKE_PREFIX_PATH=/root/TEAM_AIM/install/scene_srv:/opt/ros/foxy LD_LIBRARY_PATH=/root/TEAM_AIM/install/scene_srv/lib:${LD_LIBRARY_PATH} PYTHONPATH=/root/TEAM_AIM/install/scene_srv/lib/python3.8/site-packages:${PYTHONPATH} /usr/bin/cmake --build /root/TEAM_AIM/build/hv_handler -- -j16 -l16
[0.184s] [100%] Built target hv_handler_node
[0.213s] Invoked command in '/root/TEAM_AIM/build/hv_handler' returned '0': AMENT_PREFIX_PATH=/root/TEAM_AIM/install/scene_srv:${AMENT_PREFIX_PATH} CMAKE_PREFIX_PATH=/root/TEAM_AIM/install/scene_srv:/opt/ros/foxy LD_LIBRARY_PATH=/root/TEAM_AIM/install/scene_srv/lib:${LD_LIBRARY_PATH} PYTHONPATH=/root/TEAM_AIM/install/scene_srv/lib/python3.8/site-packages:${PYTHONPATH} /usr/bin/cmake --build /root/TEAM_AIM/build/hv_handler -- -j16 -l16
[0.270s] Invoking command in '/root/TEAM_AIM/build/hv_handler': AMENT_PREFIX_PATH=/root/TEAM_AIM/install/scene_srv:${AMENT_PREFIX_PATH} CMAKE_PREFIX_PATH=/root/TEAM_AIM/install/scene_srv:/opt/ros/foxy LD_LIBRARY_PATH=/root/TEAM_AIM/install/scene_srv/lib:${LD_LIBRARY_PATH} PYTHONPATH=/root/TEAM_AIM/install/scene_srv/lib/python3.8/site-packages:${PYTHONPATH} /usr/bin/cmake --install /root/TEAM_AIM/build/hv_handler
[0.292s] -- Install configuration: ""
[0.293s] -- Installing: /root/TEAM_AIM/install/hv_handler/lib/hv_handler/hv_handler_node
[0.298s] -- Set runtime path of "/root/TEAM_AIM/install/hv_handler/lib/hv_handler/hv_handler_node" to ""
[0.299s] -- Installing: /root/TEAM_AIM/install/hv_handler/share/hv_handler/config
[0.299s] -- Installing: /root/TEAM_AIM/install/hv_handler/share/hv_handler/config/hv_params.yaml
[0.299s] -- Installing: /root/TEAM_AIM/install/hv_handler/share/hv_handler/config/belt_lane_three.json
[0.299s] -- Installing: /root/TEAM_AIM/install/hv_handler/share/hv_handler/config/belt_lane_two.json
[0.300s] -- Installing: /root/TEAM_AIM/install/hv_handler/share/hv_handler/config/roundabout_lane_two.json
[0.300s] -- Installing: /root/TEAM_AIM/install/hv_handler/share/hv_handler/config/belt_lane_one.json
[0.301s] -- Installing: /root/TEAM_AIM/install/hv_handler/share/ament_index/resource_index/package_run_dependencies/hv_handler
[0.302s] -- Installing: /root/TEAM_AIM/install/hv_handler/share/ament_index/resource_index/parent_prefix_path/hv_handler
[0.302s] -- Installing: /root/TEAM_AIM/install/hv_handler/share/hv_handler/environment/ament_prefix_path.sh
[0.303s] -- Installing: /root/TEAM_AIM/install/hv_handler/share/hv_handler/environment/ament_prefix_path.dsv
[0.303s] -- Installing: /root/TEAM_AIM/install/hv_handler/share/hv_handler/environment/path.sh
[0.304s] -- Installing: /root/TEAM_AIM/install/hv_handler/share/hv_handler/environment/path.dsv
[0.304s] -- Installing: /root/TEAM_AIM/install/hv_handler/share/hv_handler/local_setup.bash
[0.305s] -- Installing: /root/TEAM_AIM/install/hv_handler/share/hv_handler/local_setup.sh
[0.305s] -- Installing: /root/TEAM_AIM/install/hv_handler/share/hv_handler/local_setup.zsh
[0.306s] -- Installing: /root/TEAM_AIM/install/hv_handler/share/hv_handler/local_setup.dsv
[0.307s] -- Installing: /root/TEAM_AIM/install/hv_handler/share/hv_handler/package.dsv
[0.307s] -- Installing: /root/TEAM_AIM/install/hv_handler/share/ament_index/resource_index/packages/hv_handler
[0.307s] -- Installing: /root/TEAM_AIM/install/hv_handler/share/hv_handler/cmake/hv_handlerConfig.cmake
[0.307s] -- Installing: /root/TEAM_AIM/install/hv_handler/share/hv_handler/cmake/hv_handlerConfig-version.cmake
[0.308s] -- Installing: /root/TEAM_AIM/install/hv_handler/share/hv_handler/package.xml
[0.318s] Invoked command in '/root/TEAM_AIM/build/hv_handler' returned '0': AMENT_PREFIX_PATH=/root/TEAM_AIM/install/scene_srv:${AMENT_PREFIX_PATH} CMAKE_PREFIX_PATH=/root/TEAM_AIM/install/scene_srv:/opt/ros/foxy LD_LIBRARY_PATH=/root/TEAM_AIM/install/scene_srv/lib:${LD_LIBRARY_PATH} PYTHONPATH=/root/TEAM_AIM/install/scene_srv/lib/python3.8/site-packages:${PYTHONPATH} /usr/bin/cmake --install /root/TEAM_AIM/build/hv_handler
