[0.027s] Invoking command in '/root/TEAM_AIM/build/simulator': CMAKE_PREFIX_PATH=/root/TEAM_AIM/install/scene_srv:/root/TEAM_AIM/install/simulator_launch:/root/TEAM_AIM/install/simulator:/root/TEAM_AIM/install/hv_handler:/root/TEAM_AIM/install/communication_manager:/root/TEAM_AIM/install/mission_3:/root/TEAM_AIM/install/mission_2:/root/TEAM_AIM/install/domain_bridge:/opt/ros/foxy /usr/bin/cmake /root/TEAM_AIM/Mobility_Challenge_Simulator/src/simulator -DCMAKE_INSTALL_PREFIX=/root/TEAM_AIM/install/simulator
[0.044s] -- Found ament_cmake: 0.9.12 (/opt/ros/foxy/share/ament_cmake/cmake)
[0.066s] -- Using PYTHON_EXECUTABLE: /usr/bin/python3
[0.180s] -- Found rclcpp: 2.4.3 (/opt/ros/foxy/share/rclcpp/cmake)
[0.203s] -- Using all available rosidl_typesupport_c: rosidl_typesupport_fastrtps_c;rosidl_typesupport_introspection_c
[0.205s] -- Found rosidl_adapter: 1.3.1 (/opt/ros/foxy/share/rosidl_adapter/cmake)
[0.330s] -- Using all available rosidl_typesupport_cpp: rosidl_typesupport_fastrtps_cpp;rosidl_typesupport_introspection_cpp
[0.369s] -- Found rmw_implementation_cmake: 1.0.4 (/opt/ros/foxy/share/rmw_implementation_cmake/cmake)
[0.370s] -- Using RMW implementation 'rmw_fastrtps_cpp' as default
[0.462s] -- Found geometry_msgs: 2.0.5 (/opt/ros/foxy/share/geometry_msgs/cmake)
[0.482s] -- Found rosidl_default_generators: 1.0.1 (/opt/ros/foxy/share/rosidl_default_generators/cmake)
[0.487s] -- Found ament_index_cpp: 1.1.0 (/opt/ros/foxy/share/ament_index_cpp/cmake)
[0.489s] -- Found scene_srv: 0.0.0 (/root/TEAM_AIM/install/scene_srv/share/scene_srv/cmake)
[0.498s] -- Found SDL3: /usr/local/lib/cmake/SDL3
[0.544s] -- Configuring done
[0.560s] -- Generating done
[0.561s] -- Build files have been written to: /root/TEAM_AIM/build/simulator
[0.568s] Invoked command in '/root/TEAM_AIM/build/simulator' returned '0': CMAKE_PREFIX_PATH=/root/TEAM_AIM/install/scene_srv:/root/TEAM_AIM/install/simulator_launch:/root/TEAM_AIM/install/simulator:/root/TEAM_AIM/install/hv_handler:/root/TEAM_AIM/install/communication_manager:/root/TEAM_AIM/install/mission_3:/root/TEAM_AIM/install/mission_2:/root/TEAM_AIM/install/domain_bridge:/opt/ros/foxy /usr/bin/cmake /root/TEAM_AIM/Mobility_Challenge_Simulator/src/simulator -DCMAKE_INSTALL_PREFIX=/root/TEAM_AIM/install/simulator
[0.570s] Invoking command in '/root/TEAM_AIM/build/simulator': CMAKE_PREFIX_PATH=/root/TEAM_AIM/install/scene_srv:/root/TEAM_AIM/install/simulator_launch:/root/TEAM_AIM/install/simulator:/root/TEAM_AIM/install/hv_handler:/root/TEAM_AIM/install/communication_manager:/root/TEAM_AIM/install/mission_3:/root/TEAM_AIM/install/mission_2:/root/TEAM_AIM/install/domain_bridge:/opt/ros/foxy /usr/bin/cmake --build /root/TEAM_AIM/build/simulator -- -j16 -l16
[0.653s] [100%] Built target simulation_node
[0.666s] Invoked command in '/root/TEAM_AIM/build/simulator' returned '0': CMAKE_PREFIX_PATH=/root/TEAM_AIM/install/scene_srv:/root/TEAM_AIM/install/simulator_launch:/root/TEAM_AIM/install/simulator:/root/TEAM_AIM/install/hv_handler:/root/TEAM_AIM/install/communication_manager:/root/TEAM_AIM/install/mission_3:/root/TEAM_AIM/install/mission_2:/root/TEAM_AIM/install/domain_bridge:/opt/ros/foxy /usr/bin/cmake --build /root/TEAM_AIM/build/simulator -- -j16 -l16
[0.721s] Invoking command in '/root/TEAM_AIM/build/simulator': CMAKE_PREFIX_PATH=/root/TEAM_AIM/install/scene_srv:/root/TEAM_AIM/install/simulator_launch:/root/TEAM_AIM/install/simulator:/root/TEAM_AIM/install/hv_handler:/root/TEAM_AIM/install/communication_manager:/root/TEAM_AIM/install/mission_3:/root/TEAM_AIM/install/mission_2:/root/TEAM_AIM/install/domain_bridge:/opt/ros/foxy /usr/bin/cmake --install /root/TEAM_AIM/build/simulator
[0.730s] -- Install configuration: "Debug"
[0.730s] -- Up-to-date: /root/TEAM_AIM/install/simulator/lib/simulator/simulation_node
[0.730s] -- Up-to-date: /root/TEAM_AIM/install/simulator/share/simulator/resource
[0.731s] -- Up-to-date: /root/TEAM_AIM/install/simulator/share/simulator/resource/shader
[0.731s] -- Up-to-date: /root/TEAM_AIM/install/simulator/share/simulator/resource/shader/post.frag
[0.731s] -- Up-to-date: /root/TEAM_AIM/install/simulator/share/simulator/resource/shader/3Dobject.frag
[0.731s] -- Up-to-date: /root/TEAM_AIM/install/simulator/share/simulator/resource/shader/fComposite.frag
[0.731s] -- Up-to-date: /root/TEAM_AIM/install/simulator/share/simulator/resource/shader/2Dtext.vert
[0.731s] -- Up-to-date: /root/TEAM_AIM/install/simulator/share/simulator/resource/shader/post.vert
[0.731s] -- Up-to-date: /root/TEAM_AIM/install/simulator/share/simulator/resource/shader/2Dtext.frag
[0.731s] -- Up-to-date: /root/TEAM_AIM/install/simulator/share/simulator/resource/shader/2Dsprite.vert
[0.731s] -- Up-to-date: /root/TEAM_AIM/install/simulator/share/simulator/resource/shader/fAntialiasing.frag
[0.731s] -- Up-to-date: /root/TEAM_AIM/install/simulator/share/simulator/resource/shader/2Dsprite.frag
[0.731s] -- Up-to-date: /root/TEAM_AIM/install/simulator/share/simulator/resource/shader/3Dobject.vert
[0.731s] -- Up-to-date: /root/TEAM_AIM/install/simulator/share/simulator/resource/assets
[0.732s] -- Up-to-date: /root/TEAM_AIM/install/simulator/share/simulator/resource/assets/map.json
[0.732s] -- Up-to-date: /root/TEAM_AIM/install/simulator/share/simulator/resource/assets/map.obj
[0.733s] -- Up-to-date: /root/TEAM_AIM/install/simulator/share/simulator/resource/assets/path.json
[0.733s] -- Up-to-date: /root/TEAM_AIM/install/simulator/share/simulator/resource/assets/IDs.png
[0.733s] -- Up-to-date: /root/TEAM_AIM/install/simulator/share/simulator/resource/assets/map.mtl
[0.734s] -- Up-to-date: /root/TEAM_AIM/install/simulator/share/simulator/resource/assets/sign.png
[0.734s] -- Up-to-date: /root/TEAM_AIM/install/simulator/share/simulator/resource/config.ini
[0.734s] -- Up-to-date: /root/TEAM_AIM/install/simulator/share/simulator/resource/font
[0.734s] -- Up-to-date: /root/TEAM_AIM/install/simulator/share/simulator/resource/font/CascadiaMono.json
[0.734s] -- Up-to-date: /root/TEAM_AIM/install/simulator/share/simulator/resource/font/CascadiaMono.ttf
[0.734s] -- Up-to-date: /root/TEAM_AIM/install/simulator/share/simulator/resource/font/CascadiaMono.png
[0.734s] -- Up-to-date: /root/TEAM_AIM/install/simulator/share/ament_index/resource_index/package_run_dependencies/simulator
[0.735s] -- Up-to-date: /root/TEAM_AIM/install/simulator/share/ament_index/resource_index/parent_prefix_path/simulator
[0.735s] -- Up-to-date: /root/TEAM_AIM/install/simulator/share/simulator/environment/ament_prefix_path.sh
[0.735s] -- Installing: /root/TEAM_AIM/install/simulator/share/simulator/environment/ament_prefix_path.dsv
[0.737s] -- Up-to-date: /root/TEAM_AIM/install/simulator/share/simulator/environment/path.sh
[0.737s] -- Installing: /root/TEAM_AIM/install/simulator/share/simulator/environment/path.dsv
[0.738s] -- Up-to-date: /root/TEAM_AIM/install/simulator/share/simulator/local_setup.bash
[0.738s] -- Up-to-date: /root/TEAM_AIM/install/simulator/share/simulator/local_setup.sh
[0.738s] -- Up-to-date: /root/TEAM_AIM/install/simulator/share/simulator/local_setup.zsh
[0.738s] -- Installing: /root/TEAM_AIM/install/simulator/share/simulator/local_setup.dsv
[0.738s] -- Installing: /root/TEAM_AIM/install/simulator/share/simulator/package.dsv
[0.738s] -- Up-to-date: /root/TEAM_AIM/install/simulator/share/ament_index/resource_index/packages/simulator
[0.738s] -- Up-to-date: /root/TEAM_AIM/install/simulator/share/simulator/cmake/simulatorConfig.cmake
[0.738s] -- Up-to-date: /root/TEAM_AIM/install/simulator/share/simulator/cmake/simulatorConfig-version.cmake
[0.738s] -- Up-to-date: /root/TEAM_AIM/install/simulator/share/simulator/package.xml
[0.744s] Invoked command in '/root/TEAM_AIM/build/simulator' returned '0': CMAKE_PREFIX_PATH=/root/TEAM_AIM/install/scene_srv:/root/TEAM_AIM/install/simulator_launch:/root/TEAM_AIM/install/simulator:/root/TEAM_AIM/install/hv_handler:/root/TEAM_AIM/install/communication_manager:/root/TEAM_AIM/install/mission_3:/root/TEAM_AIM/install/mission_2:/root/TEAM_AIM/install/domain_bridge:/opt/ros/foxy /usr/bin/cmake --install /root/TEAM_AIM/build/simulator
