[0.050s] Invoking command in '/root/TEAM_AIM/build/mission_3': CMAKE_PREFIX_PATH=${CMAKE_PREFIX_PATH}:/opt/ros/foxy /usr/bin/cmake /root/TEAM_AIM/src/mission_3 -DCMAKE_INSTALL_PREFIX=/root/TEAM_AIM/install/mission_3
[0.064s] -- Found ament_cmake: 0.9.12 (/opt/ros/foxy/share/ament_cmake/cmake)
[0.084s] -- Using PYTHON_EXECUTABLE: /usr/bin/python3
[0.233s] -- Found rclcpp: 2.4.3 (/opt/ros/foxy/share/rclcpp/cmake)
[0.260s] -- Using all available rosidl_typesupport_c: rosidl_typesupport_fastrtps_c;rosidl_typesupport_introspection_c
[0.261s] -- Found rosidl_adapter: 1.3.1 (/opt/ros/foxy/share/rosidl_adapter/cmake)
[0.396s] -- Using all available rosidl_typesupport_cpp: rosidl_typesupport_fastrtps_cpp;rosidl_typesupport_introspection_cpp
[0.431s] -- Found rmw_implementation_cmake: 1.0.4 (/opt/ros/foxy/share/rmw_implementation_cmake/cmake)
[0.432s] -- Using RMW implementation 'rmw_fastrtps_cpp' as default
[0.540s] -- Found geometry_msgs: 2.0.5 (/opt/ros/foxy/share/geometry_msgs/cmake)
[0.568s] -- Found visualization_msgs: 2.0.5 (/opt/ros/foxy/share/visualization_msgs/cmake)
[0.623s] -- Found tf2: 0.13.14 (/opt/ros/foxy/share/tf2/cmake)
[0.633s] -- Found ament_index_cpp: 1.1.0 (/opt/ros/foxy/share/ament_index_cpp/cmake)
[0.706s] -- Configuring done
[0.722s] -- Generating done
[0.725s] -- Build files have been written to: /root/TEAM_AIM/build/mission_3
[0.734s] Invoked command in '/root/TEAM_AIM/build/mission_3' returned '0': CMAKE_PREFIX_PATH=${CMAKE_PREFIX_PATH}:/opt/ros/foxy /usr/bin/cmake /root/TEAM_AIM/src/mission_3 -DCMAKE_INSTALL_PREFIX=/root/TEAM_AIM/install/mission_3
[0.736s] Invoking command in '/root/TEAM_AIM/build/mission_3': CMAKE_PREFIX_PATH=${CMAKE_PREFIX_PATH}:/opt/ros/foxy /usr/bin/cmake --build /root/TEAM_AIM/build/mission_3 -- -j16 -l16
[0.792s] [35m[1mScanning dependencies of target control_cav_mission_3[0m
[0.813s] [ 50%] Built target control_tower_mission_3
[0.830s] [ 75%] [32mBuilding CXX object CMakeFiles/control_cav_mission_3.dir/src/control_cav_mission_3.cpp.o[0m
[2.265s] [01m[K/root/TEAM_AIM/src/mission_3/src/control_cav_mission_3.cpp:[m[K In function ‘[01m[Kbool isCorner(const std::vector<integrate_path_struct>&, double, int)[m[K’:
[2.265s] [01m[K/root/TEAM_AIM/src/mission_3/src/control_cav_mission_3.cpp:283:12:[m[K [01;35m[Kwarning: [m[Kunused variable ‘[01m[Kdiff_deg[m[K’ [[01;35m[K-Wunused-variable[m[K]
[2.265s]   283 |     double [01;35m[Kdiff_deg[m[K = diff * (180.0 / M_PI);
[2.265s]       |            [01;35m[K^~~~~~~~[m[K
[2.265s] [01m[K/root/TEAM_AIM/src/mission_3/src/control_cav_mission_3.cpp:248:82:[m[K [01;35m[Kwarning: [m[Kunused parameter ‘[01m[KL_d[m[K’ [[01;35m[K-Wunused-parameter[m[K]
[2.265s]   248 | tegrate_path_struct>& integrate_path_vector, [01;35m[Kdouble L_d[m[K, int closest_idx) {
[2.265s]       |                                              [01;35m[K~~~~~~~^~~[m[K
[2.265s] 
[2.267s] [01m[K/root/TEAM_AIM/src/mission_3/src/control_cav_mission_3.cpp:[m[K In function ‘[01m[Kbool CheckAllFinished(const std::vector<CavState>&)[m[K’:
[2.267s] [01m[K/root/TEAM_AIM/src/mission_3/src/control_cav_mission_3.cpp:309:23:[m[K [01;35m[Kwarning: [m[Kcomparison of integer expressions of different signedness: ‘[01m[Kint[m[K’ and ‘[01m[Kstd::vector<CavState>::size_type[m[K’ {aka ‘[01m[Klong unsigned int[m[K’} [[01;35m[K-Wsign-compare[m[K]
[2.267s]   309 |     for (int i = 0; [01;35m[Ki < cav_list.size()[m[K; ++i) {
[2.267s]       |                     [01;35m[K~~^~~~~~~~~~~~~~~~~[m[K
[2.267s] [01m[K/root/TEAM_AIM/src/mission_3/src/control_cav_mission_3.cpp:315:24:[m[K [01;35m[Kwarning: [m[Kcomparison of integer expressions of different signedness: ‘[01m[Kint[m[K’ and ‘[01m[Kstd::vector<CavState>::size_type[m[K’ {aka ‘[01m[Klong unsigned int[m[K’} [[01;35m[K-Wsign-compare[m[K]
[2.267s]   315 |     if ([01;35m[Kfinished_count == cav_list.size() - 1[m[K) {
[2.267s]       |         [01;35m[K~~~~~~~~~~~~~~~^~~~~~~~~~~~~~~~~~~~~~[m[K
[2.267s] [01m[K/root/TEAM_AIM/src/mission_3/src/control_cav_mission_3.cpp:308:14:[m[K [01;35m[Kwarning: [m[Kvariable ‘[01m[Kcurrent_cav[m[K’ set but not used [[01;35m[K-Wunused-but-set-variable[m[K]
[2.267s]   308 |     CavState [01;35m[Kcurrent_cav[m[K = cav_list[0]; // 임시 변수 선언
[2.267s]       |              [01;35m[K^~~~~~~~~~~[m[K
[7.199s] [100%] [32m[1mLinking CXX executable control_cav_mission_3[0m
[7.517s] [100%] Built target control_cav_mission_3
[7.536s] Invoked command in '/root/TEAM_AIM/build/mission_3' returned '0': CMAKE_PREFIX_PATH=${CMAKE_PREFIX_PATH}:/opt/ros/foxy /usr/bin/cmake --build /root/TEAM_AIM/build/mission_3 -- -j16 -l16
[7.569s] Invoking command in '/root/TEAM_AIM/build/mission_3': CMAKE_PREFIX_PATH=${CMAKE_PREFIX_PATH}:/opt/ros/foxy /usr/bin/cmake --install /root/TEAM_AIM/build/mission_3
[7.580s] -- Install configuration: ""
[7.580s] -- Installing: /root/TEAM_AIM/install/mission_3/lib/mission_3/control_cav_mission_3
[7.584s] -- Set runtime path of "/root/TEAM_AIM/install/mission_3/lib/mission_3/control_cav_mission_3" to ""
[7.585s] -- Up-to-date: /root/TEAM_AIM/install/mission_3/lib/mission_3/control_tower_mission_3
[7.585s] -- Up-to-date: /root/TEAM_AIM/install/mission_3/share/mission_3/launch
[7.586s] -- Installing: /root/TEAM_AIM/install/mission_3/share/mission_3/launch/run_mission_3.launch.py
[7.586s] -- Up-to-date: /root/TEAM_AIM/install/mission_3/share/ament_index/resource_index/package_run_dependencies/mission_3
[7.586s] -- Installing: /root/TEAM_AIM/install/mission_3/share/ament_index/resource_index/parent_prefix_path/mission_3
[7.586s] -- Up-to-date: /root/TEAM_AIM/install/mission_3/share/mission_3/environment/ament_prefix_path.sh
[7.586s] -- Installing: /root/TEAM_AIM/install/mission_3/share/mission_3/environment/ament_prefix_path.dsv
[7.586s] -- Up-to-date: /root/TEAM_AIM/install/mission_3/share/mission_3/environment/path.sh
[7.586s] -- Installing: /root/TEAM_AIM/install/mission_3/share/mission_3/environment/path.dsv
[7.586s] -- Up-to-date: /root/TEAM_AIM/install/mission_3/share/mission_3/local_setup.bash
[7.586s] -- Up-to-date: /root/TEAM_AIM/install/mission_3/share/mission_3/local_setup.sh
[7.586s] -- Up-to-date: /root/TEAM_AIM/install/mission_3/share/mission_3/local_setup.zsh
[7.586s] -- Installing: /root/TEAM_AIM/install/mission_3/share/mission_3/local_setup.dsv
[7.586s] -- Installing: /root/TEAM_AIM/install/mission_3/share/mission_3/package.dsv
[7.587s] -- Up-to-date: /root/TEAM_AIM/install/mission_3/share/ament_index/resource_index/packages/mission_3
[7.587s] -- Up-to-date: /root/TEAM_AIM/install/mission_3/share/mission_3/cmake/mission_3Config.cmake
[7.587s] -- Up-to-date: /root/TEAM_AIM/install/mission_3/share/mission_3/cmake/mission_3Config-version.cmake
[7.588s] -- Up-to-date: /root/TEAM_AIM/install/mission_3/share/mission_3/package.xml
[7.594s] Invoked command in '/root/TEAM_AIM/build/mission_3' returned '0': CMAKE_PREFIX_PATH=${CMAKE_PREFIX_PATH}:/opt/ros/foxy /usr/bin/cmake --install /root/TEAM_AIM/build/mission_3
