[0.053s] Invoking command in '/root/TEAM_AIM/build/mission_1_1': CMAKE_PREFIX_PATH=/opt/ros/foxy /usr/bin/cmake /root/TEAM_AIM/src/mission_1_1 -DCMAKE_INSTALL_PREFIX=/root/TEAM_AIM/install/mission_1_1
[0.165s] -- The C compiler identification is GNU 9.4.0
[0.216s] -- The CXX compiler identification is GNU 9.4.0
[0.221s] -- Check for working C compiler: /usr/bin/cc
[0.291s] -- Check for working C compiler: /usr/bin/cc -- works
[0.292s] -- Detecting C compiler ABI info
[0.354s] -- Detecting C compiler ABI info - done
[0.362s] -- Detecting C compile features
[0.362s] -- Detecting C compile features - done
[0.363s] -- Check for working CXX compiler: /usr/bin/c++
[0.439s] -- Check for working CXX compiler: /usr/bin/c++ -- works
[0.440s] -- Detecting CXX compiler ABI info
[0.519s] -- Detecting CXX compiler ABI info - done
[0.526s] -- Detecting CXX compile features
[0.526s] -- Detecting CXX compile features - done
[0.531s] -- Found ament_cmake: 0.9.12 (/opt/ros/foxy/share/ament_cmake/cmake)
[0.554s] -- Found PythonInterp: /usr/bin/python3 (found suitable version "3.8.10", minimum required is "3") 
[0.555s] -- Using PYTHON_EXECUTABLE: /usr/bin/python3
[0.681s] -- Found rclcpp: 2.4.3 (/opt/ros/foxy/share/rclcpp/cmake)
[0.719s] -- Using all available rosidl_typesupport_c: rosidl_typesupport_fastrtps_c;rosidl_typesupport_introspection_c
[0.725s] -- Found rosidl_adapter: 1.3.1 (/opt/ros/foxy/share/rosidl_adapter/cmake)
[0.821s] -- Found OpenSSL: /usr/lib/x86_64-linux-gnu/libcrypto.so (found version "1.1.1f")  
[0.847s] -- Found FastRTPS: /opt/ros/foxy/include  
[0.914s] -- Using all available rosidl_typesupport_cpp: rosidl_typesupport_fastrtps_cpp;rosidl_typesupport_introspection_cpp
[0.949s] -- Found rmw_implementation_cmake: 1.0.4 (/opt/ros/foxy/share/rmw_implementation_cmake/cmake)
[0.950s] -- Using RMW implementation 'rmw_fastrtps_cpp' as default
[0.951s] -- Looking for pthread.h
[1.022s] -- Looking for pthread.h - found
[1.022s] -- Performing Test CMAKE_HAVE_LIBC_PTHREAD
[1.093s] -- Performing Test CMAKE_HAVE_LIBC_PTHREAD - Failed
[1.093s] -- Looking for pthread_create in pthreads
[1.157s] -- Looking for pthread_create in pthreads - not found
[1.157s] -- Looking for pthread_create in pthread
[1.225s] -- Looking for pthread_create in pthread - found
[1.226s] -- Found Threads: TRUE  
[1.324s] -- Found geometry_msgs: 2.0.5 (/opt/ros/foxy/share/geometry_msgs/cmake)
[1.344s] -- Found visualization_msgs: 2.0.5 (/opt/ros/foxy/share/visualization_msgs/cmake)
[1.389s] -- Found tf2: 0.13.14 (/opt/ros/foxy/share/tf2/cmake)
[1.398s] -- Found ament_index_cpp: 1.1.0 (/opt/ros/foxy/share/ament_index_cpp/cmake)
[1.402s] -- Found ament_lint_auto: 0.9.8 (/opt/ros/foxy/share/ament_lint_auto/cmake)
[1.463s] -- Added test 'copyright' to check source files copyright and LICENSE
[1.463s] -- Added test 'cppcheck' to perform static code analysis on C / C++ code
[1.463s] -- Configured cppcheck include dirs: 
[1.463s] -- Configured cppcheck exclude dirs and/or files: 
[1.464s] -- Added test 'cpplint' to check C / C++ code against the Google style
[1.464s] -- Configured cpplint exclude dirs and/or files: 
[1.464s] -- Added test 'lint_cmake' to check CMake code style
[1.465s] -- Added test 'uncrustify' to check C / C++ code style
[1.465s] -- Configured uncrustify additional arguments: 
[1.465s] -- Added test 'xmllint' to check XML markup files
[1.469s] -- Configuring done
[1.475s] -- Generating done
[1.476s] -- Build files have been written to: /root/TEAM_AIM/build/mission_1_1
[1.485s] Invoked command in '/root/TEAM_AIM/build/mission_1_1' returned '0': CMAKE_PREFIX_PATH=/opt/ros/foxy /usr/bin/cmake /root/TEAM_AIM/src/mission_1_1 -DCMAKE_INSTALL_PREFIX=/root/TEAM_AIM/install/mission_1_1
[1.488s] Invoking command in '/root/TEAM_AIM/build/mission_1_1': CMAKE_PREFIX_PATH=/opt/ros/foxy /usr/bin/cmake --build /root/TEAM_AIM/build/mission_1_1 -- -j16 -l16
[1.532s] [35m[1mScanning dependencies of target control_cav_mission_1_1[0m
[1.572s] [ 50%] [32mBuilding CXX object CMakeFiles/control_cav_mission_1_1.dir/src/control_cav_mission_1_1.cpp.o[0m
[7.249s] [100%] [32m[1mLinking CXX executable control_cav_mission_1_1[0m
[7.533s] [100%] Built target control_cav_mission_1_1
[7.545s] Invoked command in '/root/TEAM_AIM/build/mission_1_1' returned '0': CMAKE_PREFIX_PATH=/opt/ros/foxy /usr/bin/cmake --build /root/TEAM_AIM/build/mission_1_1 -- -j16 -l16
[7.572s] Invoking command in '/root/TEAM_AIM/build/mission_1_1': CMAKE_PREFIX_PATH=/opt/ros/foxy /usr/bin/cmake --install /root/TEAM_AIM/build/mission_1_1
[7.579s] -- Install configuration: ""
[7.579s] -- Installing: /root/TEAM_AIM/install/mission_1_1/lib/mission_1_1/control_cav_mission_1_1
[7.582s] -- Set runtime path of "/root/TEAM_AIM/install/mission_1_1/lib/mission_1_1/control_cav_mission_1_1" to ""
[7.582s] -- Installing: /root/TEAM_AIM/install/mission_1_1/share/ament_index/resource_index/package_run_dependencies/mission_1_1
[7.582s] -- Installing: /root/TEAM_AIM/install/mission_1_1/share/ament_index/resource_index/parent_prefix_path/mission_1_1
[7.582s] -- Installing: /root/TEAM_AIM/install/mission_1_1/share/mission_1_1/environment/ament_prefix_path.sh
[7.583s] -- Installing: /root/TEAM_AIM/install/mission_1_1/share/mission_1_1/environment/ament_prefix_path.dsv
[7.583s] -- Installing: /root/TEAM_AIM/install/mission_1_1/share/mission_1_1/environment/path.sh
[7.583s] -- Installing: /root/TEAM_AIM/install/mission_1_1/share/mission_1_1/environment/path.dsv
[7.583s] -- Installing: /root/TEAM_AIM/install/mission_1_1/share/mission_1_1/local_setup.bash
[7.583s] -- Installing: /root/TEAM_AIM/install/mission_1_1/share/mission_1_1/local_setup.sh
[7.583s] -- Installing: /root/TEAM_AIM/install/mission_1_1/share/mission_1_1/local_setup.zsh
[7.583s] -- Installing: /root/TEAM_AIM/install/mission_1_1/share/mission_1_1/local_setup.dsv
[7.583s] -- Installing: /root/TEAM_AIM/install/mission_1_1/share/mission_1_1/package.dsv
[7.583s] -- Installing: /root/TEAM_AIM/install/mission_1_1/share/ament_index/resource_index/packages/mission_1_1
[7.583s] -- Installing: /root/TEAM_AIM/install/mission_1_1/share/mission_1_1/cmake/mission_1_1Config.cmake
[7.584s] -- Installing: /root/TEAM_AIM/install/mission_1_1/share/mission_1_1/cmake/mission_1_1Config-version.cmake
[7.584s] -- Installing: /root/TEAM_AIM/install/mission_1_1/share/mission_1_1/package.xml
[7.585s] Invoked command in '/root/TEAM_AIM/build/mission_1_1' returned '0': CMAKE_PREFIX_PATH=/opt/ros/foxy /usr/bin/cmake --install /root/TEAM_AIM/build/mission_1_1
