[0.041s] Invoking command in '/root/TEAM_AIM/build/mission_3': CMAKE_PREFIX_PATH=${CMAKE_PREFIX_PATH}:/opt/ros/foxy /usr/bin/cmake /root/TEAM_AIM/src/mission_3 -DBUILD_TESTING=OFF -DCMAKE_INSTALL_PREFIX=/root/TEAM_AIM/install/mission_3
[0.099s] -- The C compiler identification is GNU 9.4.0
[0.155s] -- The CXX compiler identification is GNU 9.4.0
[0.159s] -- Check for working C compiler: /usr/bin/cc
[0.238s] -- Check for working C compiler: /usr/bin/cc -- works
[0.239s] -- Detecting C compiler ABI info
[0.314s] -- Detecting C compiler ABI info - done
[0.321s] -- Detecting C compile features
[0.321s] -- Detecting C compile features - done
[0.323s] -- Check for working CXX compiler: /usr/bin/c++
[0.415s] -- Check for working CXX compiler: /usr/bin/c++ -- works
[0.416s] -- Detecting CXX compiler ABI info
[0.494s] -- Detecting CXX compiler ABI info - done
[0.500s] -- Detecting CXX compile features
[0.500s] -- Detecting CXX compile features - done
[0.503s] -- Found ament_cmake: 0.9.12 (/opt/ros/foxy/share/ament_cmake/cmake)
[0.523s] -- Found PythonInterp: /usr/bin/python3 (found suitable version "3.8.10", minimum required is "3") 
[0.523s] -- Using PYTHON_EXECUTABLE: /usr/bin/python3
[0.640s] -- Found rclcpp: 2.4.3 (/opt/ros/foxy/share/rclcpp/cmake)
[0.673s] -- Using all available rosidl_typesupport_c: rosidl_typesupport_fastrtps_c;rosidl_typesupport_introspection_c
[0.678s] -- Found rosidl_adapter: 1.3.1 (/opt/ros/foxy/share/rosidl_adapter/cmake)
[0.766s] -- Found OpenSSL: /usr/lib/x86_64-linux-gnu/libcrypto.so (found version "1.1.1f")  
[0.794s] -- Found FastRTPS: /opt/ros/foxy/include  
[0.868s] -- Using all available rosidl_typesupport_cpp: rosidl_typesupport_fastrtps_cpp;rosidl_typesupport_introspection_cpp
[0.923s] -- Found rmw_implementation_cmake: 1.0.4 (/opt/ros/foxy/share/rmw_implementation_cmake/cmake)
[0.924s] -- Using RMW implementation 'rmw_fastrtps_cpp' as default
[0.925s] -- Looking for pthread.h
[0.999s] -- Looking for pthread.h - found
[1.000s] -- Performing Test CMAKE_HAVE_LIBC_PTHREAD
[1.066s] -- Performing Test CMAKE_HAVE_LIBC_PTHREAD - Failed
[1.066s] -- Looking for pthread_create in pthreads
[1.124s] -- Looking for pthread_create in pthreads - not found
[1.124s] -- Looking for pthread_create in pthread
[1.187s] -- Looking for pthread_create in pthread - found
[1.188s] -- Found Threads: TRUE  
[1.288s] -- Found geometry_msgs: 2.0.5 (/opt/ros/foxy/share/geometry_msgs/cmake)
[1.309s] -- Found visualization_msgs: 2.0.5 (/opt/ros/foxy/share/visualization_msgs/cmake)
[1.351s] -- Found tf2: 0.13.14 (/opt/ros/foxy/share/tf2/cmake)
[1.360s] -- Found ament_index_cpp: 1.1.0 (/opt/ros/foxy/share/ament_index_cpp/cmake)
[1.416s] -- Configuring done
[1.425s] -- Generating done
[1.426s] -- Build files have been written to: /root/TEAM_AIM/build/mission_3
[1.433s] Invoked command in '/root/TEAM_AIM/build/mission_3' returned '0': CMAKE_PREFIX_PATH=${CMAKE_PREFIX_PATH}:/opt/ros/foxy /usr/bin/cmake /root/TEAM_AIM/src/mission_3 -DBUILD_TESTING=OFF -DCMAKE_INSTALL_PREFIX=/root/TEAM_AIM/install/mission_3
[1.436s] Invoking command in '/root/TEAM_AIM/build/mission_3': CMAKE_PREFIX_PATH=${CMAKE_PREFIX_PATH}:/opt/ros/foxy /usr/bin/cmake --build /root/TEAM_AIM/build/mission_3 -- -j16 -l16
[1.478s] [35m[1mScanning dependencies of target control_cav_mission_3[0m
[1.478s] [35m[1mScanning dependencies of target control_tower_mission_3[0m
[1.530s] [ 25%] [32mBuilding CXX object CMakeFiles/control_cav_mission_3.dir/src/control_cav_mission_3.cpp.o[0m
[1.531s] [ 50%] [32mBuilding CXX object CMakeFiles/control_tower_mission_3.dir/src/control_tower_mission_3.cpp.o[0m
[2.889s] [01m[K/root/TEAM_AIM/src/mission_3/src/control_cav_mission_3.cpp:[m[K In function ‘[01m[Kbool isCorner(const std::vector<integrate_path_struct>&, double, int)[m[K’:
[2.889s] [01m[K/root/TEAM_AIM/src/mission_3/src/control_cav_mission_3.cpp:281:12:[m[K [01;35m[Kwarning: [m[Kunused variable ‘[01m[Kdiff_deg[m[K’ [[01;35m[K-Wunused-variable[m[K]
[2.890s]   281 |     double [01;35m[Kdiff_deg[m[K = diff * (180.0 / M_PI);
[2.890s]       |            [01;35m[K^~~~~~~~[m[K
[2.890s] [01m[K/root/TEAM_AIM/src/mission_3/src/control_cav_mission_3.cpp:246:82:[m[K [01;35m[Kwarning: [m[Kunused parameter ‘[01m[KL_d[m[K’ [[01;35m[K-Wunused-parameter[m[K]
[2.890s]   246 | bool isCorner(const vector<integrate_path_struct>& integrate_path_vector, [01;35m[Kdouble L_d[m[K, int closest_idx) {
[2.890s]       |                                                                           [01;35m[K~~~~~~~^~~[m[K
[2.892s] [01m[K/root/TEAM_AIM/src/mission_3/src/control_cav_mission_3.cpp:[m[K In function ‘[01m[Kbool CheckAllFinished(const std::vector<CavState>&)[m[K’:
[2.892s] [01m[K/root/TEAM_AIM/src/mission_3/src/control_cav_mission_3.cpp:307:23:[m[K [01;35m[Kwarning: [m[Kcomparison of integer expressions of different signedness: ‘[01m[Kint[m[K’ and ‘[01m[Kstd::vector<CavState>::size_type[m[K’ {aka ‘[01m[Klong unsigned int[m[K’} [[01;35m[K-Wsign-compare[m[K]
[2.892s]   307 |     for (int i = 0; [01;35m[Ki < cav_list.size()[m[K; ++i) {
[2.892s]       |                     [01;35m[K~~^~~~~~~~~~~~~~~~~[m[K
[2.894s] [01m[K/root/TEAM_AIM/src/mission_3/src/control_cav_mission_3.cpp:313:24:[m[K [01;35m[Kwarning: [m[Kcomparison of integer expressions of different signedness: ‘[01m[Kint[m[K’ and ‘[01m[Kstd::vector<CavState>::size_type[m[K’ {aka ‘[01m[Klong unsigned int[m[K’} [[01;35m[K-Wsign-compare[m[K]
[2.894s]   313 |     if ([01;35m[Kfinished_count == cav_list.size() - 1[m[K) {
[2.894s]       |         [01;35m[K~~~~~~~~~~~~~~~^~~~~~~~~~~~~~~~~~~~~~[m[K
[2.894s] [01m[K/root/TEAM_AIM/src/mission_3/src/control_cav_mission_3.cpp:306:14:[m[K [01;35m[Kwarning: [m[Kvariable ‘[01m[Kcurrent_cav[m[K’ set but not used [[01;35m[K-Wunused-but-set-variable[m[K]
[2.894s]   306 |     CavState [01;35m[Kcurrent_cav[m[K = cav_list[0]; // 임시 변수 선언
[2.894s]       |              [01;35m[K^~~~~~~~~~~[m[K
[7.773s] [ 75%] [32m[1mLinking CXX executable control_tower_mission_3[0m
[7.906s] [100%] [32m[1mLinking CXX executable control_cav_mission_3[0m
[8.073s] [100%] Built target control_tower_mission_3
[8.186s] [100%] Built target control_cav_mission_3
[8.216s] Invoked command in '/root/TEAM_AIM/build/mission_3' returned '0': CMAKE_PREFIX_PATH=${CMAKE_PREFIX_PATH}:/opt/ros/foxy /usr/bin/cmake --build /root/TEAM_AIM/build/mission_3 -- -j16 -l16
[8.246s] Invoking command in '/root/TEAM_AIM/build/mission_3': CMAKE_PREFIX_PATH=${CMAKE_PREFIX_PATH}:/opt/ros/foxy /usr/bin/cmake --install /root/TEAM_AIM/build/mission_3
[8.255s] -- Install configuration: ""
[8.255s] -- Installing: /root/TEAM_AIM/install/mission_3/lib/mission_3/control_cav_mission_3
[8.257s] -- Set runtime path of "/root/TEAM_AIM/install/mission_3/lib/mission_3/control_cav_mission_3" to ""
[8.257s] -- Installing: /root/TEAM_AIM/install/mission_3/lib/mission_3/control_tower_mission_3
[8.260s] -- Set runtime path of "/root/TEAM_AIM/install/mission_3/lib/mission_3/control_tower_mission_3" to ""
[8.260s] -- Installing: /root/TEAM_AIM/install/mission_3/share/mission_3/launch
[8.260s] -- Installing: /root/TEAM_AIM/install/mission_3/share/mission_3/launch/mission_3.launch.py
[8.260s] -- Installing: /root/TEAM_AIM/install/mission_3/share/ament_index/resource_index/package_run_dependencies/mission_3
[8.260s] -- Installing: /root/TEAM_AIM/install/mission_3/share/ament_index/resource_index/parent_prefix_path/mission_3
[8.260s] -- Installing: /root/TEAM_AIM/install/mission_3/share/mission_3/environment/ament_prefix_path.sh
[8.261s] -- Installing: /root/TEAM_AIM/install/mission_3/share/mission_3/environment/ament_prefix_path.dsv
[8.261s] -- Installing: /root/TEAM_AIM/install/mission_3/share/mission_3/environment/path.sh
[8.261s] -- Installing: /root/TEAM_AIM/install/mission_3/share/mission_3/environment/path.dsv
[8.261s] -- Installing: /root/TEAM_AIM/install/mission_3/share/mission_3/local_setup.bash
[8.261s] -- Installing: /root/TEAM_AIM/install/mission_3/share/mission_3/local_setup.sh
[8.261s] -- Installing: /root/TEAM_AIM/install/mission_3/share/mission_3/local_setup.zsh
[8.261s] -- Installing: /root/TEAM_AIM/install/mission_3/share/mission_3/local_setup.dsv
[8.262s] -- Installing: /root/TEAM_AIM/install/mission_3/share/mission_3/package.dsv
[8.262s] -- Installing: /root/TEAM_AIM/install/mission_3/share/ament_index/resource_index/packages/mission_3
[8.262s] -- Installing: /root/TEAM_AIM/install/mission_3/share/mission_3/cmake/mission_3Config.cmake
[8.262s] -- Installing: /root/TEAM_AIM/install/mission_3/share/mission_3/cmake/mission_3Config-version.cmake
[8.262s] -- Installing: /root/TEAM_AIM/install/mission_3/share/mission_3/package.xml
[8.267s] Invoked command in '/root/TEAM_AIM/build/mission_3' returned '0': CMAKE_PREFIX_PATH=${CMAKE_PREFIX_PATH}:/opt/ros/foxy /usr/bin/cmake --install /root/TEAM_AIM/build/mission_3
