[0.033s] Invoking command in '/root/TEAM_AIM/build/communication_manager': AMENT_PREFIX_PATH=/root/TEAM_AIM/install/scene_srv:/root/TEAM_AIM/install/domain_bridge:${AMENT_PREFIX_PATH} CMAKE_PREFIX_PATH=/root/TEAM_AIM/install/scene_srv:/root/TEAM_AIM/install/domain_bridge:/opt/ros/foxy LD_LIBRARY_PATH=/root/TEAM_AIM/install/scene_srv/lib:/root/TEAM_AIM/install/domain_bridge/lib:${LD_LIBRARY_PATH} PYTHONPATH=/root/TEAM_AIM/install/scene_srv/lib/python3.8/site-packages:/root/TEAM_AIM/install/domain_bridge/lib/python3.8/site-packages:${PYTHONPATH} /usr/bin/cmake --build /root/TEAM_AIM/build/communication_manager -- -j16 -l16
[0.118s] [100%] Built target pose_sharing_handler
[0.136s] Invoked command in '/root/TEAM_AIM/build/communication_manager' returned '0': AMENT_PREFIX_PATH=/root/TEAM_AIM/install/scene_srv:/root/TEAM_AIM/install/domain_bridge:${AMENT_PREFIX_PATH} CMAKE_PREFIX_PATH=/root/TEAM_AIM/install/scene_srv:/root/TEAM_AIM/install/domain_bridge:/opt/ros/foxy LD_LIBRARY_PATH=/root/TEAM_AIM/install/scene_srv/lib:/root/TEAM_AIM/install/domain_bridge/lib:${LD_LIBRARY_PATH} PYTHONPATH=/root/TEAM_AIM/install/scene_srv/lib/python3.8/site-packages:/root/TEAM_AIM/install/domain_bridge/lib/python3.8/site-packages:${PYTHONPATH} /usr/bin/cmake --build /root/TEAM_AIM/build/communication_manager -- -j16 -l16
[0.187s] Invoking command in '/root/TEAM_AIM/build/communication_manager': AMENT_PREFIX_PATH=/root/TEAM_AIM/install/scene_srv:/root/TEAM_AIM/install/domain_bridge:${AMENT_PREFIX_PATH} CMAKE_PREFIX_PATH=/root/TEAM_AIM/install/scene_srv:/root/TEAM_AIM/install/domain_bridge:/opt/ros/foxy LD_LIBRARY_PATH=/root/TEAM_AIM/install/scene_srv/lib:/root/TEAM_AIM/install/domain_bridge/lib:${LD_LIBRARY_PATH} PYTHONPATH=/root/TEAM_AIM/install/scene_srv/lib/python3.8/site-packages:/root/TEAM_AIM/install/domain_bridge/lib/python3.8/site-packages:${PYTHONPATH} /usr/bin/cmake --install /root/TEAM_AIM/build/communication_manager
[0.197s] -- Install configuration: ""
[0.197s] -- Up-to-date: /root/TEAM_AIM/install/communication_manager/lib/communication_manager/pose_sharing_handler
[0.199s] -- Up-to-date: /root/TEAM_AIM/install/communication_manager/share/ament_index/resource_index/package_run_dependencies/communication_manager
[0.199s] -- Up-to-date: /root/TEAM_AIM/install/communication_manager/share/ament_index/resource_index/parent_prefix_path/communication_manager
[0.199s] -- Up-to-date: /root/TEAM_AIM/install/communication_manager/share/communication_manager/environment/ament_prefix_path.sh
[0.199s] -- Up-to-date: /root/TEAM_AIM/install/communication_manager/share/communication_manager/environment/ament_prefix_path.dsv
[0.200s] -- Up-to-date: /root/TEAM_AIM/install/communication_manager/share/communication_manager/environment/path.sh
[0.200s] -- Up-to-date: /root/TEAM_AIM/install/communication_manager/share/communication_manager/environment/path.dsv
[0.200s] -- Up-to-date: /root/TEAM_AIM/install/communication_manager/share/communication_manager/local_setup.bash
[0.200s] -- Up-to-date: /root/TEAM_AIM/install/communication_manager/share/communication_manager/local_setup.sh
[0.200s] -- Up-to-date: /root/TEAM_AIM/install/communication_manager/share/communication_manager/local_setup.zsh
[0.200s] -- Up-to-date: /root/TEAM_AIM/install/communication_manager/share/communication_manager/local_setup.dsv
[0.200s] -- Installing: /root/TEAM_AIM/install/communication_manager/share/communication_manager/package.dsv
[0.200s] -- Up-to-date: /root/TEAM_AIM/install/communication_manager/share/ament_index/resource_index/packages/communication_manager
[0.200s] -- Up-to-date: /root/TEAM_AIM/install/communication_manager/share/communication_manager/cmake/ament_cmake_export_dependencies-extras.cmake
[0.200s] -- Up-to-date: /root/TEAM_AIM/install/communication_manager/share/communication_manager/cmake/communication_managerConfig.cmake
[0.200s] -- Up-to-date: /root/TEAM_AIM/install/communication_manager/share/communication_manager/cmake/communication_managerConfig-version.cmake
[0.202s] -- Up-to-date: /root/TEAM_AIM/install/communication_manager/share/communication_manager/package.xml
[0.205s] Invoked command in '/root/TEAM_AIM/build/communication_manager' returned '0': AMENT_PREFIX_PATH=/root/TEAM_AIM/install/scene_srv:/root/TEAM_AIM/install/domain_bridge:${AMENT_PREFIX_PATH} CMAKE_PREFIX_PATH=/root/TEAM_AIM/install/scene_srv:/root/TEAM_AIM/install/domain_bridge:/opt/ros/foxy LD_LIBRARY_PATH=/root/TEAM_AIM/install/scene_srv/lib:/root/TEAM_AIM/install/domain_bridge/lib:${LD_LIBRARY_PATH} PYTHONPATH=/root/TEAM_AIM/install/scene_srv/lib/python3.8/site-packages:/root/TEAM_AIM/install/domain_bridge/lib/python3.8/site-packages:${PYTHONPATH} /usr/bin/cmake --install /root/TEAM_AIM/build/communication_manager
