[0.255s] DEBUG:colcon:Command line arguments: ['/usr/bin/colcon', 'build']
[0.255s] DEBUG:colcon:Parsed command line arguments: Namespace(ament_cmake_args=None, base_paths=['.'], build_base='build', catkin_cmake_args=None, catkin_skip_building_tests=False, cmake_args=None, cmake_clean_cache=False, cmake_clean_first=False, cmake_force_configure=False, cmake_target=None, cmake_target_skip_unavailable=False, continue_on_error=False, event_handlers=None, executor='parallel', ignore_user_meta=False, install_base='install', log_base=None, log_level=None, main=<bound method BuildVerb.main of <colcon_core.verb.build.BuildVerb object at 0x7d0af45353a0>>, merge_install=False, metas=['./colcon.meta'], mixin=None, mixin_files=None, mixin_verb=('build',), packages_above=None, packages_above_and_dependencies=None, packages_above_depth=None, packages_end=None, packages_ignore=None, packages_ignore_regex=None, packages_select=None, packages_select_build_failed=False, packages_select_by_dep=None, packages_select_regex=None, packages_select_test_failures=False, packages_skip=None, packages_skip_build_finished=False, packages_skip_by_dep=None, packages_skip_regex=None, packages_skip_test_passed=False, packages_skip_up_to=None, packages_start=None, packages_up_to=None, packages_up_to_regex=None, parallel_workers=16, paths=None, symlink_install=False, test_result_base=None, verb_extension=<colcon_core.verb.build.BuildVerb object at 0x7d0af45353a0>, verb_name='build', verb_parser=<colcon_mixin.mixin.mixin_argument.MixinArgumentDecorator object at 0x7d0af4535970>)
[0.277s] Level 1:colcon.colcon_core.package_discovery:discover_packages(colcon_meta) check parameters
[0.278s] INFO:colcon.colcon_metadata.package_discovery.colcon_meta:Using configuration from '/root/.colcon/metadata/default/Gazebo.meta'
[0.278s] INFO:colcon.colcon_metadata.package_discovery.colcon_meta:Using configuration from '/root/.colcon/metadata/default/fastdds.meta'
[0.279s] INFO:colcon.colcon_metadata.package_discovery.colcon_meta:Using configuration from '/root/.colcon/metadata/default/fastrtps.meta'
[0.279s] Level 1:colcon.colcon_core.package_discovery:discover_packages(recursive) check parameters
[0.279s] Level 1:colcon.colcon_core.package_discovery:discover_packages(ignore) check parameters
[0.279s] Level 1:colcon.colcon_core.package_discovery:discover_packages(path) check parameters
[0.279s] Level 1:colcon.colcon_core.package_discovery:discover_packages(colcon_meta) discover
[0.279s] Level 1:colcon.colcon_core.package_discovery:discover_packages(recursive) discover
[0.279s] INFO:colcon.colcon_core.package_discovery:Crawling recursively for packages in '/root/TEAM_AIM'
[0.279s] Level 1:colcon.colcon_core.package_identification:_identify(.) by extensions ['ignore', 'ignore_ament_install']
[0.279s] Level 1:colcon.colcon_core.package_identification:_identify(.) by extension 'ignore'
[0.279s] Level 1:colcon.colcon_core.package_identification:_identify(.) by extension 'ignore_ament_install'
[0.279s] Level 1:colcon.colcon_core.package_identification:_identify(.) by extensions ['colcon_pkg']
[0.279s] Level 1:colcon.colcon_core.package_identification:_identify(.) by extension 'colcon_pkg'
[0.279s] Level 1:colcon.colcon_core.package_identification:_identify(.) by extensions ['colcon_meta']
[0.279s] Level 1:colcon.colcon_core.package_identification:_identify(.) by extension 'colcon_meta'
[0.279s] Level 1:colcon.colcon_core.package_identification:_identify(.) by extensions ['ros']
[0.279s] Level 1:colcon.colcon_core.package_identification:_identify(.) by extension 'ros'
[0.303s] Level 1:colcon.colcon_core.package_identification:_identify(.) by extensions ['cmake', 'python']
[0.303s] Level 1:colcon.colcon_core.package_identification:_identify(.) by extension 'cmake'
[0.303s] Level 1:colcon.colcon_core.package_identification:_identify(.) by extension 'python'
[0.303s] Level 1:colcon.colcon_core.package_identification:_identify(.) by extensions ['python_setup_py']
[0.303s] Level 1:colcon.colcon_core.package_identification:_identify(.) by extension 'python_setup_py'
[0.303s] Level 1:colcon.colcon_core.package_identification:_identify(Mobility_Challenge_Simulator) by extensions ['ignore', 'ignore_ament_install']
[0.303s] Level 1:colcon.colcon_core.package_identification:_identify(Mobility_Challenge_Simulator) by extension 'ignore'
[0.303s] Level 1:colcon.colcon_core.package_identification:_identify(Mobility_Challenge_Simulator) by extension 'ignore_ament_install'
[0.304s] Level 1:colcon.colcon_core.package_identification:_identify(Mobility_Challenge_Simulator) by extensions ['colcon_pkg']
[0.304s] Level 1:colcon.colcon_core.package_identification:_identify(Mobility_Challenge_Simulator) by extension 'colcon_pkg'
[0.304s] Level 1:colcon.colcon_core.package_identification:_identify(Mobility_Challenge_Simulator) by extensions ['colcon_meta']
[0.304s] Level 1:colcon.colcon_core.package_identification:_identify(Mobility_Challenge_Simulator) by extension 'colcon_meta'
[0.304s] Level 1:colcon.colcon_core.package_identification:_identify(Mobility_Challenge_Simulator) by extensions ['ros']
[0.304s] Level 1:colcon.colcon_core.package_identification:_identify(Mobility_Challenge_Simulator) by extension 'ros'
[0.304s] Level 1:colcon.colcon_core.package_identification:_identify(Mobility_Challenge_Simulator) by extensions ['cmake', 'python']
[0.304s] Level 1:colcon.colcon_core.package_identification:_identify(Mobility_Challenge_Simulator) by extension 'cmake'
[0.304s] Level 1:colcon.colcon_core.package_identification:_identify(Mobility_Challenge_Simulator) by extension 'python'
[0.304s] Level 1:colcon.colcon_core.package_identification:_identify(Mobility_Challenge_Simulator) by extensions ['python_setup_py']
[0.304s] Level 1:colcon.colcon_core.package_identification:_identify(Mobility_Challenge_Simulator) by extension 'python_setup_py'
[0.304s] Level 1:colcon.colcon_core.package_identification:_identify(Mobility_Challenge_Simulator/build) by extensions ['ignore', 'ignore_ament_install']
[0.304s] Level 1:colcon.colcon_core.package_identification:_identify(Mobility_Challenge_Simulator/build) by extension 'ignore'
[0.304s] Level 1:colcon.colcon_core.package_identification:_identify(Mobility_Challenge_Simulator/build) ignored
[0.304s] Level 1:colcon.colcon_core.package_identification:_identify(Mobility_Challenge_Simulator/images) by extensions ['ignore', 'ignore_ament_install']
[0.304s] Level 1:colcon.colcon_core.package_identification:_identify(Mobility_Challenge_Simulator/images) by extension 'ignore'
[0.304s] Level 1:colcon.colcon_core.package_identification:_identify(Mobility_Challenge_Simulator/images) by extension 'ignore_ament_install'
[0.304s] Level 1:colcon.colcon_core.package_identification:_identify(Mobility_Challenge_Simulator/images) by extensions ['colcon_pkg']
[0.304s] Level 1:colcon.colcon_core.package_identification:_identify(Mobility_Challenge_Simulator/images) by extension 'colcon_pkg'
[0.304s] Level 1:colcon.colcon_core.package_identification:_identify(Mobility_Challenge_Simulator/images) by extensions ['colcon_meta']
[0.304s] Level 1:colcon.colcon_core.package_identification:_identify(Mobility_Challenge_Simulator/images) by extension 'colcon_meta'
[0.304s] Level 1:colcon.colcon_core.package_identification:_identify(Mobility_Challenge_Simulator/images) by extensions ['ros']
[0.304s] Level 1:colcon.colcon_core.package_identification:_identify(Mobility_Challenge_Simulator/images) by extension 'ros'
[0.304s] Level 1:colcon.colcon_core.package_identification:_identify(Mobility_Challenge_Simulator/images) by extensions ['cmake', 'python']
[0.304s] Level 1:colcon.colcon_core.package_identification:_identify(Mobility_Challenge_Simulator/images) by extension 'cmake'
[0.304s] Level 1:colcon.colcon_core.package_identification:_identify(Mobility_Challenge_Simulator/images) by extension 'python'
[0.304s] Level 1:colcon.colcon_core.package_identification:_identify(Mobility_Challenge_Simulator/images) by extensions ['python_setup_py']
[0.304s] Level 1:colcon.colcon_core.package_identification:_identify(Mobility_Challenge_Simulator/images) by extension 'python_setup_py'
[0.304s] Level 1:colcon.colcon_core.package_identification:_identify(Mobility_Challenge_Simulator/install) by extensions ['ignore', 'ignore_ament_install']
[0.305s] Level 1:colcon.colcon_core.package_identification:_identify(Mobility_Challenge_Simulator/install) by extension 'ignore'
[0.305s] Level 1:colcon.colcon_core.package_identification:_identify(Mobility_Challenge_Simulator/install) ignored
[0.305s] Level 1:colcon.colcon_core.package_identification:_identify(Mobility_Challenge_Simulator/log) by extensions ['ignore', 'ignore_ament_install']
[0.305s] Level 1:colcon.colcon_core.package_identification:_identify(Mobility_Challenge_Simulator/log) by extension 'ignore'
[0.305s] Level 1:colcon.colcon_core.package_identification:_identify(Mobility_Challenge_Simulator/log) ignored
[0.305s] Level 1:colcon.colcon_core.package_identification:_identify(Mobility_Challenge_Simulator/src) by extensions ['ignore', 'ignore_ament_install']
[0.305s] Level 1:colcon.colcon_core.package_identification:_identify(Mobility_Challenge_Simulator/src) by extension 'ignore'
[0.305s] Level 1:colcon.colcon_core.package_identification:_identify(Mobility_Challenge_Simulator/src) by extension 'ignore_ament_install'
[0.305s] Level 1:colcon.colcon_core.package_identification:_identify(Mobility_Challenge_Simulator/src) by extensions ['colcon_pkg']
[0.305s] Level 1:colcon.colcon_core.package_identification:_identify(Mobility_Challenge_Simulator/src) by extension 'colcon_pkg'
[0.305s] Level 1:colcon.colcon_core.package_identification:_identify(Mobility_Challenge_Simulator/src) by extensions ['colcon_meta']
[0.305s] Level 1:colcon.colcon_core.package_identification:_identify(Mobility_Challenge_Simulator/src) by extension 'colcon_meta'
[0.305s] Level 1:colcon.colcon_core.package_identification:_identify(Mobility_Challenge_Simulator/src) by extensions ['ros']
[0.305s] Level 1:colcon.colcon_core.package_identification:_identify(Mobility_Challenge_Simulator/src) by extension 'ros'
[0.305s] Level 1:colcon.colcon_core.package_identification:_identify(Mobility_Challenge_Simulator/src) by extensions ['cmake', 'python']
[0.305s] Level 1:colcon.colcon_core.package_identification:_identify(Mobility_Challenge_Simulator/src) by extension 'cmake'
[0.305s] Level 1:colcon.colcon_core.package_identification:_identify(Mobility_Challenge_Simulator/src) by extension 'python'
[0.306s] Level 1:colcon.colcon_core.package_identification:_identify(Mobility_Challenge_Simulator/src) by extensions ['python_setup_py']
[0.306s] Level 1:colcon.colcon_core.package_identification:_identify(Mobility_Challenge_Simulator/src) by extension 'python_setup_py'
[0.306s] Level 1:colcon.colcon_core.package_identification:_identify(Mobility_Challenge_Simulator/src/communication_manager) by extensions ['ignore', 'ignore_ament_install']
[0.306s] Level 1:colcon.colcon_core.package_identification:_identify(Mobility_Challenge_Simulator/src/communication_manager) by extension 'ignore'
[0.306s] Level 1:colcon.colcon_core.package_identification:_identify(Mobility_Challenge_Simulator/src/communication_manager) by extension 'ignore_ament_install'
[0.306s] Level 1:colcon.colcon_core.package_identification:_identify(Mobility_Challenge_Simulator/src/communication_manager) by extensions ['colcon_pkg']
[0.306s] Level 1:colcon.colcon_core.package_identification:_identify(Mobility_Challenge_Simulator/src/communication_manager) by extension 'colcon_pkg'
[0.306s] Level 1:colcon.colcon_core.package_identification:_identify(Mobility_Challenge_Simulator/src/communication_manager) by extensions ['colcon_meta']
[0.306s] Level 1:colcon.colcon_core.package_identification:_identify(Mobility_Challenge_Simulator/src/communication_manager) by extension 'colcon_meta'
[0.306s] Level 1:colcon.colcon_core.package_identification:_identify(Mobility_Challenge_Simulator/src/communication_manager) by extensions ['ros']
[0.306s] Level 1:colcon.colcon_core.package_identification:_identify(Mobility_Challenge_Simulator/src/communication_manager) by extension 'ros'
[0.308s] DEBUG:colcon.colcon_core.package_identification:Package 'Mobility_Challenge_Simulator/src/communication_manager' with type 'ros.ament_cmake' and name 'communication_manager'
[0.308s] Level 1:colcon.colcon_core.package_identification:_identify(Mobility_Challenge_Simulator/src/domain_bridge) by extensions ['ignore', 'ignore_ament_install']
[0.308s] Level 1:colcon.colcon_core.package_identification:_identify(Mobility_Challenge_Simulator/src/domain_bridge) by extension 'ignore'
[0.308s] Level 1:colcon.colcon_core.package_identification:_identify(Mobility_Challenge_Simulator/src/domain_bridge) by extension 'ignore_ament_install'
[0.308s] Level 1:colcon.colcon_core.package_identification:_identify(Mobility_Challenge_Simulator/src/domain_bridge) by extensions ['colcon_pkg']
[0.308s] Level 1:colcon.colcon_core.package_identification:_identify(Mobility_Challenge_Simulator/src/domain_bridge) by extension 'colcon_pkg'
[0.308s] Level 1:colcon.colcon_core.package_identification:_identify(Mobility_Challenge_Simulator/src/domain_bridge) by extensions ['colcon_meta']
[0.308s] Level 1:colcon.colcon_core.package_identification:_identify(Mobility_Challenge_Simulator/src/domain_bridge) by extension 'colcon_meta'
[0.309s] Level 1:colcon.colcon_core.package_identification:_identify(Mobility_Challenge_Simulator/src/domain_bridge) by extensions ['ros']
[0.309s] Level 1:colcon.colcon_core.package_identification:_identify(Mobility_Challenge_Simulator/src/domain_bridge) by extension 'ros'
[0.309s] DEBUG:colcon.colcon_core.package_identification:Package 'Mobility_Challenge_Simulator/src/domain_bridge' with type 'ros.ament_cmake' and name 'domain_bridge'
[0.310s] Level 1:colcon.colcon_core.package_identification:_identify(Mobility_Challenge_Simulator/src/hv_handler) by extensions ['ignore', 'ignore_ament_install']
[0.310s] Level 1:colcon.colcon_core.package_identification:_identify(Mobility_Challenge_Simulator/src/hv_handler) by extension 'ignore'
[0.310s] Level 1:colcon.colcon_core.package_identification:_identify(Mobility_Challenge_Simulator/src/hv_handler) by extension 'ignore_ament_install'
[0.310s] Level 1:colcon.colcon_core.package_identification:_identify(Mobility_Challenge_Simulator/src/hv_handler) by extensions ['colcon_pkg']
[0.310s] Level 1:colcon.colcon_core.package_identification:_identify(Mobility_Challenge_Simulator/src/hv_handler) by extension 'colcon_pkg'
[0.310s] Level 1:colcon.colcon_core.package_identification:_identify(Mobility_Challenge_Simulator/src/hv_handler) by extensions ['colcon_meta']
[0.310s] Level 1:colcon.colcon_core.package_identification:_identify(Mobility_Challenge_Simulator/src/hv_handler) by extension 'colcon_meta'
[0.310s] Level 1:colcon.colcon_core.package_identification:_identify(Mobility_Challenge_Simulator/src/hv_handler) by extensions ['ros']
[0.310s] Level 1:colcon.colcon_core.package_identification:_identify(Mobility_Challenge_Simulator/src/hv_handler) by extension 'ros'
[0.311s] DEBUG:colcon.colcon_core.package_identification:Package 'Mobility_Challenge_Simulator/src/hv_handler' with type 'ros.ament_cmake' and name 'hv_handler'
[0.311s] Level 1:colcon.colcon_core.package_identification:_identify(Mobility_Challenge_Simulator/src/scene_srv) by extensions ['ignore', 'ignore_ament_install']
[0.311s] Level 1:colcon.colcon_core.package_identification:_identify(Mobility_Challenge_Simulator/src/scene_srv) by extension 'ignore'
[0.311s] Level 1:colcon.colcon_core.package_identification:_identify(Mobility_Challenge_Simulator/src/scene_srv) by extension 'ignore_ament_install'
[0.311s] Level 1:colcon.colcon_core.package_identification:_identify(Mobility_Challenge_Simulator/src/scene_srv) by extensions ['colcon_pkg']
[0.311s] Level 1:colcon.colcon_core.package_identification:_identify(Mobility_Challenge_Simulator/src/scene_srv) by extension 'colcon_pkg'
[0.311s] Level 1:colcon.colcon_core.package_identification:_identify(Mobility_Challenge_Simulator/src/scene_srv) by extensions ['colcon_meta']
[0.311s] Level 1:colcon.colcon_core.package_identification:_identify(Mobility_Challenge_Simulator/src/scene_srv) by extension 'colcon_meta'
[0.311s] Level 1:colcon.colcon_core.package_identification:_identify(Mobility_Challenge_Simulator/src/scene_srv) by extensions ['ros']
[0.311s] Level 1:colcon.colcon_core.package_identification:_identify(Mobility_Challenge_Simulator/src/scene_srv) by extension 'ros'
[0.311s] DEBUG:colcon.colcon_core.package_identification:Package 'Mobility_Challenge_Simulator/src/scene_srv' with type 'ros.ament_cmake' and name 'scene_srv'
[0.312s] Level 1:colcon.colcon_core.package_identification:_identify(Mobility_Challenge_Simulator/src/simulator) by extensions ['ignore', 'ignore_ament_install']
[0.312s] Level 1:colcon.colcon_core.package_identification:_identify(Mobility_Challenge_Simulator/src/simulator) by extension 'ignore'
[0.312s] Level 1:colcon.colcon_core.package_identification:_identify(Mobility_Challenge_Simulator/src/simulator) by extension 'ignore_ament_install'
[0.312s] Level 1:colcon.colcon_core.package_identification:_identify(Mobility_Challenge_Simulator/src/simulator) by extensions ['colcon_pkg']
[0.312s] Level 1:colcon.colcon_core.package_identification:_identify(Mobility_Challenge_Simulator/src/simulator) by extension 'colcon_pkg'
[0.312s] Level 1:colcon.colcon_core.package_identification:_identify(Mobility_Challenge_Simulator/src/simulator) by extensions ['colcon_meta']
[0.312s] Level 1:colcon.colcon_core.package_identification:_identify(Mobility_Challenge_Simulator/src/simulator) by extension 'colcon_meta'
[0.312s] Level 1:colcon.colcon_core.package_identification:_identify(Mobility_Challenge_Simulator/src/simulator) by extensions ['ros']
[0.312s] Level 1:colcon.colcon_core.package_identification:_identify(Mobility_Challenge_Simulator/src/simulator) by extension 'ros'
[0.313s] DEBUG:colcon.colcon_core.package_identification:Package 'Mobility_Challenge_Simulator/src/simulator' with type 'ros.ament_cmake' and name 'simulator'
[0.313s] Level 1:colcon.colcon_core.package_identification:_identify(Mobility_Challenge_Simulator/src/simulator_launch) by extensions ['ignore', 'ignore_ament_install']
[0.313s] Level 1:colcon.colcon_core.package_identification:_identify(Mobility_Challenge_Simulator/src/simulator_launch) by extension 'ignore'
[0.313s] Level 1:colcon.colcon_core.package_identification:_identify(Mobility_Challenge_Simulator/src/simulator_launch) by extension 'ignore_ament_install'
[0.313s] Level 1:colcon.colcon_core.package_identification:_identify(Mobility_Challenge_Simulator/src/simulator_launch) by extensions ['colcon_pkg']
[0.313s] Level 1:colcon.colcon_core.package_identification:_identify(Mobility_Challenge_Simulator/src/simulator_launch) by extension 'colcon_pkg'
[0.313s] Level 1:colcon.colcon_core.package_identification:_identify(Mobility_Challenge_Simulator/src/simulator_launch) by extensions ['colcon_meta']
[0.313s] Level 1:colcon.colcon_core.package_identification:_identify(Mobility_Challenge_Simulator/src/simulator_launch) by extension 'colcon_meta'
[0.313s] Level 1:colcon.colcon_core.package_identification:_identify(Mobility_Challenge_Simulator/src/simulator_launch) by extensions ['ros']
[0.313s] Level 1:colcon.colcon_core.package_identification:_identify(Mobility_Challenge_Simulator/src/simulator_launch) by extension 'ros'
[0.314s] DEBUG:colcon.colcon_core.package_identification:Package 'Mobility_Challenge_Simulator/src/simulator_launch' with type 'ros.ament_cmake' and name 'simulator_launch'
[0.314s] Level 1:colcon.colcon_core.package_identification:_identify(Mobility_Challenge_Simulator/tool) by extensions ['ignore', 'ignore_ament_install']
[0.314s] Level 1:colcon.colcon_core.package_identification:_identify(Mobility_Challenge_Simulator/tool) by extension 'ignore'
[0.314s] Level 1:colcon.colcon_core.package_identification:_identify(Mobility_Challenge_Simulator/tool) by extension 'ignore_ament_install'
[0.314s] Level 1:colcon.colcon_core.package_identification:_identify(Mobility_Challenge_Simulator/tool) by extensions ['colcon_pkg']
[0.314s] Level 1:colcon.colcon_core.package_identification:_identify(Mobility_Challenge_Simulator/tool) by extension 'colcon_pkg'
[0.314s] Level 1:colcon.colcon_core.package_identification:_identify(Mobility_Challenge_Simulator/tool) by extensions ['colcon_meta']
[0.314s] Level 1:colcon.colcon_core.package_identification:_identify(Mobility_Challenge_Simulator/tool) by extension 'colcon_meta'
[0.314s] Level 1:colcon.colcon_core.package_identification:_identify(Mobility_Challenge_Simulator/tool) by extensions ['ros']
[0.314s] Level 1:colcon.colcon_core.package_identification:_identify(Mobility_Challenge_Simulator/tool) by extension 'ros'
[0.314s] Level 1:colcon.colcon_core.package_identification:_identify(Mobility_Challenge_Simulator/tool) by extensions ['cmake', 'python']
[0.314s] Level 1:colcon.colcon_core.package_identification:_identify(Mobility_Challenge_Simulator/tool) by extension 'cmake'
[0.315s] Level 1:colcon.colcon_core.package_identification:_identify(Mobility_Challenge_Simulator/tool) by extension 'python'
[0.315s] Level 1:colcon.colcon_core.package_identification:_identify(Mobility_Challenge_Simulator/tool) by extensions ['python_setup_py']
[0.315s] Level 1:colcon.colcon_core.package_identification:_identify(Mobility_Challenge_Simulator/tool) by extension 'python_setup_py'
[0.315s] Level 1:colcon.colcon_core.package_identification:_identify(Mobility_Challenge_Simulator/tool/waypoint) by extensions ['ignore', 'ignore_ament_install']
[0.315s] Level 1:colcon.colcon_core.package_identification:_identify(Mobility_Challenge_Simulator/tool/waypoint) by extension 'ignore'
[0.315s] Level 1:colcon.colcon_core.package_identification:_identify(Mobility_Challenge_Simulator/tool/waypoint) by extension 'ignore_ament_install'
[0.315s] Level 1:colcon.colcon_core.package_identification:_identify(Mobility_Challenge_Simulator/tool/waypoint) by extensions ['colcon_pkg']
[0.315s] Level 1:colcon.colcon_core.package_identification:_identify(Mobility_Challenge_Simulator/tool/waypoint) by extension 'colcon_pkg'
[0.315s] Level 1:colcon.colcon_core.package_identification:_identify(Mobility_Challenge_Simulator/tool/waypoint) by extensions ['colcon_meta']
[0.315s] Level 1:colcon.colcon_core.package_identification:_identify(Mobility_Challenge_Simulator/tool/waypoint) by extension 'colcon_meta'
[0.315s] Level 1:colcon.colcon_core.package_identification:_identify(Mobility_Challenge_Simulator/tool/waypoint) by extensions ['ros']
[0.315s] Level 1:colcon.colcon_core.package_identification:_identify(Mobility_Challenge_Simulator/tool/waypoint) by extension 'ros'
[0.315s] Level 1:colcon.colcon_core.package_identification:_identify(Mobility_Challenge_Simulator/tool/waypoint) by extensions ['cmake', 'python']
[0.315s] Level 1:colcon.colcon_core.package_identification:_identify(Mobility_Challenge_Simulator/tool/waypoint) by extension 'cmake'
[0.315s] Level 1:colcon.colcon_core.package_identification:_identify(Mobility_Challenge_Simulator/tool/waypoint) by extension 'python'
[0.315s] Level 1:colcon.colcon_core.package_identification:_identify(Mobility_Challenge_Simulator/tool/waypoint) by extensions ['python_setup_py']
[0.315s] Level 1:colcon.colcon_core.package_identification:_identify(Mobility_Challenge_Simulator/tool/waypoint) by extension 'python_setup_py'
[0.316s] Level 1:colcon.colcon_core.package_identification:_identify(build) by extensions ['ignore', 'ignore_ament_install']
[0.316s] Level 1:colcon.colcon_core.package_identification:_identify(build) by extension 'ignore'
[0.316s] Level 1:colcon.colcon_core.package_identification:_identify(build) ignored
[0.316s] Level 1:colcon.colcon_core.package_identification:_identify(control) by extensions ['ignore', 'ignore_ament_install']
[0.316s] Level 1:colcon.colcon_core.package_identification:_identify(control) by extension 'ignore'
[0.316s] Level 1:colcon.colcon_core.package_identification:_identify(control) by extension 'ignore_ament_install'
[0.316s] Level 1:colcon.colcon_core.package_identification:_identify(control) by extensions ['colcon_pkg']
[0.316s] Level 1:colcon.colcon_core.package_identification:_identify(control) by extension 'colcon_pkg'
[0.316s] Level 1:colcon.colcon_core.package_identification:_identify(control) by extensions ['colcon_meta']
[0.316s] Level 1:colcon.colcon_core.package_identification:_identify(control) by extension 'colcon_meta'
[0.316s] Level 1:colcon.colcon_core.package_identification:_identify(control) by extensions ['ros']
[0.316s] Level 1:colcon.colcon_core.package_identification:_identify(control) by extension 'ros'
[0.316s] Level 1:colcon.colcon_core.package_identification:_identify(control) by extensions ['cmake', 'python']
[0.316s] Level 1:colcon.colcon_core.package_identification:_identify(control) by extension 'cmake'
[0.316s] Level 1:colcon.colcon_core.package_identification:_identify(control) by extension 'python'
[0.316s] Level 1:colcon.colcon_core.package_identification:_identify(control) by extensions ['python_setup_py']
[0.316s] Level 1:colcon.colcon_core.package_identification:_identify(control) by extension 'python_setup_py'
[0.316s] Level 1:colcon.colcon_core.package_identification:_identify(decision) by extensions ['ignore', 'ignore_ament_install']
[0.316s] Level 1:colcon.colcon_core.package_identification:_identify(decision) by extension 'ignore'
[0.317s] Level 1:colcon.colcon_core.package_identification:_identify(decision) by extension 'ignore_ament_install'
[0.317s] Level 1:colcon.colcon_core.package_identification:_identify(decision) by extensions ['colcon_pkg']
[0.317s] Level 1:colcon.colcon_core.package_identification:_identify(decision) by extension 'colcon_pkg'
[0.317s] Level 1:colcon.colcon_core.package_identification:_identify(decision) by extensions ['colcon_meta']
[0.317s] Level 1:colcon.colcon_core.package_identification:_identify(decision) by extension 'colcon_meta'
[0.317s] Level 1:colcon.colcon_core.package_identification:_identify(decision) by extensions ['ros']
[0.317s] Level 1:colcon.colcon_core.package_identification:_identify(decision) by extension 'ros'
[0.317s] Level 1:colcon.colcon_core.package_identification:_identify(decision) by extensions ['cmake', 'python']
[0.317s] Level 1:colcon.colcon_core.package_identification:_identify(decision) by extension 'cmake'
[0.317s] Level 1:colcon.colcon_core.package_identification:_identify(decision) by extension 'python'
[0.317s] Level 1:colcon.colcon_core.package_identification:_identify(decision) by extensions ['python_setup_py']
[0.317s] Level 1:colcon.colcon_core.package_identification:_identify(decision) by extension 'python_setup_py'
[0.317s] Level 1:colcon.colcon_core.package_identification:_identify(docker_kaist_aim) by extensions ['ignore', 'ignore_ament_install']
[0.317s] Level 1:colcon.colcon_core.package_identification:_identify(docker_kaist_aim) by extension 'ignore'
[0.317s] Level 1:colcon.colcon_core.package_identification:_identify(docker_kaist_aim) by extension 'ignore_ament_install'
[0.317s] Level 1:colcon.colcon_core.package_identification:_identify(docker_kaist_aim) by extensions ['colcon_pkg']
[0.317s] Level 1:colcon.colcon_core.package_identification:_identify(docker_kaist_aim) by extension 'colcon_pkg'
[0.317s] Level 1:colcon.colcon_core.package_identification:_identify(docker_kaist_aim) by extensions ['colcon_meta']
[0.317s] Level 1:colcon.colcon_core.package_identification:_identify(docker_kaist_aim) by extension 'colcon_meta'
[0.317s] Level 1:colcon.colcon_core.package_identification:_identify(docker_kaist_aim) by extensions ['ros']
[0.317s] Level 1:colcon.colcon_core.package_identification:_identify(docker_kaist_aim) by extension 'ros'
[0.317s] Level 1:colcon.colcon_core.package_identification:_identify(docker_kaist_aim) by extensions ['cmake', 'python']
[0.317s] Level 1:colcon.colcon_core.package_identification:_identify(docker_kaist_aim) by extension 'cmake'
[0.317s] Level 1:colcon.colcon_core.package_identification:_identify(docker_kaist_aim) by extension 'python'
[0.317s] Level 1:colcon.colcon_core.package_identification:_identify(docker_kaist_aim) by extensions ['python_setup_py']
[0.317s] Level 1:colcon.colcon_core.package_identification:_identify(docker_kaist_aim) by extension 'python_setup_py'
[0.318s] Level 1:colcon.colcon_core.package_identification:_identify(install) by extensions ['ignore', 'ignore_ament_install']
[0.318s] Level 1:colcon.colcon_core.package_identification:_identify(install) by extension 'ignore'
[0.318s] Level 1:colcon.colcon_core.package_identification:_identify(install) ignored
[0.318s] Level 1:colcon.colcon_core.package_identification:_identify(localization) by extensions ['ignore', 'ignore_ament_install']
[0.318s] Level 1:colcon.colcon_core.package_identification:_identify(localization) by extension 'ignore'
[0.318s] Level 1:colcon.colcon_core.package_identification:_identify(localization) by extension 'ignore_ament_install'
[0.318s] Level 1:colcon.colcon_core.package_identification:_identify(localization) by extensions ['colcon_pkg']
[0.318s] Level 1:colcon.colcon_core.package_identification:_identify(localization) by extension 'colcon_pkg'
[0.318s] Level 1:colcon.colcon_core.package_identification:_identify(localization) by extensions ['colcon_meta']
[0.318s] Level 1:colcon.colcon_core.package_identification:_identify(localization) by extension 'colcon_meta'
[0.318s] Level 1:colcon.colcon_core.package_identification:_identify(localization) by extensions ['ros']
[0.318s] Level 1:colcon.colcon_core.package_identification:_identify(localization) by extension 'ros'
[0.318s] Level 1:colcon.colcon_core.package_identification:_identify(localization) by extensions ['cmake', 'python']
[0.318s] Level 1:colcon.colcon_core.package_identification:_identify(localization) by extension 'cmake'
[0.318s] Level 1:colcon.colcon_core.package_identification:_identify(localization) by extension 'python'
[0.318s] Level 1:colcon.colcon_core.package_identification:_identify(localization) by extensions ['python_setup_py']
[0.318s] Level 1:colcon.colcon_core.package_identification:_identify(localization) by extension 'python_setup_py'
[0.318s] Level 1:colcon.colcon_core.package_identification:_identify(log) by extensions ['ignore', 'ignore_ament_install']
[0.318s] Level 1:colcon.colcon_core.package_identification:_identify(log) by extension 'ignore'
[0.318s] Level 1:colcon.colcon_core.package_identification:_identify(log) ignored
[0.319s] Level 1:colcon.colcon_core.package_identification:_identify(mission_1_1) by extensions ['ignore', 'ignore_ament_install']
[0.319s] Level 1:colcon.colcon_core.package_identification:_identify(mission_1_1) by extension 'ignore'
[0.319s] Level 1:colcon.colcon_core.package_identification:_identify(mission_1_1) by extension 'ignore_ament_install'
[0.319s] Level 1:colcon.colcon_core.package_identification:_identify(mission_1_1) by extensions ['colcon_pkg']
[0.319s] Level 1:colcon.colcon_core.package_identification:_identify(mission_1_1) by extension 'colcon_pkg'
[0.319s] Level 1:colcon.colcon_core.package_identification:_identify(mission_1_1) by extensions ['colcon_meta']
[0.319s] Level 1:colcon.colcon_core.package_identification:_identify(mission_1_1) by extension 'colcon_meta'
[0.319s] Level 1:colcon.colcon_core.package_identification:_identify(mission_1_1) by extensions ['ros']
[0.319s] Level 1:colcon.colcon_core.package_identification:_identify(mission_1_1) by extension 'ros'
[0.319s] Level 1:colcon.colcon_core.package_identification:_identify(mission_1_1) by extensions ['cmake', 'python']
[0.319s] Level 1:colcon.colcon_core.package_identification:_identify(mission_1_1) by extension 'cmake'
[0.319s] Level 1:colcon.colcon_core.package_identification:_identify(mission_1_1) by extension 'python'
[0.319s] Level 1:colcon.colcon_core.package_identification:_identify(mission_1_1) by extensions ['python_setup_py']
[0.319s] Level 1:colcon.colcon_core.package_identification:_identify(mission_1_1) by extension 'python_setup_py'
[0.319s] Level 1:colcon.colcon_core.package_identification:_identify(mission_1_2) by extensions ['ignore', 'ignore_ament_install']
[0.319s] Level 1:colcon.colcon_core.package_identification:_identify(mission_1_2) by extension 'ignore'
[0.319s] Level 1:colcon.colcon_core.package_identification:_identify(mission_1_2) by extension 'ignore_ament_install'
[0.319s] Level 1:colcon.colcon_core.package_identification:_identify(mission_1_2) by extensions ['colcon_pkg']
[0.319s] Level 1:colcon.colcon_core.package_identification:_identify(mission_1_2) by extension 'colcon_pkg'
[0.319s] Level 1:colcon.colcon_core.package_identification:_identify(mission_1_2) by extensions ['colcon_meta']
[0.319s] Level 1:colcon.colcon_core.package_identification:_identify(mission_1_2) by extension 'colcon_meta'
[0.319s] Level 1:colcon.colcon_core.package_identification:_identify(mission_1_2) by extensions ['ros']
[0.319s] Level 1:colcon.colcon_core.package_identification:_identify(mission_1_2) by extension 'ros'
[0.319s] Level 1:colcon.colcon_core.package_identification:_identify(mission_1_2) by extensions ['cmake', 'python']
[0.319s] Level 1:colcon.colcon_core.package_identification:_identify(mission_1_2) by extension 'cmake'
[0.320s] Level 1:colcon.colcon_core.package_identification:_identify(mission_1_2) by extension 'python'
[0.320s] Level 1:colcon.colcon_core.package_identification:_identify(mission_1_2) by extensions ['python_setup_py']
[0.320s] Level 1:colcon.colcon_core.package_identification:_identify(mission_1_2) by extension 'python_setup_py'
[0.320s] Level 1:colcon.colcon_core.package_identification:_identify(perception) by extensions ['ignore', 'ignore_ament_install']
[0.320s] Level 1:colcon.colcon_core.package_identification:_identify(perception) by extension 'ignore'
[0.320s] Level 1:colcon.colcon_core.package_identification:_identify(perception) by extension 'ignore_ament_install'
[0.320s] Level 1:colcon.colcon_core.package_identification:_identify(perception) by extensions ['colcon_pkg']
[0.320s] Level 1:colcon.colcon_core.package_identification:_identify(perception) by extension 'colcon_pkg'
[0.320s] Level 1:colcon.colcon_core.package_identification:_identify(perception) by extensions ['colcon_meta']
[0.320s] Level 1:colcon.colcon_core.package_identification:_identify(perception) by extension 'colcon_meta'
[0.320s] Level 1:colcon.colcon_core.package_identification:_identify(perception) by extensions ['ros']
[0.320s] Level 1:colcon.colcon_core.package_identification:_identify(perception) by extension 'ros'
[0.320s] Level 1:colcon.colcon_core.package_identification:_identify(perception) by extensions ['cmake', 'python']
[0.320s] Level 1:colcon.colcon_core.package_identification:_identify(perception) by extension 'cmake'
[0.320s] Level 1:colcon.colcon_core.package_identification:_identify(perception) by extension 'python'
[0.320s] Level 1:colcon.colcon_core.package_identification:_identify(perception) by extensions ['python_setup_py']
[0.320s] Level 1:colcon.colcon_core.package_identification:_identify(perception) by extension 'python_setup_py'
[0.320s] Level 1:colcon.colcon_core.package_identification:_identify(src) by extensions ['ignore', 'ignore_ament_install']
[0.320s] Level 1:colcon.colcon_core.package_identification:_identify(src) by extension 'ignore'
[0.320s] Level 1:colcon.colcon_core.package_identification:_identify(src) by extension 'ignore_ament_install'
[0.320s] Level 1:colcon.colcon_core.package_identification:_identify(src) by extensions ['colcon_pkg']
[0.320s] Level 1:colcon.colcon_core.package_identification:_identify(src) by extension 'colcon_pkg'
[0.320s] Level 1:colcon.colcon_core.package_identification:_identify(src) by extensions ['colcon_meta']
[0.320s] Level 1:colcon.colcon_core.package_identification:_identify(src) by extension 'colcon_meta'
[0.320s] Level 1:colcon.colcon_core.package_identification:_identify(src) by extensions ['ros']
[0.321s] Level 1:colcon.colcon_core.package_identification:_identify(src) by extension 'ros'
[0.321s] Level 1:colcon.colcon_core.package_identification:_identify(src) by extensions ['cmake', 'python']
[0.321s] Level 1:colcon.colcon_core.package_identification:_identify(src) by extension 'cmake'
[0.321s] Level 1:colcon.colcon_core.package_identification:_identify(src) by extension 'python'
[0.321s] Level 1:colcon.colcon_core.package_identification:_identify(src) by extensions ['python_setup_py']
[0.321s] Level 1:colcon.colcon_core.package_identification:_identify(src) by extension 'python_setup_py'
[0.321s] Level 1:colcon.colcon_core.package_identification:_identify(src/global_path) by extensions ['ignore', 'ignore_ament_install']
[0.321s] Level 1:colcon.colcon_core.package_identification:_identify(src/global_path) by extension 'ignore'
[0.321s] Level 1:colcon.colcon_core.package_identification:_identify(src/global_path) by extension 'ignore_ament_install'
[0.321s] Level 1:colcon.colcon_core.package_identification:_identify(src/global_path) by extensions ['colcon_pkg']
[0.321s] Level 1:colcon.colcon_core.package_identification:_identify(src/global_path) by extension 'colcon_pkg'
[0.321s] Level 1:colcon.colcon_core.package_identification:_identify(src/global_path) by extensions ['colcon_meta']
[0.321s] Level 1:colcon.colcon_core.package_identification:_identify(src/global_path) by extension 'colcon_meta'
[0.321s] Level 1:colcon.colcon_core.package_identification:_identify(src/global_path) by extensions ['ros']
[0.321s] Level 1:colcon.colcon_core.package_identification:_identify(src/global_path) by extension 'ros'
[0.321s] Level 1:colcon.colcon_core.package_identification:_identify(src/global_path) by extensions ['cmake', 'python']
[0.321s] Level 1:colcon.colcon_core.package_identification:_identify(src/global_path) by extension 'cmake'
[0.321s] Level 1:colcon.colcon_core.package_identification:_identify(src/global_path) by extension 'python'
[0.321s] Level 1:colcon.colcon_core.package_identification:_identify(src/global_path) by extensions ['python_setup_py']
[0.321s] Level 1:colcon.colcon_core.package_identification:_identify(src/global_path) by extension 'python_setup_py'
[0.321s] Level 1:colcon.colcon_core.package_identification:_identify(src/mission_2) by extensions ['ignore', 'ignore_ament_install']
[0.321s] Level 1:colcon.colcon_core.package_identification:_identify(src/mission_2) by extension 'ignore'
[0.322s] Level 1:colcon.colcon_core.package_identification:_identify(src/mission_2) by extension 'ignore_ament_install'
[0.322s] Level 1:colcon.colcon_core.package_identification:_identify(src/mission_2) by extensions ['colcon_pkg']
[0.322s] Level 1:colcon.colcon_core.package_identification:_identify(src/mission_2) by extension 'colcon_pkg'
[0.322s] Level 1:colcon.colcon_core.package_identification:_identify(src/mission_2) by extensions ['colcon_meta']
[0.322s] Level 1:colcon.colcon_core.package_identification:_identify(src/mission_2) by extension 'colcon_meta'
[0.322s] Level 1:colcon.colcon_core.package_identification:_identify(src/mission_2) by extensions ['ros']
[0.322s] Level 1:colcon.colcon_core.package_identification:_identify(src/mission_2) by extension 'ros'
[0.322s] Level 1:colcon.colcon_core.package_identification:_identify(src/mission_2) by extensions ['cmake', 'python']
[0.322s] Level 1:colcon.colcon_core.package_identification:_identify(src/mission_2) by extension 'cmake'
[0.322s] Level 1:colcon.colcon_core.package_identification:_identify(src/mission_2) by extension 'python'
[0.322s] Level 1:colcon.colcon_core.package_identification:_identify(src/mission_2) by extensions ['python_setup_py']
[0.322s] Level 1:colcon.colcon_core.package_identification:_identify(src/mission_2) by extension 'python_setup_py'
[0.322s] Level 1:colcon.colcon_core.package_identification:_identify(src/mission_3) by extensions ['ignore', 'ignore_ament_install']
[0.322s] Level 1:colcon.colcon_core.package_identification:_identify(src/mission_3) by extension 'ignore'
[0.322s] Level 1:colcon.colcon_core.package_identification:_identify(src/mission_3) by extension 'ignore_ament_install'
[0.322s] Level 1:colcon.colcon_core.package_identification:_identify(src/mission_3) by extensions ['colcon_pkg']
[0.322s] Level 1:colcon.colcon_core.package_identification:_identify(src/mission_3) by extension 'colcon_pkg'
[0.322s] Level 1:colcon.colcon_core.package_identification:_identify(src/mission_3) by extensions ['colcon_meta']
[0.322s] Level 1:colcon.colcon_core.package_identification:_identify(src/mission_3) by extension 'colcon_meta'
[0.322s] Level 1:colcon.colcon_core.package_identification:_identify(src/mission_3) by extensions ['ros']
[0.322s] Level 1:colcon.colcon_core.package_identification:_identify(src/mission_3) by extension 'ros'
[0.322s] Level 1:colcon.colcon_core.package_identification:_identify(src/mission_3) by extensions ['cmake', 'python']
[0.322s] Level 1:colcon.colcon_core.package_identification:_identify(src/mission_3) by extension 'cmake'
[0.322s] Level 1:colcon.colcon_core.package_identification:_identify(src/mission_3) by extension 'python'
[0.322s] Level 1:colcon.colcon_core.package_identification:_identify(src/mission_3) by extensions ['python_setup_py']
[0.322s] Level 1:colcon.colcon_core.package_identification:_identify(src/mission_3) by extension 'python_setup_py'
[0.323s] Level 1:colcon.colcon_core.package_discovery:discover_packages(recursive) using defaults
[0.323s] Level 1:colcon.colcon_core.package_discovery:discover_packages(ignore) discover
[0.323s] Level 1:colcon.colcon_core.package_discovery:discover_packages(ignore) using defaults
[0.323s] Level 1:colcon.colcon_core.package_discovery:discover_packages(path) discover
[0.323s] Level 1:colcon.colcon_core.package_discovery:discover_packages(path) using defaults
[0.344s] Level 5:colcon.colcon_core.verb:set package 'domain_bridge' build argument 'cmake_args' from command line to 'None'
[0.344s] Level 5:colcon.colcon_core.verb:set package 'domain_bridge' build argument 'cmake_target' from command line to 'None'
[0.344s] Level 5:colcon.colcon_core.verb:set package 'domain_bridge' build argument 'cmake_target_skip_unavailable' from command line to 'False'
[0.344s] Level 5:colcon.colcon_core.verb:set package 'domain_bridge' build argument 'cmake_clean_cache' from command line to 'False'
[0.344s] Level 5:colcon.colcon_core.verb:set package 'domain_bridge' build argument 'cmake_clean_first' from command line to 'False'
[0.345s] Level 5:colcon.colcon_core.verb:set package 'domain_bridge' build argument 'cmake_force_configure' from command line to 'False'
[0.345s] Level 5:colcon.colcon_core.verb:set package 'domain_bridge' build argument 'ament_cmake_args' from command line to 'None'
[0.345s] Level 5:colcon.colcon_core.verb:set package 'domain_bridge' build argument 'catkin_cmake_args' from command line to 'None'
[0.345s] Level 5:colcon.colcon_core.verb:set package 'domain_bridge' build argument 'catkin_skip_building_tests' from command line to 'False'
[0.345s] DEBUG:colcon.colcon_core.verb:Building package 'domain_bridge' with the following arguments: {'ament_cmake_args': None, 'build_base': '/root/TEAM_AIM/build/domain_bridge', 'catkin_cmake_args': None, 'catkin_skip_building_tests': False, 'cmake_args': None, 'cmake_clean_cache': False, 'cmake_clean_first': False, 'cmake_force_configure': False, 'cmake_target': None, 'cmake_target_skip_unavailable': False, 'install_base': '/root/TEAM_AIM/install/domain_bridge', 'merge_install': False, 'path': '/root/TEAM_AIM/Mobility_Challenge_Simulator/src/domain_bridge', 'symlink_install': False, 'test_result_base': None}
[0.345s] Level 5:colcon.colcon_core.verb:set package 'scene_srv' build argument 'cmake_args' from command line to 'None'
[0.346s] Level 5:colcon.colcon_core.verb:set package 'scene_srv' build argument 'cmake_target' from command line to 'None'
[0.346s] Level 5:colcon.colcon_core.verb:set package 'scene_srv' build argument 'cmake_target_skip_unavailable' from command line to 'False'
[0.346s] Level 5:colcon.colcon_core.verb:set package 'scene_srv' build argument 'cmake_clean_cache' from command line to 'False'
[0.346s] Level 5:colcon.colcon_core.verb:set package 'scene_srv' build argument 'cmake_clean_first' from command line to 'False'
[0.346s] Level 5:colcon.colcon_core.verb:set package 'scene_srv' build argument 'cmake_force_configure' from command line to 'False'
[0.346s] Level 5:colcon.colcon_core.verb:set package 'scene_srv' build argument 'ament_cmake_args' from command line to 'None'
[0.346s] Level 5:colcon.colcon_core.verb:set package 'scene_srv' build argument 'catkin_cmake_args' from command line to 'None'
[0.346s] Level 5:colcon.colcon_core.verb:set package 'scene_srv' build argument 'catkin_skip_building_tests' from command line to 'False'
[0.346s] DEBUG:colcon.colcon_core.verb:Building package 'scene_srv' with the following arguments: {'ament_cmake_args': None, 'build_base': '/root/TEAM_AIM/build/scene_srv', 'catkin_cmake_args': None, 'catkin_skip_building_tests': False, 'cmake_args': None, 'cmake_clean_cache': False, 'cmake_clean_first': False, 'cmake_force_configure': False, 'cmake_target': None, 'cmake_target_skip_unavailable': False, 'install_base': '/root/TEAM_AIM/install/scene_srv', 'merge_install': False, 'path': '/root/TEAM_AIM/Mobility_Challenge_Simulator/src/scene_srv', 'symlink_install': False, 'test_result_base': None}
[0.347s] Level 5:colcon.colcon_core.verb:set package 'simulator_launch' build argument 'cmake_args' from command line to 'None'
[0.347s] Level 5:colcon.colcon_core.verb:set package 'simulator_launch' build argument 'cmake_target' from command line to 'None'
[0.347s] Level 5:colcon.colcon_core.verb:set package 'simulator_launch' build argument 'cmake_target_skip_unavailable' from command line to 'False'
[0.347s] Level 5:colcon.colcon_core.verb:set package 'simulator_launch' build argument 'cmake_clean_cache' from command line to 'False'
[0.347s] Level 5:colcon.colcon_core.verb:set package 'simulator_launch' build argument 'cmake_clean_first' from command line to 'False'
[0.347s] Level 5:colcon.colcon_core.verb:set package 'simulator_launch' build argument 'cmake_force_configure' from command line to 'False'
[0.347s] Level 5:colcon.colcon_core.verb:set package 'simulator_launch' build argument 'ament_cmake_args' from command line to 'None'
[0.347s] Level 5:colcon.colcon_core.verb:set package 'simulator_launch' build argument 'catkin_cmake_args' from command line to 'None'
[0.347s] Level 5:colcon.colcon_core.verb:set package 'simulator_launch' build argument 'catkin_skip_building_tests' from command line to 'False'
[0.347s] DEBUG:colcon.colcon_core.verb:Building package 'simulator_launch' with the following arguments: {'ament_cmake_args': None, 'build_base': '/root/TEAM_AIM/build/simulator_launch', 'catkin_cmake_args': None, 'catkin_skip_building_tests': False, 'cmake_args': None, 'cmake_clean_cache': False, 'cmake_clean_first': False, 'cmake_force_configure': False, 'cmake_target': None, 'cmake_target_skip_unavailable': False, 'install_base': '/root/TEAM_AIM/install/simulator_launch', 'merge_install': False, 'path': '/root/TEAM_AIM/Mobility_Challenge_Simulator/src/simulator_launch', 'symlink_install': False, 'test_result_base': None}
[0.348s] Level 5:colcon.colcon_core.verb:set package 'communication_manager' build argument 'cmake_args' from command line to 'None'
[0.348s] Level 5:colcon.colcon_core.verb:set package 'communication_manager' build argument 'cmake_target' from command line to 'None'
[0.348s] Level 5:colcon.colcon_core.verb:set package 'communication_manager' build argument 'cmake_target_skip_unavailable' from command line to 'False'
[0.348s] Level 5:colcon.colcon_core.verb:set package 'communication_manager' build argument 'cmake_clean_cache' from command line to 'False'
[0.348s] Level 5:colcon.colcon_core.verb:set package 'communication_manager' build argument 'cmake_clean_first' from command line to 'False'
[0.348s] Level 5:colcon.colcon_core.verb:set package 'communication_manager' build argument 'cmake_force_configure' from command line to 'False'
[0.348s] Level 5:colcon.colcon_core.verb:set package 'communication_manager' build argument 'ament_cmake_args' from command line to 'None'
[0.348s] Level 5:colcon.colcon_core.verb:set package 'communication_manager' build argument 'catkin_cmake_args' from command line to 'None'
[0.348s] Level 5:colcon.colcon_core.verb:set package 'communication_manager' build argument 'catkin_skip_building_tests' from command line to 'False'
[0.348s] DEBUG:colcon.colcon_core.verb:Building package 'communication_manager' with the following arguments: {'ament_cmake_args': None, 'build_base': '/root/TEAM_AIM/build/communication_manager', 'catkin_cmake_args': None, 'catkin_skip_building_tests': False, 'cmake_args': None, 'cmake_clean_cache': False, 'cmake_clean_first': False, 'cmake_force_configure': False, 'cmake_target': None, 'cmake_target_skip_unavailable': False, 'install_base': '/root/TEAM_AIM/install/communication_manager', 'merge_install': False, 'path': '/root/TEAM_AIM/Mobility_Challenge_Simulator/src/communication_manager', 'symlink_install': False, 'test_result_base': None}
[0.349s] Level 5:colcon.colcon_core.verb:set package 'hv_handler' build argument 'cmake_args' from command line to 'None'
[0.349s] Level 5:colcon.colcon_core.verb:set package 'hv_handler' build argument 'cmake_target' from command line to 'None'
[0.349s] Level 5:colcon.colcon_core.verb:set package 'hv_handler' build argument 'cmake_target_skip_unavailable' from command line to 'False'
[0.349s] Level 5:colcon.colcon_core.verb:set package 'hv_handler' build argument 'cmake_clean_cache' from command line to 'False'
[0.349s] Level 5:colcon.colcon_core.verb:set package 'hv_handler' build argument 'cmake_clean_first' from command line to 'False'
[0.349s] Level 5:colcon.colcon_core.verb:set package 'hv_handler' build argument 'cmake_force_configure' from command line to 'False'
[0.349s] Level 5:colcon.colcon_core.verb:set package 'hv_handler' build argument 'ament_cmake_args' from command line to 'None'
[0.349s] Level 5:colcon.colcon_core.verb:set package 'hv_handler' build argument 'catkin_cmake_args' from command line to 'None'
[0.349s] Level 5:colcon.colcon_core.verb:set package 'hv_handler' build argument 'catkin_skip_building_tests' from command line to 'False'
[0.349s] DEBUG:colcon.colcon_core.verb:Building package 'hv_handler' with the following arguments: {'ament_cmake_args': None, 'build_base': '/root/TEAM_AIM/build/hv_handler', 'catkin_cmake_args': None, 'catkin_skip_building_tests': False, 'cmake_args': None, 'cmake_clean_cache': False, 'cmake_clean_first': False, 'cmake_force_configure': False, 'cmake_target': None, 'cmake_target_skip_unavailable': False, 'install_base': '/root/TEAM_AIM/install/hv_handler', 'merge_install': False, 'path': '/root/TEAM_AIM/Mobility_Challenge_Simulator/src/hv_handler', 'symlink_install': False, 'test_result_base': None}
[0.350s] Level 5:colcon.colcon_core.verb:set package 'simulator' build argument 'cmake_args' from command line to 'None'
[0.350s] Level 5:colcon.colcon_core.verb:set package 'simulator' build argument 'cmake_target' from command line to 'None'
[0.350s] Level 5:colcon.colcon_core.verb:set package 'simulator' build argument 'cmake_target_skip_unavailable' from command line to 'False'
[0.350s] Level 5:colcon.colcon_core.verb:set package 'simulator' build argument 'cmake_clean_cache' from command line to 'False'
[0.350s] Level 5:colcon.colcon_core.verb:set package 'simulator' build argument 'cmake_clean_first' from command line to 'False'
[0.350s] Level 5:colcon.colcon_core.verb:set package 'simulator' build argument 'cmake_force_configure' from command line to 'False'
[0.350s] Level 5:colcon.colcon_core.verb:set package 'simulator' build argument 'ament_cmake_args' from command line to 'None'
[0.350s] Level 5:colcon.colcon_core.verb:set package 'simulator' build argument 'catkin_cmake_args' from command line to 'None'
[0.350s] Level 5:colcon.colcon_core.verb:set package 'simulator' build argument 'catkin_skip_building_tests' from command line to 'False'
[0.350s] DEBUG:colcon.colcon_core.verb:Building package 'simulator' with the following arguments: {'ament_cmake_args': None, 'build_base': '/root/TEAM_AIM/build/simulator', 'catkin_cmake_args': None, 'catkin_skip_building_tests': False, 'cmake_args': None, 'cmake_clean_cache': False, 'cmake_clean_first': False, 'cmake_force_configure': False, 'cmake_target': None, 'cmake_target_skip_unavailable': False, 'install_base': '/root/TEAM_AIM/install/simulator', 'merge_install': False, 'path': '/root/TEAM_AIM/Mobility_Challenge_Simulator/src/simulator', 'symlink_install': False, 'test_result_base': None}
[0.351s] INFO:colcon.colcon_core.executor:Executing jobs using 'parallel' executor
[0.355s] DEBUG:colcon.colcon_parallel_executor.executor.parallel:run_until_complete
[0.356s] INFO:colcon.colcon_ros.task.ament_cmake.build:Building ROS package in '/root/TEAM_AIM/Mobility_Challenge_Simulator/src/scene_srv' with build type 'ament_cmake'
[0.356s] INFO:colcon.colcon_cmake.task.cmake.build:Building CMake package in '/root/TEAM_AIM/Mobility_Challenge_Simulator/src/scene_srv'
[0.360s] INFO:colcon.colcon_core.plugin_system:Skipping extension 'colcon_core.shell.bat': Not used on non-Windows systems
[0.360s] INFO:colcon.colcon_core.shell:Skip shell extension 'powershell' for command environment: Not usable outside of PowerShell
[0.360s] DEBUG:colcon.colcon_core.shell:Skip shell extension 'dsv' for command environment
[0.368s] INFO:colcon.colcon_ros.task.ament_cmake.build:Building ROS package in '/root/TEAM_AIM/Mobility_Challenge_Simulator/src/domain_bridge' with build type 'ament_cmake'
[0.368s] INFO:colcon.colcon_cmake.task.cmake.build:Building CMake package in '/root/TEAM_AIM/Mobility_Challenge_Simulator/src/domain_bridge'
[0.371s] INFO:colcon.colcon_core.shell:Skip shell extension 'powershell' for command environment: Not usable outside of PowerShell
[0.371s] DEBUG:colcon.colcon_core.shell:Skip shell extension 'dsv' for command environment
[0.387s] INFO:colcon.colcon_ros.task.ament_cmake.build:Building ROS package in '/root/TEAM_AIM/Mobility_Challenge_Simulator/src/simulator_launch' with build type 'ament_cmake'
[0.387s] INFO:colcon.colcon_cmake.task.cmake.build:Building CMake package in '/root/TEAM_AIM/Mobility_Challenge_Simulator/src/simulator_launch'
[0.390s] INFO:colcon.colcon_core.shell:Skip shell extension 'powershell' for command environment: Not usable outside of PowerShell
[0.391s] DEBUG:colcon.colcon_core.shell:Skip shell extension 'dsv' for command environment
[0.413s] DEBUG:colcon.colcon_core.event_handler.log_command:Invoking command in '/root/TEAM_AIM/build/scene_srv': CMAKE_PREFIX_PATH=/opt/ros/foxy /usr/bin/cmake --build /root/TEAM_AIM/build/scene_srv -- -j16 -l16
[0.430s] DEBUG:colcon.colcon_core.event_handler.log_command:Invoking command in '/root/TEAM_AIM/build/domain_bridge': CMAKE_PREFIX_PATH=/opt/ros/foxy /usr/bin/cmake /root/TEAM_AIM/Mobility_Challenge_Simulator/src/domain_bridge -DCMAKE_INSTALL_PREFIX=/root/TEAM_AIM/install/domain_bridge
[0.442s] DEBUG:colcon.colcon_core.event_handler.log_command:Invoking command in '/root/TEAM_AIM/build/simulator_launch': CMAKE_PREFIX_PATH=/opt/ros/foxy /usr/bin/cmake --build /root/TEAM_AIM/build/simulator_launch -- -j16 -l16
[0.522s] DEBUG:colcon.colcon_core.event_handler.log_command:Invoked command in '/root/TEAM_AIM/build/simulator_launch' returned '0': CMAKE_PREFIX_PATH=/opt/ros/foxy /usr/bin/cmake --build /root/TEAM_AIM/build/simulator_launch -- -j16 -l16
[0.574s] DEBUG:colcon.colcon_core.event_handler.log_command:Invoking command in '/root/TEAM_AIM/build/simulator_launch': CMAKE_PREFIX_PATH=/opt/ros/foxy /usr/bin/cmake --install /root/TEAM_AIM/build/simulator_launch
[0.595s] Level 1:colcon.colcon_core.environment:create_environment_scripts_only(simulator_launch)
[0.596s] DEBUG:colcon.colcon_core.event_handler.log_command:Invoked command in '/root/TEAM_AIM/build/simulator_launch' returned '0': CMAKE_PREFIX_PATH=/opt/ros/foxy /usr/bin/cmake --install /root/TEAM_AIM/build/simulator_launch
[0.606s] Level 1:colcon.colcon_core.environment:checking '/root/TEAM_AIM/install/simulator_launch' for CMake module files
[0.606s] Level 1:colcon.colcon_core.environment:checking '/root/TEAM_AIM/install/simulator_launch' for CMake config files
[0.607s] Level 1:colcon.colcon_core.shell:create_environment_hook('simulator_launch', 'cmake_prefix_path')
[0.609s] INFO:colcon.colcon_core.shell:Creating environment hook '/root/TEAM_AIM/install/simulator_launch/share/simulator_launch/hook/cmake_prefix_path.ps1'
[0.611s] INFO:colcon.colcon_core.shell:Creating environment descriptor '/root/TEAM_AIM/install/simulator_launch/share/simulator_launch/hook/cmake_prefix_path.dsv'
[0.612s] INFO:colcon.colcon_core.shell:Creating environment hook '/root/TEAM_AIM/install/simulator_launch/share/simulator_launch/hook/cmake_prefix_path.sh'
[0.613s] Level 1:colcon.colcon_core.environment:checking '/root/TEAM_AIM/install/simulator_launch/bin'
[0.613s] Level 1:colcon.colcon_core.environment:checking '/root/TEAM_AIM/install/simulator_launch/lib/pkgconfig/simulator_launch.pc'
[0.614s] Level 1:colcon.colcon_core.environment:checking '/root/TEAM_AIM/install/simulator_launch/lib/python3.8/site-packages'
[0.614s] Level 1:colcon.colcon_core.environment:checking '/root/TEAM_AIM/install/simulator_launch/bin'
[0.616s] INFO:colcon.colcon_core.shell:Creating package script '/root/TEAM_AIM/install/simulator_launch/share/simulator_launch/package.ps1'
[0.617s] INFO:colcon.colcon_core.shell:Creating package descriptor '/root/TEAM_AIM/install/simulator_launch/share/simulator_launch/package.dsv'
[0.618s] INFO:colcon.colcon_core.shell:Creating package script '/root/TEAM_AIM/install/simulator_launch/share/simulator_launch/package.sh'
[0.618s] INFO:colcon.colcon_core.shell:Creating package script '/root/TEAM_AIM/install/simulator_launch/share/simulator_launch/package.bash'
[0.619s] INFO:colcon.colcon_core.shell:Creating package script '/root/TEAM_AIM/install/simulator_launch/share/simulator_launch/package.zsh'
[0.620s] Level 1:colcon.colcon_core.environment:create_file_with_runtime_dependencies(/root/TEAM_AIM/install/simulator_launch/share/colcon-core/packages/simulator_launch)
[0.661s] Level 1:colcon.colcon_core.environment:create_environment_scripts_only(simulator_launch)
[0.665s] Level 1:colcon.colcon_core.environment:checking '/root/TEAM_AIM/install/simulator_launch' for CMake module files
[0.666s] Level 1:colcon.colcon_core.environment:checking '/root/TEAM_AIM/install/simulator_launch' for CMake config files
[0.666s] Level 1:colcon.colcon_core.shell:create_environment_hook('simulator_launch', 'cmake_prefix_path')
[0.669s] INFO:colcon.colcon_core.shell:Creating environment hook '/root/TEAM_AIM/install/simulator_launch/share/simulator_launch/hook/cmake_prefix_path.ps1'
[0.670s] INFO:colcon.colcon_core.shell:Creating environment descriptor '/root/TEAM_AIM/install/simulator_launch/share/simulator_launch/hook/cmake_prefix_path.dsv'
[0.670s] INFO:colcon.colcon_core.shell:Creating environment hook '/root/TEAM_AIM/install/simulator_launch/share/simulator_launch/hook/cmake_prefix_path.sh'
[0.670s] Level 1:colcon.colcon_core.environment:checking '/root/TEAM_AIM/install/simulator_launch/bin'
[0.671s] Level 1:colcon.colcon_core.environment:checking '/root/TEAM_AIM/install/simulator_launch/lib/pkgconfig/simulator_launch.pc'
[0.671s] Level 1:colcon.colcon_core.environment:checking '/root/TEAM_AIM/install/simulator_launch/lib/python3.8/site-packages'
[0.671s] Level 1:colcon.colcon_core.environment:checking '/root/TEAM_AIM/install/simulator_launch/bin'
[0.675s] INFO:colcon.colcon_core.shell:Creating package script '/root/TEAM_AIM/install/simulator_launch/share/simulator_launch/package.ps1'
[0.676s] INFO:colcon.colcon_core.shell:Creating package descriptor '/root/TEAM_AIM/install/simulator_launch/share/simulator_launch/package.dsv'
[0.676s] INFO:colcon.colcon_core.shell:Creating package script '/root/TEAM_AIM/install/simulator_launch/share/simulator_launch/package.sh'
[0.677s] INFO:colcon.colcon_core.shell:Creating package script '/root/TEAM_AIM/install/simulator_launch/share/simulator_launch/package.bash'
[0.677s] INFO:colcon.colcon_core.shell:Creating package script '/root/TEAM_AIM/install/simulator_launch/share/simulator_launch/package.zsh'
[0.678s] Level 1:colcon.colcon_core.environment:create_file_with_runtime_dependencies(/root/TEAM_AIM/install/simulator_launch/share/colcon-core/packages/simulator_launch)
[0.811s] DEBUG:colcon.colcon_core.event_handler.log_command:Invoked command in '/root/TEAM_AIM/build/scene_srv' returned '0': CMAKE_PREFIX_PATH=/opt/ros/foxy /usr/bin/cmake --build /root/TEAM_AIM/build/scene_srv -- -j16 -l16
[0.927s] DEBUG:colcon.colcon_core.event_handler.log_command:Invoking command in '/root/TEAM_AIM/build/scene_srv': CMAKE_PREFIX_PATH=/opt/ros/foxy /usr/bin/cmake --install /root/TEAM_AIM/build/scene_srv
[1.020s] Level 1:colcon.colcon_core.environment:create_environment_scripts_only(scene_srv)
[1.024s] Level 1:colcon.colcon_core.environment:checking '/root/TEAM_AIM/install/scene_srv' for CMake module files
[1.025s] DEBUG:colcon.colcon_core.event_handler.log_command:Invoked command in '/root/TEAM_AIM/build/scene_srv' returned '0': CMAKE_PREFIX_PATH=/opt/ros/foxy /usr/bin/cmake --install /root/TEAM_AIM/build/scene_srv
[1.026s] Level 1:colcon.colcon_core.environment:checking '/root/TEAM_AIM/install/scene_srv' for CMake config files
[1.026s] Level 1:colcon.colcon_core.shell:create_environment_hook('scene_srv', 'cmake_prefix_path')
[1.028s] INFO:colcon.colcon_core.shell:Creating environment hook '/root/TEAM_AIM/install/scene_srv/share/scene_srv/hook/cmake_prefix_path.ps1'
[1.029s] INFO:colcon.colcon_core.shell:Creating environment descriptor '/root/TEAM_AIM/install/scene_srv/share/scene_srv/hook/cmake_prefix_path.dsv'
[1.029s] INFO:colcon.colcon_core.shell:Creating environment hook '/root/TEAM_AIM/install/scene_srv/share/scene_srv/hook/cmake_prefix_path.sh'
[1.030s] Level 1:colcon.colcon_core.environment:checking '/root/TEAM_AIM/install/scene_srv/lib'
[1.030s] Level 1:colcon.colcon_core.shell:create_environment_hook('scene_srv', 'ld_library_path_lib')
[1.032s] INFO:colcon.colcon_core.shell:Creating environment hook '/root/TEAM_AIM/install/scene_srv/share/scene_srv/hook/ld_library_path_lib.ps1'
[1.032s] INFO:colcon.colcon_core.shell:Creating environment descriptor '/root/TEAM_AIM/install/scene_srv/share/scene_srv/hook/ld_library_path_lib.dsv'
[1.032s] INFO:colcon.colcon_core.shell:Creating environment hook '/root/TEAM_AIM/install/scene_srv/share/scene_srv/hook/ld_library_path_lib.sh'
[1.033s] Level 1:colcon.colcon_core.environment:checking '/root/TEAM_AIM/install/scene_srv/bin'
[1.033s] Level 1:colcon.colcon_core.environment:checking '/root/TEAM_AIM/install/scene_srv/lib/pkgconfig/scene_srv.pc'
[1.033s] Level 1:colcon.colcon_core.environment:checking '/root/TEAM_AIM/install/scene_srv/lib/python3.8/site-packages'
[1.033s] Level 1:colcon.colcon_core.shell:create_environment_hook('scene_srv', 'pythonpath')
[1.035s] INFO:colcon.colcon_core.shell:Creating environment hook '/root/TEAM_AIM/install/scene_srv/share/scene_srv/hook/pythonpath.ps1'
[1.035s] INFO:colcon.colcon_core.shell:Creating environment descriptor '/root/TEAM_AIM/install/scene_srv/share/scene_srv/hook/pythonpath.dsv'
[1.035s] INFO:colcon.colcon_core.shell:Creating environment hook '/root/TEAM_AIM/install/scene_srv/share/scene_srv/hook/pythonpath.sh'
[1.035s] Level 1:colcon.colcon_core.environment:checking '/root/TEAM_AIM/install/scene_srv/bin'
[1.037s] INFO:colcon.colcon_core.shell:Creating package script '/root/TEAM_AIM/install/scene_srv/share/scene_srv/package.ps1'
[1.038s] INFO:colcon.colcon_core.shell:Creating package descriptor '/root/TEAM_AIM/install/scene_srv/share/scene_srv/package.dsv'
[1.038s] INFO:colcon.colcon_core.shell:Creating package script '/root/TEAM_AIM/install/scene_srv/share/scene_srv/package.sh'
[1.038s] INFO:colcon.colcon_core.shell:Creating package script '/root/TEAM_AIM/install/scene_srv/share/scene_srv/package.bash'
[1.039s] INFO:colcon.colcon_core.shell:Creating package script '/root/TEAM_AIM/install/scene_srv/share/scene_srv/package.zsh'
[1.039s] Level 1:colcon.colcon_core.environment:create_file_with_runtime_dependencies(/root/TEAM_AIM/install/scene_srv/share/colcon-core/packages/scene_srv)
[1.167s] Level 1:colcon.colcon_core.environment:create_environment_scripts_only(scene_srv)
[1.170s] Level 1:colcon.colcon_core.environment:checking '/root/TEAM_AIM/install/scene_srv' for CMake module files
[1.171s] Level 1:colcon.colcon_core.environment:checking '/root/TEAM_AIM/install/scene_srv' for CMake config files
[1.171s] Level 1:colcon.colcon_core.shell:create_environment_hook('scene_srv', 'cmake_prefix_path')
[1.173s] INFO:colcon.colcon_core.shell:Creating environment hook '/root/TEAM_AIM/install/scene_srv/share/scene_srv/hook/cmake_prefix_path.ps1'
[1.174s] INFO:colcon.colcon_core.shell:Creating environment descriptor '/root/TEAM_AIM/install/scene_srv/share/scene_srv/hook/cmake_prefix_path.dsv'
[1.174s] INFO:colcon.colcon_core.shell:Creating environment hook '/root/TEAM_AIM/install/scene_srv/share/scene_srv/hook/cmake_prefix_path.sh'
[1.175s] Level 1:colcon.colcon_core.environment:checking '/root/TEAM_AIM/install/scene_srv/lib'
[1.175s] Level 1:colcon.colcon_core.shell:create_environment_hook('scene_srv', 'ld_library_path_lib')
[1.179s] INFO:colcon.colcon_core.shell:Creating environment hook '/root/TEAM_AIM/install/scene_srv/share/scene_srv/hook/ld_library_path_lib.ps1'
[1.180s] INFO:colcon.colcon_core.shell:Creating environment descriptor '/root/TEAM_AIM/install/scene_srv/share/scene_srv/hook/ld_library_path_lib.dsv'
[1.180s] INFO:colcon.colcon_core.shell:Creating environment hook '/root/TEAM_AIM/install/scene_srv/share/scene_srv/hook/ld_library_path_lib.sh'
[1.181s] Level 1:colcon.colcon_core.environment:checking '/root/TEAM_AIM/install/scene_srv/bin'
[1.181s] Level 1:colcon.colcon_core.environment:checking '/root/TEAM_AIM/install/scene_srv/lib/pkgconfig/scene_srv.pc'
[1.181s] Level 1:colcon.colcon_core.environment:checking '/root/TEAM_AIM/install/scene_srv/lib/python3.8/site-packages'
[1.182s] Level 1:colcon.colcon_core.shell:create_environment_hook('scene_srv', 'pythonpath')
[1.185s] INFO:colcon.colcon_core.shell:Creating environment hook '/root/TEAM_AIM/install/scene_srv/share/scene_srv/hook/pythonpath.ps1'
[1.185s] INFO:colcon.colcon_core.shell:Creating environment descriptor '/root/TEAM_AIM/install/scene_srv/share/scene_srv/hook/pythonpath.dsv'
[1.186s] INFO:colcon.colcon_core.shell:Creating environment hook '/root/TEAM_AIM/install/scene_srv/share/scene_srv/hook/pythonpath.sh'
[1.187s] Level 1:colcon.colcon_core.environment:checking '/root/TEAM_AIM/install/scene_srv/bin'
[1.189s] INFO:colcon.colcon_core.shell:Creating package script '/root/TEAM_AIM/install/scene_srv/share/scene_srv/package.ps1'
[1.190s] INFO:colcon.colcon_core.shell:Creating package descriptor '/root/TEAM_AIM/install/scene_srv/share/scene_srv/package.dsv'
[1.191s] INFO:colcon.colcon_core.shell:Creating package script '/root/TEAM_AIM/install/scene_srv/share/scene_srv/package.sh'
[1.191s] INFO:colcon.colcon_core.shell:Creating package script '/root/TEAM_AIM/install/scene_srv/share/scene_srv/package.bash'
[1.192s] INFO:colcon.colcon_core.shell:Creating package script '/root/TEAM_AIM/install/scene_srv/share/scene_srv/package.zsh'
[1.192s] Level 1:colcon.colcon_core.environment:create_file_with_runtime_dependencies(/root/TEAM_AIM/install/scene_srv/share/colcon-core/packages/scene_srv)
[1.193s] INFO:colcon.colcon_ros.task.ament_cmake.build:Building ROS package in '/root/TEAM_AIM/Mobility_Challenge_Simulator/src/hv_handler' with build type 'ament_cmake'
[1.193s] INFO:colcon.colcon_cmake.task.cmake.build:Building CMake package in '/root/TEAM_AIM/Mobility_Challenge_Simulator/src/hv_handler'
[1.196s] INFO:colcon.colcon_core.shell:Skip shell extension 'powershell' for command environment: Not usable outside of PowerShell
[1.196s] DEBUG:colcon.colcon_core.shell:Skip shell extension 'dsv' for command environment
[1.208s] INFO:colcon.colcon_ros.task.ament_cmake.build:Building ROS package in '/root/TEAM_AIM/Mobility_Challenge_Simulator/src/simulator' with build type 'ament_cmake'
[1.208s] INFO:colcon.colcon_cmake.task.cmake.build:Building CMake package in '/root/TEAM_AIM/Mobility_Challenge_Simulator/src/simulator'
[1.211s] INFO:colcon.colcon_core.shell:Skip shell extension 'powershell' for command environment: Not usable outside of PowerShell
[1.212s] DEBUG:colcon.colcon_core.shell:Skip shell extension 'dsv' for command environment
[1.232s] DEBUG:colcon.colcon_core.event_handler.log_command:Invoking command in '/root/TEAM_AIM/build/hv_handler': AMENT_PREFIX_PATH=/root/TEAM_AIM/install/scene_srv:${AMENT_PREFIX_PATH} CMAKE_PREFIX_PATH=/root/TEAM_AIM/install/scene_srv:/opt/ros/foxy LD_LIBRARY_PATH=/root/TEAM_AIM/install/scene_srv/lib:${LD_LIBRARY_PATH} PYTHONPATH=/root/TEAM_AIM/install/scene_srv/lib/python3.8/site-packages:${PYTHONPATH} /usr/bin/cmake /root/TEAM_AIM/Mobility_Challenge_Simulator/src/hv_handler -DCMAKE_INSTALL_PREFIX=/root/TEAM_AIM/install/hv_handler
[1.240s] DEBUG:colcon.colcon_core.event_handler.log_command:Invoking command in '/root/TEAM_AIM/build/simulator': AMENT_PREFIX_PATH=/root/TEAM_AIM/install/scene_srv:${AMENT_PREFIX_PATH} CMAKE_PREFIX_PATH=/root/TEAM_AIM/install/scene_srv:/opt/ros/foxy LD_LIBRARY_PATH=/root/TEAM_AIM/install/scene_srv/lib:${LD_LIBRARY_PATH} PYTHONPATH=/root/TEAM_AIM/install/scene_srv/lib/python3.8/site-packages:${PYTHONPATH} /usr/bin/cmake /root/TEAM_AIM/Mobility_Challenge_Simulator/src/simulator -DCMAKE_INSTALL_PREFIX=/root/TEAM_AIM/install/simulator
[2.191s] DEBUG:colcon.colcon_core.event_handler.log_command:Invoked command in '/root/TEAM_AIM/build/domain_bridge' returned '1': CMAKE_PREFIX_PATH=/opt/ros/foxy /usr/bin/cmake /root/TEAM_AIM/Mobility_Challenge_Simulator/src/domain_bridge -DCMAKE_INSTALL_PREFIX=/root/TEAM_AIM/install/domain_bridge
[2.217s] Level 1:colcon.colcon_core.environment:create_environment_scripts_only(domain_bridge)
[2.225s] Level 1:colcon.colcon_core.environment:checking '/root/TEAM_AIM/install/domain_bridge' for CMake module files
[2.226s] Level 1:colcon.colcon_core.environment:checking '/root/TEAM_AIM/install/domain_bridge' for CMake config files
[2.226s] Level 1:colcon.colcon_core.environment:checking '/root/TEAM_AIM/install/domain_bridge/bin'
[2.227s] Level 1:colcon.colcon_core.environment:checking '/root/TEAM_AIM/install/domain_bridge/lib/pkgconfig/domain_bridge.pc'
[2.227s] Level 1:colcon.colcon_core.environment:checking '/root/TEAM_AIM/install/domain_bridge/lib/python3.8/site-packages'
[2.228s] Level 1:colcon.colcon_core.environment:checking '/root/TEAM_AIM/install/domain_bridge/bin'
[2.231s] INFO:colcon.colcon_core.shell:Creating package script '/root/TEAM_AIM/install/domain_bridge/share/domain_bridge/package.ps1'
[2.232s] INFO:colcon.colcon_core.shell:Creating package descriptor '/root/TEAM_AIM/install/domain_bridge/share/domain_bridge/package.dsv'
[2.232s] INFO:colcon.colcon_core.shell:Creating package script '/root/TEAM_AIM/install/domain_bridge/share/domain_bridge/package.sh'
[2.233s] INFO:colcon.colcon_core.shell:Creating package script '/root/TEAM_AIM/install/domain_bridge/share/domain_bridge/package.bash'
[2.234s] INFO:colcon.colcon_core.shell:Creating package script '/root/TEAM_AIM/install/domain_bridge/share/domain_bridge/package.zsh'
[2.235s] Level 1:colcon.colcon_core.environment:create_file_with_runtime_dependencies(/root/TEAM_AIM/install/domain_bridge/share/colcon-core/packages/domain_bridge)
[3.838s] DEBUG:colcon.colcon_parallel_executor.executor.parallel:closing loop
[3.839s] DEBUG:colcon.colcon_parallel_executor.executor.parallel:loop closed
[3.840s] DEBUG:colcon.colcon_parallel_executor.executor.parallel:run_until_complete finished with '1'
[3.841s] DEBUG:colcon.colcon_core.event_reactor:joining thread
[3.851s] INFO:colcon.colcon_core.plugin_system:Skipping extension 'colcon_notification.desktop_notification.notify_send': Could not find 'notify-send'
[3.851s] INFO:colcon.colcon_core.plugin_system:Skipping extension 'colcon_notification.desktop_notification.terminal_notifier': Not used on non-Darwin systems
[3.851s] INFO:colcon.colcon_core.plugin_system:Skipping extension 'colcon_notification.desktop_notification.win32': Not used on non-Windows systems
[3.851s] INFO:colcon.colcon_notification.desktop_notification:Sending desktop notification using 'notify2'
[3.856s] DEBUG:colcon.colcon_notification.desktop_notification.notify2:Failed to initialize notify2: org.freedesktop.DBus.Error.Spawn.ExecFailed: /usr/bin/dbus-launch terminated abnormally without any error message
[3.857s] DEBUG:colcon.colcon_core.event_reactor:joined thread
[3.860s] INFO:colcon.colcon_core.shell:Creating prefix script '/root/TEAM_AIM/install/local_setup.ps1'
[3.863s] INFO:colcon.colcon_core.shell:Creating prefix util module '/root/TEAM_AIM/install/_local_setup_util_ps1.py'
[3.864s] INFO:colcon.colcon_core.shell:Creating prefix chain script '/root/TEAM_AIM/install/setup.ps1'
[3.866s] INFO:colcon.colcon_core.shell:Creating prefix script '/root/TEAM_AIM/install/local_setup.sh'
[3.867s] INFO:colcon.colcon_core.shell:Creating prefix util module '/root/TEAM_AIM/install/_local_setup_util_sh.py'
[3.868s] INFO:colcon.colcon_core.shell:Creating prefix chain script '/root/TEAM_AIM/install/setup.sh'
[3.870s] INFO:colcon.colcon_core.shell:Creating prefix script '/root/TEAM_AIM/install/local_setup.bash'
[3.870s] INFO:colcon.colcon_core.shell:Creating prefix chain script '/root/TEAM_AIM/install/setup.bash'
[3.872s] INFO:colcon.colcon_core.shell:Creating prefix script '/root/TEAM_AIM/install/local_setup.zsh'
[3.874s] INFO:colcon.colcon_core.shell:Creating prefix chain script '/root/TEAM_AIM/install/setup.zsh'
