[0.086s] Invoking command in '/root/TEAM_AIM/build/domain_bridge': CMAKE_PREFIX_PATH=/opt/ros/foxy /usr/bin/cmake /root/TEAM_AIM/Mobility_Challenge_Simulator/src/domain_bridge -DCMAKE_INSTALL_PREFIX=/root/TEAM_AIM/install/domain_bridge
[0.107s] -- Found ament_cmake: 0.9.12 (/opt/ros/foxy/share/ament_cmake/cmake)
[0.146s] -- Found PythonInterp: /usr/bin/python3 (found suitable version "3.8.10", minimum required is "3") 
[0.147s] -- Using PYTHON_EXECUTABLE: /usr/bin/python3
[0.441s] -- Found rcl: 1.1.14 (/opt/ros/foxy/share/rcl/cmake)
[0.482s] -- Using all available rosidl_typesupport_c: rosidl_typesupport_fastrtps_c;rosidl_typesupport_introspection_c
[0.487s] -- Found rosidl_adapter: 1.3.1 (/opt/ros/foxy/share/rosidl_adapter/cmake)
[0.760s] -- Using all available rosidl_typesupport_cpp: rosidl_typesupport_fastrtps_cpp;rosidl_typesupport_introspection_cpp
[0.836s] -- Found rmw_implementation_cmake: 1.0.4 (/opt/ros/foxy/share/rmw_implementation_cmake/cmake)
[0.838s] -- Using RMW implementation 'rmw_fastrtps_cpp' as default
[0.862s] -- Found rclcpp: 2.4.3 (/opt/ros/foxy/share/rclcpp/cmake)
[1.071s] -- Found rosbag2_cpp: 0.3.11 (/opt/ros/foxy/share/rosbag2_cpp/cmake)
[1.132s] -- Setting yaml-cpp_DIR to: '/opt/ros/foxy/share/yaml_cpp_vendor/cmake/../../../opt/yaml_cpp_vendor/lib/cmake/yaml-cpp'
[1.139s] -- Found rosidl_default_generators: 1.0.1 (/opt/ros/foxy/share/rosidl_default_generators/cmake)
[1.154s] -- Found zstd_vendor: 0.3.11 (/opt/ros/foxy/share/zstd_vendor/cmake)
[1.187s] -- Found PythonInterp: /usr/bin/python3 (found version "3.8.10") 
[1.371s] -- Found ament_cmake_ros: 0.9.2 (/opt/ros/foxy/share/ament_cmake_ros/cmake)
[1.643s] -- Using all available rosidl_typesupport_c: rosidl_typesupport_fastrtps_c;rosidl_typesupport_introspection_c
[1.659s] -- Using all available rosidl_typesupport_cpp: rosidl_typesupport_fastrtps_cpp;rosidl_typesupport_introspection_cpp
[1.704s] -- Found PythonInterp: /usr/bin/python3 (found suitable version "3.8.10", minimum required is "3.5") 
[1.704s] -- Found python_cmake_module: 0.8.1 (/opt/ros/foxy/share/python_cmake_module/cmake)
[1.752s] -- Using PYTHON_EXECUTABLE: /usr/bin/python3
[1.752s] -- Using PYTHON_INCLUDE_DIRS: /usr/include/python3.8
[1.752s] -- Using PYTHON_LIBRARIES: /usr/lib/x86_64-linux-gnu/libpython3.8.so
[1.836s] -- Configuring done
[1.940s] -- Generating done
[1.949s] -- Build files have been written to: /root/TEAM_AIM/build/domain_bridge
[1.965s] Invoked command in '/root/TEAM_AIM/build/domain_bridge' returned '0': CMAKE_PREFIX_PATH=/opt/ros/foxy /usr/bin/cmake /root/TEAM_AIM/Mobility_Challenge_Simulator/src/domain_bridge -DCMAKE_INSTALL_PREFIX=/root/TEAM_AIM/install/domain_bridge
[1.967s] Invoking command in '/root/TEAM_AIM/build/domain_bridge': CMAKE_PREFIX_PATH=/opt/ros/foxy /usr/bin/cmake --build /root/TEAM_AIM/build/domain_bridge -- -j16 -l16
[2.112s] [  6%] Built target domain_bridge__cpp
[2.112s] [  9%] Built target domain_bridge__rosidl_generator_c
[2.169s] [ 22%] Built target domain_bridge__rosidl_typesupport_cpp
[2.170s] [ 22%] Built target domain_bridge__rosidl_typesupport_introspection_cpp
[2.171s] [ 29%] Built target domain_bridge__rosidl_typesupport_introspection_c
[2.173s] [ 36%] Built target domain_bridge__rosidl_typesupport_c
[2.183s] [ 43%] Built target domain_bridge__rosidl_typesupport_fastrtps_cpp
[2.257s] [ 50%] Built target domain_bridge__rosidl_typesupport_fastrtps_c
[2.302s] [ 50%] Built target domain_bridge
[2.356s] [ 52%] Built target domain_bridge__py
[2.387s] [ 77%] Built target domain_bridge_lib
[2.408s] [ 81%] Built target domain_bridge__python
[2.451s] [ 86%] Built target domain_bridge_exec
[2.468s] [100%] Built target domain_bridge__rosidl_typesupport_fastrtps_c__pyext
[2.468s] [100%] Built target domain_bridge__rosidl_typesupport_introspection_c__pyext
[2.468s] [100%] Built target domain_bridge__rosidl_typesupport_c__pyext
[2.490s] Invoked command in '/root/TEAM_AIM/build/domain_bridge' returned '0': CMAKE_PREFIX_PATH=/opt/ros/foxy /usr/bin/cmake --build /root/TEAM_AIM/build/domain_bridge -- -j16 -l16
[2.668s] Invoking command in '/root/TEAM_AIM/build/domain_bridge': CMAKE_PREFIX_PATH=/opt/ros/foxy /usr/bin/cmake --install /root/TEAM_AIM/build/domain_bridge
[2.694s] -- Install configuration: ""
[2.694s] -- Up-to-date: /root/TEAM_AIM/install/domain_bridge/share/ament_index/resource_index/rosidl_interfaces/domain_bridge
[2.696s] -- Up-to-date: /root/TEAM_AIM/install/domain_bridge/include/domain_bridge
[2.696s] -- Up-to-date: /root/TEAM_AIM/install/domain_bridge/include/domain_bridge/msg
[2.697s] -- Up-to-date: /root/TEAM_AIM/install/domain_bridge/include/domain_bridge/msg/rosidl_generator_c__visibility_control.h
[2.697s] -- Up-to-date: /root/TEAM_AIM/install/domain_bridge/include/domain_bridge/msg/compressed_msg.h
[2.697s] -- Up-to-date: /root/TEAM_AIM/install/domain_bridge/include/domain_bridge/msg/detail
[2.697s] -- Up-to-date: /root/TEAM_AIM/install/domain_bridge/include/domain_bridge/msg/detail/compressed_msg__type_support.h
[2.697s] -- Up-to-date: /root/TEAM_AIM/install/domain_bridge/include/domain_bridge/msg/detail/compressed_msg__functions.c
[2.697s] -- Up-to-date: /root/TEAM_AIM/install/domain_bridge/include/domain_bridge/msg/detail/compressed_msg__functions.h
[2.697s] -- Up-to-date: /root/TEAM_AIM/install/domain_bridge/include/domain_bridge/msg/detail/compressed_msg__struct.h
[2.698s] -- Up-to-date: /root/TEAM_AIM/install/domain_bridge/share/domain_bridge/environment/library_path.sh
[2.698s] -- Installing: /root/TEAM_AIM/install/domain_bridge/share/domain_bridge/environment/library_path.dsv
[2.698s] -- Up-to-date: /root/TEAM_AIM/install/domain_bridge/lib/libdomain_bridge__rosidl_generator_c.so
[2.698s] -- Up-to-date: /root/TEAM_AIM/install/domain_bridge/include/domain_bridge
[2.698s] -- Up-to-date: /root/TEAM_AIM/install/domain_bridge/include/domain_bridge/msg
[2.698s] -- Up-to-date: /root/TEAM_AIM/install/domain_bridge/include/domain_bridge/msg/rosidl_typesupport_fastrtps_c__visibility_control.h
[2.698s] -- Up-to-date: /root/TEAM_AIM/install/domain_bridge/include/domain_bridge/msg/detail
[2.699s] -- Up-to-date: /root/TEAM_AIM/install/domain_bridge/include/domain_bridge/msg/detail/compressed_msg__rosidl_typesupport_fastrtps_c.h
[2.699s] -- Up-to-date: /root/TEAM_AIM/install/domain_bridge/lib/libdomain_bridge__rosidl_typesupport_fastrtps_c.so
[2.699s] -- Up-to-date: /root/TEAM_AIM/install/domain_bridge/include/domain_bridge
[2.699s] -- Up-to-date: /root/TEAM_AIM/install/domain_bridge/include/domain_bridge/msg
[2.699s] -- Up-to-date: /root/TEAM_AIM/install/domain_bridge/include/domain_bridge/msg/rosidl_typesupport_fastrtps_cpp__visibility_control.h
[2.699s] -- Up-to-date: /root/TEAM_AIM/install/domain_bridge/include/domain_bridge/msg/detail
[2.699s] -- Up-to-date: /root/TEAM_AIM/install/domain_bridge/include/domain_bridge/msg/detail/dds_fastrtps
[2.700s] -- Up-to-date: /root/TEAM_AIM/install/domain_bridge/include/domain_bridge/msg/detail/compressed_msg__rosidl_typesupport_fastrtps_cpp.hpp
[2.700s] -- Up-to-date: /root/TEAM_AIM/install/domain_bridge/lib/libdomain_bridge__rosidl_typesupport_fastrtps_cpp.so
[2.700s] -- Up-to-date: /root/TEAM_AIM/install/domain_bridge/include/domain_bridge
[2.700s] -- Up-to-date: /root/TEAM_AIM/install/domain_bridge/include/domain_bridge/msg
[2.700s] -- Up-to-date: /root/TEAM_AIM/install/domain_bridge/include/domain_bridge/msg/detail
[2.700s] -- Up-to-date: /root/TEAM_AIM/install/domain_bridge/include/domain_bridge/msg/detail/compressed_msg__type_support.c
[2.700s] -- Up-to-date: /root/TEAM_AIM/install/domain_bridge/include/domain_bridge/msg/detail/compressed_msg__rosidl_typesupport_introspection_c.h
[2.700s] -- Up-to-date: /root/TEAM_AIM/install/domain_bridge/include/domain_bridge/msg/rosidl_typesupport_introspection_c__visibility_control.h
[2.701s] -- Up-to-date: /root/TEAM_AIM/install/domain_bridge/lib/libdomain_bridge__rosidl_typesupport_introspection_c.so
[2.701s] -- Up-to-date: /root/TEAM_AIM/install/domain_bridge/lib/libdomain_bridge__rosidl_typesupport_c.so
[2.701s] -- Up-to-date: /root/TEAM_AIM/install/domain_bridge/include/domain_bridge
[2.701s] -- Up-to-date: /root/TEAM_AIM/install/domain_bridge/include/domain_bridge/msg
[2.701s] -- Up-to-date: /root/TEAM_AIM/install/domain_bridge/include/domain_bridge/msg/compressed_msg.hpp
[2.701s] -- Up-to-date: /root/TEAM_AIM/install/domain_bridge/include/domain_bridge/msg/rosidl_generator_cpp__visibility_control.hpp
[2.702s] -- Up-to-date: /root/TEAM_AIM/install/domain_bridge/include/domain_bridge/msg/detail
[2.702s] -- Up-to-date: /root/TEAM_AIM/install/domain_bridge/include/domain_bridge/msg/detail/compressed_msg__builder.hpp
[2.702s] -- Up-to-date: /root/TEAM_AIM/install/domain_bridge/include/domain_bridge/msg/detail/compressed_msg__struct.hpp
[2.702s] -- Up-to-date: /root/TEAM_AIM/install/domain_bridge/include/domain_bridge/msg/detail/compressed_msg__traits.hpp
[2.702s] -- Up-to-date: /root/TEAM_AIM/install/domain_bridge/include/domain_bridge/msg/detail/compressed_msg__type_support.hpp
[2.702s] -- Up-to-date: /root/TEAM_AIM/install/domain_bridge/include/domain_bridge
[2.702s] -- Up-to-date: /root/TEAM_AIM/install/domain_bridge/include/domain_bridge/msg
[2.703s] -- Up-to-date: /root/TEAM_AIM/install/domain_bridge/include/domain_bridge/msg/detail
[2.703s] -- Up-to-date: /root/TEAM_AIM/install/domain_bridge/include/domain_bridge/msg/detail/compressed_msg__type_support.cpp
[2.703s] -- Up-to-date: /root/TEAM_AIM/install/domain_bridge/include/domain_bridge/msg/detail/compressed_msg__rosidl_typesupport_introspection_cpp.hpp
[2.703s] -- Up-to-date: /root/TEAM_AIM/install/domain_bridge/lib/libdomain_bridge__rosidl_typesupport_introspection_cpp.so
[2.703s] -- Up-to-date: /root/TEAM_AIM/install/domain_bridge/lib/libdomain_bridge__rosidl_typesupport_cpp.so
[2.703s] -- Up-to-date: /root/TEAM_AIM/install/domain_bridge/share/domain_bridge/environment/pythonpath.sh
[2.704s] -- Installing: /root/TEAM_AIM/install/domain_bridge/share/domain_bridge/environment/pythonpath.dsv
[2.704s] -- Installing: /root/TEAM_AIM/install/domain_bridge/lib/python3.8/site-packages/domain_bridge/__init__.py
[2.762s] Compiling '/root/TEAM_AIM/install/domain_bridge/lib/python3.8/site-packages/domain_bridge/__init__.py'...
[2.770s] -- Up-to-date: /root/TEAM_AIM/install/domain_bridge/lib/python3.8/site-packages/domain_bridge/msg
[2.770s] -- Up-to-date: /root/TEAM_AIM/install/domain_bridge/lib/python3.8/site-packages/domain_bridge/msg/__init__.py
[2.770s] -- Up-to-date: /root/TEAM_AIM/install/domain_bridge/lib/python3.8/site-packages/domain_bridge/msg/_compressed_msg.py
[2.770s] -- Up-to-date: /root/TEAM_AIM/install/domain_bridge/lib/python3.8/site-packages/domain_bridge/msg/_compressed_msg_s.c
[2.771s] -- Up-to-date: /root/TEAM_AIM/install/domain_bridge/lib/python3.8/site-packages/domain_bridge/domain_bridge_s__rosidl_typesupport_fastrtps_c.cpython-38-x86_64-linux-gnu.so
[2.772s] -- Up-to-date: /root/TEAM_AIM/install/domain_bridge/lib/python3.8/site-packages/domain_bridge/domain_bridge_s__rosidl_typesupport_introspection_c.cpython-38-x86_64-linux-gnu.so
[2.773s] -- Up-to-date: /root/TEAM_AIM/install/domain_bridge/lib/python3.8/site-packages/domain_bridge/domain_bridge_s__rosidl_typesupport_c.cpython-38-x86_64-linux-gnu.so
[2.774s] -- Up-to-date: /root/TEAM_AIM/install/domain_bridge/lib/libdomain_bridge__python.so
[2.775s] -- Up-to-date: /root/TEAM_AIM/install/domain_bridge/share/domain_bridge/msg/CompressedMsg.idl
[2.775s] -- Up-to-date: /root/TEAM_AIM/install/domain_bridge/share/domain_bridge/msg/CompressedMsg.msg
[2.775s] -- Up-to-date: /root/TEAM_AIM/install/domain_bridge/include
[2.775s] -- Up-to-date: /root/TEAM_AIM/install/domain_bridge/include/domain_bridge
[2.775s] -- Up-to-date: /root/TEAM_AIM/install/domain_bridge/include/domain_bridge/topic_bridge_options.hpp
[2.775s] -- Up-to-date: /root/TEAM_AIM/install/domain_bridge/include/domain_bridge/service_bridge_impl.inc
[2.776s] -- Up-to-date: /root/TEAM_AIM/install/domain_bridge/include/domain_bridge/process_cmd_line_arguments.hpp
[2.776s] -- Up-to-date: /root/TEAM_AIM/install/domain_bridge/include/domain_bridge/topic_bridge.hpp
[2.776s] -- Up-to-date: /root/TEAM_AIM/install/domain_bridge/include/domain_bridge/domain_bridge.hpp
[2.776s] -- Up-to-date: /root/TEAM_AIM/install/domain_bridge/include/domain_bridge/domain_bridge_options.hpp
[2.776s] -- Up-to-date: /root/TEAM_AIM/install/domain_bridge/include/domain_bridge/service_bridge_options.hpp
[2.776s] -- Up-to-date: /root/TEAM_AIM/install/domain_bridge/include/domain_bridge/qos_options.hpp
[2.776s] -- Up-to-date: /root/TEAM_AIM/install/domain_bridge/include/domain_bridge/domain_bridge_config.hpp
[2.776s] -- Up-to-date: /root/TEAM_AIM/install/domain_bridge/include/domain_bridge/utils.hpp
[2.776s] -- Up-to-date: /root/TEAM_AIM/install/domain_bridge/include/domain_bridge/visibility_control.hpp
[2.776s] -- Up-to-date: /root/TEAM_AIM/install/domain_bridge/include/domain_bridge/parse_domain_bridge_yaml_config.hpp
[2.776s] -- Up-to-date: /root/TEAM_AIM/install/domain_bridge/include/domain_bridge/compress_messages.hpp
[2.777s] -- Up-to-date: /root/TEAM_AIM/install/domain_bridge/lib/domain_bridge/domain_bridge
[2.777s] -- Up-to-date: /root/TEAM_AIM/install/domain_bridge/lib/libdomain_bridge.so
[2.777s] -- Up-to-date: /root/TEAM_AIM/install/domain_bridge/share/domain_bridge/examples
[2.778s] -- Up-to-date: /root/TEAM_AIM/install/domain_bridge/share/domain_bridge/examples/example_bridge_config.yaml
[2.778s] -- Up-to-date: /root/TEAM_AIM/install/domain_bridge/share/domain_bridge/launch
[2.778s] -- Up-to-date: /root/TEAM_AIM/install/domain_bridge/share/domain_bridge/launch/domain_bridge.launch.xml
[2.778s] -- Up-to-date: /root/TEAM_AIM/install/domain_bridge/share/ament_index/resource_index/package_run_dependencies/domain_bridge
[2.778s] -- Up-to-date: /root/TEAM_AIM/install/domain_bridge/share/ament_index/resource_index/parent_prefix_path/domain_bridge
[2.778s] -- Up-to-date: /root/TEAM_AIM/install/domain_bridge/share/domain_bridge/environment/ament_prefix_path.sh
[2.778s] -- Installing: /root/TEAM_AIM/install/domain_bridge/share/domain_bridge/environment/ament_prefix_path.dsv
[2.779s] -- Up-to-date: /root/TEAM_AIM/install/domain_bridge/share/domain_bridge/environment/path.sh
[2.779s] -- Installing: /root/TEAM_AIM/install/domain_bridge/share/domain_bridge/environment/path.dsv
[2.780s] -- Up-to-date: /root/TEAM_AIM/install/domain_bridge/share/domain_bridge/local_setup.bash
[2.780s] -- Up-to-date: /root/TEAM_AIM/install/domain_bridge/share/domain_bridge/local_setup.sh
[2.780s] -- Up-to-date: /root/TEAM_AIM/install/domain_bridge/share/domain_bridge/local_setup.zsh
[2.780s] -- Installing: /root/TEAM_AIM/install/domain_bridge/share/domain_bridge/local_setup.dsv
[2.781s] -- Installing: /root/TEAM_AIM/install/domain_bridge/share/domain_bridge/package.dsv
[2.781s] -- Up-to-date: /root/TEAM_AIM/install/domain_bridge/share/ament_index/resource_index/packages/domain_bridge
[2.781s] -- Up-to-date: /root/TEAM_AIM/install/domain_bridge/share/domain_bridge/cmake/domain_bridge__rosidl_generator_cExport.cmake
[2.781s] -- Installing: /root/TEAM_AIM/install/domain_bridge/share/domain_bridge/cmake/domain_bridge__rosidl_generator_cExport-noconfig.cmake
[2.782s] -- Up-to-date: /root/TEAM_AIM/install/domain_bridge/share/domain_bridge/cmake/domain_bridge__rosidl_typesupport_introspection_cExport.cmake
[2.782s] -- Installing: /root/TEAM_AIM/install/domain_bridge/share/domain_bridge/cmake/domain_bridge__rosidl_typesupport_introspection_cExport-noconfig.cmake
[2.783s] -- Up-to-date: /root/TEAM_AIM/install/domain_bridge/share/domain_bridge/cmake/domain_bridge__rosidl_typesupport_cExport.cmake
[2.783s] -- Installing: /root/TEAM_AIM/install/domain_bridge/share/domain_bridge/cmake/domain_bridge__rosidl_typesupport_cExport-noconfig.cmake
[2.783s] -- Up-to-date: /root/TEAM_AIM/install/domain_bridge/share/domain_bridge/cmake/domain_bridge__rosidl_generator_cppExport.cmake
[2.784s] -- Up-to-date: /root/TEAM_AIM/install/domain_bridge/share/domain_bridge/cmake/domain_bridge__rosidl_typesupport_introspection_cppExport.cmake
[2.784s] -- Installing: /root/TEAM_AIM/install/domain_bridge/share/domain_bridge/cmake/domain_bridge__rosidl_typesupport_introspection_cppExport-noconfig.cmake
[2.784s] -- Up-to-date: /root/TEAM_AIM/install/domain_bridge/share/domain_bridge/cmake/domain_bridge__rosidl_typesupport_cppExport.cmake
[2.784s] -- Installing: /root/TEAM_AIM/install/domain_bridge/share/domain_bridge/cmake/domain_bridge__rosidl_typesupport_cppExport-noconfig.cmake
[2.785s] -- Up-to-date: /root/TEAM_AIM/install/domain_bridge/share/domain_bridge/cmake/export_domain_bridgeExport.cmake
[2.785s] -- Installing: /root/TEAM_AIM/install/domain_bridge/share/domain_bridge/cmake/export_domain_bridgeExport-noconfig.cmake
[2.785s] -- Up-to-date: /root/TEAM_AIM/install/domain_bridge/share/domain_bridge/cmake/rosidl_cmake-extras.cmake
[2.785s] -- Up-to-date: /root/TEAM_AIM/install/domain_bridge/share/domain_bridge/cmake/ament_cmake_export_dependencies-extras.cmake
[2.786s] -- Up-to-date: /root/TEAM_AIM/install/domain_bridge/share/domain_bridge/cmake/ament_cmake_export_libraries-extras.cmake
[2.786s] -- Up-to-date: /root/TEAM_AIM/install/domain_bridge/share/domain_bridge/cmake/ament_cmake_export_targets-extras.cmake
[2.786s] -- Up-to-date: /root/TEAM_AIM/install/domain_bridge/share/domain_bridge/cmake/ament_cmake_export_include_directories-extras.cmake
[2.786s] -- Up-to-date: /root/TEAM_AIM/install/domain_bridge/share/domain_bridge/cmake/rosidl_cmake_export_typesupport_libraries-extras.cmake
[2.786s] -- Up-to-date: /root/TEAM_AIM/install/domain_bridge/share/domain_bridge/cmake/rosidl_cmake_export_typesupport_targets-extras.cmake
[2.786s] -- Up-to-date: /root/TEAM_AIM/install/domain_bridge/share/domain_bridge/cmake/domain_bridgeConfig.cmake
[2.786s] -- Up-to-date: /root/TEAM_AIM/install/domain_bridge/share/domain_bridge/cmake/domain_bridgeConfig-version.cmake
[2.786s] -- Up-to-date: /root/TEAM_AIM/install/domain_bridge/share/domain_bridge/package.xml
[2.796s] Invoked command in '/root/TEAM_AIM/build/domain_bridge' returned '0': CMAKE_PREFIX_PATH=/opt/ros/foxy /usr/bin/cmake --install /root/TEAM_AIM/build/domain_bridge
