[0.096s] Invoking command in '/root/TEAM_AIM/build/domain_bridge': CMAKE_PREFIX_PATH=/opt/ros/foxy /usr/bin/cmake /root/TEAM_AIM/Mobility_Challenge_Simulator/src/domain_bridge -DCMAKE_INSTALL_PREFIX=/root/TEAM_AIM/install/domain_bridge
[0.227s] -- The C compiler identification is GNU 9.4.0
[0.359s] -- The CXX compiler identification is GNU 9.4.0
[0.367s] -- Check for working C compiler: /usr/bin/cc
[0.551s] -- Check for working C compiler: /usr/bin/cc -- works
[0.556s] -- Detecting C compiler ABI info
[0.727s] -- Detecting C compiler ABI info - done
[0.755s] -- Detecting C compile features
[0.755s] -- Detecting C compile features - done
[0.761s] -- Check for working CXX compiler: /usr/bin/c++
[0.941s] -- Check for working CXX compiler: /usr/bin/c++ -- works
[0.943s] -- Detecting CXX compiler ABI info
[1.143s] -- Detecting CXX compiler ABI info - done
[1.169s] -- Detecting CXX compile features
[1.170s] -- Detecting CXX compile features - done
[1.175s] -- Found ament_cmake: 0.9.12 (/opt/ros/foxy/share/ament_cmake/cmake)
[1.227s] -- Found PythonInterp: /usr/bin/python3 (found suitable version "3.8.10", minimum required is "3") 
[1.227s] -- Using PYTHON_EXECUTABLE: /usr/bin/python3
[1.570s] -- Found rcl: 1.1.14 (/opt/ros/foxy/share/rcl/cmake)
[1.638s] -- Using all available rosidl_typesupport_c: rosidl_typesupport_fastrtps_c;rosidl_typesupport_introspection_c
[1.653s] -- Found rosidl_adapter: 1.3.1 (/opt/ros/foxy/share/rosidl_adapter/cmake)
[1.850s] -- Found OpenSSL: /usr/lib/x86_64-linux-gnu/libcrypto.so (found version "1.1.1f")  
[1.931s] -- Found FastRTPS: /opt/ros/foxy/include  
[2.113s] -- Using all available rosidl_typesupport_cpp: rosidl_typesupport_fastrtps_cpp;rosidl_typesupport_introspection_cpp
[2.231s] -- Found rmw_implementation_cmake: 1.0.4 (/opt/ros/foxy/share/rmw_implementation_cmake/cmake)
[2.232s] -- Using RMW implementation 'rmw_fastrtps_cpp' as default
[2.234s] -- Looking for pthread.h
[2.388s] -- Looking for pthread.h - found
[2.388s] -- Performing Test CMAKE_HAVE_LIBC_PTHREAD
[2.543s] -- Performing Test CMAKE_HAVE_LIBC_PTHREAD - Failed
[2.544s] -- Looking for pthread_create in pthreads
[2.668s] -- Looking for pthread_create in pthreads - not found
[2.669s] -- Looking for pthread_create in pthread
[2.824s] -- Looking for pthread_create in pthread - found
[2.826s] -- Found Threads: TRUE  
[2.874s] -- Found rclcpp: 2.4.3 (/opt/ros/foxy/share/rclcpp/cmake)
[3.117s] -- Found rosbag2_cpp: 0.3.11 (/opt/ros/foxy/share/rosbag2_cpp/cmake)
[3.203s] -- Setting yaml-cpp_DIR to: '/opt/ros/foxy/share/yaml_cpp_vendor/cmake/../../../opt/yaml_cpp_vendor/lib/cmake/yaml-cpp'
[3.216s] -- Found rosidl_default_generators: 1.0.1 (/opt/ros/foxy/share/rosidl_default_generators/cmake)
[3.238s] -- Found zstd_vendor: 0.3.11 (/opt/ros/foxy/share/zstd_vendor/cmake)
[3.239s] -- Found zstd: /opt/ros/foxy/lib/libzstd.so  
[3.280s] -- Found PythonInterp: /usr/bin/python3 (found version "3.8.10") 
[3.475s] -- Found ament_cmake_ros: 0.9.2 (/opt/ros/foxy/share/ament_cmake_ros/cmake)
[3.753s] -- Using all available rosidl_typesupport_c: rosidl_typesupport_fastrtps_c;rosidl_typesupport_introspection_c
[3.765s] -- Using all available rosidl_typesupport_cpp: rosidl_typesupport_fastrtps_cpp;rosidl_typesupport_introspection_cpp
[3.812s] -- Found PythonInterp: /usr/bin/python3 (found suitable version "3.8.10", minimum required is "3.5") 
[3.820s] -- Found python_cmake_module: 0.8.1 (/opt/ros/foxy/share/python_cmake_module/cmake)
[3.870s] -- Found PythonLibs: /usr/lib/x86_64-linux-gnu/libpython3.8.so (found suitable version "3.8.10", minimum required is "3.5") 
[3.870s] -- Using PYTHON_EXECUTABLE: /usr/bin/python3
[3.870s] -- Using PYTHON_INCLUDE_DIRS: /usr/include/python3.8
[3.870s] -- Using PYTHON_LIBRARIES: /usr/lib/x86_64-linux-gnu/libpython3.8.so
[3.909s] -- Found PythonExtra: .so  
[4.031s] -- Found ament_lint_auto: 0.9.8 (/opt/ros/foxy/share/ament_lint_auto/cmake)
[4.508s] -- Using PYTHON_EXECUTABLE: /usr/bin/python3
[4.508s] -- Using PYTHON_INCLUDE_DIRS: /usr/include/python3.8
[4.509s] -- Using PYTHON_LIBRARIES: /usr/lib/x86_64-linux-gnu/libpython3.8.so
[5.019s] CMake Error at test/CMakeLists.txt:5 (find_package):
[5.019s]   By not providing "Findtest_msgs.cmake" in CMAKE_MODULE_PATH this project
[5.019s]   has asked CMake to find a package configuration file provided by
[5.019s]   "test_msgs", but CMake did not find one.
[5.019s] 
[5.020s]   Could not find a package configuration file provided by "test_msgs" with
[5.020s]   any of the following names:
[5.020s] 
[5.020s]     test_msgsConfig.cmake
[5.020s]     test_msgs-config.cmake
[5.020s] 
[5.020s]   Add the installation prefix of "test_msgs" to CMAKE_PREFIX_PATH or set
[5.020s]   "test_msgs_DIR" to a directory containing one of the above files.  If
[5.020s]   "test_msgs" provides a separate development package or SDK, be sure it has
[5.021s]   been installed.
[5.021s] 
[5.021s] 
[5.028s] -- Configuring incomplete, errors occurred!
[5.028s] See also "/root/TEAM_AIM/build/domain_bridge/CMakeFiles/CMakeOutput.log".
[5.028s] See also "/root/TEAM_AIM/build/domain_bridge/CMakeFiles/CMakeError.log".
