[0.061s] Invoking command in '/root/TEAM_AIM/build/mission_1_2': CMAKE_PREFIX_PATH=/opt/ros/foxy /usr/bin/cmake /root/TEAM_AIM/src/mission_1_2 -DCMAKE_INSTALL_PREFIX=/root/TEAM_AIM/install/mission_1_2
[0.117s] -- The C compiler identification is GNU 9.4.0
[0.173s] -- The CXX compiler identification is GNU 9.4.0
[0.173s] -- Check for working C compiler: /usr/bin/cc
[0.237s] -- Check for working C compiler: /usr/bin/cc -- works
[0.237s] -- Detecting C compiler ABI info
[0.307s] -- Detecting C compiler ABI info - done
[0.310s] -- Detecting C compile features
[0.310s] -- Detecting C compile features - done
[0.313s] -- Check for working CXX compiler: /usr/bin/c++
[0.403s] -- Check for working CXX compiler: /usr/bin/c++ -- works
[0.403s] -- Detecting CXX compiler ABI info
[0.488s] -- Detecting CXX compiler ABI info - done
[0.501s] -- Detecting CXX compile features
[0.501s] -- Detecting CXX compile features - done
[0.504s] -- Found ament_cmake: 0.9.12 (/opt/ros/foxy/share/ament_cmake/cmake)
[0.524s] -- Found PythonInterp: /usr/bin/python3 (found suitable version "3.8.10", minimum required is "3") 
[0.524s] -- Using PYTHON_EXECUTABLE: /usr/bin/python3
[0.661s] -- Found rclcpp: 2.4.3 (/opt/ros/foxy/share/rclcpp/cmake)
[0.703s] -- Using all available rosidl_typesupport_c: rosidl_typesupport_fastrtps_c;rosidl_typesupport_introspection_c
[0.710s] -- Found rosidl_adapter: 1.3.1 (/opt/ros/foxy/share/rosidl_adapter/cmake)
[0.808s] -- Found OpenSSL: /usr/lib/x86_64-linux-gnu/libcrypto.so (found version "1.1.1f")  
[0.839s] -- Found FastRTPS: /opt/ros/foxy/include  
[0.913s] -- Using all available rosidl_typesupport_cpp: rosidl_typesupport_fastrtps_cpp;rosidl_typesupport_introspection_cpp
[0.952s] -- Found rmw_implementation_cmake: 1.0.4 (/opt/ros/foxy/share/rmw_implementation_cmake/cmake)
[0.953s] -- Using RMW implementation 'rmw_fastrtps_cpp' as default
[0.954s] -- Looking for pthread.h
[1.022s] -- Looking for pthread.h - found
[1.022s] -- Performing Test CMAKE_HAVE_LIBC_PTHREAD
[1.104s] -- Performing Test CMAKE_HAVE_LIBC_PTHREAD - Failed
[1.104s] -- Looking for pthread_create in pthreads
[1.167s] -- Looking for pthread_create in pthreads - not found
[1.167s] -- Looking for pthread_create in pthread
[1.241s] -- Looking for pthread_create in pthread - found
[1.241s] -- Found Threads: TRUE  
[1.338s] -- Found geometry_msgs: 2.0.5 (/opt/ros/foxy/share/geometry_msgs/cmake)
[1.359s] -- Found visualization_msgs: 2.0.5 (/opt/ros/foxy/share/visualization_msgs/cmake)
[1.420s] -- Found tf2: 0.13.14 (/opt/ros/foxy/share/tf2/cmake)
[1.430s] -- Found ament_index_cpp: 1.1.0 (/opt/ros/foxy/share/ament_index_cpp/cmake)
[1.433s] -- Found ament_lint_auto: 0.9.8 (/opt/ros/foxy/share/ament_lint_auto/cmake)
[1.505s] -- Added test 'copyright' to check source files copyright and LICENSE
[1.505s] -- Added test 'cppcheck' to perform static code analysis on C / C++ code
[1.505s] -- Configured cppcheck include dirs: 
[1.506s] -- Configured cppcheck exclude dirs and/or files: 
[1.506s] -- Added test 'cpplint' to check C / C++ code against the Google style
[1.506s] -- Configured cpplint exclude dirs and/or files: 
[1.506s] -- Added test 'lint_cmake' to check CMake code style
[1.507s] -- Added test 'uncrustify' to check C / C++ code style
[1.507s] -- Configured uncrustify additional arguments: 
[1.507s] -- Added test 'xmllint' to check XML markup files
[1.510s] -- Configuring done
[1.512s] -- Generating done
[1.513s] -- Build files have been written to: /root/TEAM_AIM/build/mission_1_2
[1.522s] Invoked command in '/root/TEAM_AIM/build/mission_1_2' returned '0': CMAKE_PREFIX_PATH=/opt/ros/foxy /usr/bin/cmake /root/TEAM_AIM/src/mission_1_2 -DCMAKE_INSTALL_PREFIX=/root/TEAM_AIM/install/mission_1_2
[1.525s] Invoking command in '/root/TEAM_AIM/build/mission_1_2': CMAKE_PREFIX_PATH=/opt/ros/foxy /usr/bin/cmake --build /root/TEAM_AIM/build/mission_1_2 -- -j16 -l16
[1.570s] Invoked command in '/root/TEAM_AIM/build/mission_1_2' returned '0': CMAKE_PREFIX_PATH=/opt/ros/foxy /usr/bin/cmake --build /root/TEAM_AIM/build/mission_1_2 -- -j16 -l16
[1.598s] Invoking command in '/root/TEAM_AIM/build/mission_1_2': CMAKE_PREFIX_PATH=/opt/ros/foxy /usr/bin/cmake --install /root/TEAM_AIM/build/mission_1_2
[1.608s] -- Install configuration: ""
[1.608s] -- Installing: /root/TEAM_AIM/install/mission_1_2/share/ament_index/resource_index/package_run_dependencies/mission_1_2
[1.608s] -- Installing: /root/TEAM_AIM/install/mission_1_2/share/ament_index/resource_index/parent_prefix_path/mission_1_2
[1.608s] -- Installing: /root/TEAM_AIM/install/mission_1_2/share/mission_1_2/environment/ament_prefix_path.sh
[1.609s] -- Installing: /root/TEAM_AIM/install/mission_1_2/share/mission_1_2/environment/ament_prefix_path.dsv
[1.609s] -- Installing: /root/TEAM_AIM/install/mission_1_2/share/mission_1_2/environment/path.sh
[1.609s] -- Installing: /root/TEAM_AIM/install/mission_1_2/share/mission_1_2/environment/path.dsv
[1.609s] -- Installing: /root/TEAM_AIM/install/mission_1_2/share/mission_1_2/local_setup.bash
[1.609s] -- Installing: /root/TEAM_AIM/install/mission_1_2/share/mission_1_2/local_setup.sh
[1.609s] -- Installing: /root/TEAM_AIM/install/mission_1_2/share/mission_1_2/local_setup.zsh
[1.609s] -- Installing: /root/TEAM_AIM/install/mission_1_2/share/mission_1_2/local_setup.dsv
[1.609s] -- Installing: /root/TEAM_AIM/install/mission_1_2/share/mission_1_2/package.dsv
[1.610s] -- Installing: /root/TEAM_AIM/install/mission_1_2/share/ament_index/resource_index/packages/mission_1_2
[1.610s] -- Installing: /root/TEAM_AIM/install/mission_1_2/share/mission_1_2/cmake/mission_1_2Config.cmake
[1.610s] -- Installing: /root/TEAM_AIM/install/mission_1_2/share/mission_1_2/cmake/mission_1_2Config-version.cmake
[1.610s] -- Installing: /root/TEAM_AIM/install/mission_1_2/share/mission_1_2/package.xml
[1.615s] Invoked command in '/root/TEAM_AIM/build/mission_1_2' returned '0': CMAKE_PREFIX_PATH=/opt/ros/foxy /usr/bin/cmake --install /root/TEAM_AIM/build/mission_1_2
