[0.058s] Invoking command in '/root/TEAM_AIM/build/scene_srv': CMAKE_PREFIX_PATH=${CMAKE_PREFIX_PATH}:/opt/ros/foxy /usr/bin/cmake /root/TEAM_AIM/Mobility_Challenge_Simulator/src/scene_srv -DCMAKE_INSTALL_PREFIX=/root/TEAM_AIM/install/scene_srv
[0.087s] -- Found ament_cmake: 0.9.12 (/opt/ros/foxy/share/ament_cmake/cmake)
[0.109s] -- Found PythonInterp: /usr/bin/python3 (found suitable version "3.8.10", minimum required is "3") 
[0.109s] -- Using PYTHON_EXECUTABLE: /usr/bin/python3
[0.235s] -- Found rosidl_default_generators: 1.0.1 (/opt/ros/foxy/share/rosidl_default_generators/cmake)
[0.238s] -- Using all available rosidl_typesupport_c: rosidl_typesupport_fastrtps_c;rosidl_typesupport_introspection_c
[0.241s] -- Found rosidl_adapter: 1.3.1 (/opt/ros/foxy/share/rosidl_adapter/cmake)
[0.395s] -- Using all available rosidl_typesupport_cpp: rosidl_typesupport_fastrtps_cpp;rosidl_typesupport_introspection_cpp
[0.440s] -- Found PythonInterp: /usr/bin/python3 (found version "3.8.10") 
[0.543s] -- Found ament_cmake_ros: 0.9.2 (/opt/ros/foxy/share/ament_cmake_ros/cmake)
[0.658s] -- Using all available rosidl_typesupport_c: rosidl_typesupport_fastrtps_c;rosidl_typesupport_introspection_c
[0.666s] -- Using all available rosidl_typesupport_cpp: rosidl_typesupport_fastrtps_cpp;rosidl_typesupport_introspection_cpp
[0.684s] -- Found PythonInterp: /usr/bin/python3 (found suitable version "3.8.10", minimum required is "3.5") 
[0.685s] -- Found python_cmake_module: 0.8.1 (/opt/ros/foxy/share/python_cmake_module/cmake)
[0.706s] -- Using PYTHON_EXECUTABLE: /usr/bin/python3
[0.706s] -- Using PYTHON_INCLUDE_DIRS: /usr/include/python3.8
[0.706s] -- Using PYTHON_LIBRARIES: /usr/lib/x86_64-linux-gnu/libpython3.8.so
[0.730s] -- Configuring done
[0.769s] -- Generating done
[0.772s] -- Build files have been written to: /root/TEAM_AIM/build/scene_srv
[0.783s] Invoked command in '/root/TEAM_AIM/build/scene_srv' returned '0': CMAKE_PREFIX_PATH=${CMAKE_PREFIX_PATH}:/opt/ros/foxy /usr/bin/cmake /root/TEAM_AIM/Mobility_Challenge_Simulator/src/scene_srv -DCMAKE_INSTALL_PREFIX=/root/TEAM_AIM/install/scene_srv
[0.786s] Invoking command in '/root/TEAM_AIM/build/scene_srv': CMAKE_PREFIX_PATH=${CMAKE_PREFIX_PATH}:/opt/ros/foxy /usr/bin/cmake --build /root/TEAM_AIM/build/scene_srv -- -j16 -l16
[0.851s] [  2%] Built target scene_srv__cpp
[0.878s] [ 12%] Built target scene_srv__rosidl_generator_c
[0.903s] [ 23%] Built target scene_srv__rosidl_typesupport_cpp
[0.933s] [ 33%] Built target scene_srv__rosidl_typesupport_c
[0.963s] [ 43%] Built target scene_srv__rosidl_typesupport_introspection_c
[1.001s] [ 53%] Built target scene_srv__rosidl_typesupport_fastrtps_cpp
[1.028s] [ 64%] Built target scene_srv__rosidl_typesupport_introspection_cpp
[1.057s] [ 74%] Built target scene_srv__rosidl_typesupport_fastrtps_c
[1.077s] [ 74%] Built target scene_srv
[1.099s] [ 76%] Built target scene_srv__py
[1.132s] [ 84%] Built target scene_srv__python
[1.156s] [ 89%] Built target scene_srv__rosidl_typesupport_introspection_c__pyext
[1.181s] [ 94%] Built target scene_srv__rosidl_typesupport_c__pyext
[1.207s] [100%] Built target scene_srv__rosidl_typesupport_fastrtps_c__pyext
[1.223s] Invoked command in '/root/TEAM_AIM/build/scene_srv' returned '0': CMAKE_PREFIX_PATH=${CMAKE_PREFIX_PATH}:/opt/ros/foxy /usr/bin/cmake --build /root/TEAM_AIM/build/scene_srv -- -j16 -l16
[1.297s] Invoking command in '/root/TEAM_AIM/build/scene_srv': CMAKE_PREFIX_PATH=${CMAKE_PREFIX_PATH}:/opt/ros/foxy /usr/bin/cmake --install /root/TEAM_AIM/build/scene_srv
[1.306s] -- Install configuration: ""
[1.306s] -- Up-to-date: /root/TEAM_AIM/install/scene_srv/share/ament_index/resource_index/rosidl_interfaces/scene_srv
[1.306s] -- Up-to-date: /root/TEAM_AIM/install/scene_srv/include/scene_srv
[1.306s] -- Up-to-date: /root/TEAM_AIM/install/scene_srv/include/scene_srv/srv
[1.306s] -- Up-to-date: /root/TEAM_AIM/install/scene_srv/include/scene_srv/srv/start_signal.h
[1.306s] -- Up-to-date: /root/TEAM_AIM/install/scene_srv/include/scene_srv/srv/scene_signal.h
[1.306s] -- Up-to-date: /root/TEAM_AIM/install/scene_srv/include/scene_srv/srv/detail
[1.307s] -- Up-to-date: /root/TEAM_AIM/install/scene_srv/include/scene_srv/srv/detail/scene_signal__type_support.h
[1.307s] -- Up-to-date: /root/TEAM_AIM/install/scene_srv/include/scene_srv/srv/detail/scene_signal__struct.h
[1.307s] -- Up-to-date: /root/TEAM_AIM/install/scene_srv/include/scene_srv/srv/detail/scene_signal__functions.c
[1.307s] -- Up-to-date: /root/TEAM_AIM/install/scene_srv/include/scene_srv/srv/detail/start_signal__functions.h
[1.307s] -- Up-to-date: /root/TEAM_AIM/install/scene_srv/include/scene_srv/srv/detail/start_signal__struct.h
[1.307s] -- Up-to-date: /root/TEAM_AIM/install/scene_srv/include/scene_srv/srv/detail/start_signal__functions.c
[1.307s] -- Up-to-date: /root/TEAM_AIM/install/scene_srv/include/scene_srv/srv/detail/start_signal__type_support.h
[1.307s] -- Up-to-date: /root/TEAM_AIM/install/scene_srv/include/scene_srv/srv/detail/scene_signal__functions.h
[1.307s] -- Up-to-date: /root/TEAM_AIM/install/scene_srv/include/scene_srv/msg
[1.307s] -- Up-to-date: /root/TEAM_AIM/install/scene_srv/include/scene_srv/msg/rosidl_generator_c__visibility_control.h
[1.307s] -- Up-to-date: /root/TEAM_AIM/install/scene_srv/share/scene_srv/environment/library_path.sh
[1.307s] -- Installing: /root/TEAM_AIM/install/scene_srv/share/scene_srv/environment/library_path.dsv
[1.307s] -- Up-to-date: /root/TEAM_AIM/install/scene_srv/lib/libscene_srv__rosidl_generator_c.so
[1.307s] -- Up-to-date: /root/TEAM_AIM/install/scene_srv/include/scene_srv
[1.307s] -- Up-to-date: /root/TEAM_AIM/install/scene_srv/include/scene_srv/srv
[1.307s] -- Up-to-date: /root/TEAM_AIM/install/scene_srv/include/scene_srv/srv/detail
[1.307s] -- Up-to-date: /root/TEAM_AIM/install/scene_srv/include/scene_srv/srv/detail/scene_signal__rosidl_typesupport_fastrtps_c.h
[1.307s] -- Up-to-date: /root/TEAM_AIM/install/scene_srv/include/scene_srv/srv/detail/start_signal__rosidl_typesupport_fastrtps_c.h
[1.307s] -- Up-to-date: /root/TEAM_AIM/install/scene_srv/include/scene_srv/msg
[1.307s] -- Up-to-date: /root/TEAM_AIM/install/scene_srv/include/scene_srv/msg/rosidl_typesupport_fastrtps_c__visibility_control.h
[1.308s] -- Up-to-date: /root/TEAM_AIM/install/scene_srv/lib/libscene_srv__rosidl_typesupport_fastrtps_c.so
[1.308s] -- Up-to-date: /root/TEAM_AIM/install/scene_srv/include/scene_srv
[1.308s] -- Up-to-date: /root/TEAM_AIM/install/scene_srv/include/scene_srv/srv
[1.308s] -- Up-to-date: /root/TEAM_AIM/install/scene_srv/include/scene_srv/srv/detail
[1.308s] -- Up-to-date: /root/TEAM_AIM/install/scene_srv/include/scene_srv/srv/detail/start_signal__rosidl_typesupport_fastrtps_cpp.hpp
[1.308s] -- Up-to-date: /root/TEAM_AIM/install/scene_srv/include/scene_srv/srv/detail/dds_fastrtps
[1.308s] -- Up-to-date: /root/TEAM_AIM/install/scene_srv/include/scene_srv/srv/detail/scene_signal__rosidl_typesupport_fastrtps_cpp.hpp
[1.308s] -- Up-to-date: /root/TEAM_AIM/install/scene_srv/include/scene_srv/msg
[1.308s] -- Up-to-date: /root/TEAM_AIM/install/scene_srv/include/scene_srv/msg/rosidl_typesupport_fastrtps_cpp__visibility_control.h
[1.309s] -- Up-to-date: /root/TEAM_AIM/install/scene_srv/lib/libscene_srv__rosidl_typesupport_fastrtps_cpp.so
[1.309s] -- Up-to-date: /root/TEAM_AIM/install/scene_srv/include/scene_srv
[1.309s] -- Up-to-date: /root/TEAM_AIM/install/scene_srv/include/scene_srv/srv
[1.309s] -- Up-to-date: /root/TEAM_AIM/install/scene_srv/include/scene_srv/srv/detail
[1.309s] -- Up-to-date: /root/TEAM_AIM/install/scene_srv/include/scene_srv/srv/detail/scene_signal__rosidl_typesupport_introspection_c.h
[1.309s] -- Up-to-date: /root/TEAM_AIM/install/scene_srv/include/scene_srv/srv/detail/start_signal__rosidl_typesupport_introspection_c.h
[1.309s] -- Up-to-date: /root/TEAM_AIM/install/scene_srv/include/scene_srv/srv/detail/start_signal__type_support.c
[1.309s] -- Up-to-date: /root/TEAM_AIM/install/scene_srv/include/scene_srv/srv/detail/scene_signal__type_support.c
[1.309s] -- Up-to-date: /root/TEAM_AIM/install/scene_srv/include/scene_srv/msg
[1.309s] -- Up-to-date: /root/TEAM_AIM/install/scene_srv/include/scene_srv/msg/rosidl_typesupport_introspection_c__visibility_control.h
[1.309s] -- Up-to-date: /root/TEAM_AIM/install/scene_srv/lib/libscene_srv__rosidl_typesupport_introspection_c.so
[1.310s] -- Up-to-date: /root/TEAM_AIM/install/scene_srv/lib/libscene_srv__rosidl_typesupport_c.so
[1.310s] -- Up-to-date: /root/TEAM_AIM/install/scene_srv/include/scene_srv
[1.310s] -- Up-to-date: /root/TEAM_AIM/install/scene_srv/include/scene_srv/srv
[1.310s] -- Up-to-date: /root/TEAM_AIM/install/scene_srv/include/scene_srv/srv/scene_signal.hpp
[1.310s] -- Up-to-date: /root/TEAM_AIM/install/scene_srv/include/scene_srv/srv/detail
[1.310s] -- Up-to-date: /root/TEAM_AIM/install/scene_srv/include/scene_srv/srv/detail/scene_signal__builder.hpp
[1.311s] -- Up-to-date: /root/TEAM_AIM/install/scene_srv/include/scene_srv/srv/detail/start_signal__builder.hpp
[1.311s] -- Up-to-date: /root/TEAM_AIM/install/scene_srv/include/scene_srv/srv/detail/start_signal__struct.hpp
[1.311s] -- Up-to-date: /root/TEAM_AIM/install/scene_srv/include/scene_srv/srv/detail/start_signal__traits.hpp
[1.311s] -- Up-to-date: /root/TEAM_AIM/install/scene_srv/include/scene_srv/srv/detail/start_signal__type_support.hpp
[1.311s] -- Up-to-date: /root/TEAM_AIM/install/scene_srv/include/scene_srv/srv/detail/scene_signal__traits.hpp
[1.311s] -- Up-to-date: /root/TEAM_AIM/install/scene_srv/include/scene_srv/srv/detail/scene_signal__type_support.hpp
[1.311s] -- Up-to-date: /root/TEAM_AIM/install/scene_srv/include/scene_srv/srv/detail/scene_signal__struct.hpp
[1.311s] -- Up-to-date: /root/TEAM_AIM/install/scene_srv/include/scene_srv/srv/start_signal.hpp
[1.311s] -- Up-to-date: /root/TEAM_AIM/install/scene_srv/include/scene_srv/msg
[1.311s] -- Up-to-date: /root/TEAM_AIM/install/scene_srv/include/scene_srv/msg/rosidl_generator_cpp__visibility_control.hpp
[1.311s] -- Up-to-date: /root/TEAM_AIM/install/scene_srv/include/scene_srv
[1.311s] -- Up-to-date: /root/TEAM_AIM/install/scene_srv/include/scene_srv/srv
[1.311s] -- Up-to-date: /root/TEAM_AIM/install/scene_srv/include/scene_srv/srv/detail
[1.311s] -- Up-to-date: /root/TEAM_AIM/install/scene_srv/include/scene_srv/srv/detail/start_signal__type_support.cpp
[1.312s] -- Up-to-date: /root/TEAM_AIM/install/scene_srv/include/scene_srv/srv/detail/start_signal__rosidl_typesupport_introspection_cpp.hpp
[1.312s] -- Up-to-date: /root/TEAM_AIM/install/scene_srv/include/scene_srv/srv/detail/scene_signal__type_support.cpp
[1.312s] -- Up-to-date: /root/TEAM_AIM/install/scene_srv/include/scene_srv/srv/detail/scene_signal__rosidl_typesupport_introspection_cpp.hpp
[1.312s] -- Up-to-date: /root/TEAM_AIM/install/scene_srv/lib/libscene_srv__rosidl_typesupport_introspection_cpp.so
[1.313s] -- Up-to-date: /root/TEAM_AIM/install/scene_srv/lib/libscene_srv__rosidl_typesupport_cpp.so
[1.313s] -- Up-to-date: /root/TEAM_AIM/install/scene_srv/share/scene_srv/environment/pythonpath.sh
[1.313s] -- Installing: /root/TEAM_AIM/install/scene_srv/share/scene_srv/environment/pythonpath.dsv
[1.316s] -- Installing: /root/TEAM_AIM/install/scene_srv/lib/python3.8/site-packages/scene_srv/__init__.py
[1.340s] Compiling '/root/TEAM_AIM/install/scene_srv/lib/python3.8/site-packages/scene_srv/__init__.py'...
[1.343s] -- Up-to-date: /root/TEAM_AIM/install/scene_srv/lib/python3.8/site-packages/scene_srv/srv
[1.344s] -- Up-to-date: /root/TEAM_AIM/install/scene_srv/lib/python3.8/site-packages/scene_srv/srv/_scene_signal.py
[1.344s] -- Up-to-date: /root/TEAM_AIM/install/scene_srv/lib/python3.8/site-packages/scene_srv/srv/__init__.py
[1.344s] -- Up-to-date: /root/TEAM_AIM/install/scene_srv/lib/python3.8/site-packages/scene_srv/srv/_scene_signal_s.c
[1.344s] -- Up-to-date: /root/TEAM_AIM/install/scene_srv/lib/python3.8/site-packages/scene_srv/srv/_start_signal.py
[1.344s] -- Up-to-date: /root/TEAM_AIM/install/scene_srv/lib/python3.8/site-packages/scene_srv/srv/_start_signal_s.c
[1.344s] -- Up-to-date: /root/TEAM_AIM/install/scene_srv/lib/python3.8/site-packages/scene_srv/scene_srv_s__rosidl_typesupport_fastrtps_c.cpython-38-x86_64-linux-gnu.so
[1.345s] -- Up-to-date: /root/TEAM_AIM/install/scene_srv/lib/python3.8/site-packages/scene_srv/scene_srv_s__rosidl_typesupport_introspection_c.cpython-38-x86_64-linux-gnu.so
[1.346s] -- Up-to-date: /root/TEAM_AIM/install/scene_srv/lib/python3.8/site-packages/scene_srv/scene_srv_s__rosidl_typesupport_c.cpython-38-x86_64-linux-gnu.so
[1.346s] -- Up-to-date: /root/TEAM_AIM/install/scene_srv/lib/libscene_srv__python.so
[1.347s] -- Up-to-date: /root/TEAM_AIM/install/scene_srv/share/scene_srv/srv/SceneSignal.idl
[1.347s] -- Up-to-date: /root/TEAM_AIM/install/scene_srv/share/scene_srv/srv/StartSignal.idl
[1.347s] -- Up-to-date: /root/TEAM_AIM/install/scene_srv/share/scene_srv/srv/SceneSignal.srv
[1.347s] -- Up-to-date: /root/TEAM_AIM/install/scene_srv/share/scene_srv/srv/SceneSignal_Request.msg
[1.347s] -- Up-to-date: /root/TEAM_AIM/install/scene_srv/share/scene_srv/srv/SceneSignal_Response.msg
[1.347s] -- Up-to-date: /root/TEAM_AIM/install/scene_srv/share/scene_srv/srv/StartSignal.srv
[1.347s] -- Up-to-date: /root/TEAM_AIM/install/scene_srv/share/scene_srv/srv/StartSignal_Request.msg
[1.347s] -- Up-to-date: /root/TEAM_AIM/install/scene_srv/share/scene_srv/srv/StartSignal_Response.msg
[1.347s] -- Up-to-date: /root/TEAM_AIM/install/scene_srv/share/ament_index/resource_index/package_run_dependencies/scene_srv
[1.347s] -- Up-to-date: /root/TEAM_AIM/install/scene_srv/share/ament_index/resource_index/parent_prefix_path/scene_srv
[1.347s] -- Up-to-date: /root/TEAM_AIM/install/scene_srv/share/scene_srv/environment/ament_prefix_path.sh
[1.347s] -- Installing: /root/TEAM_AIM/install/scene_srv/share/scene_srv/environment/ament_prefix_path.dsv
[1.348s] -- Up-to-date: /root/TEAM_AIM/install/scene_srv/share/scene_srv/environment/path.sh
[1.348s] -- Installing: /root/TEAM_AIM/install/scene_srv/share/scene_srv/environment/path.dsv
[1.348s] -- Up-to-date: /root/TEAM_AIM/install/scene_srv/share/scene_srv/local_setup.bash
[1.348s] -- Up-to-date: /root/TEAM_AIM/install/scene_srv/share/scene_srv/local_setup.sh
[1.348s] -- Up-to-date: /root/TEAM_AIM/install/scene_srv/share/scene_srv/local_setup.zsh
[1.348s] -- Installing: /root/TEAM_AIM/install/scene_srv/share/scene_srv/local_setup.dsv
[1.348s] -- Installing: /root/TEAM_AIM/install/scene_srv/share/scene_srv/package.dsv
[1.349s] -- Up-to-date: /root/TEAM_AIM/install/scene_srv/share/ament_index/resource_index/packages/scene_srv
[1.349s] -- Up-to-date: /root/TEAM_AIM/install/scene_srv/share/scene_srv/cmake/scene_srv__rosidl_generator_cExport.cmake
[1.349s] -- Installing: /root/TEAM_AIM/install/scene_srv/share/scene_srv/cmake/scene_srv__rosidl_generator_cExport-noconfig.cmake
[1.349s] -- Up-to-date: /root/TEAM_AIM/install/scene_srv/share/scene_srv/cmake/scene_srv__rosidl_typesupport_introspection_cExport.cmake
[1.349s] -- Installing: /root/TEAM_AIM/install/scene_srv/share/scene_srv/cmake/scene_srv__rosidl_typesupport_introspection_cExport-noconfig.cmake
[1.350s] -- Up-to-date: /root/TEAM_AIM/install/scene_srv/share/scene_srv/cmake/scene_srv__rosidl_typesupport_cExport.cmake
[1.350s] -- Installing: /root/TEAM_AIM/install/scene_srv/share/scene_srv/cmake/scene_srv__rosidl_typesupport_cExport-noconfig.cmake
[1.350s] -- Up-to-date: /root/TEAM_AIM/install/scene_srv/share/scene_srv/cmake/scene_srv__rosidl_generator_cppExport.cmake
[1.350s] -- Up-to-date: /root/TEAM_AIM/install/scene_srv/share/scene_srv/cmake/scene_srv__rosidl_typesupport_introspection_cppExport.cmake
[1.350s] -- Installing: /root/TEAM_AIM/install/scene_srv/share/scene_srv/cmake/scene_srv__rosidl_typesupport_introspection_cppExport-noconfig.cmake
[1.351s] -- Up-to-date: /root/TEAM_AIM/install/scene_srv/share/scene_srv/cmake/scene_srv__rosidl_typesupport_cppExport.cmake
[1.351s] -- Installing: /root/TEAM_AIM/install/scene_srv/share/scene_srv/cmake/scene_srv__rosidl_typesupport_cppExport-noconfig.cmake
[1.351s] -- Up-to-date: /root/TEAM_AIM/install/scene_srv/share/scene_srv/cmake/rosidl_cmake-extras.cmake
[1.351s] -- Up-to-date: /root/TEAM_AIM/install/scene_srv/share/scene_srv/cmake/ament_cmake_export_dependencies-extras.cmake
[1.351s] -- Up-to-date: /root/TEAM_AIM/install/scene_srv/share/scene_srv/cmake/ament_cmake_export_libraries-extras.cmake
[1.351s] -- Up-to-date: /root/TEAM_AIM/install/scene_srv/share/scene_srv/cmake/ament_cmake_export_targets-extras.cmake
[1.351s] -- Up-to-date: /root/TEAM_AIM/install/scene_srv/share/scene_srv/cmake/ament_cmake_export_include_directories-extras.cmake
[1.351s] -- Up-to-date: /root/TEAM_AIM/install/scene_srv/share/scene_srv/cmake/rosidl_cmake_export_typesupport_libraries-extras.cmake
[1.351s] -- Up-to-date: /root/TEAM_AIM/install/scene_srv/share/scene_srv/cmake/rosidl_cmake_export_typesupport_targets-extras.cmake
[1.351s] -- Up-to-date: /root/TEAM_AIM/install/scene_srv/share/scene_srv/cmake/scene_srvConfig.cmake
[1.351s] -- Up-to-date: /root/TEAM_AIM/install/scene_srv/share/scene_srv/cmake/scene_srvConfig-version.cmake
[1.351s] -- Up-to-date: /root/TEAM_AIM/install/scene_srv/share/scene_srv/package.xml
[1.357s] Invoked command in '/root/TEAM_AIM/build/scene_srv' returned '0': CMAKE_PREFIX_PATH=${CMAKE_PREFIX_PATH}:/opt/ros/foxy /usr/bin/cmake --install /root/TEAM_AIM/build/scene_srv
