[0.070s] Invoking command in '/root/TEAM_AIM/build/mission_1_1': CMAKE_PREFIX_PATH=${CMAKE_PREFIX_PATH}:/opt/ros/foxy /usr/bin/cmake --build /root/TEAM_AIM/build/mission_1_1 -- -j16 -l16
[0.140s] [100%] Built target control_cav_mission_1_1
[0.150s] Invoked command in '/root/TEAM_AIM/build/mission_1_1' returned '0': CMAKE_PREFIX_PATH=${CMAKE_PREFIX_PATH}:/opt/ros/foxy /usr/bin/cmake --build /root/TEAM_AIM/build/mission_1_1 -- -j16 -l16
[0.177s] Invoking command in '/root/TEAM_AIM/build/mission_1_1': CMAKE_PREFIX_PATH=${CMAKE_PREFIX_PATH}:/opt/ros/foxy /usr/bin/cmake --install /root/TEAM_AIM/build/mission_1_1
[0.186s] -- Install configuration: ""
[0.189s] -- Up-to-date: /root/TEAM_AIM/install/mission_1_1/lib/mission_1_1/control_cav_mission_1_1
[0.189s] -- Up-to-date: /root/TEAM_AIM/install/mission_1_1/share/ament_index/resource_index/package_run_dependencies/mission_1_1
[0.190s] -- Up-to-date: /root/TEAM_AIM/install/mission_1_1/share/ament_index/resource_index/parent_prefix_path/mission_1_1
[0.190s] -- Up-to-date: /root/TEAM_AIM/install/mission_1_1/share/mission_1_1/environment/ament_prefix_path.sh
[0.190s] -- Up-to-date: /root/TEAM_AIM/install/mission_1_1/share/mission_1_1/environment/ament_prefix_path.dsv
[0.190s] -- Up-to-date: /root/TEAM_AIM/install/mission_1_1/share/mission_1_1/environment/path.sh
[0.190s] -- Up-to-date: /root/TEAM_AIM/install/mission_1_1/share/mission_1_1/environment/path.dsv
[0.190s] -- Up-to-date: /root/TEAM_AIM/install/mission_1_1/share/mission_1_1/local_setup.bash
[0.190s] -- Up-to-date: /root/TEAM_AIM/install/mission_1_1/share/mission_1_1/local_setup.sh
[0.190s] -- Up-to-date: /root/TEAM_AIM/install/mission_1_1/share/mission_1_1/local_setup.zsh
[0.190s] -- Up-to-date: /root/TEAM_AIM/install/mission_1_1/share/mission_1_1/local_setup.dsv
[0.190s] -- Installing: /root/TEAM_AIM/install/mission_1_1/share/mission_1_1/package.dsv
[0.190s] -- Up-to-date: /root/TEAM_AIM/install/mission_1_1/share/ament_index/resource_index/packages/mission_1_1
[0.190s] -- Up-to-date: /root/TEAM_AIM/install/mission_1_1/share/mission_1_1/cmake/mission_1_1Config.cmake
[0.190s] -- Up-to-date: /root/TEAM_AIM/install/mission_1_1/share/mission_1_1/cmake/mission_1_1Config-version.cmake
[0.190s] -- Up-to-date: /root/TEAM_AIM/install/mission_1_1/share/mission_1_1/package.xml
[0.214s] Invoked command in '/root/TEAM_AIM/build/mission_1_1' returned '0': CMAKE_PREFIX_PATH=${CMAKE_PREFIX_PATH}:/opt/ros/foxy /usr/bin/cmake --install /root/TEAM_AIM/build/mission_1_1
