[0.072s] Invoking command in '/root/TEAM_AIM/build/mission_3': CMAKE_PREFIX_PATH=/opt/ros/foxy /usr/bin/cmake /root/TEAM_AIM/src/mission_3 -DCMAKE_INSTALL_PREFIX=/root/TEAM_AIM/install/mission_3
[0.097s] -- Found ament_cmake: 0.9.12 (/opt/ros/foxy/share/ament_cmake/cmake)
[0.132s] -- Using PYTHON_EXECUTABLE: /usr/bin/python3
[0.424s] -- Found rclcpp: 2.4.3 (/opt/ros/foxy/share/rclcpp/cmake)
[0.482s] -- Using all available rosidl_typesupport_c: rosidl_typesupport_fastrtps_c;rosidl_typesupport_introspection_c
[0.487s] -- Found rosidl_adapter: 1.3.1 (/opt/ros/foxy/share/rosidl_adapter/cmake)
[0.778s] -- Using all available rosidl_typesupport_cpp: rosidl_typesupport_fastrtps_cpp;rosidl_typesupport_introspection_cpp
[0.860s] -- Found rmw_implementation_cmake: 1.0.4 (/opt/ros/foxy/share/rmw_implementation_cmake/cmake)
[0.861s] -- Using RMW implementation 'rmw_fastrtps_cpp' as default
[1.076s] -- Found geometry_msgs: 2.0.5 (/opt/ros/foxy/share/geometry_msgs/cmake)
[1.134s] -- Found visualization_msgs: 2.0.5 (/opt/ros/foxy/share/visualization_msgs/cmake)
[1.244s] -- Found tf2: 0.13.14 (/opt/ros/foxy/share/tf2/cmake)
[1.257s] -- Found ament_index_cpp: 1.1.0 (/opt/ros/foxy/share/ament_index_cpp/cmake)
[1.367s] -- Configuring done
[1.396s] -- Generating done
[1.399s] -- Build files have been written to: /root/TEAM_AIM/build/mission_3
[1.418s] Invoked command in '/root/TEAM_AIM/build/mission_3' returned '0': CMAKE_PREFIX_PATH=/opt/ros/foxy /usr/bin/cmake /root/TEAM_AIM/src/mission_3 -DCMAKE_INSTALL_PREFIX=/root/TEAM_AIM/install/mission_3
[1.425s] Invoking command in '/root/TEAM_AIM/build/mission_3': CMAKE_PREFIX_PATH=/opt/ros/foxy /usr/bin/cmake --build /root/TEAM_AIM/build/mission_3 -- -j16 -l16
[1.567s] [ 50%] Built target control_tower_mission_3
[1.569s] [100%] Built target control_cav_mission_3
[1.603s] Invoked command in '/root/TEAM_AIM/build/mission_3' returned '0': CMAKE_PREFIX_PATH=/opt/ros/foxy /usr/bin/cmake --build /root/TEAM_AIM/build/mission_3 -- -j16 -l16
[1.706s] Invoking command in '/root/TEAM_AIM/build/mission_3': CMAKE_PREFIX_PATH=/opt/ros/foxy /usr/bin/cmake --install /root/TEAM_AIM/build/mission_3
[1.722s] -- Install configuration: ""
[1.722s] -- Up-to-date: /root/TEAM_AIM/install/mission_3/lib/mission_3/control_cav_mission_3
[1.723s] -- Up-to-date: /root/TEAM_AIM/install/mission_3/lib/mission_3/control_tower_mission_3
[1.723s] -- Up-to-date: /root/TEAM_AIM/install/mission_3/share/ament_index/resource_index/package_run_dependencies/mission_3
[1.724s] -- Up-to-date: /root/TEAM_AIM/install/mission_3/share/ament_index/resource_index/parent_prefix_path/mission_3
[1.724s] -- Up-to-date: /root/TEAM_AIM/install/mission_3/share/mission_3/environment/ament_prefix_path.sh
[1.724s] -- Installing: /root/TEAM_AIM/install/mission_3/share/mission_3/environment/ament_prefix_path.dsv
[1.724s] -- Up-to-date: /root/TEAM_AIM/install/mission_3/share/mission_3/environment/path.sh
[1.725s] -- Installing: /root/TEAM_AIM/install/mission_3/share/mission_3/environment/path.dsv
[1.725s] -- Up-to-date: /root/TEAM_AIM/install/mission_3/share/mission_3/local_setup.bash
[1.725s] -- Up-to-date: /root/TEAM_AIM/install/mission_3/share/mission_3/local_setup.sh
[1.725s] -- Up-to-date: /root/TEAM_AIM/install/mission_3/share/mission_3/local_setup.zsh
[1.725s] -- Installing: /root/TEAM_AIM/install/mission_3/share/mission_3/local_setup.dsv
[1.726s] -- Installing: /root/TEAM_AIM/install/mission_3/share/mission_3/package.dsv
[1.726s] -- Up-to-date: /root/TEAM_AIM/install/mission_3/share/ament_index/resource_index/packages/mission_3
[1.727s] -- Up-to-date: /root/TEAM_AIM/install/mission_3/share/mission_3/cmake/mission_3Config.cmake
[1.727s] -- Up-to-date: /root/TEAM_AIM/install/mission_3/share/mission_3/cmake/mission_3Config-version.cmake
[1.727s] -- Up-to-date: /root/TEAM_AIM/install/mission_3/share/mission_3/package.xml
[1.741s] Invoked command in '/root/TEAM_AIM/build/mission_3' returned '0': CMAKE_PREFIX_PATH=/opt/ros/foxy /usr/bin/cmake --install /root/TEAM_AIM/build/mission_3
