[0.060s] Invoking command in '/root/TEAM_AIM/build/scene_srv': CMAKE_PREFIX_PATH=/opt/ros/foxy /usr/bin/cmake /root/TEAM_AIM/Mobility_Challenge_Simulator/src/scene_srv -DCMAKE_INSTALL_PREFIX=/root/TEAM_AIM/install/scene_srv
[0.166s] -- The C compiler identification is GNU 9.4.0
[0.257s] -- The CXX compiler identification is GNU 9.4.0
[0.262s] -- Check for working C compiler: /usr/bin/cc
[0.363s] -- Check for working C compiler: /usr/bin/cc -- works
[0.364s] -- Detecting C compiler ABI info
[0.472s] -- Detecting C compiler ABI info - done
[0.482s] -- Detecting C compile features
[0.482s] -- Detecting C compile features - done
[0.485s] -- Check for working CXX compiler: /usr/bin/c++
[0.617s] -- Check for working CXX compiler: /usr/bin/c++ -- works
[0.618s] -- Detecting CXX compiler ABI info
[0.761s] -- Detecting CXX compiler ABI info - done
[0.772s] -- Detecting CXX compile features
[0.772s] -- Detecting CXX compile features - done
[0.782s] -- Found ament_cmake: 0.9.12 (/opt/ros/foxy/share/ament_cmake/cmake)
[0.810s] -- Found PythonInterp: /usr/bin/python3 (found suitable version "3.8.10", minimum required is "3") 
[0.811s] -- Using PYTHON_EXECUTABLE: /usr/bin/python3
[1.027s] -- Found rosidl_default_generators: 1.0.1 (/opt/ros/foxy/share/rosidl_default_generators/cmake)
[1.033s] -- Using all available rosidl_typesupport_c: rosidl_typesupport_fastrtps_c;rosidl_typesupport_introspection_c
[1.045s] -- Found rosidl_adapter: 1.3.1 (/opt/ros/foxy/share/rosidl_adapter/cmake)
[1.244s] -- Found OpenSSL: /usr/lib/x86_64-linux-gnu/libcrypto.so (found version "1.1.1f")  
[1.288s] -- Found FastRTPS: /opt/ros/foxy/include  
[1.494s] -- Using all available rosidl_typesupport_cpp: rosidl_typesupport_fastrtps_cpp;rosidl_typesupport_introspection_cpp
[1.579s] -- Found PythonInterp: /usr/bin/python3 (found version "3.8.10") 
[1.806s] -- Found ament_cmake_ros: 0.9.2 (/opt/ros/foxy/share/ament_cmake_ros/cmake)
[2.026s] -- Using all available rosidl_typesupport_c: rosidl_typesupport_fastrtps_c;rosidl_typesupport_introspection_c
[2.042s] -- Using all available rosidl_typesupport_cpp: rosidl_typesupport_fastrtps_cpp;rosidl_typesupport_introspection_cpp
[2.080s] -- Found PythonInterp: /usr/bin/python3 (found suitable version "3.8.10", minimum required is "3.5") 
[2.083s] -- Found python_cmake_module: 0.8.1 (/opt/ros/foxy/share/python_cmake_module/cmake)
[2.120s] -- Found PythonLibs: /usr/lib/x86_64-linux-gnu/libpython3.8.so (found suitable version "3.8.10", minimum required is "3.5") 
[2.120s] -- Using PYTHON_EXECUTABLE: /usr/bin/python3
[2.120s] -- Using PYTHON_INCLUDE_DIRS: /usr/include/python3.8
[2.120s] -- Using PYTHON_LIBRARIES: /usr/lib/x86_64-linux-gnu/libpython3.8.so
[2.160s] -- Found PythonExtra: .so  
[2.224s] -- Found ament_lint_auto: 0.9.8 (/opt/ros/foxy/share/ament_lint_auto/cmake)
[2.281s] -- Added test 'copyright' to check source files copyright and LICENSE
[2.284s] -- Added test 'lint_cmake' to check CMake code style
[2.286s] -- Added test 'xmllint' to check XML markup files
[2.294s] -- Configuring done
[2.355s] -- Generating done
[2.361s] -- Build files have been written to: /root/TEAM_AIM/build/scene_srv
[2.370s] Invoked command in '/root/TEAM_AIM/build/scene_srv' returned '0': CMAKE_PREFIX_PATH=/opt/ros/foxy /usr/bin/cmake /root/TEAM_AIM/Mobility_Challenge_Simulator/src/scene_srv -DCMAKE_INSTALL_PREFIX=/root/TEAM_AIM/install/scene_srv
[2.375s] Invoking command in '/root/TEAM_AIM/build/scene_srv': CMAKE_PREFIX_PATH=/opt/ros/foxy /usr/bin/cmake --build /root/TEAM_AIM/build/scene_srv -- -j16 -l16
[2.461s] [  2%] [34m[1mGenerating C code for ROS interfaces[0m
[2.461s] [35m[1mScanning dependencies of target scene_srv__cpp[0m
[2.485s] [  5%] [34m[1mGenerating C++ code for ROS interfaces[0m
[2.937s] [  5%] Built target scene_srv__cpp
[2.953s] [35m[1mScanning dependencies of target scene_srv__rosidl_generator_c[0m
[2.964s] [  7%] [34m[1mGenerating C++ type support for eProsima Fast-RTPS[0m
[2.965s] [ 10%] [34m[1mGenerating C++ introspection for ROS interfaces[0m
[2.966s] [ 12%] [34m[1mGenerating C++ type support dispatch for ROS interfaces[0m
[2.981s] [ 17%] [32mBuilding C object CMakeFiles/scene_srv__rosidl_generator_c.dir/rosidl_generator_c/scene_srv/srv/detail/scene_signal__functions.c.o[0m
[2.982s] [ 17%] [32mBuilding C object CMakeFiles/scene_srv__rosidl_generator_c.dir/rosidl_generator_c/scene_srv/srv/detail/start_signal__functions.c.o[0m
[3.085s] [ 20%] [32m[1mLinking C shared library libscene_srv__rosidl_generator_c.so[0m
[3.159s] [ 20%] Built target scene_srv__rosidl_generator_c
[3.183s] [ 25%] [34m[1mGenerating C type support dispatch for ROS interfaces[0m
[3.183s] [ 25%] [34m[1mGenerating C introspection for ROS interfaces[0m
[3.350s] [35m[1mScanning dependencies of target scene_srv__rosidl_typesupport_cpp[0m
[3.383s] [35m[1mScanning dependencies of target scene_srv__rosidl_typesupport_introspection_cpp[0m
[3.383s] [ 28%] [32mBuilding CXX object CMakeFiles/scene_srv__rosidl_typesupport_cpp.dir/rosidl_typesupport_cpp/scene_srv/srv/scene_signal__type_support.cpp.o[0m
[3.386s] [ 30%] [32mBuilding CXX object CMakeFiles/scene_srv__rosidl_typesupport_cpp.dir/rosidl_typesupport_cpp/scene_srv/srv/start_signal__type_support.cpp.o[0m
[3.418s] [ 33%] [32mBuilding CXX object CMakeFiles/scene_srv__rosidl_typesupport_introspection_cpp.dir/rosidl_typesupport_introspection_cpp/scene_srv/srv/detail/start_signal__type_support.cpp.o[0m
[3.419s] [ 35%] [32mBuilding CXX object CMakeFiles/scene_srv__rosidl_typesupport_introspection_cpp.dir/rosidl_typesupport_introspection_cpp/scene_srv/srv/detail/scene_signal__type_support.cpp.o[0m
[3.445s] [35m[1mScanning dependencies of target scene_srv__rosidl_typesupport_fastrtps_cpp[0m
[3.507s] [ 41%] [32mBuilding CXX object CMakeFiles/scene_srv__rosidl_typesupport_fastrtps_cpp.dir/rosidl_typesupport_fastrtps_cpp/scene_srv/srv/detail/dds_fastrtps/scene_signal__type_support.cpp.o[0m
[3.507s] [ 41%] [32mBuilding CXX object CMakeFiles/scene_srv__rosidl_typesupport_fastrtps_cpp.dir/rosidl_typesupport_fastrtps_cpp/scene_srv/srv/detail/dds_fastrtps/start_signal__type_support.cpp.o[0m
[3.595s] [35m[1mScanning dependencies of target scene_srv__rosidl_typesupport_c[0m
[3.622s] [ 43%] [32mBuilding CXX object CMakeFiles/scene_srv__rosidl_typesupport_c.dir/rosidl_typesupport_c/scene_srv/srv/start_signal__type_support.cpp.o[0m
[3.624s] [ 46%] [32mBuilding CXX object CMakeFiles/scene_srv__rosidl_typesupport_c.dir/rosidl_typesupport_c/scene_srv/srv/scene_signal__type_support.cpp.o[0m
[3.661s] [35m[1mScanning dependencies of target scene_srv__rosidl_typesupport_introspection_c[0m
[3.696s] [ 48%] [32mBuilding C object CMakeFiles/scene_srv__rosidl_typesupport_introspection_c.dir/rosidl_typesupport_introspection_c/scene_srv/srv/detail/scene_signal__type_support.c.o[0m
[3.700s] [ 51%] [32mBuilding C object CMakeFiles/scene_srv__rosidl_typesupport_introspection_c.dir/rosidl_typesupport_introspection_c/scene_srv/srv/detail/start_signal__type_support.c.o[0m
[3.710s] [ 53%] [32m[1mLinking CXX shared library libscene_srv__rosidl_typesupport_c.so[0m
[3.789s] [ 56%] [32m[1mLinking C shared library libscene_srv__rosidl_typesupport_introspection_c.so[0m
[3.800s] [ 56%] Built target scene_srv__rosidl_typesupport_c
[3.856s] [ 56%] Built target scene_srv__rosidl_typesupport_introspection_c
[3.931s] [ 58%] [32m[1mLinking CXX shared library libscene_srv__rosidl_typesupport_introspection_cpp.so[0m
[3.953s] [ 61%] [32m[1mLinking CXX shared library libscene_srv__rosidl_typesupport_cpp.so[0m
[4.031s] [ 61%] Built target scene_srv__rosidl_typesupport_cpp
[4.049s] [ 61%] Built target scene_srv__rosidl_typesupport_introspection_cpp
[4.226s] [ 64%] [32m[1mLinking CXX shared library libscene_srv__rosidl_typesupport_fastrtps_cpp.so[0m
[4.407s] [ 64%] Built target scene_srv__rosidl_typesupport_fastrtps_cpp
[4.429s] [ 66%] [34m[1mGenerating C type support for eProsima Fast-RTPS[0m
[4.875s] [35m[1mScanning dependencies of target scene_srv__rosidl_typesupport_fastrtps_c[0m
[4.911s] [ 71%] [32mBuilding CXX object CMakeFiles/scene_srv__rosidl_typesupport_fastrtps_c.dir/rosidl_typesupport_fastrtps_c/scene_srv/srv/detail/scene_signal__type_support_c.cpp.o[0m
[4.911s] [ 71%] [32mBuilding CXX object CMakeFiles/scene_srv__rosidl_typesupport_fastrtps_c.dir/rosidl_typesupport_fastrtps_c/scene_srv/srv/detail/start_signal__type_support_c.cpp.o[0m
[5.485s] [ 74%] [32m[1mLinking CXX shared library libscene_srv__rosidl_typesupport_fastrtps_c.so[0m
[5.640s] [ 74%] Built target scene_srv__rosidl_typesupport_fastrtps_c
[5.671s] [35m[1mScanning dependencies of target scene_srv[0m
[5.702s] [ 74%] Built target scene_srv
[5.722s] [35m[1mScanning dependencies of target scene_srv__py[0m
[5.748s] [ 76%] [34m[1mGenerating Python code for ROS interfaces[0m
[6.701s] [ 76%] Built target scene_srv__py
[6.725s] [35m[1mScanning dependencies of target scene_srv__python[0m
[6.791s] [ 82%] [32mBuilding C object CMakeFiles/scene_srv__python.dir/rosidl_generator_py/scene_srv/srv/_scene_signal_s.c.o[0m
[6.791s] [ 82%] [32mBuilding C object CMakeFiles/scene_srv__python.dir/rosidl_generator_py/scene_srv/srv/_start_signal_s.c.o[0m
[6.957s] [ 84%] [32m[1mLinking C shared library rosidl_generator_py/scene_srv/libscene_srv__python.so[0m
[7.037s] [ 84%] Built target scene_srv__python
[7.065s] [35m[1mScanning dependencies of target scene_srv__rosidl_typesupport_c__pyext[0m
[7.065s] [35m[1mScanning dependencies of target scene_srv__rosidl_typesupport_fastrtps_c__pyext[0m
[7.066s] [35m[1mScanning dependencies of target scene_srv__rosidl_typesupport_introspection_c__pyext[0m
[7.107s] [ 92%] [32mBuilding C object CMakeFiles/scene_srv__rosidl_typesupport_c__pyext.dir/rosidl_generator_py/scene_srv/_scene_srv_s.ep.rosidl_typesupport_c.c.o[0m
[7.107s] [ 92%] [32mBuilding C object CMakeFiles/scene_srv__rosidl_typesupport_fastrtps_c__pyext.dir/rosidl_generator_py/scene_srv/_scene_srv_s.ep.rosidl_typesupport_fastrtps_c.c.o[0m
[7.107s] [ 92%] [32mBuilding C object CMakeFiles/scene_srv__rosidl_typesupport_introspection_c__pyext.dir/rosidl_generator_py/scene_srv/_scene_srv_s.ep.rosidl_typesupport_introspection_c.c.o[0m
[7.276s] [ 94%] [32m[1mLinking C shared library rosidl_generator_py/scene_srv/scene_srv_s__rosidl_typesupport_c.cpython-38-x86_64-linux-gnu.so[0m
[7.277s] [ 97%] [32m[1mLinking C shared library rosidl_generator_py/scene_srv/scene_srv_s__rosidl_typesupport_introspection_c.cpython-38-x86_64-linux-gnu.so[0m
[7.282s] [100%] [32m[1mLinking CXX shared library rosidl_generator_py/scene_srv/scene_srv_s__rosidl_typesupport_fastrtps_c.cpython-38-x86_64-linux-gnu.so[0m
[7.350s] [100%] Built target scene_srv__rosidl_typesupport_c__pyext
[7.351s] [100%] Built target scene_srv__rosidl_typesupport_introspection_c__pyext
[7.409s] [100%] Built target scene_srv__rosidl_typesupport_fastrtps_c__pyext
