-- Found ament_cmake: 0.9.12 (/opt/ros/foxy/share/ament_cmake/cmake)
-- Using PYTHON_EXECUTABLE: /usr/bin/python3
-- Found rclcpp: 2.4.3 (/opt/ros/foxy/share/rclcpp/cmake)
-- Using all available rosidl_typesupport_c: rosidl_typesupport_fastrtps_c;rosidl_typesupport_introspection_c
-- Found rosidl_adapter: 1.3.1 (/opt/ros/foxy/share/rosidl_adapter/cmake)
-- Using all available rosidl_typesupport_cpp: rosidl_typesupport_fastrtps_cpp;rosidl_typesupport_introspection_cpp
-- Found rmw_implementation_cmake: 1.0.4 (/opt/ros/foxy/share/rmw_implementation_cmake/cmake)
-- Using RMW implementation 'rmw_fastrtps_cpp' as default
-- Found geometry_msgs: 2.0.5 (/opt/ros/foxy/share/geometry_msgs/cmake)
-- Found visualization_msgs: 2.0.5 (/opt/ros/foxy/share/visualization_msgs/cmake)
-- Found tf2: 0.13.14 (/opt/ros/foxy/share/tf2/cmake)
-- Found ament_index_cpp: 1.1.0 (/opt/ros/foxy/share/ament_index_cpp/cmake)
-- Configuring done
-- Generating done
-- Build files have been written to: /root/TEAM_AIM/build/mission_3
[35m[1mScanning dependencies of target control_rotary_mission_3[0m
[ 16%] [32mBuilding CXX object CMakeFiles/control_rotary_mission_3.dir/src/control_rotary_mission_3.cpp.o[0m
[01m[K/root/TEAM_AIM/src/mission_3/src/control_rotary_mission_3.cpp:[m[K In function ‘[01m[Kint main(int, char**)[m[K’:
[01m[K/root/TEAM_AIM/src/mission_3/src/control_rotary_mission_3.cpp:477:17:[m[K [01;35m[Kwarning: [m[Kunused variable ‘[01m[Kcav_roi_id[m[K’ [[01;35m[K-Wunused-variable[m[K]
  477 |             int [01;35m[Kcav_roi_id[m[K = pair.first;
      |                 [01;35m[K^~~~~~~~~~[m[K
[01m[K/root/TEAM_AIM/src/mission_3/src/control_rotary_mission_3.cpp:478:17:[m[K [01;35m[Kwarning: [m[Kunused variable ‘[01m[Khv_roi_id[m[K’ [[01;35m[K-Wunused-variable[m[K]
  478 |             int [01;35m[Khv_roi_id[m[K = pair.second;
      |                 [01;35m[K^~~~~~~~~[m[K
[ 33%] [32m[1mLinking CXX executable control_rotary_mission_3[0m
[ 33%] Built target control_rotary_mission_3
[ 66%] Built target control_cav_mission_3
[100%] Built target control_tower_mission_3
-- Install configuration: ""
-- Up-to-date: /root/TEAM_AIM/install/mission_3/lib/mission_3/control_cav_mission_3
-- Up-to-date: /root/TEAM_AIM/install/mission_3/lib/mission_3/control_tower_mission_3
-- Installing: /root/TEAM_AIM/install/mission_3/lib/mission_3/control_rotary_mission_3
-- Set runtime path of "/root/TEAM_AIM/install/mission_3/lib/mission_3/control_rotary_mission_3" to ""
-- Up-to-date: /root/TEAM_AIM/install/mission_3/share/mission_3/launch
-- Up-to-date: /root/TEAM_AIM/install/mission_3/share/mission_3/launch/mission_3.launch.py
-- Up-to-date: /root/TEAM_AIM/install/mission_3/share/ament_index/resource_index/package_run_dependencies/mission_3
-- Up-to-date: /root/TEAM_AIM/install/mission_3/share/ament_index/resource_index/parent_prefix_path/mission_3
-- Up-to-date: /root/TEAM_AIM/install/mission_3/share/mission_3/environment/ament_prefix_path.sh
-- Installing: /root/TEAM_AIM/install/mission_3/share/mission_3/environment/ament_prefix_path.dsv
-- Up-to-date: /root/TEAM_AIM/install/mission_3/share/mission_3/environment/path.sh
-- Installing: /root/TEAM_AIM/install/mission_3/share/mission_3/environment/path.dsv
-- Up-to-date: /root/TEAM_AIM/install/mission_3/share/mission_3/local_setup.bash
-- Up-to-date: /root/TEAM_AIM/install/mission_3/share/mission_3/local_setup.sh
-- Up-to-date: /root/TEAM_AIM/install/mission_3/share/mission_3/local_setup.zsh
-- Installing: /root/TEAM_AIM/install/mission_3/share/mission_3/local_setup.dsv
-- Installing: /root/TEAM_AIM/install/mission_3/share/mission_3/package.dsv
-- Up-to-date: /root/TEAM_AIM/install/mission_3/share/ament_index/resource_index/packages/mission_3
-- Up-to-date: /root/TEAM_AIM/install/mission_3/share/mission_3/cmake/mission_3Config.cmake
-- Up-to-date: /root/TEAM_AIM/install/mission_3/share/mission_3/cmake/mission_3Config-version.cmake
-- Up-to-date: /root/TEAM_AIM/install/mission_3/share/mission_3/package.xml
