[0.028s] Invoking command in '/root/TEAM_AIM/build/mission_3': CMAKE_PREFIX_PATH=${CMAKE_PREFIX_PATH}:/opt/ros/foxy /usr/bin/cmake --build /root/TEAM_AIM/build/mission_3 -- -j16 -l16
[0.063s] -- Found ament_cmake: 0.9.12 (/opt/ros/foxy/share/ament_cmake/cmake)
[0.089s] -- Using PYTHON_EXECUTABLE: /usr/bin/python3
[0.244s] -- Found rclcpp: 2.4.3 (/opt/ros/foxy/share/rclcpp/cmake)
[0.275s] -- Using all available rosidl_typesupport_c: rosidl_typesupport_fastrtps_c;rosidl_typesupport_introspection_c
[0.278s] -- Found rosidl_adapter: 1.3.1 (/opt/ros/foxy/share/rosidl_adapter/cmake)
[0.432s] -- Using all available rosidl_typesupport_cpp: rosidl_typesupport_fastrtps_cpp;rosidl_typesupport_introspection_cpp
[0.473s] -- Found rmw_implementation_cmake: 1.0.4 (/opt/ros/foxy/share/rmw_implementation_cmake/cmake)
[0.474s] -- Using RMW implementation 'rmw_fastrtps_cpp' as default
[0.597s] -- Found geometry_msgs: 2.0.5 (/opt/ros/foxy/share/geometry_msgs/cmake)
[0.624s] -- Found visualization_msgs: 2.0.5 (/opt/ros/foxy/share/visualization_msgs/cmake)
[0.679s] -- Found tf2: 0.13.14 (/opt/ros/foxy/share/tf2/cmake)
[0.687s] -- Found ament_index_cpp: 1.1.0 (/opt/ros/foxy/share/ament_index_cpp/cmake)
[0.753s] -- Configuring done
[0.771s] -- Generating done
[0.773s] -- Build files have been written to: /root/TEAM_AIM/build/mission_3
[0.812s] [35m[1mScanning dependencies of target control_rotary_mission_3[0m
[0.867s] [ 16%] [32mBuilding CXX object CMakeFiles/control_rotary_mission_3.dir/src/control_rotary_mission_3.cpp.o[0m
[2.391s] [01m[K/root/TEAM_AIM/src/mission_3/src/control_rotary_mission_3.cpp:[m[K In function ‘[01m[Kint main(int, char**)[m[K’:
[2.391s] [01m[K/root/TEAM_AIM/src/mission_3/src/control_rotary_mission_3.cpp:477:17:[m[K [01;35m[Kwarning: [m[Kunused variable ‘[01m[Kcav_roi_id[m[K’ [[01;35m[K-Wunused-variable[m[K]
[2.391s]   477 |             int [01;35m[Kcav_roi_id[m[K = pair.first;
[2.391s]       |                 [01;35m[K^~~~~~~~~~[m[K
[2.391s] [01m[K/root/TEAM_AIM/src/mission_3/src/control_rotary_mission_3.cpp:478:17:[m[K [01;35m[Kwarning: [m[Kunused variable ‘[01m[Khv_roi_id[m[K’ [[01;35m[K-Wunused-variable[m[K]
[2.391s]   478 |             int [01;35m[Khv_roi_id[m[K = pair.second;
[2.391s]       |                 [01;35m[K^~~~~~~~~[m[K
[8.121s] [ 33%] [32m[1mLinking CXX executable control_rotary_mission_3[0m
[8.460s] [ 33%] Built target control_rotary_mission_3
[8.505s] [ 66%] Built target control_cav_mission_3
[8.548s] [100%] Built target control_tower_mission_3
[8.566s] Invoked command in '/root/TEAM_AIM/build/mission_3' returned '0': CMAKE_PREFIX_PATH=${CMAKE_PREFIX_PATH}:/opt/ros/foxy /usr/bin/cmake --build /root/TEAM_AIM/build/mission_3 -- -j16 -l16
[8.628s] Invoking command in '/root/TEAM_AIM/build/mission_3': CMAKE_PREFIX_PATH=${CMAKE_PREFIX_PATH}:/opt/ros/foxy /usr/bin/cmake --install /root/TEAM_AIM/build/mission_3
[8.639s] -- Install configuration: ""
[8.639s] -- Up-to-date: /root/TEAM_AIM/install/mission_3/lib/mission_3/control_cav_mission_3
[8.639s] -- Up-to-date: /root/TEAM_AIM/install/mission_3/lib/mission_3/control_tower_mission_3
[8.639s] -- Installing: /root/TEAM_AIM/install/mission_3/lib/mission_3/control_rotary_mission_3
[8.644s] -- Set runtime path of "/root/TEAM_AIM/install/mission_3/lib/mission_3/control_rotary_mission_3" to ""
[8.644s] -- Up-to-date: /root/TEAM_AIM/install/mission_3/share/mission_3/launch
[8.644s] -- Up-to-date: /root/TEAM_AIM/install/mission_3/share/mission_3/launch/mission_3.launch.py
[8.644s] -- Up-to-date: /root/TEAM_AIM/install/mission_3/share/ament_index/resource_index/package_run_dependencies/mission_3
[8.644s] -- Up-to-date: /root/TEAM_AIM/install/mission_3/share/ament_index/resource_index/parent_prefix_path/mission_3
[8.644s] -- Up-to-date: /root/TEAM_AIM/install/mission_3/share/mission_3/environment/ament_prefix_path.sh
[8.644s] -- Installing: /root/TEAM_AIM/install/mission_3/share/mission_3/environment/ament_prefix_path.dsv
[8.644s] -- Up-to-date: /root/TEAM_AIM/install/mission_3/share/mission_3/environment/path.sh
[8.644s] -- Installing: /root/TEAM_AIM/install/mission_3/share/mission_3/environment/path.dsv
[8.645s] -- Up-to-date: /root/TEAM_AIM/install/mission_3/share/mission_3/local_setup.bash
[8.645s] -- Up-to-date: /root/TEAM_AIM/install/mission_3/share/mission_3/local_setup.sh
[8.646s] -- Up-to-date: /root/TEAM_AIM/install/mission_3/share/mission_3/local_setup.zsh
[8.646s] -- Installing: /root/TEAM_AIM/install/mission_3/share/mission_3/local_setup.dsv
[8.646s] -- Installing: /root/TEAM_AIM/install/mission_3/share/mission_3/package.dsv
[8.646s] -- Up-to-date: /root/TEAM_AIM/install/mission_3/share/ament_index/resource_index/packages/mission_3
[8.646s] -- Up-to-date: /root/TEAM_AIM/install/mission_3/share/mission_3/cmake/mission_3Config.cmake
[8.646s] -- Up-to-date: /root/TEAM_AIM/install/mission_3/share/mission_3/cmake/mission_3Config-version.cmake
[8.647s] -- Up-to-date: /root/TEAM_AIM/install/mission_3/share/mission_3/package.xml
[8.648s] Invoked command in '/root/TEAM_AIM/build/mission_3' returned '0': CMAKE_PREFIX_PATH=${CMAKE_PREFIX_PATH}:/opt/ros/foxy /usr/bin/cmake --install /root/TEAM_AIM/build/mission_3
