[0.041s] Invoking command in '/root/TEAM_AIM/build/communication_manager': AMENT_PREFIX_PATH=/root/TEAM_AIM/install/scene_srv:/root/TEAM_AIM/install/domain_bridge:${AMENT_PREFIX_PATH} CMAKE_PREFIX_PATH=/root/TEAM_AIM/install/scene_srv:/root/TEAM_AIM/install/domain_bridge:/opt/ros/foxy LD_LIBRARY_PATH=/root/TEAM_AIM/install/scene_srv/lib:/root/TEAM_AIM/install/domain_bridge/lib:${LD_LIBRARY_PATH} PYTHONPATH=/root/TEAM_AIM/install/scene_srv/lib/python3.8/site-packages:/root/TEAM_AIM/install/domain_bridge/lib/python3.8/site-packages:${PYTHONPATH} /usr/bin/cmake /root/TEAM_AIM/Mobility_Challenge_Simulator/src/communication_manager -DCMAKE_INSTALL_PREFIX=/root/TEAM_AIM/install/communication_manager
[0.077s] -- Found ament_cmake: 0.9.12 (/opt/ros/foxy/share/ament_cmake/cmake)
[0.123s] -- Using PYTHON_EXECUTABLE: /usr/bin/python3
[0.369s] -- Found rclcpp: 2.4.3 (/opt/ros/foxy/share/rclcpp/cmake)
[0.428s] -- Using all available rosidl_typesupport_c: rosidl_typesupport_fastrtps_c;rosidl_typesupport_introspection_c
[0.433s] -- Found rosidl_adapter: 1.3.1 (/opt/ros/foxy/share/rosidl_adapter/cmake)
[0.675s] -- Using all available rosidl_typesupport_cpp: rosidl_typesupport_fastrtps_cpp;rosidl_typesupport_introspection_cpp
[0.757s] -- Found rmw_implementation_cmake: 1.0.4 (/opt/ros/foxy/share/rmw_implementation_cmake/cmake)
[0.759s] -- Using RMW implementation 'rmw_fastrtps_cpp' as default
[0.975s] -- Found geometry_msgs: 2.0.5 (/opt/ros/foxy/share/geometry_msgs/cmake)
[1.031s] -- Found domain_bridge: 0.4.0 (/root/TEAM_AIM/install/domain_bridge/share/domain_bridge/cmake)
[1.100s] -- Setting yaml-cpp_DIR to: '/opt/ros/foxy/share/yaml_cpp_vendor/cmake/../../../opt/yaml_cpp_vendor/lib/cmake/yaml-cpp'
[1.136s] -- Found scene_srv: 0.0.0 (/root/TEAM_AIM/install/scene_srv/share/scene_srv/cmake)
[1.270s] -- Configuring done
[1.276s] -- Generating done
[1.284s] -- Build files have been written to: /root/TEAM_AIM/build/communication_manager
[1.298s] Invoked command in '/root/TEAM_AIM/build/communication_manager' returned '0': AMENT_PREFIX_PATH=/root/TEAM_AIM/install/scene_srv:/root/TEAM_AIM/install/domain_bridge:${AMENT_PREFIX_PATH} CMAKE_PREFIX_PATH=/root/TEAM_AIM/install/scene_srv:/root/TEAM_AIM/install/domain_bridge:/opt/ros/foxy LD_LIBRARY_PATH=/root/TEAM_AIM/install/scene_srv/lib:/root/TEAM_AIM/install/domain_bridge/lib:${LD_LIBRARY_PATH} PYTHONPATH=/root/TEAM_AIM/install/scene_srv/lib/python3.8/site-packages:/root/TEAM_AIM/install/domain_bridge/lib/python3.8/site-packages:${PYTHONPATH} /usr/bin/cmake /root/TEAM_AIM/Mobility_Challenge_Simulator/src/communication_manager -DCMAKE_INSTALL_PREFIX=/root/TEAM_AIM/install/communication_manager
[1.300s] Invoking command in '/root/TEAM_AIM/build/communication_manager': AMENT_PREFIX_PATH=/root/TEAM_AIM/install/scene_srv:/root/TEAM_AIM/install/domain_bridge:${AMENT_PREFIX_PATH} CMAKE_PREFIX_PATH=/root/TEAM_AIM/install/scene_srv:/root/TEAM_AIM/install/domain_bridge:/opt/ros/foxy LD_LIBRARY_PATH=/root/TEAM_AIM/install/scene_srv/lib:/root/TEAM_AIM/install/domain_bridge/lib:${LD_LIBRARY_PATH} PYTHONPATH=/root/TEAM_AIM/install/scene_srv/lib/python3.8/site-packages:/root/TEAM_AIM/install/domain_bridge/lib/python3.8/site-packages:${PYTHONPATH} /usr/bin/cmake --build /root/TEAM_AIM/build/communication_manager -- -j16 -l16
[1.446s] [100%] Built target pose_sharing_handler
[1.467s] Invoked command in '/root/TEAM_AIM/build/communication_manager' returned '0': AMENT_PREFIX_PATH=/root/TEAM_AIM/install/scene_srv:/root/TEAM_AIM/install/domain_bridge:${AMENT_PREFIX_PATH} CMAKE_PREFIX_PATH=/root/TEAM_AIM/install/scene_srv:/root/TEAM_AIM/install/domain_bridge:/opt/ros/foxy LD_LIBRARY_PATH=/root/TEAM_AIM/install/scene_srv/lib:/root/TEAM_AIM/install/domain_bridge/lib:${LD_LIBRARY_PATH} PYTHONPATH=/root/TEAM_AIM/install/scene_srv/lib/python3.8/site-packages:/root/TEAM_AIM/install/domain_bridge/lib/python3.8/site-packages:${PYTHONPATH} /usr/bin/cmake --build /root/TEAM_AIM/build/communication_manager -- -j16 -l16
[1.520s] Invoking command in '/root/TEAM_AIM/build/communication_manager': AMENT_PREFIX_PATH=/root/TEAM_AIM/install/scene_srv:/root/TEAM_AIM/install/domain_bridge:${AMENT_PREFIX_PATH} CMAKE_PREFIX_PATH=/root/TEAM_AIM/install/scene_srv:/root/TEAM_AIM/install/domain_bridge:/opt/ros/foxy LD_LIBRARY_PATH=/root/TEAM_AIM/install/scene_srv/lib:/root/TEAM_AIM/install/domain_bridge/lib:${LD_LIBRARY_PATH} PYTHONPATH=/root/TEAM_AIM/install/scene_srv/lib/python3.8/site-packages:/root/TEAM_AIM/install/domain_bridge/lib/python3.8/site-packages:${PYTHONPATH} /usr/bin/cmake --install /root/TEAM_AIM/build/communication_manager
[1.540s] -- Install configuration: ""
[1.540s] -- Up-to-date: /root/TEAM_AIM/install/communication_manager/lib/communication_manager/pose_sharing_handler
[1.541s] -- Up-to-date: /root/TEAM_AIM/install/communication_manager/share/ament_index/resource_index/package_run_dependencies/communication_manager
[1.541s] -- Up-to-date: /root/TEAM_AIM/install/communication_manager/share/ament_index/resource_index/parent_prefix_path/communication_manager
[1.541s] -- Up-to-date: /root/TEAM_AIM/install/communication_manager/share/communication_manager/environment/ament_prefix_path.sh
[1.541s] -- Installing: /root/TEAM_AIM/install/communication_manager/share/communication_manager/environment/ament_prefix_path.dsv
[1.541s] -- Up-to-date: /root/TEAM_AIM/install/communication_manager/share/communication_manager/environment/path.sh
[1.542s] -- Installing: /root/TEAM_AIM/install/communication_manager/share/communication_manager/environment/path.dsv
[1.542s] -- Up-to-date: /root/TEAM_AIM/install/communication_manager/share/communication_manager/local_setup.bash
[1.542s] -- Up-to-date: /root/TEAM_AIM/install/communication_manager/share/communication_manager/local_setup.sh
[1.542s] -- Up-to-date: /root/TEAM_AIM/install/communication_manager/share/communication_manager/local_setup.zsh
[1.542s] -- Installing: /root/TEAM_AIM/install/communication_manager/share/communication_manager/local_setup.dsv
[1.542s] -- Installing: /root/TEAM_AIM/install/communication_manager/share/communication_manager/package.dsv
[1.542s] -- Up-to-date: /root/TEAM_AIM/install/communication_manager/share/ament_index/resource_index/packages/communication_manager
[1.543s] -- Up-to-date: /root/TEAM_AIM/install/communication_manager/share/communication_manager/cmake/ament_cmake_export_dependencies-extras.cmake
[1.543s] -- Up-to-date: /root/TEAM_AIM/install/communication_manager/share/communication_manager/cmake/communication_managerConfig.cmake
[1.543s] -- Up-to-date: /root/TEAM_AIM/install/communication_manager/share/communication_manager/cmake/communication_managerConfig-version.cmake
[1.543s] -- Up-to-date: /root/TEAM_AIM/install/communication_manager/share/communication_manager/package.xml
[1.552s] Invoked command in '/root/TEAM_AIM/build/communication_manager' returned '0': AMENT_PREFIX_PATH=/root/TEAM_AIM/install/scene_srv:/root/TEAM_AIM/install/domain_bridge:${AMENT_PREFIX_PATH} CMAKE_PREFIX_PATH=/root/TEAM_AIM/install/scene_srv:/root/TEAM_AIM/install/domain_bridge:/opt/ros/foxy LD_LIBRARY_PATH=/root/TEAM_AIM/install/scene_srv/lib:/root/TEAM_AIM/install/domain_bridge/lib:${LD_LIBRARY_PATH} PYTHONPATH=/root/TEAM_AIM/install/scene_srv/lib/python3.8/site-packages:/root/TEAM_AIM/install/domain_bridge/lib/python3.8/site-packages:${PYTHONPATH} /usr/bin/cmake --install /root/TEAM_AIM/build/communication_manager
