[0.018s] Invoking command in '/root/TEAM_AIM/build/mission_3': CMAKE_PREFIX_PATH=/opt/ros/foxy /usr/bin/cmake /root/TEAM_AIM/src/mission_3 -DBUILD_TESTING=OFF -DCMAKE_INSTALL_PREFIX=/root/TEAM_AIM/install/mission_3
[0.040s] -- Found ament_cmake: 0.9.12 (/opt/ros/foxy/share/ament_cmake/cmake)
[0.063s] -- Using PYTHON_EXECUTABLE: /usr/bin/python3
[0.193s] -- Found rclcpp: 2.4.3 (/opt/ros/foxy/share/rclcpp/cmake)
[0.222s] -- Using all available rosidl_typesupport_c: rosidl_typesupport_fastrtps_c;rosidl_typesupport_introspection_c
[0.225s] -- Found rosidl_adapter: 1.3.1 (/opt/ros/foxy/share/rosidl_adapter/cmake)
[0.360s] -- Using all available rosidl_typesupport_cpp: rosidl_typesupport_fastrtps_cpp;rosidl_typesupport_introspection_cpp
[0.398s] -- Found rmw_implementation_cmake: 1.0.4 (/opt/ros/foxy/share/rmw_implementation_cmake/cmake)
[0.400s] -- Using RMW implementation 'rmw_fastrtps_cpp' as default
[0.509s] -- Found geometry_msgs: 2.0.5 (/opt/ros/foxy/share/geometry_msgs/cmake)
[0.533s] -- Found visualization_msgs: 2.0.5 (/opt/ros/foxy/share/visualization_msgs/cmake)
[0.587s] -- Found tf2: 0.13.14 (/opt/ros/foxy/share/tf2/cmake)
[0.595s] -- Found ament_index_cpp: 1.1.0 (/opt/ros/foxy/share/ament_index_cpp/cmake)
[0.660s] -- Configuring done
[0.670s] -- Generating done
[0.672s] -- Build files have been written to: /root/TEAM_AIM/build/mission_3
[0.680s] Invoked command in '/root/TEAM_AIM/build/mission_3' returned '0': CMAKE_PREFIX_PATH=/opt/ros/foxy /usr/bin/cmake /root/TEAM_AIM/src/mission_3 -DBUILD_TESTING=OFF -DCMAKE_INSTALL_PREFIX=/root/TEAM_AIM/install/mission_3
[0.683s] Invoking command in '/root/TEAM_AIM/build/mission_3': CMAKE_PREFIX_PATH=/opt/ros/foxy /usr/bin/cmake --build /root/TEAM_AIM/build/mission_3 -- -j16 -l16
[0.737s] [35m[1mScanning dependencies of target control_cav_mission_3[0m
[0.737s] [35m[1mScanning dependencies of target control_tower_mission_3[0m
[0.777s] [ 25%] [32mBuilding CXX object CMakeFiles/control_cav_mission_3.dir/src/control_cav_mission_3.cpp.o[0m
[0.777s] [ 50%] [32mBuilding CXX object CMakeFiles/control_tower_mission_3.dir/src/control_tower_mission_3.cpp.o[0m
[7.205s] [ 75%] [32m[1mLinking CXX executable control_tower_mission_3[0m
[7.538s] [ 75%] Built target control_tower_mission_3
[8.260s] [100%] [32m[1mLinking CXX executable control_cav_mission_3[0m
[8.617s] [100%] Built target control_cav_mission_3
[8.632s] Invoked command in '/root/TEAM_AIM/build/mission_3' returned '0': CMAKE_PREFIX_PATH=/opt/ros/foxy /usr/bin/cmake --build /root/TEAM_AIM/build/mission_3 -- -j16 -l16
[8.682s] Invoking command in '/root/TEAM_AIM/build/mission_3': CMAKE_PREFIX_PATH=/opt/ros/foxy /usr/bin/cmake --install /root/TEAM_AIM/build/mission_3
[8.692s] -- Install configuration: ""
[8.692s] -- Installing: /root/TEAM_AIM/install/mission_3/lib/mission_3/control_cav_mission_3
[8.698s] -- Set runtime path of "/root/TEAM_AIM/install/mission_3/lib/mission_3/control_cav_mission_3" to ""
[8.698s] -- Installing: /root/TEAM_AIM/install/mission_3/lib/mission_3/control_tower_mission_3
[8.703s] -- Set runtime path of "/root/TEAM_AIM/install/mission_3/lib/mission_3/control_tower_mission_3" to ""
[8.703s] -- Up-to-date: /root/TEAM_AIM/install/mission_3/share/mission_3/launch
[8.703s] -- Up-to-date: /root/TEAM_AIM/install/mission_3/share/mission_3/launch/mission_3.launch.py
[8.703s] -- Up-to-date: /root/TEAM_AIM/install/mission_3/share/ament_index/resource_index/package_run_dependencies/mission_3
[8.703s] -- Up-to-date: /root/TEAM_AIM/install/mission_3/share/ament_index/resource_index/parent_prefix_path/mission_3
[8.703s] -- Up-to-date: /root/TEAM_AIM/install/mission_3/share/mission_3/environment/ament_prefix_path.sh
[8.703s] -- Installing: /root/TEAM_AIM/install/mission_3/share/mission_3/environment/ament_prefix_path.dsv
[8.703s] -- Up-to-date: /root/TEAM_AIM/install/mission_3/share/mission_3/environment/path.sh
[8.704s] -- Installing: /root/TEAM_AIM/install/mission_3/share/mission_3/environment/path.dsv
[8.704s] -- Up-to-date: /root/TEAM_AIM/install/mission_3/share/mission_3/local_setup.bash
[8.704s] -- Up-to-date: /root/TEAM_AIM/install/mission_3/share/mission_3/local_setup.sh
[8.704s] -- Up-to-date: /root/TEAM_AIM/install/mission_3/share/mission_3/local_setup.zsh
[8.704s] -- Installing: /root/TEAM_AIM/install/mission_3/share/mission_3/local_setup.dsv
[8.704s] -- Installing: /root/TEAM_AIM/install/mission_3/share/mission_3/package.dsv
[8.705s] -- Up-to-date: /root/TEAM_AIM/install/mission_3/share/ament_index/resource_index/packages/mission_3
[8.705s] -- Up-to-date: /root/TEAM_AIM/install/mission_3/share/mission_3/cmake/mission_3Config.cmake
[8.705s] -- Up-to-date: /root/TEAM_AIM/install/mission_3/share/mission_3/cmake/mission_3Config-version.cmake
[8.705s] -- Up-to-date: /root/TEAM_AIM/install/mission_3/share/mission_3/package.xml
[8.707s] Invoked command in '/root/TEAM_AIM/build/mission_3' returned '0': CMAKE_PREFIX_PATH=/opt/ros/foxy /usr/bin/cmake --install /root/TEAM_AIM/build/mission_3
