[0.030s] Invoking command in '/root/TEAM_AIM/build/hv_handler': CMAKE_PREFIX_PATH=/root/TEAM_AIM/install/scene_srv:/root/TEAM_AIM/install/simulator_launch:/root/TEAM_AIM/install/simulator:/root/TEAM_AIM/install/hv_handler:/root/TEAM_AIM/install/communication_manager:/root/TEAM_AIM/install/mission_3:/root/TEAM_AIM/install/mission_2:/root/TEAM_AIM/install/domain_bridge:/opt/ros/foxy /usr/bin/cmake /root/TEAM_AIM/Mobility_Challenge_Simulator/src/hv_handler -DCMAKE_INSTALL_PREFIX=/root/TEAM_AIM/install/hv_handler
[0.047s] -- Found ament_cmake: 0.9.12 (/opt/ros/foxy/share/ament_cmake/cmake)
[0.068s] -- Using PYTHON_EXECUTABLE: /usr/bin/python3
[0.181s] -- Found rclcpp: 2.4.3 (/opt/ros/foxy/share/rclcpp/cmake)
[0.208s] -- Using all available rosidl_typesupport_c: rosidl_typesupport_fastrtps_c;rosidl_typesupport_introspection_c
[0.210s] -- Found rosidl_adapter: 1.3.1 (/opt/ros/foxy/share/rosidl_adapter/cmake)
[0.336s] -- Using all available rosidl_typesupport_cpp: rosidl_typesupport_fastrtps_cpp;rosidl_typesupport_introspection_cpp
[0.375s] -- Found rmw_implementation_cmake: 1.0.4 (/opt/ros/foxy/share/rmw_implementation_cmake/cmake)
[0.376s] -- Using RMW implementation 'rmw_fastrtps_cpp' as default
[0.465s] -- Found geometry_msgs: 2.0.5 (/opt/ros/foxy/share/geometry_msgs/cmake)
[0.485s] -- Found ament_index_cpp: 1.1.0 (/opt/ros/foxy/share/ament_index_cpp/cmake)
[0.488s] -- Found rosidl_default_generators: 1.0.1 (/opt/ros/foxy/share/rosidl_default_generators/cmake)
[0.494s] -- Found scene_srv: 0.0.0 (/root/TEAM_AIM/install/scene_srv/share/scene_srv/cmake)
[0.549s] -- Configuring done
[0.560s] -- Generating done
[0.562s] -- Build files have been written to: /root/TEAM_AIM/build/hv_handler
[0.571s] Invoked command in '/root/TEAM_AIM/build/hv_handler' returned '0': CMAKE_PREFIX_PATH=/root/TEAM_AIM/install/scene_srv:/root/TEAM_AIM/install/simulator_launch:/root/TEAM_AIM/install/simulator:/root/TEAM_AIM/install/hv_handler:/root/TEAM_AIM/install/communication_manager:/root/TEAM_AIM/install/mission_3:/root/TEAM_AIM/install/mission_2:/root/TEAM_AIM/install/domain_bridge:/opt/ros/foxy /usr/bin/cmake /root/TEAM_AIM/Mobility_Challenge_Simulator/src/hv_handler -DCMAKE_INSTALL_PREFIX=/root/TEAM_AIM/install/hv_handler
[0.574s] Invoking command in '/root/TEAM_AIM/build/hv_handler': CMAKE_PREFIX_PATH=/root/TEAM_AIM/install/scene_srv:/root/TEAM_AIM/install/simulator_launch:/root/TEAM_AIM/install/simulator:/root/TEAM_AIM/install/hv_handler:/root/TEAM_AIM/install/communication_manager:/root/TEAM_AIM/install/mission_3:/root/TEAM_AIM/install/mission_2:/root/TEAM_AIM/install/domain_bridge:/opt/ros/foxy /usr/bin/cmake --build /root/TEAM_AIM/build/hv_handler -- -j16 -l16
[0.639s] [100%] Built target hv_handler_node
[0.656s] Invoked command in '/root/TEAM_AIM/build/hv_handler' returned '0': CMAKE_PREFIX_PATH=/root/TEAM_AIM/install/scene_srv:/root/TEAM_AIM/install/simulator_launch:/root/TEAM_AIM/install/simulator:/root/TEAM_AIM/install/hv_handler:/root/TEAM_AIM/install/communication_manager:/root/TEAM_AIM/install/mission_3:/root/TEAM_AIM/install/mission_2:/root/TEAM_AIM/install/domain_bridge:/opt/ros/foxy /usr/bin/cmake --build /root/TEAM_AIM/build/hv_handler -- -j16 -l16
[0.685s] Invoking command in '/root/TEAM_AIM/build/hv_handler': CMAKE_PREFIX_PATH=/root/TEAM_AIM/install/scene_srv:/root/TEAM_AIM/install/simulator_launch:/root/TEAM_AIM/install/simulator:/root/TEAM_AIM/install/hv_handler:/root/TEAM_AIM/install/communication_manager:/root/TEAM_AIM/install/mission_3:/root/TEAM_AIM/install/mission_2:/root/TEAM_AIM/install/domain_bridge:/opt/ros/foxy /usr/bin/cmake --install /root/TEAM_AIM/build/hv_handler
[0.693s] -- Install configuration: ""
[0.694s] -- Up-to-date: /root/TEAM_AIM/install/hv_handler/lib/hv_handler/hv_handler_node
[0.694s] -- Up-to-date: /root/TEAM_AIM/install/hv_handler/share/hv_handler/config
[0.694s] -- Up-to-date: /root/TEAM_AIM/install/hv_handler/share/hv_handler/config/hv_params.yaml
[0.694s] -- Up-to-date: /root/TEAM_AIM/install/hv_handler/share/hv_handler/config/belt_lane_three.json
[0.695s] -- Up-to-date: /root/TEAM_AIM/install/hv_handler/share/hv_handler/config/belt_lane_two.json
[0.695s] -- Up-to-date: /root/TEAM_AIM/install/hv_handler/share/hv_handler/config/roundabout_lane_two.json
[0.695s] -- Up-to-date: /root/TEAM_AIM/install/hv_handler/share/hv_handler/config/belt_lane_one.json
[0.695s] -- Up-to-date: /root/TEAM_AIM/install/hv_handler/share/ament_index/resource_index/package_run_dependencies/hv_handler
[0.695s] -- Up-to-date: /root/TEAM_AIM/install/hv_handler/share/ament_index/resource_index/parent_prefix_path/hv_handler
[0.695s] -- Up-to-date: /root/TEAM_AIM/install/hv_handler/share/hv_handler/environment/ament_prefix_path.sh
[0.695s] -- Installing: /root/TEAM_AIM/install/hv_handler/share/hv_handler/environment/ament_prefix_path.dsv
[0.695s] -- Up-to-date: /root/TEAM_AIM/install/hv_handler/share/hv_handler/environment/path.sh
[0.695s] -- Installing: /root/TEAM_AIM/install/hv_handler/share/hv_handler/environment/path.dsv
[0.695s] -- Up-to-date: /root/TEAM_AIM/install/hv_handler/share/hv_handler/local_setup.bash
[0.695s] -- Up-to-date: /root/TEAM_AIM/install/hv_handler/share/hv_handler/local_setup.sh
[0.695s] -- Up-to-date: /root/TEAM_AIM/install/hv_handler/share/hv_handler/local_setup.zsh
[0.696s] -- Installing: /root/TEAM_AIM/install/hv_handler/share/hv_handler/local_setup.dsv
[0.696s] -- Installing: /root/TEAM_AIM/install/hv_handler/share/hv_handler/package.dsv
[0.696s] -- Up-to-date: /root/TEAM_AIM/install/hv_handler/share/ament_index/resource_index/packages/hv_handler
[0.696s] -- Up-to-date: /root/TEAM_AIM/install/hv_handler/share/hv_handler/cmake/hv_handlerConfig.cmake
[0.696s] -- Up-to-date: /root/TEAM_AIM/install/hv_handler/share/hv_handler/cmake/hv_handlerConfig-version.cmake
[0.696s] -- Up-to-date: /root/TEAM_AIM/install/hv_handler/share/hv_handler/package.xml
[0.701s] Invoked command in '/root/TEAM_AIM/build/hv_handler' returned '0': CMAKE_PREFIX_PATH=/root/TEAM_AIM/install/scene_srv:/root/TEAM_AIM/install/simulator_launch:/root/TEAM_AIM/install/simulator:/root/TEAM_AIM/install/hv_handler:/root/TEAM_AIM/install/communication_manager:/root/TEAM_AIM/install/mission_3:/root/TEAM_AIM/install/mission_2:/root/TEAM_AIM/install/domain_bridge:/opt/ros/foxy /usr/bin/cmake --install /root/TEAM_AIM/build/hv_handler
