[0.058s] Invoking command in '/root/TEAM_AIM/build/simulator': CMAKE_PREFIX_PATH=/root/TEAM_AIM/install/scene_srv:/root/TEAM_AIM/Mobility_Challenge_Simulator/install/simulator_launch:/root/TEAM_AIM/Mobility_Challenge_Simulator/install/simulator:/root/TEAM_AIM/Mobility_Challenge_Simulator/install/hv_handler:/root/TEAM_AIM/Mobility_Challenge_Simulator/install/communication_manager:/root/TEAM_AIM/Mobility_Challenge_Simulator/install/scene_srv:/root/TEAM_AIM/Mobility_Challenge_Simulator/install/domain_bridge:/root/TEAM_AIM/install/simulator_launch:/root/TEAM_AIM/install/simulator:/root/TEAM_AIM/install/hv_handler:/root/TEAM_AIM/install/communication_manager:/root/TEAM_AIM/install/mission_3:/root/TEAM_AIM/install/mission_2:/root/TEAM_AIM/install/mission_1_1:/root/TEAM_AIM/install/domain_bridge:/opt/ros/foxy LD_LIBRARY_PATH=/root/TEAM_AIM/install/scene_srv/lib:/root/TEAM_AIM/Mobility_Challenge_Simulator/install/scene_srv/lib:/root/TEAM_AIM/Mobility_Challenge_Simulator/install/domain_bridge/lib:/root/TEAM_AIM/install/domain_bridge/lib:/opt/ros/foxy/opt/yaml_cpp_vendor/lib:/opt/ros/foxy/opt/rviz_ogre_vendor/lib:/opt/ros/foxy/lib/x86_64-linux-gnu:/opt/ros/foxy/lib PYTHONPATH=/root/TEAM_AIM/install/scene_srv/lib/python3.8/site-packages:/root/TEAM_AIM/Mobility_Challenge_Simulator/install/scene_srv/lib/python3.8/site-packages:/root/TEAM_AIM/Mobility_Challenge_Simulator/install/domain_bridge/lib/python3.8/site-packages:/root/TEAM_AIM/install/domain_bridge/lib/python3.8/site-packages:/opt/ros/foxy/lib/python3.8/site-packages /usr/bin/cmake --build /root/TEAM_AIM/build/simulator -- -j16 -l16
[0.141s] [100%] Built target simulation_node
[0.159s] Invoked command in '/root/TEAM_AIM/build/simulator' returned '0': CMAKE_PREFIX_PATH=/root/TEAM_AIM/install/scene_srv:/root/TEAM_AIM/Mobility_Challenge_Simulator/install/simulator_launch:/root/TEAM_AIM/Mobility_Challenge_Simulator/install/simulator:/root/TEAM_AIM/Mobility_Challenge_Simulator/install/hv_handler:/root/TEAM_AIM/Mobility_Challenge_Simulator/install/communication_manager:/root/TEAM_AIM/Mobility_Challenge_Simulator/install/scene_srv:/root/TEAM_AIM/Mobility_Challenge_Simulator/install/domain_bridge:/root/TEAM_AIM/install/simulator_launch:/root/TEAM_AIM/install/simulator:/root/TEAM_AIM/install/hv_handler:/root/TEAM_AIM/install/communication_manager:/root/TEAM_AIM/install/mission_3:/root/TEAM_AIM/install/mission_2:/root/TEAM_AIM/install/mission_1_1:/root/TEAM_AIM/install/domain_bridge:/opt/ros/foxy LD_LIBRARY_PATH=/root/TEAM_AIM/install/scene_srv/lib:/root/TEAM_AIM/Mobility_Challenge_Simulator/install/scene_srv/lib:/root/TEAM_AIM/Mobility_Challenge_Simulator/install/domain_bridge/lib:/root/TEAM_AIM/install/domain_bridge/lib:/opt/ros/foxy/opt/yaml_cpp_vendor/lib:/opt/ros/foxy/opt/rviz_ogre_vendor/lib:/opt/ros/foxy/lib/x86_64-linux-gnu:/opt/ros/foxy/lib PYTHONPATH=/root/TEAM_AIM/install/scene_srv/lib/python3.8/site-packages:/root/TEAM_AIM/Mobility_Challenge_Simulator/install/scene_srv/lib/python3.8/site-packages:/root/TEAM_AIM/Mobility_Challenge_Simulator/install/domain_bridge/lib/python3.8/site-packages:/root/TEAM_AIM/install/domain_bridge/lib/python3.8/site-packages:/opt/ros/foxy/lib/python3.8/site-packages /usr/bin/cmake --build /root/TEAM_AIM/build/simulator -- -j16 -l16
[0.216s] Invoking command in '/root/TEAM_AIM/build/simulator': CMAKE_PREFIX_PATH=/root/TEAM_AIM/install/scene_srv:/root/TEAM_AIM/Mobility_Challenge_Simulator/install/simulator_launch:/root/TEAM_AIM/Mobility_Challenge_Simulator/install/simulator:/root/TEAM_AIM/Mobility_Challenge_Simulator/install/hv_handler:/root/TEAM_AIM/Mobility_Challenge_Simulator/install/communication_manager:/root/TEAM_AIM/Mobility_Challenge_Simulator/install/scene_srv:/root/TEAM_AIM/Mobility_Challenge_Simulator/install/domain_bridge:/root/TEAM_AIM/install/simulator_launch:/root/TEAM_AIM/install/simulator:/root/TEAM_AIM/install/hv_handler:/root/TEAM_AIM/install/communication_manager:/root/TEAM_AIM/install/mission_3:/root/TEAM_AIM/install/mission_2:/root/TEAM_AIM/install/mission_1_1:/root/TEAM_AIM/install/domain_bridge:/opt/ros/foxy LD_LIBRARY_PATH=/root/TEAM_AIM/install/scene_srv/lib:/root/TEAM_AIM/Mobility_Challenge_Simulator/install/scene_srv/lib:/root/TEAM_AIM/Mobility_Challenge_Simulator/install/domain_bridge/lib:/root/TEAM_AIM/install/domain_bridge/lib:/opt/ros/foxy/opt/yaml_cpp_vendor/lib:/opt/ros/foxy/opt/rviz_ogre_vendor/lib:/opt/ros/foxy/lib/x86_64-linux-gnu:/opt/ros/foxy/lib PYTHONPATH=/root/TEAM_AIM/install/scene_srv/lib/python3.8/site-packages:/root/TEAM_AIM/Mobility_Challenge_Simulator/install/scene_srv/lib/python3.8/site-packages:/root/TEAM_AIM/Mobility_Challenge_Simulator/install/domain_bridge/lib/python3.8/site-packages:/root/TEAM_AIM/install/domain_bridge/lib/python3.8/site-packages:/opt/ros/foxy/lib/python3.8/site-packages /usr/bin/cmake --install /root/TEAM_AIM/build/simulator
[0.231s] -- Install configuration: "Debug"
[0.232s] -- Up-to-date: /root/TEAM_AIM/install/simulator/lib/simulator/simulation_node
[0.232s] -- Up-to-date: /root/TEAM_AIM/install/simulator/share/simulator/resource
[0.232s] -- Up-to-date: /root/TEAM_AIM/install/simulator/share/simulator/resource/shader
[0.232s] -- Up-to-date: /root/TEAM_AIM/install/simulator/share/simulator/resource/shader/post.frag
[0.232s] -- Up-to-date: /root/TEAM_AIM/install/simulator/share/simulator/resource/shader/3Dobject.frag
[0.232s] -- Up-to-date: /root/TEAM_AIM/install/simulator/share/simulator/resource/shader/fComposite.frag
[0.232s] -- Up-to-date: /root/TEAM_AIM/install/simulator/share/simulator/resource/shader/2Dtext.vert
[0.232s] -- Up-to-date: /root/TEAM_AIM/install/simulator/share/simulator/resource/shader/post.vert
[0.232s] -- Up-to-date: /root/TEAM_AIM/install/simulator/share/simulator/resource/shader/2Dtext.frag
[0.232s] -- Up-to-date: /root/TEAM_AIM/install/simulator/share/simulator/resource/shader/2Dsprite.vert
[0.232s] -- Up-to-date: /root/TEAM_AIM/install/simulator/share/simulator/resource/shader/fAntialiasing.frag
[0.232s] -- Up-to-date: /root/TEAM_AIM/install/simulator/share/simulator/resource/shader/2Dsprite.frag
[0.232s] -- Up-to-date: /root/TEAM_AIM/install/simulator/share/simulator/resource/shader/3Dobject.vert
[0.232s] -- Up-to-date: /root/TEAM_AIM/install/simulator/share/simulator/resource/assets
[0.233s] -- Up-to-date: /root/TEAM_AIM/install/simulator/share/simulator/resource/assets/map.json
[0.233s] -- Up-to-date: /root/TEAM_AIM/install/simulator/share/simulator/resource/assets/map.obj
[0.233s] -- Up-to-date: /root/TEAM_AIM/install/simulator/share/simulator/resource/assets/path.json
[0.233s] -- Up-to-date: /root/TEAM_AIM/install/simulator/share/simulator/resource/assets/IDs.png
[0.233s] -- Up-to-date: /root/TEAM_AIM/install/simulator/share/simulator/resource/assets/map.mtl
[0.233s] -- Up-to-date: /root/TEAM_AIM/install/simulator/share/simulator/resource/assets/sign.png
[0.233s] -- Up-to-date: /root/TEAM_AIM/install/simulator/share/simulator/resource/config.ini
[0.233s] -- Up-to-date: /root/TEAM_AIM/install/simulator/share/simulator/resource/font
[0.233s] -- Up-to-date: /root/TEAM_AIM/install/simulator/share/simulator/resource/font/CascadiaMono.json
[0.233s] -- Up-to-date: /root/TEAM_AIM/install/simulator/share/simulator/resource/font/CascadiaMono.ttf
[0.233s] -- Up-to-date: /root/TEAM_AIM/install/simulator/share/simulator/resource/font/CascadiaMono.png
[0.235s] -- Up-to-date: /root/TEAM_AIM/install/simulator/share/ament_index/resource_index/package_run_dependencies/simulator
[0.235s] -- Up-to-date: /root/TEAM_AIM/install/simulator/share/ament_index/resource_index/parent_prefix_path/simulator
[0.235s] -- Up-to-date: /root/TEAM_AIM/install/simulator/share/simulator/environment/ament_prefix_path.sh
[0.235s] -- Up-to-date: /root/TEAM_AIM/install/simulator/share/simulator/environment/ament_prefix_path.dsv
[0.236s] -- Up-to-date: /root/TEAM_AIM/install/simulator/share/simulator/environment/path.sh
[0.236s] -- Up-to-date: /root/TEAM_AIM/install/simulator/share/simulator/environment/path.dsv
[0.236s] -- Up-to-date: /root/TEAM_AIM/install/simulator/share/simulator/local_setup.bash
[0.236s] -- Up-to-date: /root/TEAM_AIM/install/simulator/share/simulator/local_setup.sh
[0.236s] -- Up-to-date: /root/TEAM_AIM/install/simulator/share/simulator/local_setup.zsh
[0.236s] -- Up-to-date: /root/TEAM_AIM/install/simulator/share/simulator/local_setup.dsv
[0.236s] -- Installing: /root/TEAM_AIM/install/simulator/share/simulator/package.dsv
[0.237s] -- Up-to-date: /root/TEAM_AIM/install/simulator/share/ament_index/resource_index/packages/simulator
[0.237s] -- Up-to-date: /root/TEAM_AIM/install/simulator/share/simulator/cmake/simulatorConfig.cmake
[0.237s] -- Up-to-date: /root/TEAM_AIM/install/simulator/share/simulator/cmake/simulatorConfig-version.cmake
[0.237s] -- Up-to-date: /root/TEAM_AIM/install/simulator/share/simulator/package.xml
[0.238s] Invoked command in '/root/TEAM_AIM/build/simulator' returned '0': CMAKE_PREFIX_PATH=/root/TEAM_AIM/install/scene_srv:/root/TEAM_AIM/Mobility_Challenge_Simulator/install/simulator_launch:/root/TEAM_AIM/Mobility_Challenge_Simulator/install/simulator:/root/TEAM_AIM/Mobility_Challenge_Simulator/install/hv_handler:/root/TEAM_AIM/Mobility_Challenge_Simulator/install/communication_manager:/root/TEAM_AIM/Mobility_Challenge_Simulator/install/scene_srv:/root/TEAM_AIM/Mobility_Challenge_Simulator/install/domain_bridge:/root/TEAM_AIM/install/simulator_launch:/root/TEAM_AIM/install/simulator:/root/TEAM_AIM/install/hv_handler:/root/TEAM_AIM/install/communication_manager:/root/TEAM_AIM/install/mission_3:/root/TEAM_AIM/install/mission_2:/root/TEAM_AIM/install/mission_1_1:/root/TEAM_AIM/install/domain_bridge:/opt/ros/foxy LD_LIBRARY_PATH=/root/TEAM_AIM/install/scene_srv/lib:/root/TEAM_AIM/Mobility_Challenge_Simulator/install/scene_srv/lib:/root/TEAM_AIM/Mobility_Challenge_Simulator/install/domain_bridge/lib:/root/TEAM_AIM/install/domain_bridge/lib:/opt/ros/foxy/opt/yaml_cpp_vendor/lib:/opt/ros/foxy/opt/rviz_ogre_vendor/lib:/opt/ros/foxy/lib/x86_64-linux-gnu:/opt/ros/foxy/lib PYTHONPATH=/root/TEAM_AIM/install/scene_srv/lib/python3.8/site-packages:/root/TEAM_AIM/Mobility_Challenge_Simulator/install/scene_srv/lib/python3.8/site-packages:/root/TEAM_AIM/Mobility_Challenge_Simulator/install/domain_bridge/lib/python3.8/site-packages:/root/TEAM_AIM/install/domain_bridge/lib/python3.8/site-packages:/opt/ros/foxy/lib/python3.8/site-packages /usr/bin/cmake --install /root/TEAM_AIM/build/simulator
