[0.086s] Invoking command in '/root/TEAM_AIM/build/mission_2': CMAKE_PREFIX_PATH=/opt/ros/foxy /usr/bin/cmake /root/TEAM_AIM/src/mission_2 -DCMAKE_INSTALL_PREFIX=/root/TEAM_AIM/install/mission_2
[0.219s] -- The C compiler identification is GNU 9.4.0
[0.354s] -- The CXX compiler identification is GNU 9.4.0
[0.364s] -- Check for working C compiler: /usr/bin/cc
[0.549s] -- Check for working C compiler: /usr/bin/cc -- works
[0.550s] -- Detecting C compiler ABI info
[0.716s] -- Detecting C compiler ABI info - done
[0.741s] -- Detecting C compile features
[0.741s] -- Detecting C compile features - done
[0.746s] -- Check for working CXX compiler: /usr/bin/c++
[0.924s] -- Check for working CXX compiler: /usr/bin/c++ -- works
[0.925s] -- Detecting CXX compiler ABI info
[1.130s] -- Detecting CXX compiler ABI info - done
[1.156s] -- Detecting CXX compile features
[1.157s] -- Detecting CXX compile features - done
[1.162s] -- Found ament_cmake: 0.9.12 (/opt/ros/foxy/share/ament_cmake/cmake)
[1.212s] -- Found PythonInterp: /usr/bin/python3 (found suitable version "3.8.10", minimum required is "3") 
[1.212s] -- Using PYTHON_EXECUTABLE: /usr/bin/python3
[1.563s] -- Found rclcpp: 2.4.3 (/opt/ros/foxy/share/rclcpp/cmake)
[1.655s] -- Using all available rosidl_typesupport_c: rosidl_typesupport_fastrtps_c;rosidl_typesupport_introspection_c
[1.668s] -- Found rosidl_adapter: 1.3.1 (/opt/ros/foxy/share/rosidl_adapter/cmake)
[1.879s] -- Found OpenSSL: /usr/lib/x86_64-linux-gnu/libcrypto.so (found version "1.1.1f")  
[1.948s] -- Found FastRTPS: /opt/ros/foxy/include  
[2.136s] -- Using all available rosidl_typesupport_cpp: rosidl_typesupport_fastrtps_cpp;rosidl_typesupport_introspection_cpp
[2.245s] -- Found rmw_implementation_cmake: 1.0.4 (/opt/ros/foxy/share/rmw_implementation_cmake/cmake)
[2.247s] -- Using RMW implementation 'rmw_fastrtps_cpp' as default
[2.248s] -- Looking for pthread.h
[2.399s] -- Looking for pthread.h - found
[2.400s] -- Performing Test CMAKE_HAVE_LIBC_PTHREAD
[2.551s] -- Performing Test CMAKE_HAVE_LIBC_PTHREAD - Failed
[2.551s] -- Looking for pthread_create in pthreads
[2.670s] -- Looking for pthread_create in pthreads - not found
[2.670s] -- Looking for pthread_create in pthread
[2.829s] -- Looking for pthread_create in pthread - found
[2.831s] -- Found Threads: TRUE  
[3.093s] -- Found geometry_msgs: 2.0.5 (/opt/ros/foxy/share/geometry_msgs/cmake)
[3.158s] -- Found visualization_msgs: 2.0.5 (/opt/ros/foxy/share/visualization_msgs/cmake)
[3.281s] -- Found tf2: 0.13.14 (/opt/ros/foxy/share/tf2/cmake)
[3.309s] -- Found ament_index_cpp: 1.1.0 (/opt/ros/foxy/share/ament_index_cpp/cmake)
[3.322s] -- Found ament_lint_auto: 0.9.8 (/opt/ros/foxy/share/ament_lint_auto/cmake)
[3.411s] CMake Error at /opt/ros/foxy/share/ament_cmake_core/cmake/core/ament_package_xml.cmake:53 (message):
[3.412s]   ament_package_xml() package name 'mission_2' in '/package.xml' does not
[3.412s]   match current PROJECT_NAME 'problem_1_1'.  You must call project() with the
[3.412s]   same package name before.
[3.412s] Call Stack (most recent call first):
[3.412s]   /opt/ros/foxy/share/ament_lint_auto/cmake/ament_lint_auto_find_test_dependencies.cmake:31 (ament_package_xml)
[3.412s]   CMakeLists.txt:113 (ament_lint_auto_find_test_dependencies)
[3.417s] 
[3.417s] 
[3.419s] -- Configuring incomplete, errors occurred!
[3.420s] See also "/root/TEAM_AIM/build/mission_2/CMakeFiles/CMakeOutput.log".
[3.420s] See also "/root/TEAM_AIM/build/mission_2/CMakeFiles/CMakeError.log".
[3.430s] Invoked command in '/root/TEAM_AIM/build/mission_2' returned '1': CMAKE_PREFIX_PATH=/opt/ros/foxy /usr/bin/cmake /root/TEAM_AIM/src/mission_2 -DCMAKE_INSTALL_PREFIX=/root/TEAM_AIM/install/mission_2
