[0.058s] Invoking command in '/root/TEAM_AIM/build/scene_srv': CMAKE_PREFIX_PATH=${CMAKE_PREFIX_PATH}:/opt/ros/foxy /usr/bin/cmake --build /root/TEAM_AIM/build/scene_srv -- -j16 -l16
[0.114s] [  7%] Built target scene_srv__cpp
[0.114s] [ 12%] Built target scene_srv__rosidl_generator_c
[0.146s] [ 25%] Built target scene_srv__rosidl_typesupport_introspection_c
[0.147s] [ 35%] Built target scene_srv__rosidl_typesupport_cpp
[0.147s] [ 46%] Built target scene_srv__rosidl_typesupport_c
[0.147s] [ 53%] Built target scene_srv__rosidl_typesupport_introspection_cpp
[0.152s] [ 64%] Built target scene_srv__rosidl_typesupport_fastrtps_cpp
[0.176s] [ 74%] Built target scene_srv__rosidl_typesupport_fastrtps_c
[0.194s] [ 74%] Built target scene_srv
[0.216s] [ 76%] Built target scene_srv__py
[0.241s] [ 84%] Built target scene_srv__python
[0.270s] [100%] Built target scene_srv__rosidl_typesupport_fastrtps_c__pyext
[0.270s] [100%] Built target scene_srv__rosidl_typesupport_introspection_c__pyext
[0.270s] [100%] Built target scene_srv__rosidl_typesupport_c__pyext
[0.285s] Invoked command in '/root/TEAM_AIM/build/scene_srv' returned '0': CMAKE_PREFIX_PATH=${CMAKE_PREFIX_PATH}:/opt/ros/foxy /usr/bin/cmake --build /root/TEAM_AIM/build/scene_srv -- -j16 -l16
[0.357s] Invoking command in '/root/TEAM_AIM/build/scene_srv': CMAKE_PREFIX_PATH=${CMAKE_PREFIX_PATH}:/opt/ros/foxy /usr/bin/cmake --install /root/TEAM_AIM/build/scene_srv
[0.366s] -- Install configuration: ""
[0.366s] -- Up-to-date: /root/TEAM_AIM/install/scene_srv/share/ament_index/resource_index/rosidl_interfaces/scene_srv
[0.366s] -- Up-to-date: /root/TEAM_AIM/install/scene_srv/include/scene_srv
[0.366s] -- Up-to-date: /root/TEAM_AIM/install/scene_srv/include/scene_srv/srv
[0.366s] -- Up-to-date: /root/TEAM_AIM/install/scene_srv/include/scene_srv/srv/start_signal.h
[0.366s] -- Up-to-date: /root/TEAM_AIM/install/scene_srv/include/scene_srv/srv/scene_signal.h
[0.366s] -- Up-to-date: /root/TEAM_AIM/install/scene_srv/include/scene_srv/srv/detail
[0.366s] -- Up-to-date: /root/TEAM_AIM/install/scene_srv/include/scene_srv/srv/detail/scene_signal__type_support.h
[0.367s] -- Up-to-date: /root/TEAM_AIM/install/scene_srv/include/scene_srv/srv/detail/scene_signal__struct.h
[0.367s] -- Up-to-date: /root/TEAM_AIM/install/scene_srv/include/scene_srv/srv/detail/scene_signal__functions.c
[0.367s] -- Up-to-date: /root/TEAM_AIM/install/scene_srv/include/scene_srv/srv/detail/start_signal__functions.h
[0.367s] -- Up-to-date: /root/TEAM_AIM/install/scene_srv/include/scene_srv/srv/detail/start_signal__struct.h
[0.367s] -- Up-to-date: /root/TEAM_AIM/install/scene_srv/include/scene_srv/srv/detail/start_signal__functions.c
[0.367s] -- Up-to-date: /root/TEAM_AIM/install/scene_srv/include/scene_srv/srv/detail/start_signal__type_support.h
[0.367s] -- Up-to-date: /root/TEAM_AIM/install/scene_srv/include/scene_srv/srv/detail/scene_signal__functions.h
[0.367s] -- Up-to-date: /root/TEAM_AIM/install/scene_srv/include/scene_srv/msg
[0.367s] -- Up-to-date: /root/TEAM_AIM/install/scene_srv/include/scene_srv/msg/rosidl_generator_c__visibility_control.h
[0.367s] -- Up-to-date: /root/TEAM_AIM/install/scene_srv/share/scene_srv/environment/library_path.sh
[0.367s] -- Up-to-date: /root/TEAM_AIM/install/scene_srv/share/scene_srv/environment/library_path.dsv
[0.367s] -- Up-to-date: /root/TEAM_AIM/install/scene_srv/lib/libscene_srv__rosidl_generator_c.so
[0.367s] -- Up-to-date: /root/TEAM_AIM/install/scene_srv/include/scene_srv
[0.367s] -- Up-to-date: /root/TEAM_AIM/install/scene_srv/include/scene_srv/srv
[0.367s] -- Up-to-date: /root/TEAM_AIM/install/scene_srv/include/scene_srv/srv/detail
[0.368s] -- Up-to-date: /root/TEAM_AIM/install/scene_srv/include/scene_srv/srv/detail/scene_signal__rosidl_typesupport_fastrtps_c.h
[0.368s] -- Up-to-date: /root/TEAM_AIM/install/scene_srv/include/scene_srv/srv/detail/start_signal__rosidl_typesupport_fastrtps_c.h
[0.368s] -- Up-to-date: /root/TEAM_AIM/install/scene_srv/include/scene_srv/msg
[0.368s] -- Up-to-date: /root/TEAM_AIM/install/scene_srv/include/scene_srv/msg/rosidl_typesupport_fastrtps_c__visibility_control.h
[0.368s] -- Up-to-date: /root/TEAM_AIM/install/scene_srv/lib/libscene_srv__rosidl_typesupport_fastrtps_c.so
[0.368s] -- Up-to-date: /root/TEAM_AIM/install/scene_srv/include/scene_srv
[0.368s] -- Up-to-date: /root/TEAM_AIM/install/scene_srv/include/scene_srv/srv
[0.368s] -- Up-to-date: /root/TEAM_AIM/install/scene_srv/include/scene_srv/srv/detail
[0.368s] -- Up-to-date: /root/TEAM_AIM/install/scene_srv/include/scene_srv/srv/detail/start_signal__rosidl_typesupport_fastrtps_cpp.hpp
[0.368s] -- Up-to-date: /root/TEAM_AIM/install/scene_srv/include/scene_srv/srv/detail/dds_fastrtps
[0.368s] -- Up-to-date: /root/TEAM_AIM/install/scene_srv/include/scene_srv/srv/detail/scene_signal__rosidl_typesupport_fastrtps_cpp.hpp
[0.368s] -- Up-to-date: /root/TEAM_AIM/install/scene_srv/include/scene_srv/msg
[0.368s] -- Up-to-date: /root/TEAM_AIM/install/scene_srv/include/scene_srv/msg/rosidl_typesupport_fastrtps_cpp__visibility_control.h
[0.368s] -- Up-to-date: /root/TEAM_AIM/install/scene_srv/lib/libscene_srv__rosidl_typesupport_fastrtps_cpp.so
[0.368s] -- Up-to-date: /root/TEAM_AIM/install/scene_srv/include/scene_srv
[0.368s] -- Up-to-date: /root/TEAM_AIM/install/scene_srv/include/scene_srv/srv
[0.369s] -- Up-to-date: /root/TEAM_AIM/install/scene_srv/include/scene_srv/srv/detail
[0.369s] -- Up-to-date: /root/TEAM_AIM/install/scene_srv/include/scene_srv/srv/detail/scene_signal__rosidl_typesupport_introspection_c.h
[0.369s] -- Up-to-date: /root/TEAM_AIM/install/scene_srv/include/scene_srv/srv/detail/start_signal__rosidl_typesupport_introspection_c.h
[0.369s] -- Up-to-date: /root/TEAM_AIM/install/scene_srv/include/scene_srv/srv/detail/start_signal__type_support.c
[0.369s] -- Up-to-date: /root/TEAM_AIM/install/scene_srv/include/scene_srv/srv/detail/scene_signal__type_support.c
[0.369s] -- Up-to-date: /root/TEAM_AIM/install/scene_srv/include/scene_srv/msg
[0.369s] -- Up-to-date: /root/TEAM_AIM/install/scene_srv/include/scene_srv/msg/rosidl_typesupport_introspection_c__visibility_control.h
[0.369s] -- Up-to-date: /root/TEAM_AIM/install/scene_srv/lib/libscene_srv__rosidl_typesupport_introspection_c.so
[0.369s] -- Up-to-date: /root/TEAM_AIM/install/scene_srv/lib/libscene_srv__rosidl_typesupport_c.so
[0.369s] -- Up-to-date: /root/TEAM_AIM/install/scene_srv/include/scene_srv
[0.369s] -- Up-to-date: /root/TEAM_AIM/install/scene_srv/include/scene_srv/srv
[0.369s] -- Up-to-date: /root/TEAM_AIM/install/scene_srv/include/scene_srv/srv/scene_signal.hpp
[0.369s] -- Up-to-date: /root/TEAM_AIM/install/scene_srv/include/scene_srv/srv/detail
[0.369s] -- Up-to-date: /root/TEAM_AIM/install/scene_srv/include/scene_srv/srv/detail/scene_signal__builder.hpp
[0.369s] -- Up-to-date: /root/TEAM_AIM/install/scene_srv/include/scene_srv/srv/detail/start_signal__builder.hpp
[0.369s] -- Up-to-date: /root/TEAM_AIM/install/scene_srv/include/scene_srv/srv/detail/start_signal__struct.hpp
[0.369s] -- Up-to-date: /root/TEAM_AIM/install/scene_srv/include/scene_srv/srv/detail/start_signal__traits.hpp
[0.369s] -- Up-to-date: /root/TEAM_AIM/install/scene_srv/include/scene_srv/srv/detail/start_signal__type_support.hpp
[0.369s] -- Up-to-date: /root/TEAM_AIM/install/scene_srv/include/scene_srv/srv/detail/scene_signal__traits.hpp
[0.370s] -- Up-to-date: /root/TEAM_AIM/install/scene_srv/include/scene_srv/srv/detail/scene_signal__type_support.hpp
[0.370s] -- Up-to-date: /root/TEAM_AIM/install/scene_srv/include/scene_srv/srv/detail/scene_signal__struct.hpp
[0.370s] -- Up-to-date: /root/TEAM_AIM/install/scene_srv/include/scene_srv/srv/start_signal.hpp
[0.370s] -- Up-to-date: /root/TEAM_AIM/install/scene_srv/include/scene_srv/msg
[0.370s] -- Up-to-date: /root/TEAM_AIM/install/scene_srv/include/scene_srv/msg/rosidl_generator_cpp__visibility_control.hpp
[0.370s] -- Up-to-date: /root/TEAM_AIM/install/scene_srv/include/scene_srv
[0.370s] -- Up-to-date: /root/TEAM_AIM/install/scene_srv/include/scene_srv/srv
[0.370s] -- Up-to-date: /root/TEAM_AIM/install/scene_srv/include/scene_srv/srv/detail
[0.370s] -- Up-to-date: /root/TEAM_AIM/install/scene_srv/include/scene_srv/srv/detail/start_signal__type_support.cpp
[0.370s] -- Up-to-date: /root/TEAM_AIM/install/scene_srv/include/scene_srv/srv/detail/start_signal__rosidl_typesupport_introspection_cpp.hpp
[0.370s] -- Up-to-date: /root/TEAM_AIM/install/scene_srv/include/scene_srv/srv/detail/scene_signal__type_support.cpp
[0.370s] -- Up-to-date: /root/TEAM_AIM/install/scene_srv/include/scene_srv/srv/detail/scene_signal__rosidl_typesupport_introspection_cpp.hpp
[0.370s] -- Up-to-date: /root/TEAM_AIM/install/scene_srv/lib/libscene_srv__rosidl_typesupport_introspection_cpp.so
[0.370s] -- Up-to-date: /root/TEAM_AIM/install/scene_srv/lib/libscene_srv__rosidl_typesupport_cpp.so
[0.370s] -- Up-to-date: /root/TEAM_AIM/install/scene_srv/share/scene_srv/environment/pythonpath.sh
[0.370s] -- Up-to-date: /root/TEAM_AIM/install/scene_srv/share/scene_srv/environment/pythonpath.dsv
[0.370s] -- Up-to-date: /root/TEAM_AIM/install/scene_srv/lib/python3.8/site-packages/scene_srv/__init__.py
[0.391s] -- Up-to-date: /root/TEAM_AIM/install/scene_srv/lib/python3.8/site-packages/scene_srv/srv
[0.392s] -- Up-to-date: /root/TEAM_AIM/install/scene_srv/lib/python3.8/site-packages/scene_srv/srv/_scene_signal.py
[0.392s] -- Up-to-date: /root/TEAM_AIM/install/scene_srv/lib/python3.8/site-packages/scene_srv/srv/__init__.py
[0.392s] -- Up-to-date: /root/TEAM_AIM/install/scene_srv/lib/python3.8/site-packages/scene_srv/srv/_scene_signal_s.c
[0.392s] -- Up-to-date: /root/TEAM_AIM/install/scene_srv/lib/python3.8/site-packages/scene_srv/srv/_start_signal.py
[0.392s] -- Up-to-date: /root/TEAM_AIM/install/scene_srv/lib/python3.8/site-packages/scene_srv/srv/_start_signal_s.c
[0.392s] -- Up-to-date: /root/TEAM_AIM/install/scene_srv/lib/python3.8/site-packages/scene_srv/scene_srv_s__rosidl_typesupport_fastrtps_c.cpython-38-x86_64-linux-gnu.so
[0.393s] -- Up-to-date: /root/TEAM_AIM/install/scene_srv/lib/python3.8/site-packages/scene_srv/scene_srv_s__rosidl_typesupport_introspection_c.cpython-38-x86_64-linux-gnu.so
[0.393s] -- Up-to-date: /root/TEAM_AIM/install/scene_srv/lib/python3.8/site-packages/scene_srv/scene_srv_s__rosidl_typesupport_c.cpython-38-x86_64-linux-gnu.so
[0.393s] -- Up-to-date: /root/TEAM_AIM/install/scene_srv/lib/libscene_srv__python.so
[0.394s] -- Up-to-date: /root/TEAM_AIM/install/scene_srv/share/scene_srv/srv/SceneSignal.idl
[0.394s] -- Up-to-date: /root/TEAM_AIM/install/scene_srv/share/scene_srv/srv/StartSignal.idl
[0.394s] -- Up-to-date: /root/TEAM_AIM/install/scene_srv/share/scene_srv/srv/SceneSignal.srv
[0.394s] -- Up-to-date: /root/TEAM_AIM/install/scene_srv/share/scene_srv/srv/SceneSignal_Request.msg
[0.394s] -- Up-to-date: /root/TEAM_AIM/install/scene_srv/share/scene_srv/srv/SceneSignal_Response.msg
[0.394s] -- Up-to-date: /root/TEAM_AIM/install/scene_srv/share/scene_srv/srv/StartSignal.srv
[0.394s] -- Up-to-date: /root/TEAM_AIM/install/scene_srv/share/scene_srv/srv/StartSignal_Request.msg
[0.394s] -- Up-to-date: /root/TEAM_AIM/install/scene_srv/share/scene_srv/srv/StartSignal_Response.msg
[0.394s] -- Up-to-date: /root/TEAM_AIM/install/scene_srv/share/ament_index/resource_index/package_run_dependencies/scene_srv
[0.394s] -- Up-to-date: /root/TEAM_AIM/install/scene_srv/share/ament_index/resource_index/parent_prefix_path/scene_srv
[0.394s] -- Up-to-date: /root/TEAM_AIM/install/scene_srv/share/scene_srv/environment/ament_prefix_path.sh
[0.394s] -- Up-to-date: /root/TEAM_AIM/install/scene_srv/share/scene_srv/environment/ament_prefix_path.dsv
[0.394s] -- Up-to-date: /root/TEAM_AIM/install/scene_srv/share/scene_srv/environment/path.sh
[0.394s] -- Up-to-date: /root/TEAM_AIM/install/scene_srv/share/scene_srv/environment/path.dsv
[0.394s] -- Up-to-date: /root/TEAM_AIM/install/scene_srv/share/scene_srv/local_setup.bash
[0.394s] -- Up-to-date: /root/TEAM_AIM/install/scene_srv/share/scene_srv/local_setup.sh
[0.394s] -- Up-to-date: /root/TEAM_AIM/install/scene_srv/share/scene_srv/local_setup.zsh
[0.394s] -- Up-to-date: /root/TEAM_AIM/install/scene_srv/share/scene_srv/local_setup.dsv
[0.394s] -- Up-to-date: /root/TEAM_AIM/install/scene_srv/share/scene_srv/package.dsv
[0.395s] -- Up-to-date: /root/TEAM_AIM/install/scene_srv/share/ament_index/resource_index/packages/scene_srv
[0.395s] -- Up-to-date: /root/TEAM_AIM/install/scene_srv/share/scene_srv/cmake/scene_srv__rosidl_generator_cExport.cmake
[0.395s] -- Up-to-date: /root/TEAM_AIM/install/scene_srv/share/scene_srv/cmake/scene_srv__rosidl_generator_cExport-noconfig.cmake
[0.395s] -- Up-to-date: /root/TEAM_AIM/install/scene_srv/share/scene_srv/cmake/scene_srv__rosidl_typesupport_introspection_cExport.cmake
[0.395s] -- Up-to-date: /root/TEAM_AIM/install/scene_srv/share/scene_srv/cmake/scene_srv__rosidl_typesupport_introspection_cExport-noconfig.cmake
[0.395s] -- Up-to-date: /root/TEAM_AIM/install/scene_srv/share/scene_srv/cmake/scene_srv__rosidl_typesupport_cExport.cmake
[0.395s] -- Up-to-date: /root/TEAM_AIM/install/scene_srv/share/scene_srv/cmake/scene_srv__rosidl_typesupport_cExport-noconfig.cmake
[0.395s] -- Up-to-date: /root/TEAM_AIM/install/scene_srv/share/scene_srv/cmake/scene_srv__rosidl_generator_cppExport.cmake
[0.395s] -- Up-to-date: /root/TEAM_AIM/install/scene_srv/share/scene_srv/cmake/scene_srv__rosidl_typesupport_introspection_cppExport.cmake
[0.395s] -- Up-to-date: /root/TEAM_AIM/install/scene_srv/share/scene_srv/cmake/scene_srv__rosidl_typesupport_introspection_cppExport-noconfig.cmake
[0.395s] -- Up-to-date: /root/TEAM_AIM/install/scene_srv/share/scene_srv/cmake/scene_srv__rosidl_typesupport_cppExport.cmake
[0.395s] -- Up-to-date: /root/TEAM_AIM/install/scene_srv/share/scene_srv/cmake/scene_srv__rosidl_typesupport_cppExport-noconfig.cmake
[0.396s] -- Up-to-date: /root/TEAM_AIM/install/scene_srv/share/scene_srv/cmake/rosidl_cmake-extras.cmake
[0.396s] -- Up-to-date: /root/TEAM_AIM/install/scene_srv/share/scene_srv/cmake/ament_cmake_export_dependencies-extras.cmake
[0.396s] -- Up-to-date: /root/TEAM_AIM/install/scene_srv/share/scene_srv/cmake/ament_cmake_export_libraries-extras.cmake
[0.396s] -- Up-to-date: /root/TEAM_AIM/install/scene_srv/share/scene_srv/cmake/ament_cmake_export_targets-extras.cmake
[0.396s] -- Up-to-date: /root/TEAM_AIM/install/scene_srv/share/scene_srv/cmake/ament_cmake_export_include_directories-extras.cmake
[0.396s] -- Up-to-date: /root/TEAM_AIM/install/scene_srv/share/scene_srv/cmake/rosidl_cmake_export_typesupport_libraries-extras.cmake
[0.396s] -- Up-to-date: /root/TEAM_AIM/install/scene_srv/share/scene_srv/cmake/rosidl_cmake_export_typesupport_targets-extras.cmake
[0.396s] -- Up-to-date: /root/TEAM_AIM/install/scene_srv/share/scene_srv/cmake/scene_srvConfig.cmake
[0.396s] -- Up-to-date: /root/TEAM_AIM/install/scene_srv/share/scene_srv/cmake/scene_srvConfig-version.cmake
[0.396s] -- Up-to-date: /root/TEAM_AIM/install/scene_srv/share/scene_srv/package.xml
[0.401s] Invoked command in '/root/TEAM_AIM/build/scene_srv' returned '0': CMAKE_PREFIX_PATH=${CMAKE_PREFIX_PATH}:/opt/ros/foxy /usr/bin/cmake --install /root/TEAM_AIM/build/scene_srv
