[0.089s] Invoking command in '/root/TEAM_AIM/build/scene_srv': CMAKE_PREFIX_PATH=/opt/ros/foxy /usr/bin/cmake --build /root/TEAM_AIM/build/scene_srv -- -j16 -l16
[0.233s] [  2%] Built target scene_srv__cpp
[0.236s] [ 12%] Built target scene_srv__rosidl_generator_c
[0.304s] [ 23%] Built target scene_srv__rosidl_typesupport_c
[0.318s] [ 35%] Built target scene_srv__rosidl_typesupport_introspection_cpp
[0.319s] [ 43%] Built target scene_srv__rosidl_typesupport_introspection_c
[0.333s] [ 64%] Built target scene_srv__rosidl_typesupport_fastrtps_cpp
[0.333s] [ 64%] Built target scene_srv__rosidl_typesupport_cpp
[0.415s] [ 74%] Built target scene_srv__rosidl_typesupport_fastrtps_c
[0.462s] [ 74%] Built target scene_srv
[0.524s] [ 76%] Built target scene_srv__py
[0.596s] [ 84%] Built target scene_srv__python
[0.652s] [ 94%] Built target scene_srv__rosidl_typesupport_c__pyext
[0.653s] [ 94%] Built target scene_srv__rosidl_typesupport_fastrtps_c__pyext
[0.653s] [100%] Built target scene_srv__rosidl_typesupport_introspection_c__pyext
[0.693s] Invoked command in '/root/TEAM_AIM/build/scene_srv' returned '0': CMAKE_PREFIX_PATH=/opt/ros/foxy /usr/bin/cmake --build /root/TEAM_AIM/build/scene_srv -- -j16 -l16
[0.854s] Invoking command in '/root/TEAM_AIM/build/scene_srv': CMAKE_PREFIX_PATH=/opt/ros/foxy /usr/bin/cmake --install /root/TEAM_AIM/build/scene_srv
[0.876s] -- Install configuration: ""
[0.878s] -- Up-to-date: /root/TEAM_AIM/install/scene_srv/share/ament_index/resource_index/rosidl_interfaces/scene_srv
[0.878s] -- Up-to-date: /root/TEAM_AIM/install/scene_srv/include/scene_srv
[0.878s] -- Up-to-date: /root/TEAM_AIM/install/scene_srv/include/scene_srv/srv
[0.878s] -- Up-to-date: /root/TEAM_AIM/install/scene_srv/include/scene_srv/srv/start_signal.h
[0.878s] -- Up-to-date: /root/TEAM_AIM/install/scene_srv/include/scene_srv/srv/scene_signal.h
[0.878s] -- Up-to-date: /root/TEAM_AIM/install/scene_srv/include/scene_srv/srv/detail
[0.879s] -- Up-to-date: /root/TEAM_AIM/install/scene_srv/include/scene_srv/srv/detail/scene_signal__type_support.h
[0.879s] -- Up-to-date: /root/TEAM_AIM/install/scene_srv/include/scene_srv/srv/detail/scene_signal__struct.h
[0.879s] -- Up-to-date: /root/TEAM_AIM/install/scene_srv/include/scene_srv/srv/detail/scene_signal__functions.c
[0.879s] -- Up-to-date: /root/TEAM_AIM/install/scene_srv/include/scene_srv/srv/detail/start_signal__functions.h
[0.879s] -- Up-to-date: /root/TEAM_AIM/install/scene_srv/include/scene_srv/srv/detail/start_signal__struct.h
[0.880s] -- Up-to-date: /root/TEAM_AIM/install/scene_srv/include/scene_srv/srv/detail/start_signal__functions.c
[0.880s] -- Up-to-date: /root/TEAM_AIM/install/scene_srv/include/scene_srv/srv/detail/start_signal__type_support.h
[0.880s] -- Up-to-date: /root/TEAM_AIM/install/scene_srv/include/scene_srv/srv/detail/scene_signal__functions.h
[0.880s] -- Up-to-date: /root/TEAM_AIM/install/scene_srv/include/scene_srv/msg
[0.880s] -- Up-to-date: /root/TEAM_AIM/install/scene_srv/include/scene_srv/msg/rosidl_generator_c__visibility_control.h
[0.880s] -- Up-to-date: /root/TEAM_AIM/install/scene_srv/share/scene_srv/environment/library_path.sh
[0.881s] -- Up-to-date: /root/TEAM_AIM/install/scene_srv/share/scene_srv/environment/library_path.dsv
[0.881s] -- Up-to-date: /root/TEAM_AIM/install/scene_srv/lib/libscene_srv__rosidl_generator_c.so
[0.881s] -- Up-to-date: /root/TEAM_AIM/install/scene_srv/include/scene_srv
[0.881s] -- Up-to-date: /root/TEAM_AIM/install/scene_srv/include/scene_srv/srv
[0.881s] -- Up-to-date: /root/TEAM_AIM/install/scene_srv/include/scene_srv/srv/detail
[0.881s] -- Up-to-date: /root/TEAM_AIM/install/scene_srv/include/scene_srv/srv/detail/scene_signal__rosidl_typesupport_fastrtps_c.h
[0.881s] -- Up-to-date: /root/TEAM_AIM/install/scene_srv/include/scene_srv/srv/detail/start_signal__rosidl_typesupport_fastrtps_c.h
[0.882s] -- Up-to-date: /root/TEAM_AIM/install/scene_srv/include/scene_srv/msg
[0.882s] -- Up-to-date: /root/TEAM_AIM/install/scene_srv/include/scene_srv/msg/rosidl_typesupport_fastrtps_c__visibility_control.h
[0.883s] -- Up-to-date: /root/TEAM_AIM/install/scene_srv/lib/libscene_srv__rosidl_typesupport_fastrtps_c.so
[0.883s] -- Up-to-date: /root/TEAM_AIM/install/scene_srv/include/scene_srv
[0.883s] -- Up-to-date: /root/TEAM_AIM/install/scene_srv/include/scene_srv/srv
[0.883s] -- Up-to-date: /root/TEAM_AIM/install/scene_srv/include/scene_srv/srv/detail
[0.884s] -- Up-to-date: /root/TEAM_AIM/install/scene_srv/include/scene_srv/srv/detail/start_signal__rosidl_typesupport_fastrtps_cpp.hpp
[0.884s] -- Up-to-date: /root/TEAM_AIM/install/scene_srv/include/scene_srv/srv/detail/dds_fastrtps
[0.884s] -- Up-to-date: /root/TEAM_AIM/install/scene_srv/include/scene_srv/srv/detail/scene_signal__rosidl_typesupport_fastrtps_cpp.hpp
[0.885s] -- Up-to-date: /root/TEAM_AIM/install/scene_srv/include/scene_srv/msg
[0.885s] -- Up-to-date: /root/TEAM_AIM/install/scene_srv/include/scene_srv/msg/rosidl_typesupport_fastrtps_cpp__visibility_control.h
[0.885s] -- Up-to-date: /root/TEAM_AIM/install/scene_srv/lib/libscene_srv__rosidl_typesupport_fastrtps_cpp.so
[0.885s] -- Up-to-date: /root/TEAM_AIM/install/scene_srv/include/scene_srv
[0.885s] -- Up-to-date: /root/TEAM_AIM/install/scene_srv/include/scene_srv/srv
[0.898s] -- Up-to-date: /root/TEAM_AIM/install/scene_srv/include/scene_srv/srv/detail
[0.898s] -- Up-to-date: /root/TEAM_AIM/install/scene_srv/include/scene_srv/srv/detail/scene_signal__rosidl_typesupport_introspection_c.h
[0.898s] -- Up-to-date: /root/TEAM_AIM/install/scene_srv/include/scene_srv/srv/detail/start_signal__rosidl_typesupport_introspection_c.h
[0.899s] -- Up-to-date: /root/TEAM_AIM/install/scene_srv/include/scene_srv/srv/detail/start_signal__type_support.c
[0.900s] -- Up-to-date: /root/TEAM_AIM/install/scene_srv/include/scene_srv/srv/detail/scene_signal__type_support.c
[0.900s] -- Up-to-date: /root/TEAM_AIM/install/scene_srv/include/scene_srv/msg
[0.900s] -- Up-to-date: /root/TEAM_AIM/install/scene_srv/include/scene_srv/msg/rosidl_typesupport_introspection_c__visibility_control.h
[0.900s] -- Up-to-date: /root/TEAM_AIM/install/scene_srv/lib/libscene_srv__rosidl_typesupport_introspection_c.so
[0.900s] -- Up-to-date: /root/TEAM_AIM/install/scene_srv/lib/libscene_srv__rosidl_typesupport_c.so
[0.900s] -- Up-to-date: /root/TEAM_AIM/install/scene_srv/include/scene_srv
[0.900s] -- Up-to-date: /root/TEAM_AIM/install/scene_srv/include/scene_srv/srv
[0.900s] -- Up-to-date: /root/TEAM_AIM/install/scene_srv/include/scene_srv/srv/scene_signal.hpp
[0.901s] -- Up-to-date: /root/TEAM_AIM/install/scene_srv/include/scene_srv/srv/detail
[0.901s] -- Up-to-date: /root/TEAM_AIM/install/scene_srv/include/scene_srv/srv/detail/scene_signal__builder.hpp
[0.901s] -- Up-to-date: /root/TEAM_AIM/install/scene_srv/include/scene_srv/srv/detail/start_signal__builder.hpp
[0.901s] -- Up-to-date: /root/TEAM_AIM/install/scene_srv/include/scene_srv/srv/detail/start_signal__struct.hpp
[0.901s] -- Up-to-date: /root/TEAM_AIM/install/scene_srv/include/scene_srv/srv/detail/start_signal__traits.hpp
[0.901s] -- Up-to-date: /root/TEAM_AIM/install/scene_srv/include/scene_srv/srv/detail/start_signal__type_support.hpp
[0.901s] -- Up-to-date: /root/TEAM_AIM/install/scene_srv/include/scene_srv/srv/detail/scene_signal__traits.hpp
[0.901s] -- Up-to-date: /root/TEAM_AIM/install/scene_srv/include/scene_srv/srv/detail/scene_signal__type_support.hpp
[0.901s] -- Up-to-date: /root/TEAM_AIM/install/scene_srv/include/scene_srv/srv/detail/scene_signal__struct.hpp
[0.901s] -- Up-to-date: /root/TEAM_AIM/install/scene_srv/include/scene_srv/srv/start_signal.hpp
[0.901s] -- Up-to-date: /root/TEAM_AIM/install/scene_srv/include/scene_srv/msg
[0.902s] -- Up-to-date: /root/TEAM_AIM/install/scene_srv/include/scene_srv/msg/rosidl_generator_cpp__visibility_control.hpp
[0.902s] -- Up-to-date: /root/TEAM_AIM/install/scene_srv/include/scene_srv
[0.902s] -- Up-to-date: /root/TEAM_AIM/install/scene_srv/include/scene_srv/srv
[0.902s] -- Up-to-date: /root/TEAM_AIM/install/scene_srv/include/scene_srv/srv/detail
[0.902s] -- Up-to-date: /root/TEAM_AIM/install/scene_srv/include/scene_srv/srv/detail/start_signal__type_support.cpp
[0.904s] -- Up-to-date: /root/TEAM_AIM/install/scene_srv/include/scene_srv/srv/detail/start_signal__rosidl_typesupport_introspection_cpp.hpp
[0.904s] -- Up-to-date: /root/TEAM_AIM/install/scene_srv/include/scene_srv/srv/detail/scene_signal__type_support.cpp
[0.904s] -- Up-to-date: /root/TEAM_AIM/install/scene_srv/include/scene_srv/srv/detail/scene_signal__rosidl_typesupport_introspection_cpp.hpp
[0.904s] -- Up-to-date: /root/TEAM_AIM/install/scene_srv/lib/libscene_srv__rosidl_typesupport_introspection_cpp.so
[0.904s] -- Up-to-date: /root/TEAM_AIM/install/scene_srv/lib/libscene_srv__rosidl_typesupport_cpp.so
[0.905s] -- Up-to-date: /root/TEAM_AIM/install/scene_srv/share/scene_srv/environment/pythonpath.sh
[0.905s] -- Up-to-date: /root/TEAM_AIM/install/scene_srv/share/scene_srv/environment/pythonpath.dsv
[0.905s] -- Up-to-date: /root/TEAM_AIM/install/scene_srv/lib/python3.8/site-packages/scene_srv/__init__.py
[0.956s] -- Up-to-date: /root/TEAM_AIM/install/scene_srv/lib/python3.8/site-packages/scene_srv/srv
[0.957s] -- Up-to-date: /root/TEAM_AIM/install/scene_srv/lib/python3.8/site-packages/scene_srv/srv/_scene_signal.py
[0.958s] -- Up-to-date: /root/TEAM_AIM/install/scene_srv/lib/python3.8/site-packages/scene_srv/srv/__init__.py
[0.958s] -- Up-to-date: /root/TEAM_AIM/install/scene_srv/lib/python3.8/site-packages/scene_srv/srv/_scene_signal_s.c
[0.958s] -- Up-to-date: /root/TEAM_AIM/install/scene_srv/lib/python3.8/site-packages/scene_srv/srv/_start_signal.py
[0.958s] -- Up-to-date: /root/TEAM_AIM/install/scene_srv/lib/python3.8/site-packages/scene_srv/srv/_start_signal_s.c
[0.958s] -- Up-to-date: /root/TEAM_AIM/install/scene_srv/lib/python3.8/site-packages/scene_srv/scene_srv_s__rosidl_typesupport_fastrtps_c.cpython-38-x86_64-linux-gnu.so
[0.959s] -- Up-to-date: /root/TEAM_AIM/install/scene_srv/lib/python3.8/site-packages/scene_srv/scene_srv_s__rosidl_typesupport_introspection_c.cpython-38-x86_64-linux-gnu.so
[0.960s] -- Up-to-date: /root/TEAM_AIM/install/scene_srv/lib/python3.8/site-packages/scene_srv/scene_srv_s__rosidl_typesupport_c.cpython-38-x86_64-linux-gnu.so
[0.962s] -- Up-to-date: /root/TEAM_AIM/install/scene_srv/lib/libscene_srv__python.so
[0.963s] -- Up-to-date: /root/TEAM_AIM/install/scene_srv/share/scene_srv/srv/SceneSignal.idl
[0.963s] -- Up-to-date: /root/TEAM_AIM/install/scene_srv/share/scene_srv/srv/StartSignal.idl
[0.963s] -- Up-to-date: /root/TEAM_AIM/install/scene_srv/share/scene_srv/srv/SceneSignal.srv
[0.964s] -- Up-to-date: /root/TEAM_AIM/install/scene_srv/share/scene_srv/srv/SceneSignal_Request.msg
[0.964s] -- Up-to-date: /root/TEAM_AIM/install/scene_srv/share/scene_srv/srv/SceneSignal_Response.msg
[0.964s] -- Up-to-date: /root/TEAM_AIM/install/scene_srv/share/scene_srv/srv/StartSignal.srv
[0.964s] -- Up-to-date: /root/TEAM_AIM/install/scene_srv/share/scene_srv/srv/StartSignal_Request.msg
[0.965s] -- Up-to-date: /root/TEAM_AIM/install/scene_srv/share/scene_srv/srv/StartSignal_Response.msg
[0.965s] -- Up-to-date: /root/TEAM_AIM/install/scene_srv/share/ament_index/resource_index/package_run_dependencies/scene_srv
[0.965s] -- Up-to-date: /root/TEAM_AIM/install/scene_srv/share/ament_index/resource_index/parent_prefix_path/scene_srv
[0.965s] -- Up-to-date: /root/TEAM_AIM/install/scene_srv/share/scene_srv/environment/ament_prefix_path.sh
[0.965s] -- Up-to-date: /root/TEAM_AIM/install/scene_srv/share/scene_srv/environment/ament_prefix_path.dsv
[0.965s] -- Up-to-date: /root/TEAM_AIM/install/scene_srv/share/scene_srv/environment/path.sh
[0.966s] -- Up-to-date: /root/TEAM_AIM/install/scene_srv/share/scene_srv/environment/path.dsv
[0.966s] -- Up-to-date: /root/TEAM_AIM/install/scene_srv/share/scene_srv/local_setup.bash
[0.966s] -- Up-to-date: /root/TEAM_AIM/install/scene_srv/share/scene_srv/local_setup.sh
[0.966s] -- Up-to-date: /root/TEAM_AIM/install/scene_srv/share/scene_srv/local_setup.zsh
[0.967s] -- Up-to-date: /root/TEAM_AIM/install/scene_srv/share/scene_srv/local_setup.dsv
[0.967s] -- Installing: /root/TEAM_AIM/install/scene_srv/share/scene_srv/package.dsv
[0.967s] -- Up-to-date: /root/TEAM_AIM/install/scene_srv/share/ament_index/resource_index/packages/scene_srv
[0.967s] -- Up-to-date: /root/TEAM_AIM/install/scene_srv/share/scene_srv/cmake/scene_srv__rosidl_generator_cExport.cmake
[0.967s] -- Up-to-date: /root/TEAM_AIM/install/scene_srv/share/scene_srv/cmake/scene_srv__rosidl_generator_cExport-noconfig.cmake
[0.967s] -- Up-to-date: /root/TEAM_AIM/install/scene_srv/share/scene_srv/cmake/scene_srv__rosidl_typesupport_introspection_cExport.cmake
[0.967s] -- Up-to-date: /root/TEAM_AIM/install/scene_srv/share/scene_srv/cmake/scene_srv__rosidl_typesupport_introspection_cExport-noconfig.cmake
[0.968s] -- Up-to-date: /root/TEAM_AIM/install/scene_srv/share/scene_srv/cmake/scene_srv__rosidl_typesupport_cExport.cmake
[0.968s] -- Up-to-date: /root/TEAM_AIM/install/scene_srv/share/scene_srv/cmake/scene_srv__rosidl_typesupport_cExport-noconfig.cmake
[0.968s] -- Up-to-date: /root/TEAM_AIM/install/scene_srv/share/scene_srv/cmake/scene_srv__rosidl_generator_cppExport.cmake
[0.968s] -- Up-to-date: /root/TEAM_AIM/install/scene_srv/share/scene_srv/cmake/scene_srv__rosidl_typesupport_introspection_cppExport.cmake
[0.968s] -- Up-to-date: /root/TEAM_AIM/install/scene_srv/share/scene_srv/cmake/scene_srv__rosidl_typesupport_introspection_cppExport-noconfig.cmake
[0.969s] -- Up-to-date: /root/TEAM_AIM/install/scene_srv/share/scene_srv/cmake/scene_srv__rosidl_typesupport_cppExport.cmake
[0.969s] -- Up-to-date: /root/TEAM_AIM/install/scene_srv/share/scene_srv/cmake/scene_srv__rosidl_typesupport_cppExport-noconfig.cmake
[0.969s] -- Up-to-date: /root/TEAM_AIM/install/scene_srv/share/scene_srv/cmake/rosidl_cmake-extras.cmake
[0.969s] -- Up-to-date: /root/TEAM_AIM/install/scene_srv/share/scene_srv/cmake/ament_cmake_export_dependencies-extras.cmake
[0.969s] -- Up-to-date: /root/TEAM_AIM/install/scene_srv/share/scene_srv/cmake/ament_cmake_export_libraries-extras.cmake
[0.969s] -- Up-to-date: /root/TEAM_AIM/install/scene_srv/share/scene_srv/cmake/ament_cmake_export_targets-extras.cmake
[0.969s] -- Up-to-date: /root/TEAM_AIM/install/scene_srv/share/scene_srv/cmake/ament_cmake_export_include_directories-extras.cmake
[0.970s] -- Up-to-date: /root/TEAM_AIM/install/scene_srv/share/scene_srv/cmake/rosidl_cmake_export_typesupport_libraries-extras.cmake
[0.970s] -- Up-to-date: /root/TEAM_AIM/install/scene_srv/share/scene_srv/cmake/rosidl_cmake_export_typesupport_targets-extras.cmake
[0.970s] -- Up-to-date: /root/TEAM_AIM/install/scene_srv/share/scene_srv/cmake/scene_srvConfig.cmake
[0.971s] -- Up-to-date: /root/TEAM_AIM/install/scene_srv/share/scene_srv/cmake/scene_srvConfig-version.cmake
[0.971s] -- Up-to-date: /root/TEAM_AIM/install/scene_srv/share/scene_srv/package.xml
[0.988s] Invoked command in '/root/TEAM_AIM/build/scene_srv' returned '0': CMAKE_PREFIX_PATH=/opt/ros/foxy /usr/bin/cmake --install /root/TEAM_AIM/build/scene_srv
