[0.049s] Invoking command in '/root/TEAM_AIM/build/mission_3': CMAKE_PREFIX_PATH=/opt/ros/foxy /usr/bin/cmake /root/TEAM_AIM/src/mission_3 -DCMAKE_INSTALL_PREFIX=/root/TEAM_AIM/install/mission_3
[0.066s] -- Found ament_cmake: 0.9.12 (/opt/ros/foxy/share/ament_cmake/cmake)
[0.086s] -- Using PYTHON_EXECUTABLE: /usr/bin/python3
[0.252s] -- Found rclcpp: 2.4.3 (/opt/ros/foxy/share/rclcpp/cmake)
[0.282s] -- Using all available rosidl_typesupport_c: rosidl_typesupport_fastrtps_c;rosidl_typesupport_introspection_c
[0.284s] -- Found rosidl_adapter: 1.3.1 (/opt/ros/foxy/share/rosidl_adapter/cmake)
[0.422s] -- Using all available rosidl_typesupport_cpp: rosidl_typesupport_fastrtps_cpp;rosidl_typesupport_introspection_cpp
[0.463s] -- Found rmw_implementation_cmake: 1.0.4 (/opt/ros/foxy/share/rmw_implementation_cmake/cmake)
[0.463s] -- Using RMW implementation 'rmw_fastrtps_cpp' as default
[0.573s] -- Found geometry_msgs: 2.0.5 (/opt/ros/foxy/share/geometry_msgs/cmake)
[0.603s] -- Found visualization_msgs: 2.0.5 (/opt/ros/foxy/share/visualization_msgs/cmake)
[0.659s] -- Found tf2: 0.13.14 (/opt/ros/foxy/share/tf2/cmake)
[0.673s] -- Found ament_index_cpp: 1.1.0 (/opt/ros/foxy/share/ament_index_cpp/cmake)
[0.736s] -- Configuring done
[0.756s] -- Generating done
[0.757s] -- Build files have been written to: /root/TEAM_AIM/build/mission_3
[0.766s] Invoked command in '/root/TEAM_AIM/build/mission_3' returned '0': CMAKE_PREFIX_PATH=/opt/ros/foxy /usr/bin/cmake /root/TEAM_AIM/src/mission_3 -DCMAKE_INSTALL_PREFIX=/root/TEAM_AIM/install/mission_3
[0.770s] Invoking command in '/root/TEAM_AIM/build/mission_3': CMAKE_PREFIX_PATH=/opt/ros/foxy /usr/bin/cmake --build /root/TEAM_AIM/build/mission_3 -- -j16 -l16
[0.826s] [35m[1mScanning dependencies of target control_tower_mission_3[0m
[0.826s] [35m[1mScanning dependencies of target control_cav_mission_3[0m
[0.867s] [ 25%] [32mBuilding CXX object CMakeFiles/control_cav_mission_3.dir/src/control_cav_mission_3.cpp.o[0m
[0.871s] [ 50%] [32mBuilding CXX object CMakeFiles/control_tower_mission_3.dir/src/control_tower_mission_3.cpp.o[0m
[2.206s] [01m[K/root/TEAM_AIM/src/mission_3/src/control_cav_mission_3.cpp:[m[K In function ‘[01m[Kbool loadPathCsv(const string&, std::vector<integrate_path_struct>&)[m[K’:
[2.206s] [01m[K/root/TEAM_AIM/src/mission_3/src/control_cav_mission_3.cpp:141:5:[m[K [01;35m[Kwarning: [m[Kthis ‘[01m[Kif[m[K’ clause does not guard... [[01;35m[K-Wmisleading-indentation[m[K]
[2.206s]   141 |     [01;35m[Kif[m[K (!(ss >> x)) continue; if (!(ss >> comma)) continue; if (!(ss >> y)) continue;
[2.206s]       |     [01;35m[K^~[m[K
[2.206s] [01m[K/root/TEAM_AIM/src/mission_3/src/control_cav_mission_3.cpp:141:31:[m[K [01;36m[Knote: [m[K...this statement, but the latter is misleadingly indented as if it were guarded by the ‘[01m[Kif[m[K’
[2.206s]   141 |     if (!(ss >> x)) continue; [01;36m[Kif[m[K (!(ss >> comma)) continue; if (!(ss >> y)) continue;
[2.206s]       |                               [01;36m[K^~[m[K
[2.235s] [01m[K/root/TEAM_AIM/src/mission_3/src/control_tower_mission_3.cpp:[m[K In function ‘[01m[Kint select_best_sub_cav(int, const std::vector<int>&, Pose, double, int)[m[K’:
[2.236s] [01m[K/root/TEAM_AIM/src/mission_3/src/control_tower_mission_3.cpp:340:22:[m[K [01;35m[Kwarning: [m[Ksuggest parentheses around comparison in operand of ‘[01m[K|[m[K’ [[01;35m[K-Wparentheses[m[K]
[2.236s]   340 |         if ([01;35m[Kidx_diff > 150[m[K| (main_overlap_idx > 170 && sub_overlap_idx < 30)) {
[2.236s]       |             [01;35m[K~~~~~~~~~^~~~~[m[K
[7.340s] [ 75%] [32m[1mLinking CXX executable control_tower_mission_3[0m
[7.655s] [ 75%] Built target control_tower_mission_3
[8.270s] [100%] [32m[1mLinking CXX executable control_cav_mission_3[0m
[8.625s] [100%] Built target control_cav_mission_3
[8.642s] Invoked command in '/root/TEAM_AIM/build/mission_3' returned '0': CMAKE_PREFIX_PATH=/opt/ros/foxy /usr/bin/cmake --build /root/TEAM_AIM/build/mission_3 -- -j16 -l16
[8.676s] Invoking command in '/root/TEAM_AIM/build/mission_3': CMAKE_PREFIX_PATH=/opt/ros/foxy /usr/bin/cmake --install /root/TEAM_AIM/build/mission_3
[8.687s] -- Install configuration: ""
[8.687s] -- Installing: /root/TEAM_AIM/install/mission_3/lib/mission_3/control_cav_mission_3
[8.692s] -- Set runtime path of "/root/TEAM_AIM/install/mission_3/lib/mission_3/control_cav_mission_3" to ""
[8.693s] -- Installing: /root/TEAM_AIM/install/mission_3/lib/mission_3/control_tower_mission_3
[8.697s] -- Set runtime path of "/root/TEAM_AIM/install/mission_3/lib/mission_3/control_tower_mission_3" to ""
[8.697s] -- Up-to-date: /root/TEAM_AIM/install/mission_3/share/mission_3/launch
[8.697s] -- Up-to-date: /root/TEAM_AIM/install/mission_3/share/mission_3/launch/run_mission_3.launch.py
[8.697s] -- Up-to-date: /root/TEAM_AIM/install/mission_3/share/ament_index/resource_index/package_run_dependencies/mission_3
[8.697s] -- Up-to-date: /root/TEAM_AIM/install/mission_3/share/ament_index/resource_index/parent_prefix_path/mission_3
[8.697s] -- Up-to-date: /root/TEAM_AIM/install/mission_3/share/mission_3/environment/ament_prefix_path.sh
[8.697s] -- Installing: /root/TEAM_AIM/install/mission_3/share/mission_3/environment/ament_prefix_path.dsv
[8.697s] -- Up-to-date: /root/TEAM_AIM/install/mission_3/share/mission_3/environment/path.sh
[8.697s] -- Installing: /root/TEAM_AIM/install/mission_3/share/mission_3/environment/path.dsv
[8.697s] -- Up-to-date: /root/TEAM_AIM/install/mission_3/share/mission_3/local_setup.bash
[8.697s] -- Up-to-date: /root/TEAM_AIM/install/mission_3/share/mission_3/local_setup.sh
[8.698s] -- Up-to-date: /root/TEAM_AIM/install/mission_3/share/mission_3/local_setup.zsh
[8.698s] -- Installing: /root/TEAM_AIM/install/mission_3/share/mission_3/local_setup.dsv
[8.698s] -- Installing: /root/TEAM_AIM/install/mission_3/share/mission_3/package.dsv
[8.698s] -- Up-to-date: /root/TEAM_AIM/install/mission_3/share/ament_index/resource_index/packages/mission_3
[8.698s] -- Up-to-date: /root/TEAM_AIM/install/mission_3/share/mission_3/cmake/mission_3Config.cmake
[8.698s] -- Up-to-date: /root/TEAM_AIM/install/mission_3/share/mission_3/cmake/mission_3Config-version.cmake
[8.698s] -- Up-to-date: /root/TEAM_AIM/install/mission_3/share/mission_3/package.xml
[8.704s] Invoked command in '/root/TEAM_AIM/build/mission_3' returned '0': CMAKE_PREFIX_PATH=/opt/ros/foxy /usr/bin/cmake --install /root/TEAM_AIM/build/mission_3
