[0.043s] Invoking command in '/root/TEAM_AIM/build/mission_2': CMAKE_PREFIX_PATH=${CMAKE_PREFIX_PATH}:/opt/ros/foxy /usr/bin/cmake --build /root/TEAM_AIM/build/mission_2 -- -j16 -l16
[0.102s] [100%] Built target control_cav_mission_2
[0.118s] Invoked command in '/root/TEAM_AIM/build/mission_2' returned '0': CMAKE_PREFIX_PATH=${CMAKE_PREFIX_PATH}:/opt/ros/foxy /usr/bin/cmake --build /root/TEAM_AIM/build/mission_2 -- -j16 -l16
[0.142s] Invoking command in '/root/TEAM_AIM/build/mission_2': CMAKE_PREFIX_PATH=${CMAKE_PREFIX_PATH}:/opt/ros/foxy /usr/bin/cmake --install /root/TEAM_AIM/build/mission_2
[0.148s] -- Install configuration: ""
[0.148s] -- Up-to-date: /root/TEAM_AIM/install/mission_2/lib/mission_2/control_cav_mission_2
[0.148s] -- Up-to-date: /root/TEAM_AIM/install/mission_2/share/mission_2/launch
[0.148s] -- Up-to-date: /root/TEAM_AIM/install/mission_2/share/mission_2/launch/mission_2.launch.py
[0.149s] -- Up-to-date: /root/TEAM_AIM/install/mission_2/share/ament_index/resource_index/package_run_dependencies/mission_2
[0.149s] -- Up-to-date: /root/TEAM_AIM/install/mission_2/share/ament_index/resource_index/parent_prefix_path/mission_2
[0.149s] -- Up-to-date: /root/TEAM_AIM/install/mission_2/share/mission_2/environment/ament_prefix_path.sh
[0.149s] -- Up-to-date: /root/TEAM_AIM/install/mission_2/share/mission_2/environment/ament_prefix_path.dsv
[0.149s] -- Up-to-date: /root/TEAM_AIM/install/mission_2/share/mission_2/environment/path.sh
[0.149s] -- Up-to-date: /root/TEAM_AIM/install/mission_2/share/mission_2/environment/path.dsv
[0.149s] -- Up-to-date: /root/TEAM_AIM/install/mission_2/share/mission_2/local_setup.bash
[0.149s] -- Up-to-date: /root/TEAM_AIM/install/mission_2/share/mission_2/local_setup.sh
[0.149s] -- Up-to-date: /root/TEAM_AIM/install/mission_2/share/mission_2/local_setup.zsh
[0.151s] -- Up-to-date: /root/TEAM_AIM/install/mission_2/share/mission_2/local_setup.dsv
[0.151s] -- Installing: /root/TEAM_AIM/install/mission_2/share/mission_2/package.dsv
[0.151s] -- Up-to-date: /root/TEAM_AIM/install/mission_2/share/ament_index/resource_index/packages/mission_2
[0.151s] -- Up-to-date: /root/TEAM_AIM/install/mission_2/share/mission_2/cmake/mission_2Config.cmake
[0.151s] -- Up-to-date: /root/TEAM_AIM/install/mission_2/share/mission_2/cmake/mission_2Config-version.cmake
[0.152s] -- Up-to-date: /root/TEAM_AIM/install/mission_2/share/mission_2/package.xml
[0.165s] Invoked command in '/root/TEAM_AIM/build/mission_2' returned '0': CMAKE_PREFIX_PATH=${CMAKE_PREFIX_PATH}:/opt/ros/foxy /usr/bin/cmake --install /root/TEAM_AIM/build/mission_2
