[0.091s] Invoking command in '/root/TEAM_AIM/build/scene_srv': CMAKE_PREFIX_PATH=/opt/ros/foxy /usr/bin/cmake /root/TEAM_AIM/Mobility_Challenge_Simulator/src/scene_srv -DCMAKE_INSTALL_PREFIX=/root/TEAM_AIM/install/scene_srv
[0.226s] -- The C compiler identification is GNU 9.4.0
[0.363s] -- The CXX compiler identification is GNU 9.4.0
[0.372s] -- Check for working C compiler: /usr/bin/cc
[0.545s] -- Check for working C compiler: /usr/bin/cc -- works
[0.547s] -- Detecting C compiler ABI info
[0.733s] -- Detecting C compiler ABI info - done
[0.756s] -- Detecting C compile features
[0.763s] -- Detecting C compile features - done
[0.763s] -- Check for working CXX compiler: /usr/bin/c++
[0.950s] -- Check for working CXX compiler: /usr/bin/c++ -- works
[0.956s] -- Detecting CXX compiler ABI info
[1.154s] -- Detecting CXX compiler ABI info - done
[1.177s] -- Detecting CXX compile features
[1.177s] -- Detecting CXX compile features - done
[1.183s] -- Found ament_cmake: 0.9.12 (/opt/ros/foxy/share/ament_cmake/cmake)
[1.232s] -- Found PythonInterp: /usr/bin/python3 (found suitable version "3.8.10", minimum required is "3") 
[1.234s] -- Using PYTHON_EXECUTABLE: /usr/bin/python3
[1.587s] -- Found rosidl_default_generators: 1.0.1 (/opt/ros/foxy/share/rosidl_default_generators/cmake)
[1.593s] -- Using all available rosidl_typesupport_c: rosidl_typesupport_fastrtps_c;rosidl_typesupport_introspection_c
[1.605s] -- Found rosidl_adapter: 1.3.1 (/opt/ros/foxy/share/rosidl_adapter/cmake)
[1.851s] -- Found OpenSSL: /usr/lib/x86_64-linux-gnu/libcrypto.so (found version "1.1.1f")  
[1.932s] -- Found FastRTPS: /opt/ros/foxy/include  
[2.104s] -- Using all available rosidl_typesupport_cpp: rosidl_typesupport_fastrtps_cpp;rosidl_typesupport_introspection_cpp
[2.205s] -- Found PythonInterp: /usr/bin/python3 (found version "3.8.10") 
[2.419s] -- Found ament_cmake_ros: 0.9.2 (/opt/ros/foxy/share/ament_cmake_ros/cmake)
[2.654s] -- Using all available rosidl_typesupport_c: rosidl_typesupport_fastrtps_c;rosidl_typesupport_introspection_c
[2.668s] -- Using all available rosidl_typesupport_cpp: rosidl_typesupport_fastrtps_cpp;rosidl_typesupport_introspection_cpp
[2.702s] -- Found PythonInterp: /usr/bin/python3 (found suitable version "3.8.10", minimum required is "3.5") 
[2.705s] -- Found python_cmake_module: 0.8.1 (/opt/ros/foxy/share/python_cmake_module/cmake)
[2.752s] -- Found PythonLibs: /usr/lib/x86_64-linux-gnu/libpython3.8.so (found suitable version "3.8.10", minimum required is "3.5") 
[2.753s] -- Using PYTHON_EXECUTABLE: /usr/bin/python3
[2.753s] -- Using PYTHON_INCLUDE_DIRS: /usr/include/python3.8
[2.753s] -- Using PYTHON_LIBRARIES: /usr/lib/x86_64-linux-gnu/libpython3.8.so
[2.789s] -- Found PythonExtra: .so  
[2.876s] -- Found ament_lint_auto: 0.9.8 (/opt/ros/foxy/share/ament_lint_auto/cmake)
[2.922s] -- Added test 'copyright' to check source files copyright and LICENSE
[2.926s] -- Added test 'lint_cmake' to check CMake code style
[2.928s] -- Added test 'xmllint' to check XML markup files
[2.940s] -- Configuring done
[3.000s] -- Generating done
[3.004s] -- Build files have been written to: /root/TEAM_AIM/build/scene_srv
[3.036s] Invoked command in '/root/TEAM_AIM/build/scene_srv' returned '0': CMAKE_PREFIX_PATH=/opt/ros/foxy /usr/bin/cmake /root/TEAM_AIM/Mobility_Challenge_Simulator/src/scene_srv -DCMAKE_INSTALL_PREFIX=/root/TEAM_AIM/install/scene_srv
[3.042s] Invoking command in '/root/TEAM_AIM/build/scene_srv': CMAKE_PREFIX_PATH=/opt/ros/foxy /usr/bin/cmake --build /root/TEAM_AIM/build/scene_srv -- -j16 -l16
[3.145s] [  2%] [34m[1mGenerating C code for ROS interfaces[0m
[3.145s] [35m[1mScanning dependencies of target scene_srv__cpp[0m
[3.171s] [  5%] [34m[1mGenerating C++ code for ROS interfaces[0m
[3.649s] [35m[1mScanning dependencies of target scene_srv__rosidl_generator_c[0m
[3.679s] [  7%] [32mBuilding C object CMakeFiles/scene_srv__rosidl_generator_c.dir/rosidl_generator_c/scene_srv/srv/detail/scene_signal__functions.c.o[0m
[3.683s] [ 10%] [32mBuilding C object CMakeFiles/scene_srv__rosidl_generator_c.dir/rosidl_generator_c/scene_srv/srv/detail/start_signal__functions.c.o[0m
[3.684s] [ 10%] Built target scene_srv__cpp
[3.704s] [ 17%] [34m[1mGenerating C++ type support for eProsima Fast-RTPS[0m
[3.705s] [ 17%] [34m[1mGenerating C++ introspection for ROS interfaces[0m
[3.705s] [ 17%] [34m[1mGenerating C++ type support dispatch for ROS interfaces[0m
[3.795s] [ 20%] [32m[1mLinking C shared library libscene_srv__rosidl_generator_c.so[0m
[3.880s] [ 20%] Built target scene_srv__rosidl_generator_c
[3.901s] [ 25%] [34m[1mGenerating C type support dispatch for ROS interfaces[0m
[3.901s] [ 25%] [34m[1mGenerating C introspection for ROS interfaces[0m
[4.124s] [35m[1mScanning dependencies of target scene_srv__rosidl_typesupport_cpp[0m
[4.154s] [ 28%] [32mBuilding CXX object CMakeFiles/scene_srv__rosidl_typesupport_cpp.dir/rosidl_typesupport_cpp/scene_srv/srv/scene_signal__type_support.cpp.o[0m
[4.158s] [35m[1mScanning dependencies of target scene_srv__rosidl_typesupport_introspection_cpp[0m
[4.164s] [ 30%] [32mBuilding CXX object CMakeFiles/scene_srv__rosidl_typesupport_cpp.dir/rosidl_typesupport_cpp/scene_srv/srv/start_signal__type_support.cpp.o[0m
[4.193s] [ 33%] [32mBuilding CXX object CMakeFiles/scene_srv__rosidl_typesupport_introspection_cpp.dir/rosidl_typesupport_introspection_cpp/scene_srv/srv/detail/scene_signal__type_support.cpp.o[0m
[4.195s] [ 35%] [32mBuilding CXX object CMakeFiles/scene_srv__rosidl_typesupport_introspection_cpp.dir/rosidl_typesupport_introspection_cpp/scene_srv/srv/detail/start_signal__type_support.cpp.o[0m
[4.196s] [35m[1mScanning dependencies of target scene_srv__rosidl_typesupport_fastrtps_cpp[0m
[4.243s] [ 38%] [32mBuilding CXX object CMakeFiles/scene_srv__rosidl_typesupport_fastrtps_cpp.dir/rosidl_typesupport_fastrtps_cpp/scene_srv/srv/detail/dds_fastrtps/scene_signal__type_support.cpp.o[0m
[4.243s] [ 41%] [32mBuilding CXX object CMakeFiles/scene_srv__rosidl_typesupport_fastrtps_cpp.dir/rosidl_typesupport_fastrtps_cpp/scene_srv/srv/detail/dds_fastrtps/start_signal__type_support.cpp.o[0m
[4.351s] [35m[1mScanning dependencies of target scene_srv__rosidl_typesupport_c[0m
[4.390s] [ 43%] [32mBuilding CXX object CMakeFiles/scene_srv__rosidl_typesupport_c.dir/rosidl_typesupport_c/scene_srv/srv/scene_signal__type_support.cpp.o[0m
[4.401s] [ 46%] [32mBuilding CXX object CMakeFiles/scene_srv__rosidl_typesupport_c.dir/rosidl_typesupport_c/scene_srv/srv/start_signal__type_support.cpp.o[0m
[4.480s] [35m[1mScanning dependencies of target scene_srv__rosidl_typesupport_introspection_c[0m
[4.497s] [ 48%] [32m[1mLinking CXX shared library libscene_srv__rosidl_typesupport_c.so[0m
[4.539s] [ 53%] [32mBuilding C object CMakeFiles/scene_srv__rosidl_typesupport_introspection_c.dir/rosidl_typesupport_introspection_c/scene_srv/srv/detail/scene_signal__type_support.c.o[0m
[4.539s] [ 53%] [32mBuilding C object CMakeFiles/scene_srv__rosidl_typesupport_introspection_c.dir/rosidl_typesupport_introspection_c/scene_srv/srv/detail/start_signal__type_support.c.o[0m
[4.617s] [ 53%] Built target scene_srv__rosidl_typesupport_c
[4.635s] [ 56%] [32m[1mLinking C shared library libscene_srv__rosidl_typesupport_introspection_c.so[0m
[4.734s] [ 56%] Built target scene_srv__rosidl_typesupport_introspection_c
[4.828s] [ 58%] [32m[1mLinking CXX shared library libscene_srv__rosidl_typesupport_cpp.so[0m
[4.844s] [ 61%] [32m[1mLinking CXX shared library libscene_srv__rosidl_typesupport_introspection_cpp.so[0m
[4.915s] [ 61%] Built target scene_srv__rosidl_typesupport_cpp
[4.964s] [ 61%] Built target scene_srv__rosidl_typesupport_introspection_cpp
[5.099s] [ 64%] [32m[1mLinking CXX shared library libscene_srv__rosidl_typesupport_fastrtps_cpp.so[0m
[5.260s] [ 64%] Built target scene_srv__rosidl_typesupport_fastrtps_cpp
[5.283s] [ 66%] [34m[1mGenerating C type support for eProsima Fast-RTPS[0m
[5.681s] [35m[1mScanning dependencies of target scene_srv__rosidl_typesupport_fastrtps_c[0m
[5.718s] [ 71%] [32mBuilding CXX object CMakeFiles/scene_srv__rosidl_typesupport_fastrtps_c.dir/rosidl_typesupport_fastrtps_c/scene_srv/srv/detail/start_signal__type_support_c.cpp.o[0m
[5.719s] [ 71%] [32mBuilding CXX object CMakeFiles/scene_srv__rosidl_typesupport_fastrtps_c.dir/rosidl_typesupport_fastrtps_c/scene_srv/srv/detail/scene_signal__type_support_c.cpp.o[0m
[6.265s] [ 74%] [32m[1mLinking CXX shared library libscene_srv__rosidl_typesupport_fastrtps_c.so[0m
[6.425s] [ 74%] Built target scene_srv__rosidl_typesupport_fastrtps_c
[6.449s] [35m[1mScanning dependencies of target scene_srv[0m
[6.471s] [ 74%] Built target scene_srv
[6.494s] [35m[1mScanning dependencies of target scene_srv__py[0m
[6.525s] [ 76%] [34m[1mGenerating Python code for ROS interfaces[0m
[7.405s] [ 76%] Built target scene_srv__py
[7.427s] [35m[1mScanning dependencies of target scene_srv__python[0m
[7.479s] [ 79%] [32mBuilding C object CMakeFiles/scene_srv__python.dir/rosidl_generator_py/scene_srv/srv/_start_signal_s.c.o[0m
[7.479s] [ 82%] [32mBuilding C object CMakeFiles/scene_srv__python.dir/rosidl_generator_py/scene_srv/srv/_scene_signal_s.c.o[0m
[7.649s] [ 84%] [32m[1mLinking C shared library rosidl_generator_py/scene_srv/libscene_srv__python.so[0m
[7.734s] [ 84%] Built target scene_srv__python
[7.758s] [35m[1mScanning dependencies of target scene_srv__rosidl_typesupport_introspection_c__pyext[0m
[7.758s] [35m[1mScanning dependencies of target scene_srv__rosidl_typesupport_fastrtps_c__pyext[0m
[7.760s] [35m[1mScanning dependencies of target scene_srv__rosidl_typesupport_c__pyext[0m
[7.806s] [ 87%] [32mBuilding C object CMakeFiles/scene_srv__rosidl_typesupport_introspection_c__pyext.dir/rosidl_generator_py/scene_srv/_scene_srv_s.ep.rosidl_typesupport_introspection_c.c.o[0m
[7.806s] [ 89%] [32mBuilding C object CMakeFiles/scene_srv__rosidl_typesupport_c__pyext.dir/rosidl_generator_py/scene_srv/_scene_srv_s.ep.rosidl_typesupport_c.c.o[0m
[7.813s] [ 92%] [32mBuilding C object CMakeFiles/scene_srv__rosidl_typesupport_fastrtps_c__pyext.dir/rosidl_generator_py/scene_srv/_scene_srv_s.ep.rosidl_typesupport_fastrtps_c.c.o[0m
[8.012s] [ 94%] [32m[1mLinking C shared library rosidl_generator_py/scene_srv/scene_srv_s__rosidl_typesupport_introspection_c.cpython-38-x86_64-linux-gnu.so[0m
[8.016s] [ 97%] [32m[1mLinking C shared library rosidl_generator_py/scene_srv/scene_srv_s__rosidl_typesupport_c.cpython-38-x86_64-linux-gnu.so[0m
[8.021s] [100%] [32m[1mLinking CXX shared library rosidl_generator_py/scene_srv/scene_srv_s__rosidl_typesupport_fastrtps_c.cpython-38-x86_64-linux-gnu.so[0m
[8.096s] [100%] Built target scene_srv__rosidl_typesupport_c__pyext
[8.097s] [100%] Built target scene_srv__rosidl_typesupport_introspection_c__pyext
[8.157s] [100%] Built target scene_srv__rosidl_typesupport_fastrtps_c__pyext
