[0.073s] Invoking command in '/root/TEAM_AIM/build/mission_3': CMAKE_PREFIX_PATH=/opt/ros/foxy /usr/bin/cmake /root/TEAM_AIM/src/mission_3 -DCMAKE_INSTALL_PREFIX=/root/TEAM_AIM/install/mission_3
[0.211s] -- The C compiler identification is GNU 9.4.0
[0.345s] -- The CXX compiler identification is GNU 9.4.0
[0.356s] -- Check for working C compiler: /usr/bin/cc
[0.527s] -- Check for working C compiler: /usr/bin/cc -- works
[0.528s] -- Detecting C compiler ABI info
[0.700s] -- Detecting C compiler ABI info - done
[0.733s] -- Detecting C compile features
[0.733s] -- Detecting C compile features - done
[0.738s] -- Check for working CXX compiler: /usr/bin/c++
[0.922s] -- Check for working CXX compiler: /usr/bin/c++ -- works
[0.924s] -- Detecting CXX compiler ABI info
[1.138s] -- Detecting CXX compiler ABI info - done
[1.163s] -- Detecting CXX compile features
[1.166s] -- Detecting CXX compile features - done
[1.171s] -- Found ament_cmake: 0.9.12 (/opt/ros/foxy/share/ament_cmake/cmake)
[1.225s] -- Found PythonInterp: /usr/bin/python3 (found suitable version "3.8.10", minimum required is "3") 
[1.225s] -- Using PYTHON_EXECUTABLE: /usr/bin/python3
[1.554s] -- Found rclcpp: 2.4.3 (/opt/ros/foxy/share/rclcpp/cmake)
[1.645s] -- Using all available rosidl_typesupport_c: rosidl_typesupport_fastrtps_c;rosidl_typesupport_introspection_c
[1.656s] -- Found rosidl_adapter: 1.3.1 (/opt/ros/foxy/share/rosidl_adapter/cmake)
[1.880s] -- Found OpenSSL: /usr/lib/x86_64-linux-gnu/libcrypto.so (found version "1.1.1f")  
[1.936s] -- Found FastRTPS: /opt/ros/foxy/include  
[2.128s] -- Using all available rosidl_typesupport_cpp: rosidl_typesupport_fastrtps_cpp;rosidl_typesupport_introspection_cpp
[2.233s] -- Found rmw_implementation_cmake: 1.0.4 (/opt/ros/foxy/share/rmw_implementation_cmake/cmake)
[2.235s] -- Using RMW implementation 'rmw_fastrtps_cpp' as default
[2.237s] -- Looking for pthread.h
[2.392s] -- Looking for pthread.h - found
[2.393s] -- Performing Test CMAKE_HAVE_LIBC_PTHREAD
[2.542s] -- Performing Test CMAKE_HAVE_LIBC_PTHREAD - Failed
[2.542s] -- Looking for pthread_create in pthreads
[2.661s] -- Looking for pthread_create in pthreads - not found
[2.663s] -- Looking for pthread_create in pthread
[2.826s] -- Looking for pthread_create in pthread - found
[2.830s] -- Found Threads: TRUE  
[3.091s] -- Found geometry_msgs: 2.0.5 (/opt/ros/foxy/share/geometry_msgs/cmake)
[3.148s] -- Found visualization_msgs: 2.0.5 (/opt/ros/foxy/share/visualization_msgs/cmake)
[3.263s] -- Found tf2: 0.13.14 (/opt/ros/foxy/share/tf2/cmake)
[3.289s] -- Found ament_index_cpp: 1.1.0 (/opt/ros/foxy/share/ament_index_cpp/cmake)
[3.301s] -- Found ament_lint_auto: 0.9.8 (/opt/ros/foxy/share/ament_lint_auto/cmake)
[3.396s] CMake Error at /opt/ros/foxy/share/ament_cmake_core/cmake/core/ament_package_xml.cmake:53 (message):
[3.396s]   ament_package_xml() package name 'mission_3' in '/package.xml' does not
[3.396s]   match current PROJECT_NAME 'problem_1_1'.  You must call project() with the
[3.397s]   same package name before.
[3.397s] Call Stack (most recent call first):
[3.397s]   /opt/ros/foxy/share/ament_lint_auto/cmake/ament_lint_auto_find_test_dependencies.cmake:31 (ament_package_xml)
[3.397s]   CMakeLists.txt:92 (ament_lint_auto_find_test_dependencies)
[3.397s] 
[3.397s] 
[3.397s] -- Configuring incomplete, errors occurred!
[3.398s] See also "/root/TEAM_AIM/build/mission_3/CMakeFiles/CMakeOutput.log".
[3.398s] See also "/root/TEAM_AIM/build/mission_3/CMakeFiles/CMakeError.log".
[3.420s] Invoked command in '/root/TEAM_AIM/build/mission_3' returned '1': CMAKE_PREFIX_PATH=/opt/ros/foxy /usr/bin/cmake /root/TEAM_AIM/src/mission_3 -DCMAKE_INSTALL_PREFIX=/root/TEAM_AIM/install/mission_3
