[0.066s] Invoking command in '/root/TEAM_AIM/build/simulator_launch': CMAKE_PREFIX_PATH=/opt/ros/foxy /usr/bin/cmake /root/TEAM_AIM/Mobility_Challenge_Simulator/src/simulator_launch -DCMAKE_INSTALL_PREFIX=/root/TEAM_AIM/install/simulator_launch
[0.087s] -- Found ament_cmake: 0.9.12 (/opt/ros/foxy/share/ament_cmake/cmake)
[0.138s] -- Using PYTHON_EXECUTABLE: /usr/bin/python3
[0.521s] -- Configuring done
[0.525s] -- Generating done
[0.527s] -- Build files have been written to: /root/TEAM_AIM/build/simulator_launch
[0.532s] Invoked command in '/root/TEAM_AIM/build/simulator_launch' returned '0': CMAKE_PREFIX_PATH=/opt/ros/foxy /usr/bin/cmake /root/TEAM_AIM/Mobility_Challenge_Simulator/src/simulator_launch -DCMAKE_INSTALL_PREFIX=/root/TEAM_AIM/install/simulator_launch
[0.537s] Invoking command in '/root/TEAM_AIM/build/simulator_launch': CMAKE_PREFIX_PATH=/opt/ros/foxy /usr/bin/cmake --build /root/TEAM_AIM/build/simulator_launch -- -j16 -l16
[0.628s] Invoked command in '/root/TEAM_AIM/build/simulator_launch' returned '0': CMAKE_PREFIX_PATH=/opt/ros/foxy /usr/bin/cmake --build /root/TEAM_AIM/build/simulator_launch -- -j16 -l16
[0.706s] Invoking command in '/root/TEAM_AIM/build/simulator_launch': CMAKE_PREFIX_PATH=/opt/ros/foxy /usr/bin/cmake --install /root/TEAM_AIM/build/simulator_launch
[0.721s] -- Install configuration: ""
[0.721s] -- Up-to-date: /root/TEAM_AIM/install/simulator_launch/share/simulator_launch/launch
[0.721s] -- Up-to-date: /root/TEAM_AIM/install/simulator_launch/share/simulator_launch/launch/simulator_launch.py
[0.721s] -- Up-to-date: /root/TEAM_AIM/install/simulator_launch/share/ament_index/resource_index/package_run_dependencies/simulator_launch
[0.722s] -- Up-to-date: /root/TEAM_AIM/install/simulator_launch/share/ament_index/resource_index/parent_prefix_path/simulator_launch
[0.722s] -- Up-to-date: /root/TEAM_AIM/install/simulator_launch/share/simulator_launch/environment/ament_prefix_path.sh
[0.722s] -- Installing: /root/TEAM_AIM/install/simulator_launch/share/simulator_launch/environment/ament_prefix_path.dsv
[0.722s] -- Up-to-date: /root/TEAM_AIM/install/simulator_launch/share/simulator_launch/environment/path.sh
[0.723s] -- Installing: /root/TEAM_AIM/install/simulator_launch/share/simulator_launch/environment/path.dsv
[0.723s] -- Up-to-date: /root/TEAM_AIM/install/simulator_launch/share/simulator_launch/local_setup.bash
[0.723s] -- Up-to-date: /root/TEAM_AIM/install/simulator_launch/share/simulator_launch/local_setup.sh
[0.723s] -- Up-to-date: /root/TEAM_AIM/install/simulator_launch/share/simulator_launch/local_setup.zsh
[0.723s] -- Installing: /root/TEAM_AIM/install/simulator_launch/share/simulator_launch/local_setup.dsv
[0.724s] -- Installing: /root/TEAM_AIM/install/simulator_launch/share/simulator_launch/package.dsv
[0.724s] -- Up-to-date: /root/TEAM_AIM/install/simulator_launch/share/ament_index/resource_index/packages/simulator_launch
[0.725s] -- Up-to-date: /root/TEAM_AIM/install/simulator_launch/share/simulator_launch/cmake/simulator_launchConfig.cmake
[0.725s] -- Up-to-date: /root/TEAM_AIM/install/simulator_launch/share/simulator_launch/cmake/simulator_launchConfig-version.cmake
[0.725s] -- Up-to-date: /root/TEAM_AIM/install/simulator_launch/share/simulator_launch/package.xml
[0.730s] Invoked command in '/root/TEAM_AIM/build/simulator_launch' returned '0': CMAKE_PREFIX_PATH=/opt/ros/foxy /usr/bin/cmake --install /root/TEAM_AIM/build/simulator_launch
