[0.050s] Invoking command in '/root/TEAM_AIM/build/simulator': AMENT_PREFIX_PATH=/root/TEAM_AIM/install/scene_srv:${AMENT_PREFIX_PATH} CMAKE_PREFIX_PATH=/root/TEAM_AIM/install/scene_srv:/opt/ros/foxy LD_LIBRARY_PATH=/root/TEAM_AIM/install/scene_srv/lib:${LD_LIBRARY_PATH} PYTHONPATH=/root/TEAM_AIM/install/scene_srv/lib/python3.8/site-packages:${PYTHONPATH} /usr/bin/cmake --build /root/TEAM_AIM/build/simulator -- -j16 -l16
[0.137s] [100%] Built target simulation_node
[0.155s] Invoked command in '/root/TEAM_AIM/build/simulator' returned '0': AMENT_PREFIX_PATH=/root/TEAM_AIM/install/scene_srv:${AMENT_PREFIX_PATH} CMAKE_PREFIX_PATH=/root/TEAM_AIM/install/scene_srv:/opt/ros/foxy LD_LIBRARY_PATH=/root/TEAM_AIM/install/scene_srv/lib:${LD_LIBRARY_PATH} PYTHONPATH=/root/TEAM_AIM/install/scene_srv/lib/python3.8/site-packages:${PYTHONPATH} /usr/bin/cmake --build /root/TEAM_AIM/build/simulator -- -j16 -l16
[0.224s] Invoking command in '/root/TEAM_AIM/build/simulator': AMENT_PREFIX_PATH=/root/TEAM_AIM/install/scene_srv:${AMENT_PREFIX_PATH} CMAKE_PREFIX_PATH=/root/TEAM_AIM/install/scene_srv:/opt/ros/foxy LD_LIBRARY_PATH=/root/TEAM_AIM/install/scene_srv/lib:${LD_LIBRARY_PATH} PYTHONPATH=/root/TEAM_AIM/install/scene_srv/lib/python3.8/site-packages:${PYTHONPATH} /usr/bin/cmake --install /root/TEAM_AIM/build/simulator
[0.232s] -- Install configuration: "Debug"
[0.232s] -- Up-to-date: /root/TEAM_AIM/install/simulator/lib/simulator/simulation_node
[0.232s] -- Up-to-date: /root/TEAM_AIM/install/simulator/share/simulator/resource
[0.232s] -- Up-to-date: /root/TEAM_AIM/install/simulator/share/simulator/resource/shader
[0.232s] -- Up-to-date: /root/TEAM_AIM/install/simulator/share/simulator/resource/shader/post.frag
[0.232s] -- Up-to-date: /root/TEAM_AIM/install/simulator/share/simulator/resource/shader/3Dobject.frag
[0.232s] -- Up-to-date: /root/TEAM_AIM/install/simulator/share/simulator/resource/shader/fComposite.frag
[0.233s] -- Up-to-date: /root/TEAM_AIM/install/simulator/share/simulator/resource/shader/2Dtext.vert
[0.233s] -- Up-to-date: /root/TEAM_AIM/install/simulator/share/simulator/resource/shader/post.vert
[0.233s] -- Up-to-date: /root/TEAM_AIM/install/simulator/share/simulator/resource/shader/2Dtext.frag
[0.233s] -- Up-to-date: /root/TEAM_AIM/install/simulator/share/simulator/resource/shader/2Dsprite.vert
[0.233s] -- Up-to-date: /root/TEAM_AIM/install/simulator/share/simulator/resource/shader/fAntialiasing.frag
[0.233s] -- Up-to-date: /root/TEAM_AIM/install/simulator/share/simulator/resource/shader/2Dsprite.frag
[0.233s] -- Up-to-date: /root/TEAM_AIM/install/simulator/share/simulator/resource/shader/3Dobject.vert
[0.233s] -- Up-to-date: /root/TEAM_AIM/install/simulator/share/simulator/resource/assets
[0.233s] -- Up-to-date: /root/TEAM_AIM/install/simulator/share/simulator/resource/assets/map.json
[0.233s] -- Up-to-date: /root/TEAM_AIM/install/simulator/share/simulator/resource/assets/map.obj
[0.233s] -- Up-to-date: /root/TEAM_AIM/install/simulator/share/simulator/resource/assets/path.json
[0.233s] -- Up-to-date: /root/TEAM_AIM/install/simulator/share/simulator/resource/assets/IDs.png
[0.233s] -- Up-to-date: /root/TEAM_AIM/install/simulator/share/simulator/resource/assets/map.mtl
[0.233s] -- Up-to-date: /root/TEAM_AIM/install/simulator/share/simulator/resource/assets/sign.png
[0.233s] -- Up-to-date: /root/TEAM_AIM/install/simulator/share/simulator/resource/config.ini
[0.233s] -- Up-to-date: /root/TEAM_AIM/install/simulator/share/simulator/resource/font
[0.233s] -- Up-to-date: /root/TEAM_AIM/install/simulator/share/simulator/resource/font/CascadiaMono.json
[0.233s] -- Up-to-date: /root/TEAM_AIM/install/simulator/share/simulator/resource/font/CascadiaMono.ttf
[0.233s] -- Up-to-date: /root/TEAM_AIM/install/simulator/share/simulator/resource/font/CascadiaMono.png
[0.233s] -- Up-to-date: /root/TEAM_AIM/install/simulator/share/ament_index/resource_index/package_run_dependencies/simulator
[0.233s] -- Up-to-date: /root/TEAM_AIM/install/simulator/share/ament_index/resource_index/parent_prefix_path/simulator
[0.233s] -- Up-to-date: /root/TEAM_AIM/install/simulator/share/simulator/environment/ament_prefix_path.sh
[0.233s] -- Up-to-date: /root/TEAM_AIM/install/simulator/share/simulator/environment/ament_prefix_path.dsv
[0.233s] -- Up-to-date: /root/TEAM_AIM/install/simulator/share/simulator/environment/path.sh
[0.233s] -- Up-to-date: /root/TEAM_AIM/install/simulator/share/simulator/environment/path.dsv
[0.233s] -- Up-to-date: /root/TEAM_AIM/install/simulator/share/simulator/local_setup.bash
[0.233s] -- Up-to-date: /root/TEAM_AIM/install/simulator/share/simulator/local_setup.sh
[0.233s] -- Up-to-date: /root/TEAM_AIM/install/simulator/share/simulator/local_setup.zsh
[0.233s] -- Up-to-date: /root/TEAM_AIM/install/simulator/share/simulator/local_setup.dsv
[0.233s] -- Installing: /root/TEAM_AIM/install/simulator/share/simulator/package.dsv
[0.234s] -- Up-to-date: /root/TEAM_AIM/install/simulator/share/ament_index/resource_index/packages/simulator
[0.234s] -- Up-to-date: /root/TEAM_AIM/install/simulator/share/simulator/cmake/simulatorConfig.cmake
[0.234s] -- Up-to-date: /root/TEAM_AIM/install/simulator/share/simulator/cmake/simulatorConfig-version.cmake
[0.234s] -- Up-to-date: /root/TEAM_AIM/install/simulator/share/simulator/package.xml
[0.247s] Invoked command in '/root/TEAM_AIM/build/simulator' returned '0': AMENT_PREFIX_PATH=/root/TEAM_AIM/install/scene_srv:${AMENT_PREFIX_PATH} CMAKE_PREFIX_PATH=/root/TEAM_AIM/install/scene_srv:/opt/ros/foxy LD_LIBRARY_PATH=/root/TEAM_AIM/install/scene_srv/lib:${LD_LIBRARY_PATH} PYTHONPATH=/root/TEAM_AIM/install/scene_srv/lib/python3.8/site-packages:${PYTHONPATH} /usr/bin/cmake --install /root/TEAM_AIM/build/simulator
