[0.070s] Invoking command in '/root/TEAM_AIM/build/domain_bridge': CMAKE_PREFIX_PATH=/opt/ros/foxy /usr/bin/cmake /root/TEAM_AIM/Mobility_Challenge_Simulator/src/domain_bridge -DBUILD_TESTING=OFF -DCMAKE_INSTALL_PREFIX=/root/TEAM_AIM/install/domain_bridge
[0.092s] -- Found ament_cmake: 0.9.12 (/opt/ros/foxy/share/ament_cmake/cmake)
[0.134s] -- Found PythonInterp: /usr/bin/python3 (found suitable version "3.8.10", minimum required is "3") 
[0.134s] -- Using PYTHON_EXECUTABLE: /usr/bin/python3
[0.406s] -- Found rcl: 1.1.14 (/opt/ros/foxy/share/rcl/cmake)
[0.461s] -- Using all available rosidl_typesupport_c: rosidl_typesupport_fastrtps_c;rosidl_typesupport_introspection_c
[0.466s] -- Found rosidl_adapter: 1.3.1 (/opt/ros/foxy/share/rosidl_adapter/cmake)
[0.763s] -- Using all available rosidl_typesupport_cpp: rosidl_typesupport_fastrtps_cpp;rosidl_typesupport_introspection_cpp
[0.848s] -- Found rmw_implementation_cmake: 1.0.4 (/opt/ros/foxy/share/rmw_implementation_cmake/cmake)
[0.850s] -- Using RMW implementation 'rmw_fastrtps_cpp' as default
[0.878s] -- Found rclcpp: 2.4.3 (/opt/ros/foxy/share/rclcpp/cmake)
[1.096s] -- Found rosbag2_cpp: 0.3.11 (/opt/ros/foxy/share/rosbag2_cpp/cmake)
[1.168s] -- Setting yaml-cpp_DIR to: '/opt/ros/foxy/share/yaml_cpp_vendor/cmake/../../../opt/yaml_cpp_vendor/lib/cmake/yaml-cpp'
[1.175s] -- Found rosidl_default_generators: 1.0.1 (/opt/ros/foxy/share/rosidl_default_generators/cmake)
[1.189s] -- Found zstd_vendor: 0.3.11 (/opt/ros/foxy/share/zstd_vendor/cmake)
[1.237s] -- Found PythonInterp: /usr/bin/python3 (found version "3.8.10") 
[1.450s] -- Found ament_cmake_ros: 0.9.2 (/opt/ros/foxy/share/ament_cmake_ros/cmake)
[1.737s] -- Using all available rosidl_typesupport_c: rosidl_typesupport_fastrtps_c;rosidl_typesupport_introspection_c
[1.756s] -- Using all available rosidl_typesupport_cpp: rosidl_typesupport_fastrtps_cpp;rosidl_typesupport_introspection_cpp
[1.800s] -- Found PythonInterp: /usr/bin/python3 (found suitable version "3.8.10", minimum required is "3.5") 
[1.800s] -- Found python_cmake_module: 0.8.1 (/opt/ros/foxy/share/python_cmake_module/cmake)
[1.854s] -- Using PYTHON_EXECUTABLE: /usr/bin/python3
[1.858s] -- Using PYTHON_INCLUDE_DIRS: /usr/include/python3.8
[1.859s] -- Using PYTHON_LIBRARIES: /usr/lib/x86_64-linux-gnu/libpython3.8.so
[1.943s] -- Configuring done
[2.047s] -- Generating done
[2.055s] -- Build files have been written to: /root/TEAM_AIM/build/domain_bridge
[2.076s] Invoked command in '/root/TEAM_AIM/build/domain_bridge' returned '0': CMAKE_PREFIX_PATH=/opt/ros/foxy /usr/bin/cmake /root/TEAM_AIM/Mobility_Challenge_Simulator/src/domain_bridge -DBUILD_TESTING=OFF -DCMAKE_INSTALL_PREFIX=/root/TEAM_AIM/install/domain_bridge
[2.080s] Invoking command in '/root/TEAM_AIM/build/domain_bridge': CMAKE_PREFIX_PATH=/opt/ros/foxy /usr/bin/cmake --build /root/TEAM_AIM/build/domain_bridge -- -j16 -l16
[2.172s] [  2%] [34m[1mGenerating C code for ROS interfaces[0m
[2.173s] [35m[1mScanning dependencies of target domain_bridge__cpp[0m
[2.202s] [  4%] [34m[1mGenerating C++ code for ROS interfaces[0m
[2.575s] [  4%] Built target domain_bridge__cpp
[2.585s] [35m[1mScanning dependencies of target domain_bridge__rosidl_generator_c[0m
[2.597s] [ 11%] [34m[1mGenerating C++ type support dispatch for ROS interfaces[0m
[2.597s] [  9%] [34m[1mGenerating C++ introspection for ROS interfaces[0m
[2.597s] [ 11%] [34m[1mGenerating C++ type support for eProsima Fast-RTPS[0m
[2.633s] [ 13%] [32mBuilding C object CMakeFiles/domain_bridge__rosidl_generator_c.dir/rosidl_generator_c/domain_bridge/msg/detail/compressed_msg__functions.c.o[0m
[2.773s] [ 15%] [32m[1mLinking C shared library libdomain_bridge__rosidl_generator_c.so[0m
[2.860s] [ 15%] Built target domain_bridge__rosidl_generator_c
[2.890s] [ 20%] [34m[1mGenerating C introspection for ROS interfaces[0m
[2.890s] [ 20%] [34m[1mGenerating C type support dispatch for ROS interfaces[0m
[2.946s] [35m[1mScanning dependencies of target domain_bridge__rosidl_typesupport_cpp[0m
[2.978s] [ 22%] [32mBuilding CXX object CMakeFiles/domain_bridge__rosidl_typesupport_cpp.dir/rosidl_typesupport_cpp/domain_bridge/msg/compressed_msg__type_support.cpp.o[0m
[3.012s] [35m[1mScanning dependencies of target domain_bridge__rosidl_typesupport_fastrtps_cpp[0m
[3.018s] [35m[1mScanning dependencies of target domain_bridge__rosidl_typesupport_introspection_cpp[0m
[3.055s] [ 25%] [32mBuilding CXX object CMakeFiles/domain_bridge__rosidl_typesupport_fastrtps_cpp.dir/rosidl_typesupport_fastrtps_cpp/domain_bridge/msg/detail/dds_fastrtps/compressed_msg__type_support.cpp.o[0m
[3.068s] [ 27%] [32mBuilding CXX object CMakeFiles/domain_bridge__rosidl_typesupport_introspection_cpp.dir/rosidl_typesupport_introspection_cpp/domain_bridge/msg/detail/compressed_msg__type_support.cpp.o[0m
[3.235s] [35m[1mScanning dependencies of target domain_bridge__rosidl_typesupport_c[0m
[3.263s] [ 29%] [32mBuilding CXX object CMakeFiles/domain_bridge__rosidl_typesupport_c.dir/rosidl_typesupport_c/domain_bridge/msg/compressed_msg__type_support.cpp.o[0m
[3.264s] [35m[1mScanning dependencies of target domain_bridge__rosidl_typesupport_introspection_c[0m
[3.291s] [ 31%] [32mBuilding C object CMakeFiles/domain_bridge__rosidl_typesupport_introspection_c.dir/rosidl_typesupport_introspection_c/domain_bridge/msg/detail/compressed_msg__type_support.c.o[0m
[3.331s] [ 34%] [32m[1mLinking CXX shared library libdomain_bridge__rosidl_typesupport_c.so[0m
[3.371s] [ 36%] [32m[1mLinking C shared library libdomain_bridge__rosidl_typesupport_introspection_c.so[0m
[3.427s] [ 36%] Built target domain_bridge__rosidl_typesupport_c
[3.446s] [ 36%] Built target domain_bridge__rosidl_typesupport_introspection_c
[3.487s] [ 38%] [32m[1mLinking CXX shared library libdomain_bridge__rosidl_typesupport_cpp.so[0m
[3.576s] [ 38%] Built target domain_bridge__rosidl_typesupport_cpp
[3.641s] [ 40%] [32m[1mLinking CXX shared library libdomain_bridge__rosidl_typesupport_introspection_cpp.so[0m
[3.784s] [ 40%] Built target domain_bridge__rosidl_typesupport_introspection_cpp
[3.821s] [ 43%] [32m[1mLinking CXX shared library libdomain_bridge__rosidl_typesupport_fastrtps_cpp.so[0m
[3.988s] [ 43%] Built target domain_bridge__rosidl_typesupport_fastrtps_cpp
[4.012s] [ 45%] [34m[1mGenerating C type support for eProsima Fast-RTPS[0m
[4.359s] [35m[1mScanning dependencies of target domain_bridge__rosidl_typesupport_fastrtps_c[0m
[4.386s] [ 47%] [32mBuilding CXX object CMakeFiles/domain_bridge__rosidl_typesupport_fastrtps_c.dir/rosidl_typesupport_fastrtps_c/domain_bridge/msg/detail/compressed_msg__type_support_c.cpp.o[0m
[4.951s] [ 50%] [32m[1mLinking CXX shared library libdomain_bridge__rosidl_typesupport_fastrtps_c.so[0m
[5.104s] [ 50%] Built target domain_bridge__rosidl_typesupport_fastrtps_c
[5.129s] [35m[1mScanning dependencies of target domain_bridge[0m
[5.155s] [ 50%] Built target domain_bridge
[5.176s] [35m[1mScanning dependencies of target domain_bridge__py[0m
[5.176s] [35m[1mScanning dependencies of target domain_bridge_lib[0m
[5.197s] [ 52%] [34m[1mGenerating Python code for ROS interfaces[0m
[5.342s] [ 54%] [32mBuilding CXX object CMakeFiles/domain_bridge_lib.dir/src/domain_bridge/compress_messages.cpp.o[0m
[5.350s] [ 56%] [32mBuilding CXX object CMakeFiles/domain_bridge_lib.dir/src/domain_bridge/domain_bridge.cpp.o[0m
[5.351s] [ 59%] [32mBuilding CXX object CMakeFiles/domain_bridge_lib.dir/src/domain_bridge/domain_bridge_options.cpp.o[0m
[5.351s] [ 61%] [32mBuilding CXX object CMakeFiles/domain_bridge_lib.dir/src/domain_bridge/generic_publisher.cpp.o[0m
[5.353s] [ 63%] [32mBuilding CXX object CMakeFiles/domain_bridge_lib.dir/src/domain_bridge/generic_subscription.cpp.o[0m
[5.358s] [ 65%] [32mBuilding CXX object CMakeFiles/domain_bridge_lib.dir/src/domain_bridge/parse_domain_bridge_yaml_config.cpp.o[0m
[5.370s] [ 70%] [32mBuilding CXX object CMakeFiles/domain_bridge_lib.dir/src/domain_bridge/topic_bridge_options.cpp.o[0m
[5.370s] [ 70%] [32mBuilding CXX object CMakeFiles/domain_bridge_lib.dir/src/domain_bridge/qos_options.cpp.o[0m
[5.370s] [ 72%] [32mBuilding CXX object CMakeFiles/domain_bridge_lib.dir/src/domain_bridge/utils.cpp.o[0m
[5.376s] [ 75%] [32mBuilding CXX object CMakeFiles/domain_bridge_lib.dir/src/domain_bridge/service_bridge_options.cpp.o[0m
[6.327s] [ 75%] Built target domain_bridge__py
[6.360s] [35m[1mScanning dependencies of target domain_bridge__python[0m
[6.447s] [ 77%] [32mBuilding C object CMakeFiles/domain_bridge__python.dir/rosidl_generator_py/domain_bridge/msg/_compressed_msg_s.c.o[0m
[6.698s] [ 79%] [32m[1mLinking C shared library rosidl_generator_py/domain_bridge/libdomain_bridge__python.so[0m
[6.814s] [ 79%] Built target domain_bridge__python
[6.865s] [35m[1mScanning dependencies of target domain_bridge__rosidl_typesupport_c__pyext[0m
[6.865s] [35m[1mScanning dependencies of target domain_bridge__rosidl_typesupport_fastrtps_c__pyext[0m
[6.878s] [35m[1mScanning dependencies of target domain_bridge__rosidl_typesupport_introspection_c__pyext[0m
[6.927s] [ 81%] [32mBuilding C object CMakeFiles/domain_bridge__rosidl_typesupport_introspection_c__pyext.dir/rosidl_generator_py/domain_bridge/_domain_bridge_s.ep.rosidl_typesupport_introspection_c.c.o[0m
[6.927s] [ 84%] [32mBuilding C object CMakeFiles/domain_bridge__rosidl_typesupport_fastrtps_c__pyext.dir/rosidl_generator_py/domain_bridge/_domain_bridge_s.ep.rosidl_typesupport_fastrtps_c.c.o[0m
[6.962s] [ 86%] [32mBuilding C object CMakeFiles/domain_bridge__rosidl_typesupport_c__pyext.dir/rosidl_generator_py/domain_bridge/_domain_bridge_s.ep.rosidl_typesupport_c.c.o[0m
[7.169s] [ 88%] [32m[1mLinking CXX shared library rosidl_generator_py/domain_bridge/domain_bridge_s__rosidl_typesupport_fastrtps_c.cpython-38-x86_64-linux-gnu.so[0m
[7.177s] [ 90%] [32m[1mLinking C shared library rosidl_generator_py/domain_bridge/domain_bridge_s__rosidl_typesupport_introspection_c.cpython-38-x86_64-linux-gnu.so[0m
[7.200s] [ 93%] [32m[1mLinking C shared library rosidl_generator_py/domain_bridge/domain_bridge_s__rosidl_typesupport_c.cpython-38-x86_64-linux-gnu.so[0m
[7.314s] [ 93%] Built target domain_bridge__rosidl_typesupport_introspection_c__pyext
[7.320s] [ 93%] Built target domain_bridge__rosidl_typesupport_c__pyext
[7.340s] [ 93%] Built target domain_bridge__rosidl_typesupport_fastrtps_c__pyext
[11.352s] [ 95%] [32m[1mLinking CXX shared library libdomain_bridge.so[0m
[11.736s] [ 95%] Built target domain_bridge_lib
[11.757s] [35m[1mScanning dependencies of target domain_bridge_exec[0m
[11.841s] [ 97%] [32mBuilding CXX object CMakeFiles/domain_bridge_exec.dir/src/domain_bridge.cpp.o[0m
[14.511s] [100%] [32m[1mLinking CXX executable domain_bridge[0m
[14.764s] [100%] Built target domain_bridge_exec
