[0.059s] Invoking command in '/root/TEAM_AIM/build/mission_2': CMAKE_PREFIX_PATH=${CMAKE_PREFIX_PATH}:/opt/ros/foxy /usr/bin/cmake /root/TEAM_AIM/src/mission_2 -DCMAKE_INSTALL_PREFIX=/root/TEAM_AIM/install/mission_2
[0.143s] -- The C compiler identification is GNU 9.4.0
[0.219s] -- The CXX compiler identification is GNU 9.4.0
[0.227s] -- Check for working C compiler: /usr/bin/cc
[0.342s] -- Check for working C compiler: /usr/bin/cc -- works
[0.343s] -- Detecting C compiler ABI info
[0.456s] -- Detecting C compiler ABI info - done
[0.465s] -- Detecting C compile features
[0.465s] -- Detecting C compile features - done
[0.468s] -- Check for working CXX compiler: /usr/bin/c++
[0.609s] -- Check for working CXX compiler: /usr/bin/c++ -- works
[0.611s] -- Detecting CXX compiler ABI info
[0.750s] -- Detecting CXX compiler ABI info - done
[0.762s] -- Detecting CXX compile features
[0.762s] -- Detecting CXX compile features - done
[0.766s] -- Found ament_cmake: 0.9.12 (/opt/ros/foxy/share/ament_cmake/cmake)
[0.798s] -- Found PythonInterp: /usr/bin/python3 (found suitable version "3.8.10", minimum required is "3") 
[0.798s] -- Using PYTHON_EXECUTABLE: /usr/bin/python3
[1.038s] -- Found rclcpp: 2.4.3 (/opt/ros/foxy/share/rclcpp/cmake)
[1.111s] -- Using all available rosidl_typesupport_c: rosidl_typesupport_fastrtps_c;rosidl_typesupport_introspection_c
[1.122s] -- Found rosidl_adapter: 1.3.1 (/opt/ros/foxy/share/rosidl_adapter/cmake)
[1.283s] -- Found OpenSSL: /usr/lib/x86_64-linux-gnu/libcrypto.so (found version "1.1.1f")  
[1.337s] -- Found FastRTPS: /opt/ros/foxy/include  
[1.441s] -- Using all available rosidl_typesupport_cpp: rosidl_typesupport_fastrtps_cpp;rosidl_typesupport_introspection_cpp
[1.514s] -- Found rmw_implementation_cmake: 1.0.4 (/opt/ros/foxy/share/rmw_implementation_cmake/cmake)
[1.517s] -- Using RMW implementation 'rmw_fastrtps_cpp' as default
[1.517s] -- Looking for pthread.h
[1.631s] -- Looking for pthread.h - found
[1.631s] -- Performing Test CMAKE_HAVE_LIBC_PTHREAD
[1.732s] -- Performing Test CMAKE_HAVE_LIBC_PTHREAD - Failed
[1.732s] -- Looking for pthread_create in pthreads
[1.821s] -- Looking for pthread_create in pthreads - not found
[1.821s] -- Looking for pthread_create in pthread
[1.923s] -- Looking for pthread_create in pthread - found
[1.924s] -- Found Threads: TRUE  
[2.103s] -- Found geometry_msgs: 2.0.5 (/opt/ros/foxy/share/geometry_msgs/cmake)
[2.138s] -- Found visualization_msgs: 2.0.5 (/opt/ros/foxy/share/visualization_msgs/cmake)
[2.220s] -- Found tf2: 0.13.14 (/opt/ros/foxy/share/tf2/cmake)
[2.234s] -- Found ament_index_cpp: 1.1.0 (/opt/ros/foxy/share/ament_index_cpp/cmake)
[2.244s] -- Found ament_lint_auto: 0.9.8 (/opt/ros/foxy/share/ament_lint_auto/cmake)
[2.345s] -- Added test 'copyright' to check source files copyright and LICENSE
[2.345s] -- Added test 'cppcheck' to perform static code analysis on C / C++ code
[2.345s] -- Configured cppcheck include dirs: 
[2.345s] -- Configured cppcheck exclude dirs and/or files: 
[2.347s] -- Added test 'cpplint' to check C / C++ code against the Google style
[2.347s] -- Configured cpplint exclude dirs and/or files: 
[2.347s] -- Added test 'flake8' to check Python code syntax and style conventions
[2.347s] -- Added test 'lint_cmake' to check CMake code style
[2.347s] -- Added test 'pep257' to check Python code against some of the style conventions in PEP 257
[2.348s] -- Added test 'uncrustify' to check C / C++ code style
[2.349s] -- Configured uncrustify additional arguments: 
[2.351s] -- Added test 'xmllint' to check XML markup files
[2.354s] -- Configuring done
[2.366s] -- Generating done
[2.368s] -- Build files have been written to: /root/TEAM_AIM/build/mission_2
[2.384s] Invoked command in '/root/TEAM_AIM/build/mission_2' returned '0': CMAKE_PREFIX_PATH=${CMAKE_PREFIX_PATH}:/opt/ros/foxy /usr/bin/cmake /root/TEAM_AIM/src/mission_2 -DCMAKE_INSTALL_PREFIX=/root/TEAM_AIM/install/mission_2
[2.390s] Invoking command in '/root/TEAM_AIM/build/mission_2': CMAKE_PREFIX_PATH=${CMAKE_PREFIX_PATH}:/opt/ros/foxy /usr/bin/cmake --build /root/TEAM_AIM/build/mission_2 -- -j16 -l16
[2.461s] [35m[1mScanning dependencies of target control_cav_mission_2[0m
[2.537s] [ 50%] [32mBuilding CXX object CMakeFiles/control_cav_mission_2.dir/src/control_cav_mission_2.cpp.o[0m
[4.388s] [01m[K/root/TEAM_AIM/src/mission_2/src/control_cav_mission_2.cpp:[m[K In function ‘[01m[Kvoid change_csv_state(int, int, std::shared_ptr<rclcpp::Node>)[m[K’:
[4.388s] [01m[K/root/TEAM_AIM/src/mission_2/src/control_cav_mission_2.cpp:581:27:[m[K [01;35m[Kwarning: [m[Kunused parameter ‘[01m[Kcav_id[m[K’ [[01;35m[K-Wunused-parameter[m[K]
[4.388s]   581 | void change_csv_state([01;35m[Kint cav_id[m[K, int new_lane, std::shared_ptr<rclcpp::Node> node) {
[4.388s]       |                       [01;35m[K~~~~^~~~~~[m[K
[4.453s] [01m[K/root/TEAM_AIM/src/mission_2/src/control_cav_mission_2.cpp:[m[K In lambda function:
[4.454s] [01m[K/root/TEAM_AIM/src/mission_2/src/control_cav_mission_2.cpp:945:20:[m[K [01;35m[Kwarning: [m[Kvariable ‘[01m[Klane_start_distance[m[K’ set but not used [[01;35m[K-Wunused-but-set-variable[m[K]
[4.454s]   945 |             double [01;35m[Klane_start_distance[m[K = 1e10;
[4.454s]       |                    [01;35m[K^~~~~~~~~~~~~~~~~~~[m[K
[9.177s] [100%] [32m[1mLinking CXX executable control_cav_mission_2[0m
[9.407s] [100%] Built target control_cav_mission_2
