[35m[1mScanning dependencies of target control_cav_mission_1_2[0m
[ 50%] Built target control_tower_mission_1_2
[ 75%] [32mBuilding CXX object CMakeFiles/control_cav_mission_1_2.dir/src/control_cav_mission_1_2.cpp.o[0m
[01m[K/root/TEAM_AIM/src/mission_1_2/src/control_cav_mission_1_2.cpp:[m[K In function ‘[01m[Kbool loadPathCsv(const string&, std::vector<integrate_path_struct>&)[m[K’:
[01m[K/root/TEAM_AIM/src/mission_1_2/src/control_cav_mission_1_2.cpp:141:5:[m[K [01;35m[Kwarning: [m[Kthis ‘[01m[Kif[m[K’ clause does not guard... [[01;35m[K-Wmisleading-indentation[m[K]
  141 |     [01;35m[Kif[m[K (!(ss >> x)) continue; if (!(ss >> comma)) continue; if (!(ss >> y)) continue;
      |     [01;35m[K^~[m[K
[01m[K/root/TEAM_AIM/src/mission_1_2/src/control_cav_mission_1_2.cpp:141:31:[m[K [01;36m[Knote: [m[K...this statement, but the latter is misleadingly indented as if it were guarded by the ‘[01m[Kif[m[K’
  141 |     if (!(ss >> x)) continue; [01;36m[Kif[m[K (!(ss >> comma)) continue; if (!(ss >> y)) continue;
      |                               [01;36m[K^~[m[K
[100%] [32m[1mLinking CXX executable control_cav_mission_1_2[0m
[100%] Built target control_cav_mission_1_2
-- Install configuration: ""
-- Installing: /root/TEAM_AIM/install/mission_1_2/lib/mission_1_2/control_cav_mission_1_2
-- Set runtime path of "/root/TEAM_AIM/install/mission_1_2/lib/mission_1_2/control_cav_mission_1_2" to ""
-- Up-to-date: /root/TEAM_AIM/install/mission_1_2/lib/mission_1_2/control_tower_mission_1_2
-- Up-to-date: /root/TEAM_AIM/install/mission_1_2/share/ament_index/resource_index/package_run_dependencies/mission_1_2
-- Up-to-date: /root/TEAM_AIM/install/mission_1_2/share/ament_index/resource_index/parent_prefix_path/mission_1_2
-- Up-to-date: /root/TEAM_AIM/install/mission_1_2/share/mission_1_2/environment/ament_prefix_path.sh
-- Up-to-date: /root/TEAM_AIM/install/mission_1_2/share/mission_1_2/environment/ament_prefix_path.dsv
-- Up-to-date: /root/TEAM_AIM/install/mission_1_2/share/mission_1_2/environment/path.sh
-- Up-to-date: /root/TEAM_AIM/install/mission_1_2/share/mission_1_2/environment/path.dsv
-- Up-to-date: /root/TEAM_AIM/install/mission_1_2/share/mission_1_2/local_setup.bash
-- Up-to-date: /root/TEAM_AIM/install/mission_1_2/share/mission_1_2/local_setup.sh
-- Up-to-date: /root/TEAM_AIM/install/mission_1_2/share/mission_1_2/local_setup.zsh
-- Up-to-date: /root/TEAM_AIM/install/mission_1_2/share/mission_1_2/local_setup.dsv
-- Installing: /root/TEAM_AIM/install/mission_1_2/share/mission_1_2/package.dsv
-- Up-to-date: /root/TEAM_AIM/install/mission_1_2/share/ament_index/resource_index/packages/mission_1_2
-- Up-to-date: /root/TEAM_AIM/install/mission_1_2/share/mission_1_2/cmake/mission_1_2Config.cmake
-- Up-to-date: /root/TEAM_AIM/install/mission_1_2/share/mission_1_2/cmake/mission_1_2Config-version.cmake
-- Up-to-date: /root/TEAM_AIM/install/mission_1_2/share/mission_1_2/package.xml
