[0.024s] Invoking command in '/root/TEAM_AIM/build/mission_1_2': CMAKE_PREFIX_PATH=${CMAKE_PREFIX_PATH}:/opt/ros/foxy /usr/bin/cmake --build /root/TEAM_AIM/build/mission_1_2 -- -j16 -l16
[0.083s] [35m[1mScanning dependencies of target control_cav_mission_1_2[0m
[0.105s] [ 50%] Built target control_tower_mission_1_2
[0.116s] [ 75%] [32mBuilding CXX object CMakeFiles/control_cav_mission_1_2.dir/src/control_cav_mission_1_2.cpp.o[0m
[1.656s] [01m[K/root/TEAM_AIM/src/mission_1_2/src/control_cav_mission_1_2.cpp:[m[K In function ‘[01m[Kbool loadPathCsv(const string&, std::vector<integrate_path_struct>&)[m[K’:
[1.656s] [01m[K/root/TEAM_AIM/src/mission_1_2/src/control_cav_mission_1_2.cpp:141:5:[m[K [01;35m[Kwarning: [m[Kthis ‘[01m[Kif[m[K’ clause does not guard... [[01;35m[K-Wmisleading-indentation[m[K]
[1.656s]   141 |     [01;35m[Kif[m[K (!(ss >> x)) continue; if (!(ss >> comma)) continue; if (!(ss >> y)) continue;
[1.656s]       |     [01;35m[K^~[m[K
[1.656s] [01m[K/root/TEAM_AIM/src/mission_1_2/src/control_cav_mission_1_2.cpp:141:31:[m[K [01;36m[Knote: [m[K...this statement, but the latter is misleadingly indented as if it were guarded by the ‘[01m[Kif[m[K’
[1.656s]   141 |     if (!(ss >> x)) continue; [01;36m[Kif[m[K (!(ss >> comma)) continue; if (!(ss >> y)) continue;
[1.656s]       |                               [01;36m[K^~[m[K
[8.556s] [100%] [32m[1mLinking CXX executable control_cav_mission_1_2[0m
[8.965s] [100%] Built target control_cav_mission_1_2
[8.985s] Invoked command in '/root/TEAM_AIM/build/mission_1_2' returned '0': CMAKE_PREFIX_PATH=${CMAKE_PREFIX_PATH}:/opt/ros/foxy /usr/bin/cmake --build /root/TEAM_AIM/build/mission_1_2 -- -j16 -l16
[9.036s] Invoking command in '/root/TEAM_AIM/build/mission_1_2': CMAKE_PREFIX_PATH=${CMAKE_PREFIX_PATH}:/opt/ros/foxy /usr/bin/cmake --install /root/TEAM_AIM/build/mission_1_2
[9.050s] -- Install configuration: ""
[9.050s] -- Installing: /root/TEAM_AIM/install/mission_1_2/lib/mission_1_2/control_cav_mission_1_2
[9.055s] -- Set runtime path of "/root/TEAM_AIM/install/mission_1_2/lib/mission_1_2/control_cav_mission_1_2" to ""
[9.055s] -- Up-to-date: /root/TEAM_AIM/install/mission_1_2/lib/mission_1_2/control_tower_mission_1_2
[9.055s] -- Up-to-date: /root/TEAM_AIM/install/mission_1_2/share/ament_index/resource_index/package_run_dependencies/mission_1_2
[9.055s] -- Up-to-date: /root/TEAM_AIM/install/mission_1_2/share/ament_index/resource_index/parent_prefix_path/mission_1_2
[9.055s] -- Up-to-date: /root/TEAM_AIM/install/mission_1_2/share/mission_1_2/environment/ament_prefix_path.sh
[9.055s] -- Up-to-date: /root/TEAM_AIM/install/mission_1_2/share/mission_1_2/environment/ament_prefix_path.dsv
[9.055s] -- Up-to-date: /root/TEAM_AIM/install/mission_1_2/share/mission_1_2/environment/path.sh
[9.055s] -- Up-to-date: /root/TEAM_AIM/install/mission_1_2/share/mission_1_2/environment/path.dsv
[9.055s] -- Up-to-date: /root/TEAM_AIM/install/mission_1_2/share/mission_1_2/local_setup.bash
[9.055s] -- Up-to-date: /root/TEAM_AIM/install/mission_1_2/share/mission_1_2/local_setup.sh
[9.056s] -- Up-to-date: /root/TEAM_AIM/install/mission_1_2/share/mission_1_2/local_setup.zsh
[9.056s] -- Up-to-date: /root/TEAM_AIM/install/mission_1_2/share/mission_1_2/local_setup.dsv
[9.056s] -- Installing: /root/TEAM_AIM/install/mission_1_2/share/mission_1_2/package.dsv
[9.056s] -- Up-to-date: /root/TEAM_AIM/install/mission_1_2/share/ament_index/resource_index/packages/mission_1_2
[9.056s] -- Up-to-date: /root/TEAM_AIM/install/mission_1_2/share/mission_1_2/cmake/mission_1_2Config.cmake
[9.056s] -- Up-to-date: /root/TEAM_AIM/install/mission_1_2/share/mission_1_2/cmake/mission_1_2Config-version.cmake
[9.056s] -- Up-to-date: /root/TEAM_AIM/install/mission_1_2/share/mission_1_2/package.xml
[9.058s] Invoked command in '/root/TEAM_AIM/build/mission_1_2' returned '0': CMAKE_PREFIX_PATH=${CMAKE_PREFIX_PATH}:/opt/ros/foxy /usr/bin/cmake --install /root/TEAM_AIM/build/mission_1_2
