[0.249s] DEBUG:colcon:Command line arguments: ['/usr/bin/colcon', 'build', '--packages-select', 'mission_1_2']
[0.249s] DEBUG:colcon:Parsed command line arguments: Namespace(ament_cmake_args=None, base_paths=['.'], build_base='build', catkin_cmake_args=None, catkin_skip_building_tests=False, cmake_args=None, cmake_clean_cache=False, cmake_clean_first=False, cmake_force_configure=False, cmake_target=None, cmake_target_skip_unavailable=False, continue_on_error=False, event_handlers=None, executor='parallel', ignore_user_meta=False, install_base='install', log_base=None, log_level=None, main=<bound method BuildVerb.main of <colcon_core.verb.build.BuildVerb object at 0x768caae3dd90>>, merge_install=False, metas=['./colcon.meta'], mixin=None, mixin_files=None, mixin_verb=('build',), packages_above=None, packages_above_and_dependencies=None, packages_above_depth=None, packages_end=None, packages_ignore=None, packages_ignore_regex=None, packages_select=['mission_1_2'], packages_select_build_failed=False, packages_select_by_dep=None, packages_select_regex=None, packages_select_test_failures=False, packages_skip=None, packages_skip_build_finished=False, packages_skip_by_dep=None, packages_skip_regex=None, packages_skip_test_passed=False, packages_skip_up_to=None, packages_start=None, packages_up_to=None, packages_up_to_regex=None, parallel_workers=16, paths=None, symlink_install=False, test_result_base=None, verb_extension=<colcon_core.verb.build.BuildVerb object at 0x768caae3dd90>, verb_name='build', verb_parser=<colcon_mixin.mixin.mixin_argument.MixinArgumentDecorator object at 0x768caadc9400>)
[0.273s] Level 1:colcon.colcon_core.package_discovery:discover_packages(colcon_meta) check parameters
[0.274s] INFO:colcon.colcon_metadata.package_discovery.colcon_meta:Using configuration from '/root/.colcon/metadata/default/Gazebo.meta'
[0.274s] INFO:colcon.colcon_metadata.package_discovery.colcon_meta:Using configuration from '/root/.colcon/metadata/default/fastdds.meta'
[0.275s] INFO:colcon.colcon_metadata.package_discovery.colcon_meta:Using configuration from '/root/.colcon/metadata/default/fastrtps.meta'
[0.275s] Level 1:colcon.colcon_core.package_discovery:discover_packages(recursive) check parameters
[0.275s] Level 1:colcon.colcon_core.package_discovery:discover_packages(ignore) check parameters
[0.275s] Level 1:colcon.colcon_core.package_discovery:discover_packages(path) check parameters
[0.275s] Level 1:colcon.colcon_core.package_discovery:discover_packages(colcon_meta) discover
[0.275s] Level 1:colcon.colcon_core.package_discovery:discover_packages(recursive) discover
[0.275s] INFO:colcon.colcon_core.package_discovery:Crawling recursively for packages in '/root/TEAM_AIM'
[0.275s] Level 1:colcon.colcon_core.package_identification:_identify(.) by extensions ['ignore', 'ignore_ament_install']
[0.290s] Level 1:colcon.colcon_core.package_identification:_identify(.) by extension 'ignore'
[0.290s] Level 1:colcon.colcon_core.package_identification:_identify(.) by extension 'ignore_ament_install'
[0.290s] Level 1:colcon.colcon_core.package_identification:_identify(.) by extensions ['colcon_pkg']
[0.290s] Level 1:colcon.colcon_core.package_identification:_identify(.) by extension 'colcon_pkg'
[0.290s] Level 1:colcon.colcon_core.package_identification:_identify(.) by extensions ['colcon_meta']
[0.290s] Level 1:colcon.colcon_core.package_identification:_identify(.) by extension 'colcon_meta'
[0.290s] Level 1:colcon.colcon_core.package_identification:_identify(.) by extensions ['ros']
[0.290s] Level 1:colcon.colcon_core.package_identification:_identify(.) by extension 'ros'
[0.298s] Level 1:colcon.colcon_core.package_identification:_identify(.) by extensions ['cmake', 'python']
[0.299s] Level 1:colcon.colcon_core.package_identification:_identify(.) by extension 'cmake'
[0.299s] Level 1:colcon.colcon_core.package_identification:_identify(.) by extension 'python'
[0.299s] Level 1:colcon.colcon_core.package_identification:_identify(.) by extensions ['python_setup_py']
[0.299s] Level 1:colcon.colcon_core.package_identification:_identify(.) by extension 'python_setup_py'
[0.299s] Level 1:colcon.colcon_core.package_identification:_identify(Mobility_Challenge_Simulator) by extensions ['ignore', 'ignore_ament_install']
[0.299s] Level 1:colcon.colcon_core.package_identification:_identify(Mobility_Challenge_Simulator) by extension 'ignore'
[0.299s] Level 1:colcon.colcon_core.package_identification:_identify(Mobility_Challenge_Simulator) by extension 'ignore_ament_install'
[0.299s] Level 1:colcon.colcon_core.package_identification:_identify(Mobility_Challenge_Simulator) by extensions ['colcon_pkg']
[0.299s] Level 1:colcon.colcon_core.package_identification:_identify(Mobility_Challenge_Simulator) by extension 'colcon_pkg'
[0.299s] Level 1:colcon.colcon_core.package_identification:_identify(Mobility_Challenge_Simulator) by extensions ['colcon_meta']
[0.299s] Level 1:colcon.colcon_core.package_identification:_identify(Mobility_Challenge_Simulator) by extension 'colcon_meta'
[0.299s] Level 1:colcon.colcon_core.package_identification:_identify(Mobility_Challenge_Simulator) by extensions ['ros']
[0.299s] Level 1:colcon.colcon_core.package_identification:_identify(Mobility_Challenge_Simulator) by extension 'ros'
[0.299s] Level 1:colcon.colcon_core.package_identification:_identify(Mobility_Challenge_Simulator) by extensions ['cmake', 'python']
[0.299s] Level 1:colcon.colcon_core.package_identification:_identify(Mobility_Challenge_Simulator) by extension 'cmake'
[0.299s] Level 1:colcon.colcon_core.package_identification:_identify(Mobility_Challenge_Simulator) by extension 'python'
[0.299s] Level 1:colcon.colcon_core.package_identification:_identify(Mobility_Challenge_Simulator) by extensions ['python_setup_py']
[0.299s] Level 1:colcon.colcon_core.package_identification:_identify(Mobility_Challenge_Simulator) by extension 'python_setup_py'
[0.299s] Level 1:colcon.colcon_core.package_identification:_identify(Mobility_Challenge_Simulator/build) by extensions ['ignore', 'ignore_ament_install']
[0.299s] Level 1:colcon.colcon_core.package_identification:_identify(Mobility_Challenge_Simulator/build) by extension 'ignore'
[0.299s] Level 1:colcon.colcon_core.package_identification:_identify(Mobility_Challenge_Simulator/build) ignored
[0.299s] Level 1:colcon.colcon_core.package_identification:_identify(Mobility_Challenge_Simulator/images) by extensions ['ignore', 'ignore_ament_install']
[0.299s] Level 1:colcon.colcon_core.package_identification:_identify(Mobility_Challenge_Simulator/images) by extension 'ignore'
[0.300s] Level 1:colcon.colcon_core.package_identification:_identify(Mobility_Challenge_Simulator/images) by extension 'ignore_ament_install'
[0.300s] Level 1:colcon.colcon_core.package_identification:_identify(Mobility_Challenge_Simulator/images) by extensions ['colcon_pkg']
[0.300s] Level 1:colcon.colcon_core.package_identification:_identify(Mobility_Challenge_Simulator/images) by extension 'colcon_pkg'
[0.300s] Level 1:colcon.colcon_core.package_identification:_identify(Mobility_Challenge_Simulator/images) by extensions ['colcon_meta']
[0.300s] Level 1:colcon.colcon_core.package_identification:_identify(Mobility_Challenge_Simulator/images) by extension 'colcon_meta'
[0.300s] Level 1:colcon.colcon_core.package_identification:_identify(Mobility_Challenge_Simulator/images) by extensions ['ros']
[0.300s] Level 1:colcon.colcon_core.package_identification:_identify(Mobility_Challenge_Simulator/images) by extension 'ros'
[0.300s] Level 1:colcon.colcon_core.package_identification:_identify(Mobility_Challenge_Simulator/images) by extensions ['cmake', 'python']
[0.300s] Level 1:colcon.colcon_core.package_identification:_identify(Mobility_Challenge_Simulator/images) by extension 'cmake'
[0.300s] Level 1:colcon.colcon_core.package_identification:_identify(Mobility_Challenge_Simulator/images) by extension 'python'
[0.300s] Level 1:colcon.colcon_core.package_identification:_identify(Mobility_Challenge_Simulator/images) by extensions ['python_setup_py']
[0.300s] Level 1:colcon.colcon_core.package_identification:_identify(Mobility_Challenge_Simulator/images) by extension 'python_setup_py'
[0.300s] Level 1:colcon.colcon_core.package_identification:_identify(Mobility_Challenge_Simulator/install) by extensions ['ignore', 'ignore_ament_install']
[0.300s] Level 1:colcon.colcon_core.package_identification:_identify(Mobility_Challenge_Simulator/install) by extension 'ignore'
[0.300s] Level 1:colcon.colcon_core.package_identification:_identify(Mobility_Challenge_Simulator/install) ignored
[0.300s] Level 1:colcon.colcon_core.package_identification:_identify(Mobility_Challenge_Simulator/log) by extensions ['ignore', 'ignore_ament_install']
[0.300s] Level 1:colcon.colcon_core.package_identification:_identify(Mobility_Challenge_Simulator/log) by extension 'ignore'
[0.300s] Level 1:colcon.colcon_core.package_identification:_identify(Mobility_Challenge_Simulator/log) ignored
[0.300s] Level 1:colcon.colcon_core.package_identification:_identify(Mobility_Challenge_Simulator/src) by extensions ['ignore', 'ignore_ament_install']
[0.300s] Level 1:colcon.colcon_core.package_identification:_identify(Mobility_Challenge_Simulator/src) by extension 'ignore'
[0.300s] Level 1:colcon.colcon_core.package_identification:_identify(Mobility_Challenge_Simulator/src) by extension 'ignore_ament_install'
[0.300s] Level 1:colcon.colcon_core.package_identification:_identify(Mobility_Challenge_Simulator/src) by extensions ['colcon_pkg']
[0.300s] Level 1:colcon.colcon_core.package_identification:_identify(Mobility_Challenge_Simulator/src) by extension 'colcon_pkg'
[0.300s] Level 1:colcon.colcon_core.package_identification:_identify(Mobility_Challenge_Simulator/src) by extensions ['colcon_meta']
[0.300s] Level 1:colcon.colcon_core.package_identification:_identify(Mobility_Challenge_Simulator/src) by extension 'colcon_meta'
[0.300s] Level 1:colcon.colcon_core.package_identification:_identify(Mobility_Challenge_Simulator/src) by extensions ['ros']
[0.300s] Level 1:colcon.colcon_core.package_identification:_identify(Mobility_Challenge_Simulator/src) by extension 'ros'
[0.300s] Level 1:colcon.colcon_core.package_identification:_identify(Mobility_Challenge_Simulator/src) by extensions ['cmake', 'python']
[0.300s] Level 1:colcon.colcon_core.package_identification:_identify(Mobility_Challenge_Simulator/src) by extension 'cmake'
[0.300s] Level 1:colcon.colcon_core.package_identification:_identify(Mobility_Challenge_Simulator/src) by extension 'python'
[0.300s] Level 1:colcon.colcon_core.package_identification:_identify(Mobility_Challenge_Simulator/src) by extensions ['python_setup_py']
[0.301s] Level 1:colcon.colcon_core.package_identification:_identify(Mobility_Challenge_Simulator/src) by extension 'python_setup_py'
[0.301s] Level 1:colcon.colcon_core.package_identification:_identify(Mobility_Challenge_Simulator/src/communication_manager) by extensions ['ignore', 'ignore_ament_install']
[0.301s] Level 1:colcon.colcon_core.package_identification:_identify(Mobility_Challenge_Simulator/src/communication_manager) by extension 'ignore'
[0.301s] Level 1:colcon.colcon_core.package_identification:_identify(Mobility_Challenge_Simulator/src/communication_manager) by extension 'ignore_ament_install'
[0.301s] Level 1:colcon.colcon_core.package_identification:_identify(Mobility_Challenge_Simulator/src/communication_manager) by extensions ['colcon_pkg']
[0.301s] Level 1:colcon.colcon_core.package_identification:_identify(Mobility_Challenge_Simulator/src/communication_manager) by extension 'colcon_pkg'
[0.301s] Level 1:colcon.colcon_core.package_identification:_identify(Mobility_Challenge_Simulator/src/communication_manager) by extensions ['colcon_meta']
[0.301s] Level 1:colcon.colcon_core.package_identification:_identify(Mobility_Challenge_Simulator/src/communication_manager) by extension 'colcon_meta'
[0.301s] Level 1:colcon.colcon_core.package_identification:_identify(Mobility_Challenge_Simulator/src/communication_manager) by extensions ['ros']
[0.301s] Level 1:colcon.colcon_core.package_identification:_identify(Mobility_Challenge_Simulator/src/communication_manager) by extension 'ros'
[0.303s] DEBUG:colcon.colcon_core.package_identification:Package 'Mobility_Challenge_Simulator/src/communication_manager' with type 'ros.ament_cmake' and name 'communication_manager'
[0.303s] Level 1:colcon.colcon_core.package_identification:_identify(Mobility_Challenge_Simulator/src/domain_bridge) by extensions ['ignore', 'ignore_ament_install']
[0.303s] Level 1:colcon.colcon_core.package_identification:_identify(Mobility_Challenge_Simulator/src/domain_bridge) by extension 'ignore'
[0.303s] Level 1:colcon.colcon_core.package_identification:_identify(Mobility_Challenge_Simulator/src/domain_bridge) by extension 'ignore_ament_install'
[0.304s] Level 1:colcon.colcon_core.package_identification:_identify(Mobility_Challenge_Simulator/src/domain_bridge) by extensions ['colcon_pkg']
[0.304s] Level 1:colcon.colcon_core.package_identification:_identify(Mobility_Challenge_Simulator/src/domain_bridge) by extension 'colcon_pkg'
[0.304s] Level 1:colcon.colcon_core.package_identification:_identify(Mobility_Challenge_Simulator/src/domain_bridge) by extensions ['colcon_meta']
[0.304s] Level 1:colcon.colcon_core.package_identification:_identify(Mobility_Challenge_Simulator/src/domain_bridge) by extension 'colcon_meta'
[0.304s] Level 1:colcon.colcon_core.package_identification:_identify(Mobility_Challenge_Simulator/src/domain_bridge) by extensions ['ros']
[0.304s] Level 1:colcon.colcon_core.package_identification:_identify(Mobility_Challenge_Simulator/src/domain_bridge) by extension 'ros'
[0.304s] DEBUG:colcon.colcon_core.package_identification:Package 'Mobility_Challenge_Simulator/src/domain_bridge' with type 'ros.ament_cmake' and name 'domain_bridge'
[0.304s] Level 1:colcon.colcon_core.package_identification:_identify(Mobility_Challenge_Simulator/src/hv_handler) by extensions ['ignore', 'ignore_ament_install']
[0.305s] Level 1:colcon.colcon_core.package_identification:_identify(Mobility_Challenge_Simulator/src/hv_handler) by extension 'ignore'
[0.305s] Level 1:colcon.colcon_core.package_identification:_identify(Mobility_Challenge_Simulator/src/hv_handler) by extension 'ignore_ament_install'
[0.305s] Level 1:colcon.colcon_core.package_identification:_identify(Mobility_Challenge_Simulator/src/hv_handler) by extensions ['colcon_pkg']
[0.305s] Level 1:colcon.colcon_core.package_identification:_identify(Mobility_Challenge_Simulator/src/hv_handler) by extension 'colcon_pkg'
[0.305s] Level 1:colcon.colcon_core.package_identification:_identify(Mobility_Challenge_Simulator/src/hv_handler) by extensions ['colcon_meta']
[0.305s] Level 1:colcon.colcon_core.package_identification:_identify(Mobility_Challenge_Simulator/src/hv_handler) by extension 'colcon_meta'
[0.305s] Level 1:colcon.colcon_core.package_identification:_identify(Mobility_Challenge_Simulator/src/hv_handler) by extensions ['ros']
[0.305s] Level 1:colcon.colcon_core.package_identification:_identify(Mobility_Challenge_Simulator/src/hv_handler) by extension 'ros'
[0.305s] DEBUG:colcon.colcon_core.package_identification:Package 'Mobility_Challenge_Simulator/src/hv_handler' with type 'ros.ament_cmake' and name 'hv_handler'
[0.305s] Level 1:colcon.colcon_core.package_identification:_identify(Mobility_Challenge_Simulator/src/scene_srv) by extensions ['ignore', 'ignore_ament_install']
[0.305s] Level 1:colcon.colcon_core.package_identification:_identify(Mobility_Challenge_Simulator/src/scene_srv) by extension 'ignore'
[0.305s] Level 1:colcon.colcon_core.package_identification:_identify(Mobility_Challenge_Simulator/src/scene_srv) by extension 'ignore_ament_install'
[0.305s] Level 1:colcon.colcon_core.package_identification:_identify(Mobility_Challenge_Simulator/src/scene_srv) by extensions ['colcon_pkg']
[0.305s] Level 1:colcon.colcon_core.package_identification:_identify(Mobility_Challenge_Simulator/src/scene_srv) by extension 'colcon_pkg'
[0.305s] Level 1:colcon.colcon_core.package_identification:_identify(Mobility_Challenge_Simulator/src/scene_srv) by extensions ['colcon_meta']
[0.305s] Level 1:colcon.colcon_core.package_identification:_identify(Mobility_Challenge_Simulator/src/scene_srv) by extension 'colcon_meta'
[0.305s] Level 1:colcon.colcon_core.package_identification:_identify(Mobility_Challenge_Simulator/src/scene_srv) by extensions ['ros']
[0.305s] Level 1:colcon.colcon_core.package_identification:_identify(Mobility_Challenge_Simulator/src/scene_srv) by extension 'ros'
[0.306s] DEBUG:colcon.colcon_core.package_identification:Package 'Mobility_Challenge_Simulator/src/scene_srv' with type 'ros.ament_cmake' and name 'scene_srv'
[0.306s] Level 1:colcon.colcon_core.package_identification:_identify(Mobility_Challenge_Simulator/src/simulator) by extensions ['ignore', 'ignore_ament_install']
[0.306s] Level 1:colcon.colcon_core.package_identification:_identify(Mobility_Challenge_Simulator/src/simulator) by extension 'ignore'
[0.306s] Level 1:colcon.colcon_core.package_identification:_identify(Mobility_Challenge_Simulator/src/simulator) by extension 'ignore_ament_install'
[0.306s] Level 1:colcon.colcon_core.package_identification:_identify(Mobility_Challenge_Simulator/src/simulator) by extensions ['colcon_pkg']
[0.306s] Level 1:colcon.colcon_core.package_identification:_identify(Mobility_Challenge_Simulator/src/simulator) by extension 'colcon_pkg'
[0.306s] Level 1:colcon.colcon_core.package_identification:_identify(Mobility_Challenge_Simulator/src/simulator) by extensions ['colcon_meta']
[0.306s] Level 1:colcon.colcon_core.package_identification:_identify(Mobility_Challenge_Simulator/src/simulator) by extension 'colcon_meta'
[0.306s] Level 1:colcon.colcon_core.package_identification:_identify(Mobility_Challenge_Simulator/src/simulator) by extensions ['ros']
[0.306s] Level 1:colcon.colcon_core.package_identification:_identify(Mobility_Challenge_Simulator/src/simulator) by extension 'ros'
[0.307s] DEBUG:colcon.colcon_core.package_identification:Package 'Mobility_Challenge_Simulator/src/simulator' with type 'ros.ament_cmake' and name 'simulator'
[0.307s] Level 1:colcon.colcon_core.package_identification:_identify(Mobility_Challenge_Simulator/src/simulator_launch) by extensions ['ignore', 'ignore_ament_install']
[0.307s] Level 1:colcon.colcon_core.package_identification:_identify(Mobility_Challenge_Simulator/src/simulator_launch) by extension 'ignore'
[0.307s] Level 1:colcon.colcon_core.package_identification:_identify(Mobility_Challenge_Simulator/src/simulator_launch) by extension 'ignore_ament_install'
[0.307s] Level 1:colcon.colcon_core.package_identification:_identify(Mobility_Challenge_Simulator/src/simulator_launch) by extensions ['colcon_pkg']
[0.307s] Level 1:colcon.colcon_core.package_identification:_identify(Mobility_Challenge_Simulator/src/simulator_launch) by extension 'colcon_pkg'
[0.307s] Level 1:colcon.colcon_core.package_identification:_identify(Mobility_Challenge_Simulator/src/simulator_launch) by extensions ['colcon_meta']
[0.307s] Level 1:colcon.colcon_core.package_identification:_identify(Mobility_Challenge_Simulator/src/simulator_launch) by extension 'colcon_meta'
[0.307s] Level 1:colcon.colcon_core.package_identification:_identify(Mobility_Challenge_Simulator/src/simulator_launch) by extensions ['ros']
[0.307s] Level 1:colcon.colcon_core.package_identification:_identify(Mobility_Challenge_Simulator/src/simulator_launch) by extension 'ros'
[0.307s] DEBUG:colcon.colcon_core.package_identification:Package 'Mobility_Challenge_Simulator/src/simulator_launch' with type 'ros.ament_cmake' and name 'simulator_launch'
[0.307s] Level 1:colcon.colcon_core.package_identification:_identify(Mobility_Challenge_Simulator/tool) by extensions ['ignore', 'ignore_ament_install']
[0.307s] Level 1:colcon.colcon_core.package_identification:_identify(Mobility_Challenge_Simulator/tool) by extension 'ignore'
[0.307s] Level 1:colcon.colcon_core.package_identification:_identify(Mobility_Challenge_Simulator/tool) by extension 'ignore_ament_install'
[0.307s] Level 1:colcon.colcon_core.package_identification:_identify(Mobility_Challenge_Simulator/tool) by extensions ['colcon_pkg']
[0.307s] Level 1:colcon.colcon_core.package_identification:_identify(Mobility_Challenge_Simulator/tool) by extension 'colcon_pkg'
[0.307s] Level 1:colcon.colcon_core.package_identification:_identify(Mobility_Challenge_Simulator/tool) by extensions ['colcon_meta']
[0.307s] Level 1:colcon.colcon_core.package_identification:_identify(Mobility_Challenge_Simulator/tool) by extension 'colcon_meta'
[0.307s] Level 1:colcon.colcon_core.package_identification:_identify(Mobility_Challenge_Simulator/tool) by extensions ['ros']
[0.308s] Level 1:colcon.colcon_core.package_identification:_identify(Mobility_Challenge_Simulator/tool) by extension 'ros'
[0.308s] Level 1:colcon.colcon_core.package_identification:_identify(Mobility_Challenge_Simulator/tool) by extensions ['cmake', 'python']
[0.308s] Level 1:colcon.colcon_core.package_identification:_identify(Mobility_Challenge_Simulator/tool) by extension 'cmake'
[0.308s] Level 1:colcon.colcon_core.package_identification:_identify(Mobility_Challenge_Simulator/tool) by extension 'python'
[0.308s] Level 1:colcon.colcon_core.package_identification:_identify(Mobility_Challenge_Simulator/tool) by extensions ['python_setup_py']
[0.308s] Level 1:colcon.colcon_core.package_identification:_identify(Mobility_Challenge_Simulator/tool) by extension 'python_setup_py'
[0.308s] Level 1:colcon.colcon_core.package_identification:_identify(Mobility_Challenge_Simulator/tool/waypoint) by extensions ['ignore', 'ignore_ament_install']
[0.308s] Level 1:colcon.colcon_core.package_identification:_identify(Mobility_Challenge_Simulator/tool/waypoint) by extension 'ignore'
[0.308s] Level 1:colcon.colcon_core.package_identification:_identify(Mobility_Challenge_Simulator/tool/waypoint) by extension 'ignore_ament_install'
[0.308s] Level 1:colcon.colcon_core.package_identification:_identify(Mobility_Challenge_Simulator/tool/waypoint) by extensions ['colcon_pkg']
[0.308s] Level 1:colcon.colcon_core.package_identification:_identify(Mobility_Challenge_Simulator/tool/waypoint) by extension 'colcon_pkg'
[0.308s] Level 1:colcon.colcon_core.package_identification:_identify(Mobility_Challenge_Simulator/tool/waypoint) by extensions ['colcon_meta']
[0.308s] Level 1:colcon.colcon_core.package_identification:_identify(Mobility_Challenge_Simulator/tool/waypoint) by extension 'colcon_meta'
[0.308s] Level 1:colcon.colcon_core.package_identification:_identify(Mobility_Challenge_Simulator/tool/waypoint) by extensions ['ros']
[0.308s] Level 1:colcon.colcon_core.package_identification:_identify(Mobility_Challenge_Simulator/tool/waypoint) by extension 'ros'
[0.308s] Level 1:colcon.colcon_core.package_identification:_identify(Mobility_Challenge_Simulator/tool/waypoint) by extensions ['cmake', 'python']
[0.308s] Level 1:colcon.colcon_core.package_identification:_identify(Mobility_Challenge_Simulator/tool/waypoint) by extension 'cmake'
[0.308s] Level 1:colcon.colcon_core.package_identification:_identify(Mobility_Challenge_Simulator/tool/waypoint) by extension 'python'
[0.308s] Level 1:colcon.colcon_core.package_identification:_identify(Mobility_Challenge_Simulator/tool/waypoint) by extensions ['python_setup_py']
[0.308s] Level 1:colcon.colcon_core.package_identification:_identify(Mobility_Challenge_Simulator/tool/waypoint) by extension 'python_setup_py'
[0.308s] Level 1:colcon.colcon_core.package_identification:_identify(build) by extensions ['ignore', 'ignore_ament_install']
[0.308s] Level 1:colcon.colcon_core.package_identification:_identify(build) by extension 'ignore'
[0.308s] Level 1:colcon.colcon_core.package_identification:_identify(build) ignored
[0.308s] Level 1:colcon.colcon_core.package_identification:_identify(docker_kaist_aim) by extensions ['ignore', 'ignore_ament_install']
[0.308s] Level 1:colcon.colcon_core.package_identification:_identify(docker_kaist_aim) by extension 'ignore'
[0.308s] Level 1:colcon.colcon_core.package_identification:_identify(docker_kaist_aim) by extension 'ignore_ament_install'
[0.308s] Level 1:colcon.colcon_core.package_identification:_identify(docker_kaist_aim) by extensions ['colcon_pkg']
[0.308s] Level 1:colcon.colcon_core.package_identification:_identify(docker_kaist_aim) by extension 'colcon_pkg'
[0.308s] Level 1:colcon.colcon_core.package_identification:_identify(docker_kaist_aim) by extensions ['colcon_meta']
[0.308s] Level 1:colcon.colcon_core.package_identification:_identify(docker_kaist_aim) by extension 'colcon_meta'
[0.308s] Level 1:colcon.colcon_core.package_identification:_identify(docker_kaist_aim) by extensions ['ros']
[0.308s] Level 1:colcon.colcon_core.package_identification:_identify(docker_kaist_aim) by extension 'ros'
[0.309s] Level 1:colcon.colcon_core.package_identification:_identify(docker_kaist_aim) by extensions ['cmake', 'python']
[0.309s] Level 1:colcon.colcon_core.package_identification:_identify(docker_kaist_aim) by extension 'cmake'
[0.309s] Level 1:colcon.colcon_core.package_identification:_identify(docker_kaist_aim) by extension 'python'
[0.309s] Level 1:colcon.colcon_core.package_identification:_identify(docker_kaist_aim) by extensions ['python_setup_py']
[0.309s] Level 1:colcon.colcon_core.package_identification:_identify(docker_kaist_aim) by extension 'python_setup_py'
[0.309s] Level 1:colcon.colcon_core.package_identification:_identify(install) by extensions ['ignore', 'ignore_ament_install']
[0.309s] Level 1:colcon.colcon_core.package_identification:_identify(install) by extension 'ignore'
[0.309s] Level 1:colcon.colcon_core.package_identification:_identify(install) ignored
[0.309s] Level 1:colcon.colcon_core.package_identification:_identify(log) by extensions ['ignore', 'ignore_ament_install']
[0.309s] Level 1:colcon.colcon_core.package_identification:_identify(log) by extension 'ignore'
[0.309s] Level 1:colcon.colcon_core.package_identification:_identify(log) ignored
[0.309s] Level 1:colcon.colcon_core.package_identification:_identify(src) by extensions ['ignore', 'ignore_ament_install']
[0.309s] Level 1:colcon.colcon_core.package_identification:_identify(src) by extension 'ignore'
[0.309s] Level 1:colcon.colcon_core.package_identification:_identify(src) by extension 'ignore_ament_install'
[0.309s] Level 1:colcon.colcon_core.package_identification:_identify(src) by extensions ['colcon_pkg']
[0.309s] Level 1:colcon.colcon_core.package_identification:_identify(src) by extension 'colcon_pkg'
[0.309s] Level 1:colcon.colcon_core.package_identification:_identify(src) by extensions ['colcon_meta']
[0.309s] Level 1:colcon.colcon_core.package_identification:_identify(src) by extension 'colcon_meta'
[0.309s] Level 1:colcon.colcon_core.package_identification:_identify(src) by extensions ['ros']
[0.309s] Level 1:colcon.colcon_core.package_identification:_identify(src) by extension 'ros'
[0.309s] Level 1:colcon.colcon_core.package_identification:_identify(src) by extensions ['cmake', 'python']
[0.309s] Level 1:colcon.colcon_core.package_identification:_identify(src) by extension 'cmake'
[0.309s] Level 1:colcon.colcon_core.package_identification:_identify(src) by extension 'python'
[0.309s] Level 1:colcon.colcon_core.package_identification:_identify(src) by extensions ['python_setup_py']
[0.309s] Level 1:colcon.colcon_core.package_identification:_identify(src) by extension 'python_setup_py'
[0.309s] Level 1:colcon.colcon_core.package_identification:_identify(src/global_path) by extensions ['ignore', 'ignore_ament_install']
[0.310s] Level 1:colcon.colcon_core.package_identification:_identify(src/global_path) by extension 'ignore'
[0.310s] Level 1:colcon.colcon_core.package_identification:_identify(src/global_path) by extension 'ignore_ament_install'
[0.310s] Level 1:colcon.colcon_core.package_identification:_identify(src/global_path) by extensions ['colcon_pkg']
[0.310s] Level 1:colcon.colcon_core.package_identification:_identify(src/global_path) by extension 'colcon_pkg'
[0.310s] Level 1:colcon.colcon_core.package_identification:_identify(src/global_path) by extensions ['colcon_meta']
[0.310s] Level 1:colcon.colcon_core.package_identification:_identify(src/global_path) by extension 'colcon_meta'
[0.310s] Level 1:colcon.colcon_core.package_identification:_identify(src/global_path) by extensions ['ros']
[0.310s] Level 1:colcon.colcon_core.package_identification:_identify(src/global_path) by extension 'ros'
[0.310s] Level 1:colcon.colcon_core.package_identification:_identify(src/global_path) by extensions ['cmake', 'python']
[0.310s] Level 1:colcon.colcon_core.package_identification:_identify(src/global_path) by extension 'cmake'
[0.310s] Level 1:colcon.colcon_core.package_identification:_identify(src/global_path) by extension 'python'
[0.310s] Level 1:colcon.colcon_core.package_identification:_identify(src/global_path) by extensions ['python_setup_py']
[0.310s] Level 1:colcon.colcon_core.package_identification:_identify(src/global_path) by extension 'python_setup_py'
[0.310s] Level 1:colcon.colcon_core.package_identification:_identify(src/mission_1_1) by extensions ['ignore', 'ignore_ament_install']
[0.310s] Level 1:colcon.colcon_core.package_identification:_identify(src/mission_1_1) by extension 'ignore'
[0.310s] Level 1:colcon.colcon_core.package_identification:_identify(src/mission_1_1) by extension 'ignore_ament_install'
[0.310s] Level 1:colcon.colcon_core.package_identification:_identify(src/mission_1_1) by extensions ['colcon_pkg']
[0.310s] Level 1:colcon.colcon_core.package_identification:_identify(src/mission_1_1) by extension 'colcon_pkg'
[0.310s] Level 1:colcon.colcon_core.package_identification:_identify(src/mission_1_1) by extensions ['colcon_meta']
[0.310s] Level 1:colcon.colcon_core.package_identification:_identify(src/mission_1_1) by extension 'colcon_meta'
[0.310s] Level 1:colcon.colcon_core.package_identification:_identify(src/mission_1_1) by extensions ['ros']
[0.310s] Level 1:colcon.colcon_core.package_identification:_identify(src/mission_1_1) by extension 'ros'
[0.311s] DEBUG:colcon.colcon_core.package_identification:Package 'src/mission_1_1' with type 'ros.ament_cmake' and name 'mission_1_1'
[0.311s] Level 1:colcon.colcon_core.package_identification:_identify(src/mission_1_2) by extensions ['ignore', 'ignore_ament_install']
[0.311s] Level 1:colcon.colcon_core.package_identification:_identify(src/mission_1_2) by extension 'ignore'
[0.311s] Level 1:colcon.colcon_core.package_identification:_identify(src/mission_1_2) by extension 'ignore_ament_install'
[0.311s] Level 1:colcon.colcon_core.package_identification:_identify(src/mission_1_2) by extensions ['colcon_pkg']
[0.311s] Level 1:colcon.colcon_core.package_identification:_identify(src/mission_1_2) by extension 'colcon_pkg'
[0.311s] Level 1:colcon.colcon_core.package_identification:_identify(src/mission_1_2) by extensions ['colcon_meta']
[0.311s] Level 1:colcon.colcon_core.package_identification:_identify(src/mission_1_2) by extension 'colcon_meta'
[0.311s] Level 1:colcon.colcon_core.package_identification:_identify(src/mission_1_2) by extensions ['ros']
[0.311s] Level 1:colcon.colcon_core.package_identification:_identify(src/mission_1_2) by extension 'ros'
[0.312s] DEBUG:colcon.colcon_core.package_identification:Package 'src/mission_1_2' with type 'ros.ament_cmake' and name 'mission_1_2'
[0.312s] Level 1:colcon.colcon_core.package_identification:_identify(src/mission_2) by extensions ['ignore', 'ignore_ament_install']
[0.312s] Level 1:colcon.colcon_core.package_identification:_identify(src/mission_2) by extension 'ignore'
[0.312s] Level 1:colcon.colcon_core.package_identification:_identify(src/mission_2) by extension 'ignore_ament_install'
[0.313s] Level 1:colcon.colcon_core.package_identification:_identify(src/mission_2) by extensions ['colcon_pkg']
[0.313s] Level 1:colcon.colcon_core.package_identification:_identify(src/mission_2) by extension 'colcon_pkg'
[0.313s] Level 1:colcon.colcon_core.package_identification:_identify(src/mission_2) by extensions ['colcon_meta']
[0.313s] Level 1:colcon.colcon_core.package_identification:_identify(src/mission_2) by extension 'colcon_meta'
[0.313s] Level 1:colcon.colcon_core.package_identification:_identify(src/mission_2) by extensions ['ros']
[0.313s] Level 1:colcon.colcon_core.package_identification:_identify(src/mission_2) by extension 'ros'
[0.313s] DEBUG:colcon.colcon_core.package_identification:Package 'src/mission_2' with type 'ros.ament_cmake' and name 'mission_2'
[0.313s] Level 1:colcon.colcon_core.package_identification:_identify(src/mission_3) by extensions ['ignore', 'ignore_ament_install']
[0.313s] Level 1:colcon.colcon_core.package_identification:_identify(src/mission_3) by extension 'ignore'
[0.313s] Level 1:colcon.colcon_core.package_identification:_identify(src/mission_3) by extension 'ignore_ament_install'
[0.313s] Level 1:colcon.colcon_core.package_identification:_identify(src/mission_3) by extensions ['colcon_pkg']
[0.313s] Level 1:colcon.colcon_core.package_identification:_identify(src/mission_3) by extension 'colcon_pkg'
[0.313s] Level 1:colcon.colcon_core.package_identification:_identify(src/mission_3) by extensions ['colcon_meta']
[0.313s] Level 1:colcon.colcon_core.package_identification:_identify(src/mission_3) by extension 'colcon_meta'
[0.313s] Level 1:colcon.colcon_core.package_identification:_identify(src/mission_3) by extensions ['ros']
[0.313s] Level 1:colcon.colcon_core.package_identification:_identify(src/mission_3) by extension 'ros'
[0.314s] DEBUG:colcon.colcon_core.package_identification:Package 'src/mission_3' with type 'ros.ament_cmake' and name 'mission_3'
[0.314s] Level 1:colcon.colcon_core.package_discovery:discover_packages(recursive) using defaults
[0.314s] Level 1:colcon.colcon_core.package_discovery:discover_packages(ignore) discover
[0.314s] Level 1:colcon.colcon_core.package_discovery:discover_packages(ignore) using defaults
[0.314s] Level 1:colcon.colcon_core.package_discovery:discover_packages(path) discover
[0.314s] Level 1:colcon.colcon_core.package_discovery:discover_packages(path) using defaults
[0.331s] INFO:colcon.colcon_core.package_selection:Skipping not selected package 'domain_bridge' in 'Mobility_Challenge_Simulator/src/domain_bridge'
[0.331s] INFO:colcon.colcon_core.package_selection:Skipping not selected package 'mission_1_1' in 'src/mission_1_1'
[0.331s] INFO:colcon.colcon_core.package_selection:Skipping not selected package 'mission_2' in 'src/mission_2'
[0.331s] INFO:colcon.colcon_core.package_selection:Skipping not selected package 'mission_3' in 'src/mission_3'
[0.331s] INFO:colcon.colcon_core.package_selection:Skipping not selected package 'scene_srv' in 'Mobility_Challenge_Simulator/src/scene_srv'
[0.331s] INFO:colcon.colcon_core.package_selection:Skipping not selected package 'simulator_launch' in 'Mobility_Challenge_Simulator/src/simulator_launch'
[0.331s] INFO:colcon.colcon_core.package_selection:Skipping not selected package 'communication_manager' in 'Mobility_Challenge_Simulator/src/communication_manager'
[0.331s] INFO:colcon.colcon_core.package_selection:Skipping not selected package 'hv_handler' in 'Mobility_Challenge_Simulator/src/hv_handler'
[0.331s] INFO:colcon.colcon_core.package_selection:Skipping not selected package 'simulator' in 'Mobility_Challenge_Simulator/src/simulator'
[0.332s] Level 5:colcon.colcon_core.verb:set package 'mission_1_2' build argument 'cmake_args' from command line to 'None'
[0.333s] Level 5:colcon.colcon_core.verb:set package 'mission_1_2' build argument 'cmake_target' from command line to 'None'
[0.333s] Level 5:colcon.colcon_core.verb:set package 'mission_1_2' build argument 'cmake_target_skip_unavailable' from command line to 'False'
[0.333s] Level 5:colcon.colcon_core.verb:set package 'mission_1_2' build argument 'cmake_clean_cache' from command line to 'False'
[0.333s] Level 5:colcon.colcon_core.verb:set package 'mission_1_2' build argument 'cmake_clean_first' from command line to 'False'
[0.333s] Level 5:colcon.colcon_core.verb:set package 'mission_1_2' build argument 'cmake_force_configure' from command line to 'False'
[0.333s] Level 5:colcon.colcon_core.verb:set package 'mission_1_2' build argument 'ament_cmake_args' from command line to 'None'
[0.333s] Level 5:colcon.colcon_core.verb:set package 'mission_1_2' build argument 'catkin_cmake_args' from command line to 'None'
[0.333s] Level 5:colcon.colcon_core.verb:set package 'mission_1_2' build argument 'catkin_skip_building_tests' from command line to 'False'
[0.333s] DEBUG:colcon.colcon_core.verb:Building package 'mission_1_2' with the following arguments: {'ament_cmake_args': None, 'build_base': '/root/TEAM_AIM/build/mission_1_2', 'catkin_cmake_args': None, 'catkin_skip_building_tests': False, 'cmake_args': None, 'cmake_clean_cache': False, 'cmake_clean_first': False, 'cmake_force_configure': False, 'cmake_target': None, 'cmake_target_skip_unavailable': False, 'install_base': '/root/TEAM_AIM/install/mission_1_2', 'merge_install': False, 'path': '/root/TEAM_AIM/src/mission_1_2', 'symlink_install': False, 'test_result_base': None}
[0.334s] INFO:colcon.colcon_core.executor:Executing jobs using 'parallel' executor
[0.338s] DEBUG:colcon.colcon_parallel_executor.executor.parallel:run_until_complete
[0.338s] INFO:colcon.colcon_ros.task.ament_cmake.build:Building ROS package in '/root/TEAM_AIM/src/mission_1_2' with build type 'ament_cmake'
[0.338s] INFO:colcon.colcon_cmake.task.cmake.build:Building CMake package in '/root/TEAM_AIM/src/mission_1_2'
[0.344s] INFO:colcon.colcon_core.plugin_system:Skipping extension 'colcon_core.shell.bat': Not used on non-Windows systems
[0.344s] INFO:colcon.colcon_core.shell:Skip shell extension 'powershell' for command environment: Not usable outside of PowerShell
[0.344s] DEBUG:colcon.colcon_core.shell:Skip shell extension 'dsv' for command environment
[0.363s] DEBUG:colcon.colcon_core.event_handler.log_command:Invoking command in '/root/TEAM_AIM/build/mission_1_2': CMAKE_PREFIX_PATH=${CMAKE_PREFIX_PATH}:/opt/ros/foxy /usr/bin/cmake --build /root/TEAM_AIM/build/mission_1_2 -- -j16 -l16
[9.324s] DEBUG:colcon.colcon_core.event_handler.log_command:Invoked command in '/root/TEAM_AIM/build/mission_1_2' returned '0': CMAKE_PREFIX_PATH=${CMAKE_PREFIX_PATH}:/opt/ros/foxy /usr/bin/cmake --build /root/TEAM_AIM/build/mission_1_2 -- -j16 -l16
[9.375s] DEBUG:colcon.colcon_core.event_handler.log_command:Invoking command in '/root/TEAM_AIM/build/mission_1_2': CMAKE_PREFIX_PATH=${CMAKE_PREFIX_PATH}:/opt/ros/foxy /usr/bin/cmake --install /root/TEAM_AIM/build/mission_1_2
[9.396s] Level 1:colcon.colcon_core.environment:create_environment_scripts_only(mission_1_2)
[9.397s] DEBUG:colcon.colcon_core.event_handler.log_command:Invoked command in '/root/TEAM_AIM/build/mission_1_2' returned '0': CMAKE_PREFIX_PATH=${CMAKE_PREFIX_PATH}:/opt/ros/foxy /usr/bin/cmake --install /root/TEAM_AIM/build/mission_1_2
[9.405s] Level 1:colcon.colcon_core.environment:checking '/root/TEAM_AIM/install/mission_1_2' for CMake module files
[9.406s] Level 1:colcon.colcon_core.environment:checking '/root/TEAM_AIM/install/mission_1_2' for CMake config files
[9.407s] Level 1:colcon.colcon_core.shell:create_environment_hook('mission_1_2', 'cmake_prefix_path')
[9.409s] INFO:colcon.colcon_core.shell:Creating environment hook '/root/TEAM_AIM/install/mission_1_2/share/mission_1_2/hook/cmake_prefix_path.ps1'
[9.411s] INFO:colcon.colcon_core.shell:Creating environment descriptor '/root/TEAM_AIM/install/mission_1_2/share/mission_1_2/hook/cmake_prefix_path.dsv'
[9.411s] INFO:colcon.colcon_core.shell:Creating environment hook '/root/TEAM_AIM/install/mission_1_2/share/mission_1_2/hook/cmake_prefix_path.sh'
[9.412s] Level 1:colcon.colcon_core.environment:checking '/root/TEAM_AIM/install/mission_1_2/lib'
[9.412s] Level 1:colcon.colcon_core.environment:checking '/root/TEAM_AIM/install/mission_1_2/bin'
[9.413s] Level 1:colcon.colcon_core.environment:checking '/root/TEAM_AIM/install/mission_1_2/lib/pkgconfig/mission_1_2.pc'
[9.413s] Level 1:colcon.colcon_core.environment:checking '/root/TEAM_AIM/install/mission_1_2/lib/python3.8/site-packages'
[9.414s] Level 1:colcon.colcon_core.environment:checking '/root/TEAM_AIM/install/mission_1_2/bin'
[9.416s] INFO:colcon.colcon_core.shell:Creating package script '/root/TEAM_AIM/install/mission_1_2/share/mission_1_2/package.ps1'
[9.417s] INFO:colcon.colcon_core.shell:Creating package descriptor '/root/TEAM_AIM/install/mission_1_2/share/mission_1_2/package.dsv'
[9.418s] INFO:colcon.colcon_core.shell:Creating package script '/root/TEAM_AIM/install/mission_1_2/share/mission_1_2/package.sh'
[9.418s] INFO:colcon.colcon_core.shell:Creating package script '/root/TEAM_AIM/install/mission_1_2/share/mission_1_2/package.bash'
[9.419s] INFO:colcon.colcon_core.shell:Creating package script '/root/TEAM_AIM/install/mission_1_2/share/mission_1_2/package.zsh'
[9.419s] Level 1:colcon.colcon_core.environment:create_file_with_runtime_dependencies(/root/TEAM_AIM/install/mission_1_2/share/colcon-core/packages/mission_1_2)
[9.463s] Level 1:colcon.colcon_core.environment:create_environment_scripts_only(mission_1_2)
[9.466s] Level 1:colcon.colcon_core.environment:checking '/root/TEAM_AIM/install/mission_1_2' for CMake module files
[9.467s] Level 1:colcon.colcon_core.environment:checking '/root/TEAM_AIM/install/mission_1_2' for CMake config files
[9.467s] Level 1:colcon.colcon_core.shell:create_environment_hook('mission_1_2', 'cmake_prefix_path')
[9.469s] INFO:colcon.colcon_core.shell:Creating environment hook '/root/TEAM_AIM/install/mission_1_2/share/mission_1_2/hook/cmake_prefix_path.ps1'
[9.469s] INFO:colcon.colcon_core.shell:Creating environment descriptor '/root/TEAM_AIM/install/mission_1_2/share/mission_1_2/hook/cmake_prefix_path.dsv'
[9.470s] INFO:colcon.colcon_core.shell:Creating environment hook '/root/TEAM_AIM/install/mission_1_2/share/mission_1_2/hook/cmake_prefix_path.sh'
[9.470s] Level 1:colcon.colcon_core.environment:checking '/root/TEAM_AIM/install/mission_1_2/lib'
[9.470s] Level 1:colcon.colcon_core.environment:checking '/root/TEAM_AIM/install/mission_1_2/bin'
[9.470s] Level 1:colcon.colcon_core.environment:checking '/root/TEAM_AIM/install/mission_1_2/lib/pkgconfig/mission_1_2.pc'
[9.470s] Level 1:colcon.colcon_core.environment:checking '/root/TEAM_AIM/install/mission_1_2/lib/python3.8/site-packages'
[9.470s] Level 1:colcon.colcon_core.environment:checking '/root/TEAM_AIM/install/mission_1_2/bin'
[9.473s] INFO:colcon.colcon_core.shell:Creating package script '/root/TEAM_AIM/install/mission_1_2/share/mission_1_2/package.ps1'
[9.473s] INFO:colcon.colcon_core.shell:Creating package descriptor '/root/TEAM_AIM/install/mission_1_2/share/mission_1_2/package.dsv'
[9.474s] INFO:colcon.colcon_core.shell:Creating package script '/root/TEAM_AIM/install/mission_1_2/share/mission_1_2/package.sh'
[9.474s] INFO:colcon.colcon_core.shell:Creating package script '/root/TEAM_AIM/install/mission_1_2/share/mission_1_2/package.bash'
[9.475s] INFO:colcon.colcon_core.shell:Creating package script '/root/TEAM_AIM/install/mission_1_2/share/mission_1_2/package.zsh'
[9.475s] Level 1:colcon.colcon_core.environment:create_file_with_runtime_dependencies(/root/TEAM_AIM/install/mission_1_2/share/colcon-core/packages/mission_1_2)
[9.475s] DEBUG:colcon.colcon_parallel_executor.executor.parallel:closing loop
[9.476s] DEBUG:colcon.colcon_parallel_executor.executor.parallel:loop closed
[9.476s] DEBUG:colcon.colcon_parallel_executor.executor.parallel:run_until_complete finished with '0'
[9.476s] DEBUG:colcon.colcon_core.event_reactor:joining thread
[9.481s] INFO:colcon.colcon_core.plugin_system:Skipping extension 'colcon_notification.desktop_notification.notify_send': Could not find 'notify-send'
[9.481s] INFO:colcon.colcon_core.plugin_system:Skipping extension 'colcon_notification.desktop_notification.terminal_notifier': Not used on non-Darwin systems
[9.481s] INFO:colcon.colcon_core.plugin_system:Skipping extension 'colcon_notification.desktop_notification.win32': Not used on non-Windows systems
[9.481s] INFO:colcon.colcon_notification.desktop_notification:Sending desktop notification using 'notify2'
[9.484s] DEBUG:colcon.colcon_notification.desktop_notification.notify2:Failed to initialize notify2: org.freedesktop.DBus.Error.Spawn.ExecFailed: /usr/bin/dbus-launch terminated abnormally without any error message
[9.485s] DEBUG:colcon.colcon_core.event_reactor:joined thread
[9.488s] INFO:colcon.colcon_core.shell:Creating prefix script '/root/TEAM_AIM/install/local_setup.ps1'
[9.489s] INFO:colcon.colcon_core.shell:Creating prefix util module '/root/TEAM_AIM/install/_local_setup_util_ps1.py'
[9.490s] INFO:colcon.colcon_core.shell:Creating prefix chain script '/root/TEAM_AIM/install/setup.ps1'
[9.492s] INFO:colcon.colcon_core.shell:Creating prefix script '/root/TEAM_AIM/install/local_setup.sh'
[9.493s] INFO:colcon.colcon_core.shell:Creating prefix util module '/root/TEAM_AIM/install/_local_setup_util_sh.py'
[9.494s] INFO:colcon.colcon_core.shell:Creating prefix chain script '/root/TEAM_AIM/install/setup.sh'
[9.497s] INFO:colcon.colcon_core.shell:Creating prefix script '/root/TEAM_AIM/install/local_setup.bash'
[9.497s] INFO:colcon.colcon_core.shell:Creating prefix chain script '/root/TEAM_AIM/install/setup.bash'
[9.498s] INFO:colcon.colcon_core.shell:Creating prefix script '/root/TEAM_AIM/install/local_setup.zsh'
[9.499s] INFO:colcon.colcon_core.shell:Creating prefix chain script '/root/TEAM_AIM/install/setup.zsh'
