[0.069s] Invoking command in '/root/TEAM_AIM/build/simulator_launch': CMAKE_PREFIX_PATH=/opt/ros/foxy /usr/bin/cmake /root/TEAM_AIM/Mobility_Challenge_Simulator/src/simulator_launch -DCMAKE_INSTALL_PREFIX=/root/TEAM_AIM/install/simulator_launch
[0.167s] -- The C compiler identification is GNU 9.4.0
[0.237s] -- The CXX compiler identification is GNU 9.4.0
[0.242s] -- Check for working C compiler: /usr/bin/cc
[0.360s] -- Check for working C compiler: /usr/bin/cc -- works
[0.361s] -- Detecting C compiler ABI info
[0.470s] -- Detecting C compiler ABI info - done
[0.479s] -- Detecting C compile features
[0.480s] -- Detecting C compile features - done
[0.482s] -- Check for working CXX compiler: /usr/bin/c++
[0.628s] -- Check for working CXX compiler: /usr/bin/c++ -- works
[0.633s] -- Detecting CXX compiler ABI info
[0.777s] -- Detecting CXX compiler ABI info - done
[0.795s] -- Detecting CXX compile features
[0.796s] -- Detecting CXX compile features - done
[0.801s] -- Found ament_cmake: 0.9.12 (/opt/ros/foxy/share/ament_cmake/cmake)
[0.834s] -- Found PythonInterp: /usr/bin/python3 (found suitable version "3.8.10", minimum required is "3") 
[0.835s] -- Using PYTHON_EXECUTABLE: /usr/bin/python3
[1.182s] -- Configuring done
[1.185s] -- Generating done
[1.186s] -- Build files have been written to: /root/TEAM_AIM/build/simulator_launch
[1.194s] Invoked command in '/root/TEAM_AIM/build/simulator_launch' returned '0': CMAKE_PREFIX_PATH=/opt/ros/foxy /usr/bin/cmake /root/TEAM_AIM/Mobility_Challenge_Simulator/src/simulator_launch -DCMAKE_INSTALL_PREFIX=/root/TEAM_AIM/install/simulator_launch
[1.203s] Invoking command in '/root/TEAM_AIM/build/simulator_launch': CMAKE_PREFIX_PATH=/opt/ros/foxy /usr/bin/cmake --build /root/TEAM_AIM/build/simulator_launch -- -j16 -l16
[1.304s] Invoked command in '/root/TEAM_AIM/build/simulator_launch' returned '0': CMAKE_PREFIX_PATH=/opt/ros/foxy /usr/bin/cmake --build /root/TEAM_AIM/build/simulator_launch -- -j16 -l16
[1.383s] Invoking command in '/root/TEAM_AIM/build/simulator_launch': CMAKE_PREFIX_PATH=/opt/ros/foxy /usr/bin/cmake --install /root/TEAM_AIM/build/simulator_launch
[1.402s] -- Install configuration: ""
[1.402s] -- Up-to-date: /root/TEAM_AIM/install/simulator_launch/share/simulator_launch/launch
[1.402s] -- Up-to-date: /root/TEAM_AIM/install/simulator_launch/share/simulator_launch/launch/simulator_launch.py
[1.403s] -- Installing: /root/TEAM_AIM/install/simulator_launch/share/ament_index/resource_index/package_run_dependencies/simulator_launch
[1.403s] -- Installing: /root/TEAM_AIM/install/simulator_launch/share/ament_index/resource_index/parent_prefix_path/simulator_launch
[1.403s] -- Up-to-date: /root/TEAM_AIM/install/simulator_launch/share/simulator_launch/environment/ament_prefix_path.sh
[1.403s] -- Installing: /root/TEAM_AIM/install/simulator_launch/share/simulator_launch/environment/ament_prefix_path.dsv
[1.403s] -- Up-to-date: /root/TEAM_AIM/install/simulator_launch/share/simulator_launch/environment/path.sh
[1.404s] -- Installing: /root/TEAM_AIM/install/simulator_launch/share/simulator_launch/environment/path.dsv
[1.404s] -- Installing: /root/TEAM_AIM/install/simulator_launch/share/simulator_launch/local_setup.bash
[1.404s] -- Installing: /root/TEAM_AIM/install/simulator_launch/share/simulator_launch/local_setup.sh
[1.405s] -- Installing: /root/TEAM_AIM/install/simulator_launch/share/simulator_launch/local_setup.zsh
[1.405s] -- Installing: /root/TEAM_AIM/install/simulator_launch/share/simulator_launch/local_setup.dsv
[1.405s] -- Installing: /root/TEAM_AIM/install/simulator_launch/share/simulator_launch/package.dsv
[1.405s] -- Installing: /root/TEAM_AIM/install/simulator_launch/share/ament_index/resource_index/packages/simulator_launch
[1.406s] -- Installing: /root/TEAM_AIM/install/simulator_launch/share/simulator_launch/cmake/simulator_launchConfig.cmake
[1.406s] -- Installing: /root/TEAM_AIM/install/simulator_launch/share/simulator_launch/cmake/simulator_launchConfig-version.cmake
[1.406s] -- Up-to-date: /root/TEAM_AIM/install/simulator_launch/share/simulator_launch/package.xml
[1.411s] Invoked command in '/root/TEAM_AIM/build/simulator_launch' returned '0': CMAKE_PREFIX_PATH=/opt/ros/foxy /usr/bin/cmake --install /root/TEAM_AIM/build/simulator_launch
