[0.077s] Invoking command in '/root/TEAM_AIM/build/domain_bridge': CMAKE_PREFIX_PATH=${CMAKE_PREFIX_PATH}:/opt/ros/foxy /usr/bin/cmake --build /root/TEAM_AIM/build/domain_bridge -- -j16 -l16
[0.163s] [  2%] Built target domain_bridge__cpp
[0.163s] [  9%] Built target domain_bridge__rosidl_generator_c
[0.216s] [ 22%] Built target domain_bridge__rosidl_typesupport_introspection_c
[0.216s] [ 22%] Built target domain_bridge__rosidl_typesupport_c
[0.220s] [ 29%] Built target domain_bridge__rosidl_typesupport_introspection_cpp
[0.220s] [ 36%] Built target domain_bridge__rosidl_typesupport_cpp
[0.239s] [ 43%] Built target domain_bridge__rosidl_typesupport_fastrtps_cpp
[0.283s] [ 50%] Built target domain_bridge__rosidl_typesupport_fastrtps_c
[0.318s] [ 50%] Built target domain_bridge
[0.355s] [ 52%] Built target domain_bridge__py
[0.370s] [ 77%] Built target domain_bridge_lib
[0.391s] [ 81%] Built target domain_bridge__python
[0.422s] [ 86%] Built target domain_bridge_exec
[0.439s] [ 95%] Built target domain_bridge__rosidl_typesupport_fastrtps_c__pyext
[0.439s] [ 95%] Built target domain_bridge__rosidl_typesupport_c__pyext
[0.440s] [100%] Built target domain_bridge__rosidl_typesupport_introspection_c__pyext
[0.459s] Invoked command in '/root/TEAM_AIM/build/domain_bridge' returned '0': CMAKE_PREFIX_PATH=${CMAKE_PREFIX_PATH}:/opt/ros/foxy /usr/bin/cmake --build /root/TEAM_AIM/build/domain_bridge -- -j16 -l16
[0.604s] Invoking command in '/root/TEAM_AIM/build/domain_bridge': CMAKE_PREFIX_PATH=${CMAKE_PREFIX_PATH}:/opt/ros/foxy /usr/bin/cmake --install /root/TEAM_AIM/build/domain_bridge
[0.619s] -- Install configuration: ""
[0.620s] -- Up-to-date: /root/TEAM_AIM/install/domain_bridge/share/ament_index/resource_index/rosidl_interfaces/domain_bridge
[0.620s] -- Up-to-date: /root/TEAM_AIM/install/domain_bridge/include/domain_bridge
[0.620s] -- Up-to-date: /root/TEAM_AIM/install/domain_bridge/include/domain_bridge/msg
[0.620s] -- Up-to-date: /root/TEAM_AIM/install/domain_bridge/include/domain_bridge/msg/rosidl_generator_c__visibility_control.h
[0.620s] -- Up-to-date: /root/TEAM_AIM/install/domain_bridge/include/domain_bridge/msg/compressed_msg.h
[0.620s] -- Up-to-date: /root/TEAM_AIM/install/domain_bridge/include/domain_bridge/msg/detail
[0.621s] -- Up-to-date: /root/TEAM_AIM/install/domain_bridge/include/domain_bridge/msg/detail/compressed_msg__type_support.h
[0.621s] -- Up-to-date: /root/TEAM_AIM/install/domain_bridge/include/domain_bridge/msg/detail/compressed_msg__functions.c
[0.621s] -- Up-to-date: /root/TEAM_AIM/install/domain_bridge/include/domain_bridge/msg/detail/compressed_msg__functions.h
[0.621s] -- Up-to-date: /root/TEAM_AIM/install/domain_bridge/include/domain_bridge/msg/detail/compressed_msg__struct.h
[0.621s] -- Up-to-date: /root/TEAM_AIM/install/domain_bridge/share/domain_bridge/environment/library_path.sh
[0.622s] -- Up-to-date: /root/TEAM_AIM/install/domain_bridge/share/domain_bridge/environment/library_path.dsv
[0.622s] -- Up-to-date: /root/TEAM_AIM/install/domain_bridge/lib/libdomain_bridge__rosidl_generator_c.so
[0.622s] -- Up-to-date: /root/TEAM_AIM/install/domain_bridge/include/domain_bridge
[0.622s] -- Up-to-date: /root/TEAM_AIM/install/domain_bridge/include/domain_bridge/msg
[0.622s] -- Up-to-date: /root/TEAM_AIM/install/domain_bridge/include/domain_bridge/msg/rosidl_typesupport_fastrtps_c__visibility_control.h
[0.622s] -- Up-to-date: /root/TEAM_AIM/install/domain_bridge/include/domain_bridge/msg/detail
[0.622s] -- Up-to-date: /root/TEAM_AIM/install/domain_bridge/include/domain_bridge/msg/detail/compressed_msg__rosidl_typesupport_fastrtps_c.h
[0.622s] -- Up-to-date: /root/TEAM_AIM/install/domain_bridge/lib/libdomain_bridge__rosidl_typesupport_fastrtps_c.so
[0.622s] -- Up-to-date: /root/TEAM_AIM/install/domain_bridge/include/domain_bridge
[0.623s] -- Up-to-date: /root/TEAM_AIM/install/domain_bridge/include/domain_bridge/msg
[0.623s] -- Up-to-date: /root/TEAM_AIM/install/domain_bridge/include/domain_bridge/msg/rosidl_typesupport_fastrtps_cpp__visibility_control.h
[0.623s] -- Up-to-date: /root/TEAM_AIM/install/domain_bridge/include/domain_bridge/msg/detail
[0.623s] -- Up-to-date: /root/TEAM_AIM/install/domain_bridge/include/domain_bridge/msg/detail/dds_fastrtps
[0.630s] -- Up-to-date: /root/TEAM_AIM/install/domain_bridge/include/domain_bridge/msg/detail/compressed_msg__rosidl_typesupport_fastrtps_cpp.hpp
[0.630s] -- Up-to-date: /root/TEAM_AIM/install/domain_bridge/lib/libdomain_bridge__rosidl_typesupport_fastrtps_cpp.so
[0.630s] -- Up-to-date: /root/TEAM_AIM/install/domain_bridge/include/domain_bridge
[0.630s] -- Up-to-date: /root/TEAM_AIM/install/domain_bridge/include/domain_bridge/msg
[0.630s] -- Up-to-date: /root/TEAM_AIM/install/domain_bridge/include/domain_bridge/msg/detail
[0.630s] -- Up-to-date: /root/TEAM_AIM/install/domain_bridge/include/domain_bridge/msg/detail/compressed_msg__type_support.c
[0.630s] -- Up-to-date: /root/TEAM_AIM/install/domain_bridge/include/domain_bridge/msg/detail/compressed_msg__rosidl_typesupport_introspection_c.h
[0.630s] -- Up-to-date: /root/TEAM_AIM/install/domain_bridge/include/domain_bridge/msg/rosidl_typesupport_introspection_c__visibility_control.h
[0.630s] -- Up-to-date: /root/TEAM_AIM/install/domain_bridge/lib/libdomain_bridge__rosidl_typesupport_introspection_c.so
[0.630s] -- Up-to-date: /root/TEAM_AIM/install/domain_bridge/lib/libdomain_bridge__rosidl_typesupport_c.so
[0.631s] -- Up-to-date: /root/TEAM_AIM/install/domain_bridge/include/domain_bridge
[0.631s] -- Up-to-date: /root/TEAM_AIM/install/domain_bridge/include/domain_bridge/msg
[0.631s] -- Up-to-date: /root/TEAM_AIM/install/domain_bridge/include/domain_bridge/msg/compressed_msg.hpp
[0.631s] -- Up-to-date: /root/TEAM_AIM/install/domain_bridge/include/domain_bridge/msg/rosidl_generator_cpp__visibility_control.hpp
[0.631s] -- Up-to-date: /root/TEAM_AIM/install/domain_bridge/include/domain_bridge/msg/detail
[0.631s] -- Up-to-date: /root/TEAM_AIM/install/domain_bridge/include/domain_bridge/msg/detail/compressed_msg__builder.hpp
[0.631s] -- Up-to-date: /root/TEAM_AIM/install/domain_bridge/include/domain_bridge/msg/detail/compressed_msg__struct.hpp
[0.631s] -- Up-to-date: /root/TEAM_AIM/install/domain_bridge/include/domain_bridge/msg/detail/compressed_msg__traits.hpp
[0.631s] -- Up-to-date: /root/TEAM_AIM/install/domain_bridge/include/domain_bridge/msg/detail/compressed_msg__type_support.hpp
[0.631s] -- Up-to-date: /root/TEAM_AIM/install/domain_bridge/include/domain_bridge
[0.631s] -- Up-to-date: /root/TEAM_AIM/install/domain_bridge/include/domain_bridge/msg
[0.631s] -- Up-to-date: /root/TEAM_AIM/install/domain_bridge/include/domain_bridge/msg/detail
[0.631s] -- Up-to-date: /root/TEAM_AIM/install/domain_bridge/include/domain_bridge/msg/detail/compressed_msg__type_support.cpp
[0.632s] -- Up-to-date: /root/TEAM_AIM/install/domain_bridge/include/domain_bridge/msg/detail/compressed_msg__rosidl_typesupport_introspection_cpp.hpp
[0.632s] -- Up-to-date: /root/TEAM_AIM/install/domain_bridge/lib/libdomain_bridge__rosidl_typesupport_introspection_cpp.so
[0.632s] -- Up-to-date: /root/TEAM_AIM/install/domain_bridge/lib/libdomain_bridge__rosidl_typesupport_cpp.so
[0.632s] -- Up-to-date: /root/TEAM_AIM/install/domain_bridge/share/domain_bridge/environment/pythonpath.sh
[0.632s] -- Up-to-date: /root/TEAM_AIM/install/domain_bridge/share/domain_bridge/environment/pythonpath.dsv
[0.632s] -- Up-to-date: /root/TEAM_AIM/install/domain_bridge/lib/python3.8/site-packages/domain_bridge/__init__.py
[0.667s] -- Up-to-date: /root/TEAM_AIM/install/domain_bridge/lib/python3.8/site-packages/domain_bridge/msg
[0.668s] -- Up-to-date: /root/TEAM_AIM/install/domain_bridge/lib/python3.8/site-packages/domain_bridge/msg/__init__.py
[0.668s] -- Up-to-date: /root/TEAM_AIM/install/domain_bridge/lib/python3.8/site-packages/domain_bridge/msg/_compressed_msg.py
[0.668s] -- Up-to-date: /root/TEAM_AIM/install/domain_bridge/lib/python3.8/site-packages/domain_bridge/msg/_compressed_msg_s.c
[0.668s] -- Up-to-date: /root/TEAM_AIM/install/domain_bridge/lib/python3.8/site-packages/domain_bridge/domain_bridge_s__rosidl_typesupport_fastrtps_c.cpython-38-x86_64-linux-gnu.so
[0.668s] -- Up-to-date: /root/TEAM_AIM/install/domain_bridge/lib/python3.8/site-packages/domain_bridge/domain_bridge_s__rosidl_typesupport_introspection_c.cpython-38-x86_64-linux-gnu.so
[0.669s] -- Up-to-date: /root/TEAM_AIM/install/domain_bridge/lib/python3.8/site-packages/domain_bridge/domain_bridge_s__rosidl_typesupport_c.cpython-38-x86_64-linux-gnu.so
[0.669s] -- Up-to-date: /root/TEAM_AIM/install/domain_bridge/lib/libdomain_bridge__python.so
[0.669s] -- Up-to-date: /root/TEAM_AIM/install/domain_bridge/share/domain_bridge/msg/CompressedMsg.idl
[0.669s] -- Up-to-date: /root/TEAM_AIM/install/domain_bridge/share/domain_bridge/msg/CompressedMsg.msg
[0.670s] -- Up-to-date: /root/TEAM_AIM/install/domain_bridge/include
[0.670s] -- Up-to-date: /root/TEAM_AIM/install/domain_bridge/include/domain_bridge
[0.670s] -- Up-to-date: /root/TEAM_AIM/install/domain_bridge/include/domain_bridge/topic_bridge_options.hpp
[0.670s] -- Up-to-date: /root/TEAM_AIM/install/domain_bridge/include/domain_bridge/service_bridge_impl.inc
[0.670s] -- Up-to-date: /root/TEAM_AIM/install/domain_bridge/include/domain_bridge/process_cmd_line_arguments.hpp
[0.670s] -- Up-to-date: /root/TEAM_AIM/install/domain_bridge/include/domain_bridge/topic_bridge.hpp
[0.670s] -- Up-to-date: /root/TEAM_AIM/install/domain_bridge/include/domain_bridge/domain_bridge.hpp
[0.670s] -- Up-to-date: /root/TEAM_AIM/install/domain_bridge/include/domain_bridge/domain_bridge_options.hpp
[0.670s] -- Up-to-date: /root/TEAM_AIM/install/domain_bridge/include/domain_bridge/service_bridge_options.hpp
[0.670s] -- Up-to-date: /root/TEAM_AIM/install/domain_bridge/include/domain_bridge/qos_options.hpp
[0.670s] -- Up-to-date: /root/TEAM_AIM/install/domain_bridge/include/domain_bridge/domain_bridge_config.hpp
[0.670s] -- Up-to-date: /root/TEAM_AIM/install/domain_bridge/include/domain_bridge/utils.hpp
[0.671s] -- Up-to-date: /root/TEAM_AIM/install/domain_bridge/include/domain_bridge/visibility_control.hpp
[0.671s] -- Up-to-date: /root/TEAM_AIM/install/domain_bridge/include/domain_bridge/parse_domain_bridge_yaml_config.hpp
[0.671s] -- Up-to-date: /root/TEAM_AIM/install/domain_bridge/include/domain_bridge/compress_messages.hpp
[0.671s] -- Up-to-date: /root/TEAM_AIM/install/domain_bridge/lib/domain_bridge/domain_bridge
[0.672s] -- Up-to-date: /root/TEAM_AIM/install/domain_bridge/lib/libdomain_bridge.so
[0.672s] -- Up-to-date: /root/TEAM_AIM/install/domain_bridge/share/domain_bridge/examples
[0.672s] -- Up-to-date: /root/TEAM_AIM/install/domain_bridge/share/domain_bridge/examples/example_bridge_config.yaml
[0.672s] -- Up-to-date: /root/TEAM_AIM/install/domain_bridge/share/domain_bridge/launch
[0.672s] -- Up-to-date: /root/TEAM_AIM/install/domain_bridge/share/domain_bridge/launch/domain_bridge.launch.xml
[0.672s] -- Up-to-date: /root/TEAM_AIM/install/domain_bridge/share/ament_index/resource_index/package_run_dependencies/domain_bridge
[0.672s] -- Up-to-date: /root/TEAM_AIM/install/domain_bridge/share/ament_index/resource_index/parent_prefix_path/domain_bridge
[0.674s] -- Up-to-date: /root/TEAM_AIM/install/domain_bridge/share/domain_bridge/environment/ament_prefix_path.sh
[0.674s] -- Up-to-date: /root/TEAM_AIM/install/domain_bridge/share/domain_bridge/environment/ament_prefix_path.dsv
[0.674s] -- Up-to-date: /root/TEAM_AIM/install/domain_bridge/share/domain_bridge/environment/path.sh
[0.674s] -- Up-to-date: /root/TEAM_AIM/install/domain_bridge/share/domain_bridge/environment/path.dsv
[0.674s] -- Up-to-date: /root/TEAM_AIM/install/domain_bridge/share/domain_bridge/local_setup.bash
[0.674s] -- Up-to-date: /root/TEAM_AIM/install/domain_bridge/share/domain_bridge/local_setup.sh
[0.675s] -- Up-to-date: /root/TEAM_AIM/install/domain_bridge/share/domain_bridge/local_setup.zsh
[0.675s] -- Up-to-date: /root/TEAM_AIM/install/domain_bridge/share/domain_bridge/local_setup.dsv
[0.675s] -- Installing: /root/TEAM_AIM/install/domain_bridge/share/domain_bridge/package.dsv
[0.675s] -- Up-to-date: /root/TEAM_AIM/install/domain_bridge/share/ament_index/resource_index/packages/domain_bridge
[0.675s] -- Up-to-date: /root/TEAM_AIM/install/domain_bridge/share/domain_bridge/cmake/domain_bridge__rosidl_generator_cExport.cmake
[0.675s] -- Up-to-date: /root/TEAM_AIM/install/domain_bridge/share/domain_bridge/cmake/domain_bridge__rosidl_generator_cExport-noconfig.cmake
[0.675s] -- Up-to-date: /root/TEAM_AIM/install/domain_bridge/share/domain_bridge/cmake/domain_bridge__rosidl_typesupport_introspection_cExport.cmake
[0.675s] -- Up-to-date: /root/TEAM_AIM/install/domain_bridge/share/domain_bridge/cmake/domain_bridge__rosidl_typesupport_introspection_cExport-noconfig.cmake
[0.678s] -- Up-to-date: /root/TEAM_AIM/install/domain_bridge/share/domain_bridge/cmake/domain_bridge__rosidl_typesupport_cExport.cmake
[0.678s] -- Up-to-date: /root/TEAM_AIM/install/domain_bridge/share/domain_bridge/cmake/domain_bridge__rosidl_typesupport_cExport-noconfig.cmake
[0.678s] -- Up-to-date: /root/TEAM_AIM/install/domain_bridge/share/domain_bridge/cmake/domain_bridge__rosidl_generator_cppExport.cmake
[0.678s] -- Up-to-date: /root/TEAM_AIM/install/domain_bridge/share/domain_bridge/cmake/domain_bridge__rosidl_typesupport_introspection_cppExport.cmake
[0.678s] -- Up-to-date: /root/TEAM_AIM/install/domain_bridge/share/domain_bridge/cmake/domain_bridge__rosidl_typesupport_introspection_cppExport-noconfig.cmake
[0.678s] -- Up-to-date: /root/TEAM_AIM/install/domain_bridge/share/domain_bridge/cmake/domain_bridge__rosidl_typesupport_cppExport.cmake
[0.678s] -- Up-to-date: /root/TEAM_AIM/install/domain_bridge/share/domain_bridge/cmake/domain_bridge__rosidl_typesupport_cppExport-noconfig.cmake
[0.679s] -- Up-to-date: /root/TEAM_AIM/install/domain_bridge/share/domain_bridge/cmake/export_domain_bridgeExport.cmake
[0.679s] -- Up-to-date: /root/TEAM_AIM/install/domain_bridge/share/domain_bridge/cmake/export_domain_bridgeExport-noconfig.cmake
[0.679s] -- Up-to-date: /root/TEAM_AIM/install/domain_bridge/share/domain_bridge/cmake/rosidl_cmake-extras.cmake
[0.679s] -- Up-to-date: /root/TEAM_AIM/install/domain_bridge/share/domain_bridge/cmake/ament_cmake_export_dependencies-extras.cmake
[0.680s] -- Up-to-date: /root/TEAM_AIM/install/domain_bridge/share/domain_bridge/cmake/ament_cmake_export_libraries-extras.cmake
[0.680s] -- Up-to-date: /root/TEAM_AIM/install/domain_bridge/share/domain_bridge/cmake/ament_cmake_export_targets-extras.cmake
[0.680s] -- Up-to-date: /root/TEAM_AIM/install/domain_bridge/share/domain_bridge/cmake/ament_cmake_export_include_directories-extras.cmake
[0.680s] -- Up-to-date: /root/TEAM_AIM/install/domain_bridge/share/domain_bridge/cmake/rosidl_cmake_export_typesupport_libraries-extras.cmake
[0.680s] -- Up-to-date: /root/TEAM_AIM/install/domain_bridge/share/domain_bridge/cmake/rosidl_cmake_export_typesupport_targets-extras.cmake
[0.680s] -- Up-to-date: /root/TEAM_AIM/install/domain_bridge/share/domain_bridge/cmake/domain_bridgeConfig.cmake
[0.680s] -- Up-to-date: /root/TEAM_AIM/install/domain_bridge/share/domain_bridge/cmake/domain_bridgeConfig-version.cmake
[0.680s] -- Up-to-date: /root/TEAM_AIM/install/domain_bridge/share/domain_bridge/package.xml
[0.686s] Invoked command in '/root/TEAM_AIM/build/domain_bridge' returned '0': CMAKE_PREFIX_PATH=${CMAKE_PREFIX_PATH}:/opt/ros/foxy /usr/bin/cmake --install /root/TEAM_AIM/build/domain_bridge
