-- The C compiler identification is GNU 9.4.0
-- The CXX compiler identification is GNU 9.4.0
-- Check for working C compiler: /usr/bin/cc
-- Check for working C compiler: /usr/bin/cc -- works
-- Detecting C compiler ABI info
-- Detecting C compiler ABI info - done
-- Detecting C compile features
-- Detecting C compile features - done
-- Check for working CXX compiler: /usr/bin/c++
-- Check for working CXX compiler: /usr/bin/c++ -- works
-- Detecting CXX compiler ABI info
-- Detecting CXX compiler ABI info - done
-- Detecting CXX compile features
-- Detecting CXX compile features - done
-- Found ament_cmake: 0.9.12 (/opt/ros/foxy/share/ament_cmake/cmake)
-- Found PythonInterp: /usr/bin/python3 (found suitable version "3.8.10", minimum required is "3") 
-- Using PYTHON_EXECUTABLE: /usr/bin/python3
-- Found rcl: 1.1.14 (/opt/ros/foxy/share/rcl/cmake)
-- Using all available rosidl_typesupport_c: rosidl_typesupport_fastrtps_c;rosidl_typesupport_introspection_c
-- Found rosidl_adapter: 1.3.1 (/opt/ros/foxy/share/rosidl_adapter/cmake)
-- Found OpenSSL: /usr/lib/x86_64-linux-gnu/libcrypto.so (found version "1.1.1f")  
-- Found FastRTPS: /opt/ros/foxy/include  
-- Using all available rosidl_typesupport_cpp: rosidl_typesupport_fastrtps_cpp;rosidl_typesupport_introspection_cpp
-- Found rmw_implementation_cmake: 1.0.4 (/opt/ros/foxy/share/rmw_implementation_cmake/cmake)
-- Using RMW implementation 'rmw_fastrtps_cpp' as default
-- Looking for pthread.h
-- Looking for pthread.h - found
-- Performing Test CMAKE_HAVE_LIBC_PTHREAD
-- Performing Test CMAKE_HAVE_LIBC_PTHREAD - Failed
-- Looking for pthread_create in pthreads
-- Looking for pthread_create in pthreads - not found
-- Looking for pthread_create in pthread
-- Looking for pthread_create in pthread - found
-- Found Threads: TRUE  
-- Found rclcpp: 2.4.3 (/opt/ros/foxy/share/rclcpp/cmake)
-- Found rosbag2_cpp: 0.3.11 (/opt/ros/foxy/share/rosbag2_cpp/cmake)
-- Setting yaml-cpp_DIR to: '/opt/ros/foxy/share/yaml_cpp_vendor/cmake/../../../opt/yaml_cpp_vendor/lib/cmake/yaml-cpp'
-- Found rosidl_default_generators: 1.0.1 (/opt/ros/foxy/share/rosidl_default_generators/cmake)
-- Found zstd_vendor: 0.3.11 (/opt/ros/foxy/share/zstd_vendor/cmake)
-- Found zstd: /opt/ros/foxy/lib/libzstd.so  
-- Found PythonInterp: /usr/bin/python3 (found version "3.8.10") 
-- Found ament_cmake_ros: 0.9.2 (/opt/ros/foxy/share/ament_cmake_ros/cmake)
-- Using all available rosidl_typesupport_c: rosidl_typesupport_fastrtps_c;rosidl_typesupport_introspection_c
-- Using all available rosidl_typesupport_cpp: rosidl_typesupport_fastrtps_cpp;rosidl_typesupport_introspection_cpp
-- Found PythonInterp: /usr/bin/python3 (found suitable version "3.8.10", minimum required is "3.5") 
-- Found python_cmake_module: 0.8.1 (/opt/ros/foxy/share/python_cmake_module/cmake)
-- Found PythonLibs: /usr/lib/x86_64-linux-gnu/libpython3.8.so (found suitable version "3.8.10", minimum required is "3.5") 
-- Using PYTHON_EXECUTABLE: /usr/bin/python3
-- Using PYTHON_INCLUDE_DIRS: /usr/include/python3.8
-- Using PYTHON_LIBRARIES: /usr/lib/x86_64-linux-gnu/libpython3.8.so
-- Found PythonExtra: .so  
-- Configuring done
-- Generating done
-- Build files have been written to: /root/TEAM_AIM/build/domain_bridge
[35m[1mScanning dependencies of target domain_bridge__cpp[0m
[  2%] [34m[1mGenerating C code for ROS interfaces[0m
[  4%] [34m[1mGenerating C++ code for ROS interfaces[0m
[35m[1mScanning dependencies of target domain_bridge__rosidl_generator_c[0m
[  6%] [32mBuilding C object CMakeFiles/domain_bridge__rosidl_generator_c.dir/rosidl_generator_c/domain_bridge/msg/detail/compressed_msg__functions.c.o[0m
[  6%] Built target domain_bridge__cpp
[  9%] [32m[1mLinking C shared library libdomain_bridge__rosidl_generator_c.so[0m
[ 13%] [34m[1mGenerating C++ introspection for ROS interfaces[0m
[ 13%] [34m[1mGenerating C++ type support dispatch for ROS interfaces[0m
[ 15%] [34m[1mGenerating C++ type support for eProsima Fast-RTPS[0m
[ 15%] Built target domain_bridge__rosidl_generator_c
[ 20%] [34m[1mGenerating C introspection for ROS interfaces[0m
[ 20%] [34m[1mGenerating C type support dispatch for ROS interfaces[0m
[35m[1mScanning dependencies of target domain_bridge__rosidl_typesupport_cpp[0m
[35m[1mScanning dependencies of target domain_bridge__rosidl_typesupport_introspection_cpp[0m
[ 22%] [32mBuilding CXX object CMakeFiles/domain_bridge__rosidl_typesupport_cpp.dir/rosidl_typesupport_cpp/domain_bridge/msg/compressed_msg__type_support.cpp.o[0m
[35m[1mScanning dependencies of target domain_bridge__rosidl_typesupport_fastrtps_cpp[0m
[ 25%] [32mBuilding CXX object CMakeFiles/domain_bridge__rosidl_typesupport_introspection_cpp.dir/rosidl_typesupport_introspection_cpp/domain_bridge/msg/detail/compressed_msg__type_support.cpp.o[0m
[ 27%] [32mBuilding CXX object CMakeFiles/domain_bridge__rosidl_typesupport_fastrtps_cpp.dir/rosidl_typesupport_fastrtps_cpp/domain_bridge/msg/detail/dds_fastrtps/compressed_msg__type_support.cpp.o[0m
[35m[1mScanning dependencies of target domain_bridge__rosidl_typesupport_introspection_c[0m
[35m[1mScanning dependencies of target domain_bridge__rosidl_typesupport_c[0m
[ 29%] [32mBuilding C object CMakeFiles/domain_bridge__rosidl_typesupport_introspection_c.dir/rosidl_typesupport_introspection_c/domain_bridge/msg/detail/compressed_msg__type_support.c.o[0m
[ 31%] [32mBuilding CXX object CMakeFiles/domain_bridge__rosidl_typesupport_c.dir/rosidl_typesupport_c/domain_bridge/msg/compressed_msg__type_support.cpp.o[0m
[ 34%] [32m[1mLinking C shared library libdomain_bridge__rosidl_typesupport_introspection_c.so[0m
[ 36%] [32m[1mLinking CXX shared library libdomain_bridge__rosidl_typesupport_c.so[0m
[ 36%] Built target domain_bridge__rosidl_typesupport_introspection_c
[ 36%] Built target domain_bridge__rosidl_typesupport_c
[ 38%] [32m[1mLinking CXX shared library libdomain_bridge__rosidl_typesupport_cpp.so[0m
[ 38%] Built target domain_bridge__rosidl_typesupport_cpp
[ 40%] [32m[1mLinking CXX shared library libdomain_bridge__rosidl_typesupport_introspection_cpp.so[0m
[ 40%] Built target domain_bridge__rosidl_typesupport_introspection_cpp
[ 43%] [32m[1mLinking CXX shared library libdomain_bridge__rosidl_typesupport_fastrtps_cpp.so[0m
[ 43%] Built target domain_bridge__rosidl_typesupport_fastrtps_cpp
[ 45%] [34m[1mGenerating C type support for eProsima Fast-RTPS[0m
[35m[1mScanning dependencies of target domain_bridge__rosidl_typesupport_fastrtps_c[0m
[ 47%] [32mBuilding CXX object CMakeFiles/domain_bridge__rosidl_typesupport_fastrtps_c.dir/rosidl_typesupport_fastrtps_c/domain_bridge/msg/detail/compressed_msg__type_support_c.cpp.o[0m
[ 50%] [32m[1mLinking CXX shared library libdomain_bridge__rosidl_typesupport_fastrtps_c.so[0m
[ 50%] Built target domain_bridge__rosidl_typesupport_fastrtps_c
[35m[1mScanning dependencies of target domain_bridge[0m
[ 50%] Built target domain_bridge
[35m[1mScanning dependencies of target domain_bridge__py[0m
[35m[1mScanning dependencies of target domain_bridge_lib[0m
[ 52%] [34m[1mGenerating Python code for ROS interfaces[0m
[ 54%] [32mBuilding CXX object CMakeFiles/domain_bridge_lib.dir/src/domain_bridge/compress_messages.cpp.o[0m
[ 59%] [32mBuilding CXX object CMakeFiles/domain_bridge_lib.dir/src/domain_bridge/domain_bridge.cpp.o[0m
[ 61%] [32mBuilding CXX object CMakeFiles/domain_bridge_lib.dir/src/domain_bridge/qos_options.cpp.o[0m
[ 59%] [32mBuilding CXX object CMakeFiles/domain_bridge_lib.dir/src/domain_bridge/parse_domain_bridge_yaml_config.cpp.o[0m
[ 63%] [32mBuilding CXX object CMakeFiles/domain_bridge_lib.dir/src/domain_bridge/domain_bridge_options.cpp.o[0m
[ 65%] [32mBuilding CXX object CMakeFiles/domain_bridge_lib.dir/src/domain_bridge/generic_publisher.cpp.o[0m
[ 68%] [32mBuilding CXX object CMakeFiles/domain_bridge_lib.dir/src/domain_bridge/generic_subscription.cpp.o[0m
[ 70%] [32mBuilding CXX object CMakeFiles/domain_bridge_lib.dir/src/domain_bridge/topic_bridge_options.cpp.o[0m
[ 72%] [32mBuilding CXX object CMakeFiles/domain_bridge_lib.dir/src/domain_bridge/service_bridge_options.cpp.o[0m
[ 75%] [32mBuilding CXX object CMakeFiles/domain_bridge_lib.dir/src/domain_bridge/utils.cpp.o[0m
[ 75%] Built target domain_bridge__py
[35m[1mScanning dependencies of target domain_bridge__python[0m
[ 77%] [32mBuilding C object CMakeFiles/domain_bridge__python.dir/rosidl_generator_py/domain_bridge/msg/_compressed_msg_s.c.o[0m
[ 79%] [32m[1mLinking C shared library rosidl_generator_py/domain_bridge/libdomain_bridge__python.so[0m
[ 79%] Built target domain_bridge__python
[35m[1mScanning dependencies of target domain_bridge__rosidl_typesupport_fastrtps_c__pyext[0m
[35m[1mScanning dependencies of target domain_bridge__rosidl_typesupport_c__pyext[0m
[35m[1mScanning dependencies of target domain_bridge__rosidl_typesupport_introspection_c__pyext[0m
[ 81%] [32mBuilding C object CMakeFiles/domain_bridge__rosidl_typesupport_fastrtps_c__pyext.dir/rosidl_generator_py/domain_bridge/_domain_bridge_s.ep.rosidl_typesupport_fastrtps_c.c.o[0m
[ 84%] [32mBuilding C object CMakeFiles/domain_bridge__rosidl_typesupport_introspection_c__pyext.dir/rosidl_generator_py/domain_bridge/_domain_bridge_s.ep.rosidl_typesupport_introspection_c.c.o[0m
[ 86%] [32mBuilding C object CMakeFiles/domain_bridge__rosidl_typesupport_c__pyext.dir/rosidl_generator_py/domain_bridge/_domain_bridge_s.ep.rosidl_typesupport_c.c.o[0m
[ 88%] [32m[1mLinking C shared library rosidl_generator_py/domain_bridge/domain_bridge_s__rosidl_typesupport_c.cpython-38-x86_64-linux-gnu.so[0m
[ 90%] [32m[1mLinking C shared library rosidl_generator_py/domain_bridge/domain_bridge_s__rosidl_typesupport_introspection_c.cpython-38-x86_64-linux-gnu.so[0m
[ 93%] [32m[1mLinking CXX shared library rosidl_generator_py/domain_bridge/domain_bridge_s__rosidl_typesupport_fastrtps_c.cpython-38-x86_64-linux-gnu.so[0m
[ 93%] Built target domain_bridge__rosidl_typesupport_c__pyext
[ 93%] Built target domain_bridge__rosidl_typesupport_introspection_c__pyext
[ 93%] Built target domain_bridge__rosidl_typesupport_fastrtps_c__pyext
[ 95%] [32m[1mLinking CXX shared library libdomain_bridge.so[0m
[ 95%] Built target domain_bridge_lib
[35m[1mScanning dependencies of target domain_bridge_exec[0m
[ 97%] [32mBuilding CXX object CMakeFiles/domain_bridge_exec.dir/src/domain_bridge.cpp.o[0m
[100%] [32m[1mLinking CXX executable domain_bridge[0m
[100%] Built target domain_bridge_exec
-- Install configuration: ""
-- Installing: /root/TEAM_AIM/install/domain_bridge/share/ament_index/resource_index/rosidl_interfaces/domain_bridge
-- Installing: /root/TEAM_AIM/install/domain_bridge/include/domain_bridge
-- Installing: /root/TEAM_AIM/install/domain_bridge/include/domain_bridge/msg
-- Installing: /root/TEAM_AIM/install/domain_bridge/include/domain_bridge/msg/rosidl_generator_c__visibility_control.h
-- Installing: /root/TEAM_AIM/install/domain_bridge/include/domain_bridge/msg/compressed_msg.h
-- Installing: /root/TEAM_AIM/install/domain_bridge/include/domain_bridge/msg/detail
-- Installing: /root/TEAM_AIM/install/domain_bridge/include/domain_bridge/msg/detail/compressed_msg__type_support.h
-- Installing: /root/TEAM_AIM/install/domain_bridge/include/domain_bridge/msg/detail/compressed_msg__functions.c
-- Installing: /root/TEAM_AIM/install/domain_bridge/include/domain_bridge/msg/detail/compressed_msg__functions.h
-- Installing: /root/TEAM_AIM/install/domain_bridge/include/domain_bridge/msg/detail/compressed_msg__struct.h
-- Installing: /root/TEAM_AIM/install/domain_bridge/share/domain_bridge/environment/library_path.sh
-- Installing: /root/TEAM_AIM/install/domain_bridge/share/domain_bridge/environment/library_path.dsv
-- Installing: /root/TEAM_AIM/install/domain_bridge/lib/libdomain_bridge__rosidl_generator_c.so
-- Set runtime path of "/root/TEAM_AIM/install/domain_bridge/lib/libdomain_bridge__rosidl_generator_c.so" to ""
-- Up-to-date: /root/TEAM_AIM/install/domain_bridge/include/domain_bridge
-- Up-to-date: /root/TEAM_AIM/install/domain_bridge/include/domain_bridge/msg
-- Installing: /root/TEAM_AIM/install/domain_bridge/include/domain_bridge/msg/rosidl_typesupport_fastrtps_c__visibility_control.h
-- Up-to-date: /root/TEAM_AIM/install/domain_bridge/include/domain_bridge/msg/detail
-- Installing: /root/TEAM_AIM/install/domain_bridge/include/domain_bridge/msg/detail/compressed_msg__rosidl_typesupport_fastrtps_c.h
-- Installing: /root/TEAM_AIM/install/domain_bridge/lib/libdomain_bridge__rosidl_typesupport_fastrtps_c.so
-- Set runtime path of "/root/TEAM_AIM/install/domain_bridge/lib/libdomain_bridge__rosidl_typesupport_fastrtps_c.so" to ""
-- Up-to-date: /root/TEAM_AIM/install/domain_bridge/include/domain_bridge
-- Up-to-date: /root/TEAM_AIM/install/domain_bridge/include/domain_bridge/msg
-- Installing: /root/TEAM_AIM/install/domain_bridge/include/domain_bridge/msg/rosidl_typesupport_fastrtps_cpp__visibility_control.h
-- Up-to-date: /root/TEAM_AIM/install/domain_bridge/include/domain_bridge/msg/detail
-- Installing: /root/TEAM_AIM/install/domain_bridge/include/domain_bridge/msg/detail/dds_fastrtps
-- Installing: /root/TEAM_AIM/install/domain_bridge/include/domain_bridge/msg/detail/compressed_msg__rosidl_typesupport_fastrtps_cpp.hpp
-- Installing: /root/TEAM_AIM/install/domain_bridge/lib/libdomain_bridge__rosidl_typesupport_fastrtps_cpp.so
-- Set runtime path of "/root/TEAM_AIM/install/domain_bridge/lib/libdomain_bridge__rosidl_typesupport_fastrtps_cpp.so" to ""
-- Up-to-date: /root/TEAM_AIM/install/domain_bridge/include/domain_bridge
-- Up-to-date: /root/TEAM_AIM/install/domain_bridge/include/domain_bridge/msg
-- Up-to-date: /root/TEAM_AIM/install/domain_bridge/include/domain_bridge/msg/detail
-- Installing: /root/TEAM_AIM/install/domain_bridge/include/domain_bridge/msg/detail/compressed_msg__type_support.c
-- Installing: /root/TEAM_AIM/install/domain_bridge/include/domain_bridge/msg/detail/compressed_msg__rosidl_typesupport_introspection_c.h
-- Installing: /root/TEAM_AIM/install/domain_bridge/include/domain_bridge/msg/rosidl_typesupport_introspection_c__visibility_control.h
-- Installing: /root/TEAM_AIM/install/domain_bridge/lib/libdomain_bridge__rosidl_typesupport_introspection_c.so
-- Set runtime path of "/root/TEAM_AIM/install/domain_bridge/lib/libdomain_bridge__rosidl_typesupport_introspection_c.so" to ""
-- Installing: /root/TEAM_AIM/install/domain_bridge/lib/libdomain_bridge__rosidl_typesupport_c.so
-- Set runtime path of "/root/TEAM_AIM/install/domain_bridge/lib/libdomain_bridge__rosidl_typesupport_c.so" to ""
-- Up-to-date: /root/TEAM_AIM/install/domain_bridge/include/domain_bridge
-- Up-to-date: /root/TEAM_AIM/install/domain_bridge/include/domain_bridge/msg
-- Installing: /root/TEAM_AIM/install/domain_bridge/include/domain_bridge/msg/compressed_msg.hpp
-- Installing: /root/TEAM_AIM/install/domain_bridge/include/domain_bridge/msg/rosidl_generator_cpp__visibility_control.hpp
-- Up-to-date: /root/TEAM_AIM/install/domain_bridge/include/domain_bridge/msg/detail
-- Installing: /root/TEAM_AIM/install/domain_bridge/include/domain_bridge/msg/detail/compressed_msg__builder.hpp
-- Installing: /root/TEAM_AIM/install/domain_bridge/include/domain_bridge/msg/detail/compressed_msg__struct.hpp
-- Installing: /root/TEAM_AIM/install/domain_bridge/include/domain_bridge/msg/detail/compressed_msg__traits.hpp
-- Installing: /root/TEAM_AIM/install/domain_bridge/include/domain_bridge/msg/detail/compressed_msg__type_support.hpp
-- Up-to-date: /root/TEAM_AIM/install/domain_bridge/include/domain_bridge
-- Up-to-date: /root/TEAM_AIM/install/domain_bridge/include/domain_bridge/msg
-- Up-to-date: /root/TEAM_AIM/install/domain_bridge/include/domain_bridge/msg/detail
-- Installing: /root/TEAM_AIM/install/domain_bridge/include/domain_bridge/msg/detail/compressed_msg__type_support.cpp
-- Installing: /root/TEAM_AIM/install/domain_bridge/include/domain_bridge/msg/detail/compressed_msg__rosidl_typesupport_introspection_cpp.hpp
-- Installing: /root/TEAM_AIM/install/domain_bridge/lib/libdomain_bridge__rosidl_typesupport_introspection_cpp.so
-- Set runtime path of "/root/TEAM_AIM/install/domain_bridge/lib/libdomain_bridge__rosidl_typesupport_introspection_cpp.so" to ""
-- Installing: /root/TEAM_AIM/install/domain_bridge/lib/libdomain_bridge__rosidl_typesupport_cpp.so
-- Set runtime path of "/root/TEAM_AIM/install/domain_bridge/lib/libdomain_bridge__rosidl_typesupport_cpp.so" to ""
-- Installing: /root/TEAM_AIM/install/domain_bridge/share/domain_bridge/environment/pythonpath.sh
-- Installing: /root/TEAM_AIM/install/domain_bridge/share/domain_bridge/environment/pythonpath.dsv
-- Installing: /root/TEAM_AIM/install/domain_bridge/lib/python3.8/site-packages/domain_bridge/__init__.py
Compiling '/root/TEAM_AIM/install/domain_bridge/lib/python3.8/site-packages/domain_bridge/__init__.py'...
-- Installing: /root/TEAM_AIM/install/domain_bridge/lib/python3.8/site-packages/domain_bridge/msg
-- Installing: /root/TEAM_AIM/install/domain_bridge/lib/python3.8/site-packages/domain_bridge/msg/__init__.py
-- Installing: /root/TEAM_AIM/install/domain_bridge/lib/python3.8/site-packages/domain_bridge/msg/_compressed_msg.py
-- Installing: /root/TEAM_AIM/install/domain_bridge/lib/python3.8/site-packages/domain_bridge/msg/_compressed_msg_s.c
-- Installing: /root/TEAM_AIM/install/domain_bridge/lib/python3.8/site-packages/domain_bridge/domain_bridge_s__rosidl_typesupport_fastrtps_c.cpython-38-x86_64-linux-gnu.so
-- Set runtime path of "/root/TEAM_AIM/install/domain_bridge/lib/python3.8/site-packages/domain_bridge/domain_bridge_s__rosidl_typesupport_fastrtps_c.cpython-38-x86_64-linux-gnu.so" to ""
-- Installing: /root/TEAM_AIM/install/domain_bridge/lib/python3.8/site-packages/domain_bridge/domain_bridge_s__rosidl_typesupport_introspection_c.cpython-38-x86_64-linux-gnu.so
-- Set runtime path of "/root/TEAM_AIM/install/domain_bridge/lib/python3.8/site-packages/domain_bridge/domain_bridge_s__rosidl_typesupport_introspection_c.cpython-38-x86_64-linux-gnu.so" to ""
-- Installing: /root/TEAM_AIM/install/domain_bridge/lib/python3.8/site-packages/domain_bridge/domain_bridge_s__rosidl_typesupport_c.cpython-38-x86_64-linux-gnu.so
-- Set runtime path of "/root/TEAM_AIM/install/domain_bridge/lib/python3.8/site-packages/domain_bridge/domain_bridge_s__rosidl_typesupport_c.cpython-38-x86_64-linux-gnu.so" to ""
-- Installing: /root/TEAM_AIM/install/domain_bridge/lib/libdomain_bridge__python.so
-- Set runtime path of "/root/TEAM_AIM/install/domain_bridge/lib/libdomain_bridge__python.so" to ""
-- Installing: /root/TEAM_AIM/install/domain_bridge/share/domain_bridge/msg/CompressedMsg.idl
-- Installing: /root/TEAM_AIM/install/domain_bridge/share/domain_bridge/msg/CompressedMsg.msg
-- Up-to-date: /root/TEAM_AIM/install/domain_bridge/include
-- Up-to-date: /root/TEAM_AIM/install/domain_bridge/include/domain_bridge
-- Installing: /root/TEAM_AIM/install/domain_bridge/include/domain_bridge/topic_bridge_options.hpp
-- Installing: /root/TEAM_AIM/install/domain_bridge/include/domain_bridge/service_bridge_impl.inc
-- Installing: /root/TEAM_AIM/install/domain_bridge/include/domain_bridge/process_cmd_line_arguments.hpp
-- Installing: /root/TEAM_AIM/install/domain_bridge/include/domain_bridge/topic_bridge.hpp
-- Installing: /root/TEAM_AIM/install/domain_bridge/include/domain_bridge/domain_bridge.hpp
-- Installing: /root/TEAM_AIM/install/domain_bridge/include/domain_bridge/domain_bridge_options.hpp
-- Installing: /root/TEAM_AIM/install/domain_bridge/include/domain_bridge/service_bridge_options.hpp
-- Installing: /root/TEAM_AIM/install/domain_bridge/include/domain_bridge/qos_options.hpp
-- Installing: /root/TEAM_AIM/install/domain_bridge/include/domain_bridge/domain_bridge_config.hpp
-- Installing: /root/TEAM_AIM/install/domain_bridge/include/domain_bridge/utils.hpp
-- Installing: /root/TEAM_AIM/install/domain_bridge/include/domain_bridge/visibility_control.hpp
-- Installing: /root/TEAM_AIM/install/domain_bridge/include/domain_bridge/parse_domain_bridge_yaml_config.hpp
-- Installing: /root/TEAM_AIM/install/domain_bridge/include/domain_bridge/compress_messages.hpp
-- Installing: /root/TEAM_AIM/install/domain_bridge/lib/domain_bridge/domain_bridge
-- Set runtime path of "/root/TEAM_AIM/install/domain_bridge/lib/domain_bridge/domain_bridge" to ""
-- Installing: /root/TEAM_AIM/install/domain_bridge/lib/libdomain_bridge.so
-- Set runtime path of "/root/TEAM_AIM/install/domain_bridge/lib/libdomain_bridge.so" to ""
-- Installing: /root/TEAM_AIM/install/domain_bridge/share/domain_bridge/examples
-- Installing: /root/TEAM_AIM/install/domain_bridge/share/domain_bridge/examples/example_bridge_config.yaml
-- Installing: /root/TEAM_AIM/install/domain_bridge/share/domain_bridge/launch
-- Installing: /root/TEAM_AIM/install/domain_bridge/share/domain_bridge/launch/domain_bridge.launch.xml
-- Installing: /root/TEAM_AIM/install/domain_bridge/share/ament_index/resource_index/package_run_dependencies/domain_bridge
-- Installing: /root/TEAM_AIM/install/domain_bridge/share/ament_index/resource_index/parent_prefix_path/domain_bridge
-- Installing: /root/TEAM_AIM/install/domain_bridge/share/domain_bridge/environment/ament_prefix_path.sh
-- Installing: /root/TEAM_AIM/install/domain_bridge/share/domain_bridge/environment/ament_prefix_path.dsv
-- Installing: /root/TEAM_AIM/install/domain_bridge/share/domain_bridge/environment/path.sh
-- Installing: /root/TEAM_AIM/install/domain_bridge/share/domain_bridge/environment/path.dsv
-- Installing: /root/TEAM_AIM/install/domain_bridge/share/domain_bridge/local_setup.bash
-- Installing: /root/TEAM_AIM/install/domain_bridge/share/domain_bridge/local_setup.sh
-- Installing: /root/TEAM_AIM/install/domain_bridge/share/domain_bridge/local_setup.zsh
-- Installing: /root/TEAM_AIM/install/domain_bridge/share/domain_bridge/local_setup.dsv
-- Installing: /root/TEAM_AIM/install/domain_bridge/share/domain_bridge/package.dsv
-- Installing: /root/TEAM_AIM/install/domain_bridge/share/ament_index/resource_index/packages/domain_bridge
-- Installing: /root/TEAM_AIM/install/domain_bridge/share/domain_bridge/cmake/domain_bridge__rosidl_generator_cExport.cmake
-- Installing: /root/TEAM_AIM/install/domain_bridge/share/domain_bridge/cmake/domain_bridge__rosidl_generator_cExport-noconfig.cmake
-- Installing: /root/TEAM_AIM/install/domain_bridge/share/domain_bridge/cmake/domain_bridge__rosidl_typesupport_introspection_cExport.cmake
-- Installing: /root/TEAM_AIM/install/domain_bridge/share/domain_bridge/cmake/domain_bridge__rosidl_typesupport_introspection_cExport-noconfig.cmake
-- Installing: /root/TEAM_AIM/install/domain_bridge/share/domain_bridge/cmake/domain_bridge__rosidl_typesupport_cExport.cmake
-- Installing: /root/TEAM_AIM/install/domain_bridge/share/domain_bridge/cmake/domain_bridge__rosidl_typesupport_cExport-noconfig.cmake
-- Installing: /root/TEAM_AIM/install/domain_bridge/share/domain_bridge/cmake/domain_bridge__rosidl_generator_cppExport.cmake
-- Installing: /root/TEAM_AIM/install/domain_bridge/share/domain_bridge/cmake/domain_bridge__rosidl_typesupport_introspection_cppExport.cmake
-- Installing: /root/TEAM_AIM/install/domain_bridge/share/domain_bridge/cmake/domain_bridge__rosidl_typesupport_introspection_cppExport-noconfig.cmake
-- Installing: /root/TEAM_AIM/install/domain_bridge/share/domain_bridge/cmake/domain_bridge__rosidl_typesupport_cppExport.cmake
-- Installing: /root/TEAM_AIM/install/domain_bridge/share/domain_bridge/cmake/domain_bridge__rosidl_typesupport_cppExport-noconfig.cmake
-- Installing: /root/TEAM_AIM/install/domain_bridge/share/domain_bridge/cmake/export_domain_bridgeExport.cmake
-- Installing: /root/TEAM_AIM/install/domain_bridge/share/domain_bridge/cmake/export_domain_bridgeExport-noconfig.cmake
-- Installing: /root/TEAM_AIM/install/domain_bridge/share/domain_bridge/cmake/rosidl_cmake-extras.cmake
-- Installing: /root/TEAM_AIM/install/domain_bridge/share/domain_bridge/cmake/ament_cmake_export_dependencies-extras.cmake
-- Installing: /root/TEAM_AIM/install/domain_bridge/share/domain_bridge/cmake/ament_cmake_export_libraries-extras.cmake
-- Installing: /root/TEAM_AIM/install/domain_bridge/share/domain_bridge/cmake/ament_cmake_export_targets-extras.cmake
-- Installing: /root/TEAM_AIM/install/domain_bridge/share/domain_bridge/cmake/ament_cmake_export_include_directories-extras.cmake
-- Installing: /root/TEAM_AIM/install/domain_bridge/share/domain_bridge/cmake/rosidl_cmake_export_typesupport_libraries-extras.cmake
-- Installing: /root/TEAM_AIM/install/domain_bridge/share/domain_bridge/cmake/rosidl_cmake_export_typesupport_targets-extras.cmake
-- Installing: /root/TEAM_AIM/install/domain_bridge/share/domain_bridge/cmake/domain_bridgeConfig.cmake
-- Installing: /root/TEAM_AIM/install/domain_bridge/share/domain_bridge/cmake/domain_bridgeConfig-version.cmake
-- Installing: /root/TEAM_AIM/install/domain_bridge/share/domain_bridge/package.xml
