-- Found ament_cmake: 0.9.12 (/opt/ros/foxy/share/ament_cmake/cmake)
-- Using PYTHON_EXECUTABLE: /usr/bin/python3
-- Found rclcpp: 2.4.3 (/opt/ros/foxy/share/rclcpp/cmake)
-- Using all available rosidl_typesupport_c: rosidl_typesupport_fastrtps_c;rosidl_typesupport_introspection_c
-- Found rosidl_adapter: 1.3.1 (/opt/ros/foxy/share/rosidl_adapter/cmake)
-- Using all available rosidl_typesupport_cpp: rosidl_typesupport_fastrtps_cpp;rosidl_typesupport_introspection_cpp
-- Found rmw_implementation_cmake: 1.0.4 (/opt/ros/foxy/share/rmw_implementation_cmake/cmake)
-- Using RMW implementation 'rmw_fastrtps_cpp' as default
-- Found geometry_msgs: 2.0.5 (/opt/ros/foxy/share/geometry_msgs/cmake)
-- Found visualization_msgs: 2.0.5 (/opt/ros/foxy/share/visualization_msgs/cmake)
-- Found tf2: 0.13.14 (/opt/ros/foxy/share/tf2/cmake)
-- Found ament_index_cpp: 1.1.0 (/opt/ros/foxy/share/ament_index_cpp/cmake)
-- Configuring done
-- Generating done
-- Build files have been written to: /root/TEAM_AIM/build/mission_3
[35m[1mScanning dependencies of target control_cav_mission_3[0m
[ 50%] Built target control_tower_mission_3
[ 75%] [32mBuilding CXX object CMakeFiles/control_cav_mission_3.dir/src/control_cav_mission_3.cpp.o[0m
[01m[K/root/TEAM_AIM/src/mission_3/src/control_cav_mission_3.cpp:[m[K In function ‘[01m[Kbool isCorner(const std::vector<integrate_path_struct>&, double, int)[m[K’:
[01m[K/root/TEAM_AIM/src/mission_3/src/control_cav_mission_3.cpp:283:12:[m[K [01;35m[Kwarning: [m[Kunused variable ‘[01m[Kdiff_deg[m[K’ [[01;35m[K-Wunused-variable[m[K]
  283 |     double [01;35m[Kdiff_deg[m[K = diff * (180.0 / M_PI);
      |            [01;35m[K^~~~~~~~[m[K
[01m[K/root/TEAM_AIM/src/mission_3/src/control_cav_mission_3.cpp:248:82:[m[K [01;35m[Kwarning: [m[Kunused parameter ‘[01m[KL_d[m[K’ [[01;35m[K-Wunused-parameter[m[K]
  248 | bool isCorner(const vector<integrate_path_struct>& integrate_path_vector, [01;35m[Kdouble L_d[m[K, int closest_idx) {
      |                                                                           [01;35m[K~~~~~~~^~~[m[K
[01m[K/root/TEAM_AIM/src/mission_3/src/control_cav_mission_3.cpp:[m[K In function ‘[01m[Kbool CheckAllFinished(const std::vector<CavState>&)[m[K’:
[01m[K/root/TEAM_AIM/src/mission_3/src/control_cav_mission_3.cpp:309:23:[m[K [01;35m[Kwarning: [m[Kcomparison of integer expressions of different signedness: ‘[01m[Kint[m[K’ and ‘[01m[Kstd::vector<CavState>::size_type[m[K’ {aka ‘[01m[Klong unsigned int[m[K’} [[01;35m[K-Wsign-compare[m[K]
  309 |     for (int i = 0; [01;35m[Ki < cav_list.size()[m[K; ++i) {
      |                     [01;35m[K~~^~~~~~~~~~~~~~~~~[m[K
[01m[K/root/TEAM_AIM/src/mission_3/src/control_cav_mission_3.cpp:315:24:[m[K [01;35m[Kwarning: [m[Kcomparison of integer expressions of different signedness: ‘[01m[Kint[m[K’ and ‘[01m[Kstd::vector<CavState>::size_type[m[K’ {aka ‘[01m[Klong unsigned int[m[K’} [[01;35m[K-Wsign-compare[m[K]
  315 |     if ([01;35m[Kfinished_count == cav_list.size() - 1[m[K) {
      |         [01;35m[K~~~~~~~~~~~~~~~^~~~~~~~~~~~~~~~~~~~~~[m[K
[01m[K/root/TEAM_AIM/src/mission_3/src/control_cav_mission_3.cpp:308:14:[m[K [01;35m[Kwarning: [m[Kvariable ‘[01m[Kcurrent_cav[m[K’ set but not used [[01;35m[K-Wunused-but-set-variable[m[K]
  308 |     CavState [01;35m[Kcurrent_cav[m[K = cav_list[0]; // 임시 변수 선언
      |              [01;35m[K^~~~~~~~~~~[m[K
[100%] [32m[1mLinking CXX executable control_cav_mission_3[0m
[100%] Built target control_cav_mission_3
-- Install configuration: ""
-- Installing: /root/TEAM_AIM/install/mission_3/lib/mission_3/control_cav_mission_3
-- Set runtime path of "/root/TEAM_AIM/install/mission_3/lib/mission_3/control_cav_mission_3" to ""
-- Up-to-date: /root/TEAM_AIM/install/mission_3/lib/mission_3/control_tower_mission_3
-- Up-to-date: /root/TEAM_AIM/install/mission_3/share/mission_3/launch
-- Up-to-date: /root/TEAM_AIM/install/mission_3/share/mission_3/launch/run_mission_3.launch.py
-- Up-to-date: /root/TEAM_AIM/install/mission_3/share/ament_index/resource_index/package_run_dependencies/mission_3
-- Installing: /root/TEAM_AIM/install/mission_3/share/ament_index/resource_index/parent_prefix_path/mission_3
-- Up-to-date: /root/TEAM_AIM/install/mission_3/share/mission_3/environment/ament_prefix_path.sh
-- Installing: /root/TEAM_AIM/install/mission_3/share/mission_3/environment/ament_prefix_path.dsv
-- Up-to-date: /root/TEAM_AIM/install/mission_3/share/mission_3/environment/path.sh
-- Installing: /root/TEAM_AIM/install/mission_3/share/mission_3/environment/path.dsv
-- Up-to-date: /root/TEAM_AIM/install/mission_3/share/mission_3/local_setup.bash
-- Up-to-date: /root/TEAM_AIM/install/mission_3/share/mission_3/local_setup.sh
-- Up-to-date: /root/TEAM_AIM/install/mission_3/share/mission_3/local_setup.zsh
-- Installing: /root/TEAM_AIM/install/mission_3/share/mission_3/local_setup.dsv
-- Installing: /root/TEAM_AIM/install/mission_3/share/mission_3/package.dsv
-- Up-to-date: /root/TEAM_AIM/install/mission_3/share/ament_index/resource_index/packages/mission_3
-- Up-to-date: /root/TEAM_AIM/install/mission_3/share/mission_3/cmake/mission_3Config.cmake
-- Up-to-date: /root/TEAM_AIM/install/mission_3/share/mission_3/cmake/mission_3Config-version.cmake
-- Up-to-date: /root/TEAM_AIM/install/mission_3/share/mission_3/package.xml
