[0.018s] Invoking command in '/root/TEAM_AIM/build/mission_3': CMAKE_PREFIX_PATH=/opt/ros/foxy /usr/bin/cmake /root/TEAM_AIM/src/mission_3 -DBUILD_TESTING=OFF -DCMAKE_INSTALL_PREFIX=/root/TEAM_AIM/install/mission_3
[0.041s] -- Found ament_cmake: 0.9.12 (/opt/ros/foxy/share/ament_cmake/cmake)
[0.063s] -- Using PYTHON_EXECUTABLE: /usr/bin/python3
[0.207s] -- Found rclcpp: 2.4.3 (/opt/ros/foxy/share/rclcpp/cmake)
[0.235s] -- Using all available rosidl_typesupport_c: rosidl_typesupport_fastrtps_c;rosidl_typesupport_introspection_c
[0.238s] -- Found rosidl_adapter: 1.3.1 (/opt/ros/foxy/share/rosidl_adapter/cmake)
[0.373s] -- Using all available rosidl_typesupport_cpp: rosidl_typesupport_fastrtps_cpp;rosidl_typesupport_introspection_cpp
[0.410s] -- Found rmw_implementation_cmake: 1.0.4 (/opt/ros/foxy/share/rmw_implementation_cmake/cmake)
[0.411s] -- Using RMW implementation 'rmw_fastrtps_cpp' as default
[0.530s] -- Found geometry_msgs: 2.0.5 (/opt/ros/foxy/share/geometry_msgs/cmake)
[0.554s] -- Found visualization_msgs: 2.0.5 (/opt/ros/foxy/share/visualization_msgs/cmake)
[0.614s] -- Found tf2: 0.13.14 (/opt/ros/foxy/share/tf2/cmake)
[0.620s] -- Found ament_index_cpp: 1.1.0 (/opt/ros/foxy/share/ament_index_cpp/cmake)
[0.691s] -- Configuring done
[0.704s] -- Generating done
[0.705s] -- Build files have been written to: /root/TEAM_AIM/build/mission_3
[0.717s] Invoked command in '/root/TEAM_AIM/build/mission_3' returned '0': CMAKE_PREFIX_PATH=/opt/ros/foxy /usr/bin/cmake /root/TEAM_AIM/src/mission_3 -DBUILD_TESTING=OFF -DCMAKE_INSTALL_PREFIX=/root/TEAM_AIM/install/mission_3
[0.720s] Invoking command in '/root/TEAM_AIM/build/mission_3': CMAKE_PREFIX_PATH=/opt/ros/foxy /usr/bin/cmake --build /root/TEAM_AIM/build/mission_3 -- -j16 -l16
[0.783s] [35m[1mScanning dependencies of target control_cav_mission_3[0m
[0.809s] [ 50%] Built target control_tower_mission_3
[0.826s] [ 75%] [32mBuilding CXX object CMakeFiles/control_cav_mission_3.dir/src/control_cav_mission_3.cpp.o[0m
[2.439s] [01m[K/root/TEAM_AIM/src/mission_3/src/control_cav_mission_3.cpp:[m[K In function ‘[01m[Kbool isCorner(const std::vector<integrate_path_struct>&, double, int)[m[K’:
[2.439s] [01m[K/root/TEAM_AIM/src/mission_3/src/control_cav_mission_3.cpp:283:12:[m[K [01;35m[Kwarning: [m[Kunused variable ‘[01m[Kdiff_deg[m[K’ [[01;35m[K-Wunused-variable[m[K]
[2.440s]   283 |     double [01;35m[Kdiff_deg[m[K = diff * (180.0 / M_PI);
[2.440s]       |            [01;35m[K^~~~~~~~[m[K
[2.440s] [01m[K/root/TEAM_AIM/src/mission_3/src/control_cav_mission_3.cpp:248:82:[m[K [01;35m[Kwarning: [m[Kunused parameter ‘[01m[KL_d[m[K’ [[01;35m[K-Wunused-parameter[m[K]
[2.440s]   248 | bool isCorner(const vector<integrate_path_struct>& integrate_path_vector, [01;35m[Kdouble L_d[m[K, int closest_idx) {
[2.440s]       |                                                                           [01;35m[K~~~~~~~^~~[m[K
[2.444s] [01m[K/root/TEAM_AIM/src/mission_3/src/control_cav_mission_3.cpp:[m[K In function ‘[01m[Kbool CheckAllFinished(const std::vector<CavState>&)[m[K’:
[2.444s] [01m[K/root/TEAM_AIM/src/mission_3/src/control_cav_mission_3.cpp:309:23:[m[K [01;35m[Kwarning: [m[Kcomparison of integer expressions of different signedness: ‘[01m[Kint[m[K’ and ‘[01m[Kstd::vector<CavState>::size_type[m[K’ {aka ‘[01m[Klong unsigned int[m[K’} [[01;35m[K-Wsign-compare[m[K]
[2.444s]   309 |     for (int i = 0; [01;35m[Ki < cav_list.size()[m[K; ++i) {
[2.444s]       |                     [01;35m[K~~^~~~~~~~~~~~~~~~~[m[K
[2.444s] [01m[K/root/TEAM_AIM/src/mission_3/src/control_cav_mission_3.cpp:315:24:[m[K [01;35m[Kwarning: [m[Kcomparison of integer expressions of different signedness: ‘[01m[Kint[m[K’ and ‘[01m[Kstd::vector<CavState>::size_type[m[K’ {aka ‘[01m[Klong unsigned int[m[K’} [[01;35m[K-Wsign-compare[m[K]
[2.444s]   315 |     if ([01;35m[Kfinished_count == cav_list.size() - 1[m[K) {
[2.444s]       |         [01;35m[K~~~~~~~~~~~~~~~^~~~~~~~~~~~~~~~~~~~~~[m[K
[2.444s] [01m[K/root/TEAM_AIM/src/mission_3/src/control_cav_mission_3.cpp:308:14:[m[K [01;35m[Kwarning: [m[Kvariable ‘[01m[Kcurrent_cav[m[K’ set but not used [[01;35m[K-Wunused-but-set-variable[m[K]
[2.444s]   308 |     CavState [01;35m[Kcurrent_cav[m[K = cav_list[0]; // 임시 변수 선언
[2.444s]       |              [01;35m[K^~~~~~~~~~~[m[K
[7.717s] [100%] [32m[1mLinking CXX executable control_cav_mission_3[0m
[8.085s] [100%] Built target control_cav_mission_3
[8.103s] Invoked command in '/root/TEAM_AIM/build/mission_3' returned '0': CMAKE_PREFIX_PATH=/opt/ros/foxy /usr/bin/cmake --build /root/TEAM_AIM/build/mission_3 -- -j16 -l16
[8.149s] Invoking command in '/root/TEAM_AIM/build/mission_3': CMAKE_PREFIX_PATH=/opt/ros/foxy /usr/bin/cmake --install /root/TEAM_AIM/build/mission_3
[8.164s] -- Install configuration: ""
[8.164s] -- Installing: /root/TEAM_AIM/install/mission_3/lib/mission_3/control_cav_mission_3
[8.169s] -- Set runtime path of "/root/TEAM_AIM/install/mission_3/lib/mission_3/control_cav_mission_3" to ""
[8.170s] -- Up-to-date: /root/TEAM_AIM/install/mission_3/lib/mission_3/control_tower_mission_3
[8.170s] -- Up-to-date: /root/TEAM_AIM/install/mission_3/share/mission_3/launch
[8.170s] -- Up-to-date: /root/TEAM_AIM/install/mission_3/share/mission_3/launch/run_mission_3.launch.py
[8.170s] -- Up-to-date: /root/TEAM_AIM/install/mission_3/share/ament_index/resource_index/package_run_dependencies/mission_3
[8.170s] -- Installing: /root/TEAM_AIM/install/mission_3/share/ament_index/resource_index/parent_prefix_path/mission_3
[8.170s] -- Up-to-date: /root/TEAM_AIM/install/mission_3/share/mission_3/environment/ament_prefix_path.sh
[8.172s] -- Installing: /root/TEAM_AIM/install/mission_3/share/mission_3/environment/ament_prefix_path.dsv
[8.172s] -- Up-to-date: /root/TEAM_AIM/install/mission_3/share/mission_3/environment/path.sh
[8.173s] -- Installing: /root/TEAM_AIM/install/mission_3/share/mission_3/environment/path.dsv
[8.173s] -- Up-to-date: /root/TEAM_AIM/install/mission_3/share/mission_3/local_setup.bash
[8.173s] -- Up-to-date: /root/TEAM_AIM/install/mission_3/share/mission_3/local_setup.sh
[8.173s] -- Up-to-date: /root/TEAM_AIM/install/mission_3/share/mission_3/local_setup.zsh
[8.173s] -- Installing: /root/TEAM_AIM/install/mission_3/share/mission_3/local_setup.dsv
[8.173s] -- Installing: /root/TEAM_AIM/install/mission_3/share/mission_3/package.dsv
[8.173s] -- Up-to-date: /root/TEAM_AIM/install/mission_3/share/ament_index/resource_index/packages/mission_3
[8.173s] -- Up-to-date: /root/TEAM_AIM/install/mission_3/share/mission_3/cmake/mission_3Config.cmake
[8.173s] -- Up-to-date: /root/TEAM_AIM/install/mission_3/share/mission_3/cmake/mission_3Config-version.cmake
[8.173s] -- Up-to-date: /root/TEAM_AIM/install/mission_3/share/mission_3/package.xml
[8.176s] Invoked command in '/root/TEAM_AIM/build/mission_3' returned '0': CMAKE_PREFIX_PATH=/opt/ros/foxy /usr/bin/cmake --install /root/TEAM_AIM/build/mission_3
