[0.045s] Invoking command in '/root/TEAM_AIM/build/domain_bridge': CMAKE_PREFIX_PATH=/opt/ros/foxy /usr/bin/cmake /root/TEAM_AIM/Mobility_Challenge_Simulator/src/domain_bridge -DCMAKE_INSTALL_PREFIX=/root/TEAM_AIM/install/domain_bridge
[0.057s] -- Found ament_cmake: 0.9.12 (/opt/ros/foxy/share/ament_cmake/cmake)
[0.076s] -- Found PythonInterp: /usr/bin/python3 (found suitable version "3.8.10", minimum required is "3") 
[0.076s] -- Using PYTHON_EXECUTABLE: /usr/bin/python3
[0.179s] -- Found rcl: 1.1.14 (/opt/ros/foxy/share/rcl/cmake)
[0.194s] -- Using all available rosidl_typesupport_c: rosidl_typesupport_fastrtps_c;rosidl_typesupport_introspection_c
[0.195s] -- Found rosidl_adapter: 1.3.1 (/opt/ros/foxy/share/rosidl_adapter/cmake)
[0.295s] -- Using all available rosidl_typesupport_cpp: rosidl_typesupport_fastrtps_cpp;rosidl_typesupport_introspection_cpp
[0.327s] -- Found rmw_implementation_cmake: 1.0.4 (/opt/ros/foxy/share/rmw_implementation_cmake/cmake)
[0.327s] -- Using RMW implementation 'rmw_fastrtps_cpp' as default
[0.340s] -- Found rclcpp: 2.4.3 (/opt/ros/foxy/share/rclcpp/cmake)
[0.423s] -- Found rosbag2_cpp: 0.3.11 (/opt/ros/foxy/share/rosbag2_cpp/cmake)
[0.447s] -- Setting yaml-cpp_DIR to: '/opt/ros/foxy/share/yaml_cpp_vendor/cmake/../../../opt/yaml_cpp_vendor/lib/cmake/yaml-cpp'
[0.450s] -- Found rosidl_default_generators: 1.0.1 (/opt/ros/foxy/share/rosidl_default_generators/cmake)
[0.457s] -- Found zstd_vendor: 0.3.11 (/opt/ros/foxy/share/zstd_vendor/cmake)
[0.475s] -- Found PythonInterp: /usr/bin/python3 (found version "3.8.10") 
[0.567s] -- Found ament_cmake_ros: 0.9.2 (/opt/ros/foxy/share/ament_cmake_ros/cmake)
[0.666s] -- Using all available rosidl_typesupport_c: rosidl_typesupport_fastrtps_c;rosidl_typesupport_introspection_c
[0.673s] -- Using all available rosidl_typesupport_cpp: rosidl_typesupport_fastrtps_cpp;rosidl_typesupport_introspection_cpp
[0.691s] -- Found PythonInterp: /usr/bin/python3 (found suitable version "3.8.10", minimum required is "3.5") 
[0.691s] -- Found python_cmake_module: 0.8.1 (/opt/ros/foxy/share/python_cmake_module/cmake)
[0.708s] -- Using PYTHON_EXECUTABLE: /usr/bin/python3
[0.708s] -- Using PYTHON_INCLUDE_DIRS: /usr/include/python3.8
[0.708s] -- Using PYTHON_LIBRARIES: /usr/lib/x86_64-linux-gnu/libpython3.8.so
[0.736s] -- Found ament_lint_auto: 0.9.8 (/opt/ros/foxy/share/ament_lint_auto/cmake)
[0.851s] -- Using PYTHON_EXECUTABLE: /usr/bin/python3
[0.851s] -- Using PYTHON_INCLUDE_DIRS: /usr/include/python3.8
[0.851s] -- Using PYTHON_LIBRARIES: /usr/lib/x86_64-linux-gnu/libpython3.8.so
[1.014s] CMake Error at test/CMakeLists.txt:5 (find_package):
[1.015s]   By not providing "Findtest_msgs.cmake" in CMAKE_MODULE_PATH this project
[1.015s]   has asked CMake to find a package configuration file provided by
[1.015s]   "test_msgs", but CMake did not find one.
[1.015s] 
[1.015s]   Could not find a package configuration file provided by "test_msgs" with
[1.015s]   any of the following names:
[1.015s] 
[1.015s]     test_msgsConfig.cmake
[1.015s]     test_msgs-config.cmake
[1.015s] 
[1.015s]   Add the installation prefix of "test_msgs" to CMAKE_PREFIX_PATH or set
[1.015s]   "test_msgs_DIR" to a directory containing one of the above files.  If
[1.015s]   "test_msgs" provides a separate development package or SDK, be sure it has
[1.015s]   been installed.
[1.015s] 
[1.015s] 
[1.018s] -- Configuring incomplete, errors occurred!
[1.018s] See also "/root/TEAM_AIM/build/domain_bridge/CMakeFiles/CMakeOutput.log".
[1.019s] See also "/root/TEAM_AIM/build/domain_bridge/CMakeFiles/CMakeError.log".
