[0.039s] Invoking command in '/root/TEAM_AIM/build/simulator_launch': CMAKE_PREFIX_PATH=${CMAKE_PREFIX_PATH}:/opt/ros/foxy /usr/bin/cmake /root/TEAM_AIM/Mobility_Challenge_Simulator/src/simulator_launch -DBUILD_TESTING=OFF -DCMAKE_INSTALL_PREFIX=/root/TEAM_AIM/install/simulator_launch
[0.109s] -- The C compiler identification is GNU 9.4.0
[0.163s] -- The CXX compiler identification is GNU 9.4.0
[0.166s] -- Check for working C compiler: /usr/bin/cc
[0.241s] -- Check for working C compiler: /usr/bin/cc -- works
[0.241s] -- Detecting C compiler ABI info
[0.314s] -- Detecting C compiler ABI info - done
[0.321s] -- Detecting C compile features
[0.321s] -- Detecting C compile features - done
[0.323s] -- Check for working CXX compiler: /usr/bin/c++
[0.412s] -- Check for working CXX compiler: /usr/bin/c++ -- works
[0.413s] -- Detecting CXX compiler ABI info
[0.490s] -- Detecting CXX compiler ABI info - done
[0.497s] -- Detecting CXX compile features
[0.497s] -- Detecting CXX compile features - done
[0.500s] -- Found ament_cmake: 0.9.12 (/opt/ros/foxy/share/ament_cmake/cmake)
[0.518s] -- Found PythonInterp: /usr/bin/python3 (found suitable version "3.8.10", minimum required is "3") 
[0.518s] -- Using PYTHON_EXECUTABLE: /usr/bin/python3
[0.682s] -- Configuring done
[0.682s] -- Generating done
[0.682s] -- Build files have been written to: /root/TEAM_AIM/build/simulator_launch
[0.686s] Invoked command in '/root/TEAM_AIM/build/simulator_launch' returned '0': CMAKE_PREFIX_PATH=${CMAKE_PREFIX_PATH}:/opt/ros/foxy /usr/bin/cmake /root/TEAM_AIM/Mobility_Challenge_Simulator/src/simulator_launch -DBUILD_TESTING=OFF -DCMAKE_INSTALL_PREFIX=/root/TEAM_AIM/install/simulator_launch
[0.690s] Invoking command in '/root/TEAM_AIM/build/simulator_launch': CMAKE_PREFIX_PATH=${CMAKE_PREFIX_PATH}:/opt/ros/foxy /usr/bin/cmake --build /root/TEAM_AIM/build/simulator_launch -- -j16 -l16
[0.730s] Invoked command in '/root/TEAM_AIM/build/simulator_launch' returned '0': CMAKE_PREFIX_PATH=${CMAKE_PREFIX_PATH}:/opt/ros/foxy /usr/bin/cmake --build /root/TEAM_AIM/build/simulator_launch -- -j16 -l16
[0.765s] Invoking command in '/root/TEAM_AIM/build/simulator_launch': CMAKE_PREFIX_PATH=${CMAKE_PREFIX_PATH}:/opt/ros/foxy /usr/bin/cmake --install /root/TEAM_AIM/build/simulator_launch
[0.774s] -- Install configuration: ""
[0.774s] -- Installing: /root/TEAM_AIM/install/simulator_launch/share/simulator_launch/launch
[0.774s] -- Installing: /root/TEAM_AIM/install/simulator_launch/share/simulator_launch/launch/simulator_launch.py
[0.774s] -- Installing: /root/TEAM_AIM/install/simulator_launch/share/ament_index/resource_index/package_run_dependencies/simulator_launch
[0.775s] -- Installing: /root/TEAM_AIM/install/simulator_launch/share/ament_index/resource_index/parent_prefix_path/simulator_launch
[0.775s] -- Installing: /root/TEAM_AIM/install/simulator_launch/share/simulator_launch/environment/ament_prefix_path.sh
[0.775s] -- Installing: /root/TEAM_AIM/install/simulator_launch/share/simulator_launch/environment/ament_prefix_path.dsv
[0.775s] -- Installing: /root/TEAM_AIM/install/simulator_launch/share/simulator_launch/environment/path.sh
[0.775s] -- Installing: /root/TEAM_AIM/install/simulator_launch/share/simulator_launch/environment/path.dsv
[0.775s] -- Installing: /root/TEAM_AIM/install/simulator_launch/share/simulator_launch/local_setup.bash
[0.775s] -- Installing: /root/TEAM_AIM/install/simulator_launch/share/simulator_launch/local_setup.sh
[0.776s] -- Installing: /root/TEAM_AIM/install/simulator_launch/share/simulator_launch/local_setup.zsh
[0.776s] -- Installing: /root/TEAM_AIM/install/simulator_launch/share/simulator_launch/local_setup.dsv
[0.776s] -- Installing: /root/TEAM_AIM/install/simulator_launch/share/simulator_launch/package.dsv
[0.776s] -- Installing: /root/TEAM_AIM/install/simulator_launch/share/ament_index/resource_index/packages/simulator_launch
[0.776s] -- Installing: /root/TEAM_AIM/install/simulator_launch/share/simulator_launch/cmake/simulator_launchConfig.cmake
[0.776s] -- Installing: /root/TEAM_AIM/install/simulator_launch/share/simulator_launch/cmake/simulator_launchConfig-version.cmake
[0.777s] -- Installing: /root/TEAM_AIM/install/simulator_launch/share/simulator_launch/package.xml
[0.780s] Invoked command in '/root/TEAM_AIM/build/simulator_launch' returned '0': CMAKE_PREFIX_PATH=${CMAKE_PREFIX_PATH}:/opt/ros/foxy /usr/bin/cmake --install /root/TEAM_AIM/build/simulator_launch
