-- Found ament_cmake: 0.9.12 (/opt/ros/foxy/share/ament_cmake/cmake)
-- Using PYTHON_EXECUTABLE: /usr/bin/python3
-- Found rclcpp: 2.4.3 (/opt/ros/foxy/share/rclcpp/cmake)
-- Using all available rosidl_typesupport_c: rosidl_typesupport_fastrtps_c;rosidl_typesupport_introspection_c
-- Found rosidl_adapter: 1.3.1 (/opt/ros/foxy/share/rosidl_adapter/cmake)
-- Using all available rosidl_typesupport_cpp: rosidl_typesupport_fastrtps_cpp;rosidl_typesupport_introspection_cpp
-- Found rmw_implementation_cmake: 1.0.4 (/opt/ros/foxy/share/rmw_implementation_cmake/cmake)
-- Using RMW implementation 'rmw_fastrtps_cpp' as default
-- Found geometry_msgs: 2.0.5 (/opt/ros/foxy/share/geometry_msgs/cmake)
-- Found domain_bridge: 0.4.0 (/root/TEAM_AIM/install/domain_bridge/share/domain_bridge/cmake)
-- Setting yaml-cpp_DIR to: '/opt/ros/foxy/share/yaml_cpp_vendor/cmake/../../../opt/yaml_cpp_vendor/lib/cmake/yaml-cpp'
-- Found scene_srv: 0.0.0 (/root/TEAM_AIM/install/scene_srv/share/scene_srv/cmake)
-- Configuring done
-- Generating done
-- Build files have been written to: /root/TEAM_AIM/build/communication_manager
[100%] Built target pose_sharing_handler
-- Install configuration: ""
-- Up-to-date: /root/TEAM_AIM/install/communication_manager/lib/communication_manager/pose_sharing_handler
-- Up-to-date: /root/TEAM_AIM/install/communication_manager/share/ament_index/resource_index/package_run_dependencies/communication_manager
-- Up-to-date: /root/TEAM_AIM/install/communication_manager/share/ament_index/resource_index/parent_prefix_path/communication_manager
-- Up-to-date: /root/TEAM_AIM/install/communication_manager/share/communication_manager/environment/ament_prefix_path.sh
-- Installing: /root/TEAM_AIM/install/communication_manager/share/communication_manager/environment/ament_prefix_path.dsv
-- Up-to-date: /root/TEAM_AIM/install/communication_manager/share/communication_manager/environment/path.sh
-- Installing: /root/TEAM_AIM/install/communication_manager/share/communication_manager/environment/path.dsv
-- Up-to-date: /root/TEAM_AIM/install/communication_manager/share/communication_manager/local_setup.bash
-- Up-to-date: /root/TEAM_AIM/install/communication_manager/share/communication_manager/local_setup.sh
-- Up-to-date: /root/TEAM_AIM/install/communication_manager/share/communication_manager/local_setup.zsh
-- Installing: /root/TEAM_AIM/install/communication_manager/share/communication_manager/local_setup.dsv
-- Installing: /root/TEAM_AIM/install/communication_manager/share/communication_manager/package.dsv
-- Up-to-date: /root/TEAM_AIM/install/communication_manager/share/ament_index/resource_index/packages/communication_manager
-- Up-to-date: /root/TEAM_AIM/install/communication_manager/share/communication_manager/cmake/ament_cmake_export_dependencies-extras.cmake
-- Up-to-date: /root/TEAM_AIM/install/communication_manager/share/communication_manager/cmake/communication_managerConfig.cmake
-- Up-to-date: /root/TEAM_AIM/install/communication_manager/share/communication_manager/cmake/communication_managerConfig-version.cmake
-- Up-to-date: /root/TEAM_AIM/install/communication_manager/share/communication_manager/package.xml
