[0.016s] Invoking command in '/root/TEAM_AIM/build/communication_manager': CMAKE_PREFIX_PATH=/root/TEAM_AIM/install/scene_srv:/root/TEAM_AIM/install/domain_bridge:/root/TEAM_AIM/install/simulator_launch:/root/TEAM_AIM/install/simulator:/root/TEAM_AIM/install/hv_handler:/root/TEAM_AIM/install/communication_manager:/root/TEAM_AIM/install/mission_3:/root/TEAM_AIM/install/mission_2:/opt/ros/foxy /usr/bin/cmake /root/TEAM_AIM/Mobility_Challenge_Simulator/src/communication_manager -DCMAKE_INSTALL_PREFIX=/root/TEAM_AIM/install/communication_manager
[0.034s] -- Found ament_cmake: 0.9.12 (/opt/ros/foxy/share/ament_cmake/cmake)
[0.056s] -- Using PYTHON_EXECUTABLE: /usr/bin/python3
[0.162s] -- Found rclcpp: 2.4.3 (/opt/ros/foxy/share/rclcpp/cmake)
[0.188s] -- Using all available rosidl_typesupport_c: rosidl_typesupport_fastrtps_c;rosidl_typesupport_introspection_c
[0.190s] -- Found rosidl_adapter: 1.3.1 (/opt/ros/foxy/share/rosidl_adapter/cmake)
[0.310s] -- Using all available rosidl_typesupport_cpp: rosidl_typesupport_fastrtps_cpp;rosidl_typesupport_introspection_cpp
[0.340s] -- Found rmw_implementation_cmake: 1.0.4 (/opt/ros/foxy/share/rmw_implementation_cmake/cmake)
[0.341s] -- Using RMW implementation 'rmw_fastrtps_cpp' as default
[0.432s] -- Found geometry_msgs: 2.0.5 (/opt/ros/foxy/share/geometry_msgs/cmake)
[0.452s] -- Found domain_bridge: 0.4.0 (/root/TEAM_AIM/install/domain_bridge/share/domain_bridge/cmake)
[0.489s] -- Setting yaml-cpp_DIR to: '/opt/ros/foxy/share/yaml_cpp_vendor/cmake/../../../opt/yaml_cpp_vendor/lib/cmake/yaml-cpp'
[0.504s] -- Found scene_srv: 0.0.0 (/root/TEAM_AIM/install/scene_srv/share/scene_srv/cmake)
[0.555s] -- Configuring done
[0.564s] -- Generating done
[0.565s] -- Build files have been written to: /root/TEAM_AIM/build/communication_manager
[0.575s] Invoked command in '/root/TEAM_AIM/build/communication_manager' returned '0': CMAKE_PREFIX_PATH=/root/TEAM_AIM/install/scene_srv:/root/TEAM_AIM/install/domain_bridge:/root/TEAM_AIM/install/simulator_launch:/root/TEAM_AIM/install/simulator:/root/TEAM_AIM/install/hv_handler:/root/TEAM_AIM/install/communication_manager:/root/TEAM_AIM/install/mission_3:/root/TEAM_AIM/install/mission_2:/opt/ros/foxy /usr/bin/cmake /root/TEAM_AIM/Mobility_Challenge_Simulator/src/communication_manager -DCMAKE_INSTALL_PREFIX=/root/TEAM_AIM/install/communication_manager
[0.576s] Invoking command in '/root/TEAM_AIM/build/communication_manager': CMAKE_PREFIX_PATH=/root/TEAM_AIM/install/scene_srv:/root/TEAM_AIM/install/domain_bridge:/root/TEAM_AIM/install/simulator_launch:/root/TEAM_AIM/install/simulator:/root/TEAM_AIM/install/hv_handler:/root/TEAM_AIM/install/communication_manager:/root/TEAM_AIM/install/mission_3:/root/TEAM_AIM/install/mission_2:/opt/ros/foxy /usr/bin/cmake --build /root/TEAM_AIM/build/communication_manager -- -j16 -l16
[0.644s] [100%] Built target pose_sharing_handler
[0.655s] Invoked command in '/root/TEAM_AIM/build/communication_manager' returned '0': CMAKE_PREFIX_PATH=/root/TEAM_AIM/install/scene_srv:/root/TEAM_AIM/install/domain_bridge:/root/TEAM_AIM/install/simulator_launch:/root/TEAM_AIM/install/simulator:/root/TEAM_AIM/install/hv_handler:/root/TEAM_AIM/install/communication_manager:/root/TEAM_AIM/install/mission_3:/root/TEAM_AIM/install/mission_2:/opt/ros/foxy /usr/bin/cmake --build /root/TEAM_AIM/build/communication_manager -- -j16 -l16
[0.686s] Invoking command in '/root/TEAM_AIM/build/communication_manager': CMAKE_PREFIX_PATH=/root/TEAM_AIM/install/scene_srv:/root/TEAM_AIM/install/domain_bridge:/root/TEAM_AIM/install/simulator_launch:/root/TEAM_AIM/install/simulator:/root/TEAM_AIM/install/hv_handler:/root/TEAM_AIM/install/communication_manager:/root/TEAM_AIM/install/mission_3:/root/TEAM_AIM/install/mission_2:/opt/ros/foxy /usr/bin/cmake --install /root/TEAM_AIM/build/communication_manager
[0.695s] -- Install configuration: ""
[0.695s] -- Up-to-date: /root/TEAM_AIM/install/communication_manager/lib/communication_manager/pose_sharing_handler
[0.695s] -- Up-to-date: /root/TEAM_AIM/install/communication_manager/share/ament_index/resource_index/package_run_dependencies/communication_manager
[0.695s] -- Up-to-date: /root/TEAM_AIM/install/communication_manager/share/ament_index/resource_index/parent_prefix_path/communication_manager
[0.695s] -- Up-to-date: /root/TEAM_AIM/install/communication_manager/share/communication_manager/environment/ament_prefix_path.sh
[0.695s] -- Installing: /root/TEAM_AIM/install/communication_manager/share/communication_manager/environment/ament_prefix_path.dsv
[0.695s] -- Up-to-date: /root/TEAM_AIM/install/communication_manager/share/communication_manager/environment/path.sh
[0.696s] -- Installing: /root/TEAM_AIM/install/communication_manager/share/communication_manager/environment/path.dsv
[0.696s] -- Up-to-date: /root/TEAM_AIM/install/communication_manager/share/communication_manager/local_setup.bash
[0.696s] -- Up-to-date: /root/TEAM_AIM/install/communication_manager/share/communication_manager/local_setup.sh
[0.696s] -- Up-to-date: /root/TEAM_AIM/install/communication_manager/share/communication_manager/local_setup.zsh
[0.696s] -- Installing: /root/TEAM_AIM/install/communication_manager/share/communication_manager/local_setup.dsv
[0.696s] -- Installing: /root/TEAM_AIM/install/communication_manager/share/communication_manager/package.dsv
[0.696s] -- Up-to-date: /root/TEAM_AIM/install/communication_manager/share/ament_index/resource_index/packages/communication_manager
[0.696s] -- Up-to-date: /root/TEAM_AIM/install/communication_manager/share/communication_manager/cmake/ament_cmake_export_dependencies-extras.cmake
[0.696s] -- Up-to-date: /root/TEAM_AIM/install/communication_manager/share/communication_manager/cmake/communication_managerConfig.cmake
[0.696s] -- Up-to-date: /root/TEAM_AIM/install/communication_manager/share/communication_manager/cmake/communication_managerConfig-version.cmake
[0.696s] -- Up-to-date: /root/TEAM_AIM/install/communication_manager/share/communication_manager/package.xml
[0.700s] Invoked command in '/root/TEAM_AIM/build/communication_manager' returned '0': CMAKE_PREFIX_PATH=/root/TEAM_AIM/install/scene_srv:/root/TEAM_AIM/install/domain_bridge:/root/TEAM_AIM/install/simulator_launch:/root/TEAM_AIM/install/simulator:/root/TEAM_AIM/install/hv_handler:/root/TEAM_AIM/install/communication_manager:/root/TEAM_AIM/install/mission_3:/root/TEAM_AIM/install/mission_2:/opt/ros/foxy /usr/bin/cmake --install /root/TEAM_AIM/build/communication_manager
