[0.077s] Invoking command in '/root/TEAM_AIM/build/mission_2': CMAKE_PREFIX_PATH=/opt/ros/foxy /usr/bin/cmake /root/TEAM_AIM/src/mission_2 -DCMAKE_INSTALL_PREFIX=/root/TEAM_AIM/install/mission_2
[0.104s] -- Found ament_cmake: 0.9.12 (/opt/ros/foxy/share/ament_cmake/cmake)
[0.140s] -- Using PYTHON_EXECUTABLE: /usr/bin/python3
[0.430s] -- Found rclcpp: 2.4.3 (/opt/ros/foxy/share/rclcpp/cmake)
[0.489s] -- Using all available rosidl_typesupport_c: rosidl_typesupport_fastrtps_c;rosidl_typesupport_introspection_c
[0.494s] -- Found rosidl_adapter: 1.3.1 (/opt/ros/foxy/share/rosidl_adapter/cmake)
[0.776s] -- Using all available rosidl_typesupport_cpp: rosidl_typesupport_fastrtps_cpp;rosidl_typesupport_introspection_cpp
[0.863s] -- Found rmw_implementation_cmake: 1.0.4 (/opt/ros/foxy/share/rmw_implementation_cmake/cmake)
[0.863s] -- Using RMW implementation 'rmw_fastrtps_cpp' as default
[1.077s] -- Found geometry_msgs: 2.0.5 (/opt/ros/foxy/share/geometry_msgs/cmake)
[1.136s] -- Found visualization_msgs: 2.0.5 (/opt/ros/foxy/share/visualization_msgs/cmake)
[1.248s] -- Found tf2: 0.13.14 (/opt/ros/foxy/share/tf2/cmake)
[1.261s] -- Found ament_index_cpp: 1.1.0 (/opt/ros/foxy/share/ament_index_cpp/cmake)
[1.365s] -- Configuring done
[1.379s] -- Generating done
[1.382s] -- Build files have been written to: /root/TEAM_AIM/build/mission_2
[1.399s] Invoked command in '/root/TEAM_AIM/build/mission_2' returned '0': CMAKE_PREFIX_PATH=/opt/ros/foxy /usr/bin/cmake /root/TEAM_AIM/src/mission_2 -DCMAKE_INSTALL_PREFIX=/root/TEAM_AIM/install/mission_2
[1.400s] Invoking command in '/root/TEAM_AIM/build/mission_2': CMAKE_PREFIX_PATH=/opt/ros/foxy /usr/bin/cmake --build /root/TEAM_AIM/build/mission_2 -- -j16 -l16
[1.539s] [100%] Built target control_cav_mission_2
[1.569s] Invoked command in '/root/TEAM_AIM/build/mission_2' returned '0': CMAKE_PREFIX_PATH=/opt/ros/foxy /usr/bin/cmake --build /root/TEAM_AIM/build/mission_2 -- -j16 -l16
[1.636s] Invoking command in '/root/TEAM_AIM/build/mission_2': CMAKE_PREFIX_PATH=/opt/ros/foxy /usr/bin/cmake --install /root/TEAM_AIM/build/mission_2
[1.664s] -- Install configuration: ""
[1.664s] -- Up-to-date: /root/TEAM_AIM/install/mission_2/lib/mission_2/control_cav_mission_2
[1.665s] -- Up-to-date: /root/TEAM_AIM/install/mission_2/share/ament_index/resource_index/package_run_dependencies/mission_2
[1.665s] -- Up-to-date: /root/TEAM_AIM/install/mission_2/share/ament_index/resource_index/parent_prefix_path/mission_2
[1.666s] -- Up-to-date: /root/TEAM_AIM/install/mission_2/share/mission_2/environment/ament_prefix_path.sh
[1.666s] -- Installing: /root/TEAM_AIM/install/mission_2/share/mission_2/environment/ament_prefix_path.dsv
[1.666s] -- Up-to-date: /root/TEAM_AIM/install/mission_2/share/mission_2/environment/path.sh
[1.666s] -- Installing: /root/TEAM_AIM/install/mission_2/share/mission_2/environment/path.dsv
[1.666s] -- Up-to-date: /root/TEAM_AIM/install/mission_2/share/mission_2/local_setup.bash
[1.667s] -- Up-to-date: /root/TEAM_AIM/install/mission_2/share/mission_2/local_setup.sh
[1.667s] -- Up-to-date: /root/TEAM_AIM/install/mission_2/share/mission_2/local_setup.zsh
[1.667s] -- Installing: /root/TEAM_AIM/install/mission_2/share/mission_2/local_setup.dsv
[1.667s] -- Installing: /root/TEAM_AIM/install/mission_2/share/mission_2/package.dsv
[1.668s] -- Up-to-date: /root/TEAM_AIM/install/mission_2/share/ament_index/resource_index/packages/mission_2
[1.668s] -- Up-to-date: /root/TEAM_AIM/install/mission_2/share/mission_2/cmake/mission_2Config.cmake
[1.668s] -- Up-to-date: /root/TEAM_AIM/install/mission_2/share/mission_2/cmake/mission_2Config-version.cmake
[1.668s] -- Up-to-date: /root/TEAM_AIM/install/mission_2/share/mission_2/package.xml
[1.678s] Invoked command in '/root/TEAM_AIM/build/mission_2' returned '0': CMAKE_PREFIX_PATH=/opt/ros/foxy /usr/bin/cmake --install /root/TEAM_AIM/build/mission_2
