[0.044s] Invoking command in '/root/TEAM_AIM/build/mission_2': CMAKE_PREFIX_PATH=${CMAKE_PREFIX_PATH}:/opt/ros/foxy /usr/bin/cmake /root/TEAM_AIM/src/mission_2 -DCMAKE_INSTALL_PREFIX=/root/TEAM_AIM/install/mission_2
[0.061s] -- Found ament_cmake: 0.9.12 (/opt/ros/foxy/share/ament_cmake/cmake)
[0.076s] -- Using PYTHON_EXECUTABLE: /usr/bin/python3
[0.197s] -- Found rclcpp: 2.4.3 (/opt/ros/foxy/share/rclcpp/cmake)
[0.218s] -- Using all available rosidl_typesupport_c: rosidl_typesupport_fastrtps_c;rosidl_typesupport_introspection_c
[0.224s] -- Found rosidl_adapter: 1.3.1 (/opt/ros/foxy/share/rosidl_adapter/cmake)
[0.335s] -- Using all available rosidl_typesupport_cpp: rosidl_typesupport_fastrtps_cpp;rosidl_typesupport_introspection_cpp
[0.360s] -- Found rmw_implementation_cmake: 1.0.4 (/opt/ros/foxy/share/rmw_implementation_cmake/cmake)
[0.361s] -- Using RMW implementation 'rmw_fastrtps_cpp' as default
[0.448s] -- Found geometry_msgs: 2.0.5 (/opt/ros/foxy/share/geometry_msgs/cmake)
[0.469s] -- Found visualization_msgs: 2.0.5 (/opt/ros/foxy/share/visualization_msgs/cmake)
[0.512s] -- Found tf2: 0.13.14 (/opt/ros/foxy/share/tf2/cmake)
[0.518s] -- Found ament_index_cpp: 1.1.0 (/opt/ros/foxy/share/ament_index_cpp/cmake)
[0.569s] -- Configuring done
[0.576s] -- Generating done
[0.577s] -- Build files have been written to: /root/TEAM_AIM/build/mission_2
[0.583s] Invoked command in '/root/TEAM_AIM/build/mission_2' returned '0': CMAKE_PREFIX_PATH=${CMAKE_PREFIX_PATH}:/opt/ros/foxy /usr/bin/cmake /root/TEAM_AIM/src/mission_2 -DCMAKE_INSTALL_PREFIX=/root/TEAM_AIM/install/mission_2
[0.591s] Invoking command in '/root/TEAM_AIM/build/mission_2': CMAKE_PREFIX_PATH=${CMAKE_PREFIX_PATH}:/opt/ros/foxy /usr/bin/cmake --build /root/TEAM_AIM/build/mission_2 -- -j16 -l16
[0.644s] [35m[1mScanning dependencies of target control_cav_mission_2[0m
[0.678s] [ 50%] [32mBuilding CXX object CMakeFiles/control_cav_mission_2.dir/src/control_cav_mission_2.cpp.o[0m
[1.726s] [01m[K/root/TEAM_AIM/src/mission_2/src/control_cav_mission_2.cpp:[m[K In function ‘[01m[Kvoid change_csv_state(int, int, std::shared_ptr<rclcpp::Node>)[m[K’:
[1.726s] [01m[K/root/TEAM_AIM/src/mission_2/src/control_cav_mission_2.cpp:582:27:[m[K [01;35m[Kwarning: [m[Kunused parameter ‘[01m[Kcav_id[m[K’ [[01;35m[K-Wunused-parameter[m[K]
[1.727s]   582 | void change_csv_state([01;35m[Kint cav_id[m[K, int new_lane, std::shared_ptr<rclcpp::Node> node) {
[1.727s]       |                       [01;35m[K~~~~^~~~~~[m[K
[1.770s] [01m[K/root/TEAM_AIM/src/mission_2/src/control_cav_mission_2.cpp:[m[K In lambda function:
[1.771s] [01m[K/root/TEAM_AIM/src/mission_2/src/control_cav_mission_2.cpp:952:20:[m[K [01;35m[Kwarning: [m[Kvariable ‘[01m[Klane_start_distance[m[K’ set but not used [[01;35m[K-Wunused-but-set-variable[m[K]
[1.771s]   952 |             double [01;35m[Klane_start_distance[m[K = 1e10;
[1.771s]       |                    [01;35m[K^~~~~~~~~~~~~~~~~~~[m[K
[6.052s] [100%] [32m[1mLinking CXX executable control_cav_mission_2[0m
[6.292s] [100%] Built target control_cav_mission_2
[6.305s] Invoked command in '/root/TEAM_AIM/build/mission_2' returned '0': CMAKE_PREFIX_PATH=${CMAKE_PREFIX_PATH}:/opt/ros/foxy /usr/bin/cmake --build /root/TEAM_AIM/build/mission_2 -- -j16 -l16
[6.334s] Invoking command in '/root/TEAM_AIM/build/mission_2': CMAKE_PREFIX_PATH=${CMAKE_PREFIX_PATH}:/opt/ros/foxy /usr/bin/cmake --install /root/TEAM_AIM/build/mission_2
[6.343s] -- Install configuration: ""
[6.343s] -- Installing: /root/TEAM_AIM/install/mission_2/lib/mission_2/control_cav_mission_2
[6.348s] -- Set runtime path of "/root/TEAM_AIM/install/mission_2/lib/mission_2/control_cav_mission_2" to ""
[6.348s] -- Up-to-date: /root/TEAM_AIM/install/mission_2/share/mission_2/launch
[6.348s] -- Up-to-date: /root/TEAM_AIM/install/mission_2/share/mission_2/launch/mission_2.launch.py
[6.348s] -- Up-to-date: /root/TEAM_AIM/install/mission_2/share/ament_index/resource_index/package_run_dependencies/mission_2
[6.348s] -- Installing: /root/TEAM_AIM/install/mission_2/share/ament_index/resource_index/parent_prefix_path/mission_2
[6.348s] -- Up-to-date: /root/TEAM_AIM/install/mission_2/share/mission_2/environment/ament_prefix_path.sh
[6.348s] -- Installing: /root/TEAM_AIM/install/mission_2/share/mission_2/environment/ament_prefix_path.dsv
[6.348s] -- Up-to-date: /root/TEAM_AIM/install/mission_2/share/mission_2/environment/path.sh
[6.348s] -- Installing: /root/TEAM_AIM/install/mission_2/share/mission_2/environment/path.dsv
[6.348s] -- Up-to-date: /root/TEAM_AIM/install/mission_2/share/mission_2/local_setup.bash
[6.348s] -- Up-to-date: /root/TEAM_AIM/install/mission_2/share/mission_2/local_setup.sh
[6.348s] -- Up-to-date: /root/TEAM_AIM/install/mission_2/share/mission_2/local_setup.zsh
[6.348s] -- Installing: /root/TEAM_AIM/install/mission_2/share/mission_2/local_setup.dsv
[6.348s] -- Installing: /root/TEAM_AIM/install/mission_2/share/mission_2/package.dsv
[6.349s] -- Up-to-date: /root/TEAM_AIM/install/mission_2/share/ament_index/resource_index/packages/mission_2
[6.349s] -- Up-to-date: /root/TEAM_AIM/install/mission_2/share/mission_2/cmake/mission_2Config.cmake
[6.349s] -- Up-to-date: /root/TEAM_AIM/install/mission_2/share/mission_2/cmake/mission_2Config-version.cmake
[6.349s] -- Up-to-date: /root/TEAM_AIM/install/mission_2/share/mission_2/package.xml
[6.353s] Invoked command in '/root/TEAM_AIM/build/mission_2' returned '0': CMAKE_PREFIX_PATH=${CMAKE_PREFIX_PATH}:/opt/ros/foxy /usr/bin/cmake --install /root/TEAM_AIM/build/mission_2
