[0.016s] Invoking command in '/root/TEAM_AIM/build/communication_manager': CMAKE_PREFIX_PATH=/root/TEAM_AIM/install/scene_srv:/root/TEAM_AIM/install/domain_bridge:/root/TEAM_AIM/install/simulator_launch:/root/TEAM_AIM/install/simulator:/root/TEAM_AIM/install/hv_handler:/root/TEAM_AIM/install/communication_manager:/root/TEAM_AIM/install/mission_3:/root/TEAM_AIM/install/mission_2:/opt/ros/foxy /usr/bin/cmake --build /root/TEAM_AIM/build/communication_manager -- -j16 -l16
[0.086s] [100%] Built target pose_sharing_handler
[0.101s] Invoked command in '/root/TEAM_AIM/build/communication_manager' returned '0': CMAKE_PREFIX_PATH=/root/TEAM_AIM/install/scene_srv:/root/TEAM_AIM/install/domain_bridge:/root/TEAM_AIM/install/simulator_launch:/root/TEAM_AIM/install/simulator:/root/TEAM_AIM/install/hv_handler:/root/TEAM_AIM/install/communication_manager:/root/TEAM_AIM/install/mission_3:/root/TEAM_AIM/install/mission_2:/opt/ros/foxy /usr/bin/cmake --build /root/TEAM_AIM/build/communication_manager -- -j16 -l16
[0.144s] Invoking command in '/root/TEAM_AIM/build/communication_manager': CMAKE_PREFIX_PATH=/root/TEAM_AIM/install/scene_srv:/root/TEAM_AIM/install/domain_bridge:/root/TEAM_AIM/install/simulator_launch:/root/TEAM_AIM/install/simulator:/root/TEAM_AIM/install/hv_handler:/root/TEAM_AIM/install/communication_manager:/root/TEAM_AIM/install/mission_3:/root/TEAM_AIM/install/mission_2:/opt/ros/foxy /usr/bin/cmake --install /root/TEAM_AIM/build/communication_manager
[0.153s] -- Install configuration: ""
[0.154s] -- Up-to-date: /root/TEAM_AIM/install/communication_manager/lib/communication_manager/pose_sharing_handler
[0.154s] -- Up-to-date: /root/TEAM_AIM/install/communication_manager/share/ament_index/resource_index/package_run_dependencies/communication_manager
[0.154s] -- Up-to-date: /root/TEAM_AIM/install/communication_manager/share/ament_index/resource_index/parent_prefix_path/communication_manager
[0.154s] -- Up-to-date: /root/TEAM_AIM/install/communication_manager/share/communication_manager/environment/ament_prefix_path.sh
[0.154s] -- Up-to-date: /root/TEAM_AIM/install/communication_manager/share/communication_manager/environment/ament_prefix_path.dsv
[0.154s] -- Up-to-date: /root/TEAM_AIM/install/communication_manager/share/communication_manager/environment/path.sh
[0.154s] -- Up-to-date: /root/TEAM_AIM/install/communication_manager/share/communication_manager/environment/path.dsv
[0.154s] -- Up-to-date: /root/TEAM_AIM/install/communication_manager/share/communication_manager/local_setup.bash
[0.155s] -- Up-to-date: /root/TEAM_AIM/install/communication_manager/share/communication_manager/local_setup.sh
[0.155s] -- Up-to-date: /root/TEAM_AIM/install/communication_manager/share/communication_manager/local_setup.zsh
[0.155s] -- Up-to-date: /root/TEAM_AIM/install/communication_manager/share/communication_manager/local_setup.dsv
[0.155s] -- Up-to-date: /root/TEAM_AIM/install/communication_manager/share/communication_manager/package.dsv
[0.155s] -- Up-to-date: /root/TEAM_AIM/install/communication_manager/share/ament_index/resource_index/packages/communication_manager
[0.155s] -- Up-to-date: /root/TEAM_AIM/install/communication_manager/share/communication_manager/cmake/ament_cmake_export_dependencies-extras.cmake
[0.155s] -- Up-to-date: /root/TEAM_AIM/install/communication_manager/share/communication_manager/cmake/communication_managerConfig.cmake
[0.155s] -- Up-to-date: /root/TEAM_AIM/install/communication_manager/share/communication_manager/cmake/communication_managerConfig-version.cmake
[0.155s] -- Up-to-date: /root/TEAM_AIM/install/communication_manager/share/communication_manager/package.xml
[0.159s] Invoked command in '/root/TEAM_AIM/build/communication_manager' returned '0': CMAKE_PREFIX_PATH=/root/TEAM_AIM/install/scene_srv:/root/TEAM_AIM/install/domain_bridge:/root/TEAM_AIM/install/simulator_launch:/root/TEAM_AIM/install/simulator:/root/TEAM_AIM/install/hv_handler:/root/TEAM_AIM/install/communication_manager:/root/TEAM_AIM/install/mission_3:/root/TEAM_AIM/install/mission_2:/opt/ros/foxy /usr/bin/cmake --install /root/TEAM_AIM/build/communication_manager
