[01m[K/root/TEAM_AIM/src/mission_3/src/control_cav_mission_3.cpp:[m[K In function ‘[01m[Kbool isCorner(const std::vector<integrate_path_struct>&, double, int)[m[K’:
[01m[K/root/TEAM_AIM/src/mission_3/src/control_cav_mission_3.cpp:282:12:[m[K [01;35m[Kwarning: [m[Kunused variable ‘[01m[Kdiff_deg[m[K’ [[01;35m[K-Wunused-variable[m[K]
  282 |     double [01;35m[Kdiff_deg[m[K = diff * (180.0 / M_PI);
      |            [01;35m[K^~~~~~~~[m[K
[01m[K/root/TEAM_AIM/src/mission_3/src/control_cav_mission_3.cpp:247:82:[m[K [01;35m[Kwarning: [m[Kunused parameter ‘[01m[KL_d[m[K’ [[01;35m[K-Wunused-parameter[m[K]
  247 | bool isCorner(const vector<integrate_path_struct>& integrate_path_vector, [01;35m[Kdouble L_d[m[K, int closest_idx) {
      |                                                                           [01;35m[K~~~~~~~^~~[m[K
[01m[K/root/TEAM_AIM/src/mission_3/src/control_cav_mission_3.cpp:[m[K In function ‘[01m[Kbool CheckAllFinished(const std::vector<CavState>&)[m[K’:
[01m[K/root/TEAM_AIM/src/mission_3/src/control_cav_mission_3.cpp:308:23:[m[K [01;35m[Kwarning: [m[Kcomparison of integer expressions of different signedness: ‘[01m[Kint[m[K’ and ‘[01m[Kstd::vector<CavState>::size_type[m[K’ {aka ‘[01m[Klong unsigned int[m[K’} [[01;35m[K-Wsign-compare[m[K]
  308 |     for (int i = 0; [01;35m[Ki < cav_list.size()[m[K; ++i) {
      |                     [01;35m[K~~^~~~~~~~~~~~~~~~~[m[K
[01m[K/root/TEAM_AIM/src/mission_3/src/control_cav_mission_3.cpp:314:24:[m[K [01;35m[Kwarning: [m[Kcomparison of integer expressions of different signedness: ‘[01m[Kint[m[K’ and ‘[01m[Kstd::vector<CavState>::size_type[m[K’ {aka ‘[01m[Klong unsigned int[m[K’} [[01;35m[K-Wsign-compare[m[K]
  314 |     if ([01;35m[Kfinished_count == cav_list.size() - 1[m[K) {
      |         [01;35m[K~~~~~~~~~~~~~~~^~~~~~~~~~~~~~~~~~~~~~[m[K
[01m[K/root/TEAM_AIM/src/mission_3/src/control_cav_mission_3.cpp:307:14:[m[K [01;35m[Kwarning: [m[Kvariable ‘[01m[Kcurrent_cav[m[K’ set but not used [[01;35m[K-Wunused-but-set-variable[m[K]
  307 |     CavState [01;35m[Kcurrent_cav[m[K = cav_list[0]; // 임시 변수 선언
      |              [01;35m[K^~~~~~~~~~~[m[K
[01m[K/root/TEAM_AIM/src/mission_3/src/control_cav_mission_3.cpp:[m[K In function ‘[01m[Kint main(int, char**)[m[K’:
[01m[K/root/TEAM_AIM/src/mission_3/src/control_cav_mission_3.cpp:429:26:[m[K [01;31m[Kerror: [m[K‘[01m[Kament_index_cpp[m[K’ has not been declared
  429 |     std::string prefix = [01;31m[Kament_index_cpp[m[K::get_package_prefix("mission_3");
      |                          [01;31m[K^~~~~~~~~~~~~~~[m[K
make[2]: *** [CMakeFiles/control_cav_mission_3.dir/build.make:63: CMakeFiles/control_cav_mission_3.dir/src/control_cav_mission_3.cpp.o] Error 1
make[1]: *** [CMakeFiles/Makefile2:107: CMakeFiles/control_cav_mission_3.dir/all] Error 2
make: *** [Makefile:141: all] Error 2
