[0.056s] Invoking command in '/root/TEAM_AIM/build/domain_bridge': CMAKE_PREFIX_PATH=/opt/ros/foxy /usr/bin/cmake /root/TEAM_AIM/Mobility_Challenge_Simulator/src/domain_bridge -DCMAKE_INSTALL_PREFIX=/root/TEAM_AIM/install/domain_bridge
[0.073s] -- Found ament_cmake: 0.9.12 (/opt/ros/foxy/share/ament_cmake/cmake)
[0.104s] -- Found PythonInterp: /usr/bin/python3 (found suitable version "3.8.10", minimum required is "3") 
[0.105s] -- Using PYTHON_EXECUTABLE: /usr/bin/python3
[0.313s] -- Found rcl: 1.1.14 (/opt/ros/foxy/share/rcl/cmake)
[0.345s] -- Using all available rosidl_typesupport_c: rosidl_typesupport_fastrtps_c;rosidl_typesupport_introspection_c
[0.348s] -- Found rosidl_adapter: 1.3.1 (/opt/ros/foxy/share/rosidl_adapter/cmake)
[0.534s] -- Using all available rosidl_typesupport_cpp: rosidl_typesupport_fastrtps_cpp;rosidl_typesupport_introspection_cpp
[0.590s] -- Found rmw_implementation_cmake: 1.0.4 (/opt/ros/foxy/share/rmw_implementation_cmake/cmake)
[0.592s] -- Using RMW implementation 'rmw_fastrtps_cpp' as default
[0.610s] -- Found rclcpp: 2.4.3 (/opt/ros/foxy/share/rclcpp/cmake)
[0.736s] -- Found rosbag2_cpp: 0.3.11 (/opt/ros/foxy/share/rosbag2_cpp/cmake)
[0.769s] -- Setting yaml-cpp_DIR to: '/opt/ros/foxy/share/yaml_cpp_vendor/cmake/../../../opt/yaml_cpp_vendor/lib/cmake/yaml-cpp'
[0.772s] -- Found rosidl_default_generators: 1.0.1 (/opt/ros/foxy/share/rosidl_default_generators/cmake)
[0.779s] -- Found zstd_vendor: 0.3.11 (/opt/ros/foxy/share/zstd_vendor/cmake)
[0.816s] -- Found PythonInterp: /usr/bin/python3 (found version "3.8.10") 
[0.976s] -- Found ament_cmake_ros: 0.9.2 (/opt/ros/foxy/share/ament_cmake_ros/cmake)
[1.139s] -- Using all available rosidl_typesupport_c: rosidl_typesupport_fastrtps_c;rosidl_typesupport_introspection_c
[1.146s] -- Using all available rosidl_typesupport_cpp: rosidl_typesupport_fastrtps_cpp;rosidl_typesupport_introspection_cpp
[1.171s] -- Found PythonInterp: /usr/bin/python3 (found suitable version "3.8.10", minimum required is "3.5") 
[1.171s] -- Found python_cmake_module: 0.8.1 (/opt/ros/foxy/share/python_cmake_module/cmake)
[1.195s] -- Using PYTHON_EXECUTABLE: /usr/bin/python3
[1.195s] -- Using PYTHON_INCLUDE_DIRS: /usr/include/python3.8
[1.196s] -- Using PYTHON_LIBRARIES: /usr/lib/x86_64-linux-gnu/libpython3.8.so
[1.237s] -- Found ament_lint_auto: 0.9.8 (/opt/ros/foxy/share/ament_lint_auto/cmake)
[1.417s] -- Using PYTHON_EXECUTABLE: /usr/bin/python3
[1.417s] -- Using PYTHON_INCLUDE_DIRS: /usr/include/python3.8
[1.417s] -- Using PYTHON_LIBRARIES: /usr/lib/x86_64-linux-gnu/libpython3.8.so
[1.781s] CMake Error at test/CMakeLists.txt:5 (find_package):
[1.781s]   By not providing "Findtest_msgs.cmake" in CMAKE_MODULE_PATH this project
[1.781s]   has asked CMake to find a package configuration file provided by
[1.781s]   "test_msgs", but CMake did not find one.
[1.781s] 
[1.781s]   Could not find a package configuration file provided by "test_msgs" with
[1.782s]   any of the following names:
[1.782s] 
[1.782s]     test_msgsConfig.cmake
[1.782s]     test_msgs-config.cmake
[1.782s] 
[1.782s]   Add the installation prefix of "test_msgs" to CMAKE_PREFIX_PATH or set
[1.782s]   "test_msgs_DIR" to a directory containing one of the above files.  If
[1.783s]   "test_msgs" provides a separate development package or SDK, be sure it has
[1.783s]   been installed.
[1.783s] 
[1.783s] 
[1.795s] -- Configuring incomplete, errors occurred!
[1.795s] See also "/root/TEAM_AIM/build/domain_bridge/CMakeFiles/CMakeOutput.log".
[1.795s] See also "/root/TEAM_AIM/build/domain_bridge/CMakeFiles/CMakeError.log".
[1.817s] Invoked command in '/root/TEAM_AIM/build/domain_bridge' returned '1': CMAKE_PREFIX_PATH=/opt/ros/foxy /usr/bin/cmake /root/TEAM_AIM/Mobility_Challenge_Simulator/src/domain_bridge -DCMAKE_INSTALL_PREFIX=/root/TEAM_AIM/install/domain_bridge
