[0.187s] DEBUG:colcon:Command line arguments: ['/usr/bin/colcon', 'build']
[0.188s] DEBUG:colcon:Parsed command line arguments: Namespace(ament_cmake_args=None, base_paths=['.'], build_base='build', catkin_cmake_args=None, catkin_skip_building_tests=False, cmake_args=None, cmake_clean_cache=False, cmake_clean_first=False, cmake_force_configure=False, cmake_target=None, cmake_target_skip_unavailable=False, continue_on_error=False, event_handlers=None, executor='parallel', ignore_user_meta=False, install_base='install', log_base=None, log_level=None, main=<bound method BuildVerb.main of <colcon_core.verb.build.BuildVerb object at 0x76aeeb4c4fd0>>, merge_install=False, metas=['./colcon.meta'], mixin=None, mixin_files=None, mixin_verb=('build',), packages_above=None, packages_above_and_dependencies=None, packages_above_depth=None, packages_end=None, packages_ignore=None, packages_ignore_regex=None, packages_select=None, packages_select_build_failed=False, packages_select_by_dep=None, packages_select_regex=None, packages_select_test_failures=False, packages_skip=None, packages_skip_build_finished=False, packages_skip_by_dep=None, packages_skip_regex=None, packages_skip_test_passed=False, packages_skip_up_to=None, packages_start=None, packages_up_to=None, packages_up_to_regex=None, parallel_workers=16, paths=None, symlink_install=False, test_result_base=None, verb_extension=<colcon_core.verb.build.BuildVerb object at 0x76aeeb4c4fd0>, verb_name='build', verb_parser=<colcon_mixin.mixin.mixin_argument.MixinArgumentDecorator object at 0x76aeeb44f520>)
[0.204s] Level 1:colcon.colcon_core.package_discovery:discover_packages(colcon_meta) check parameters
[0.204s] INFO:colcon.colcon_metadata.package_discovery.colcon_meta:Using configuration from '/root/.colcon/metadata/default/Gazebo.meta'
[0.204s] INFO:colcon.colcon_metadata.package_discovery.colcon_meta:Using configuration from '/root/.colcon/metadata/default/fastdds.meta'
[0.205s] INFO:colcon.colcon_metadata.package_discovery.colcon_meta:Using configuration from '/root/.colcon/metadata/default/fastrtps.meta'
[0.205s] Level 1:colcon.colcon_core.package_discovery:discover_packages(recursive) check parameters
[0.205s] Level 1:colcon.colcon_core.package_discovery:discover_packages(ignore) check parameters
[0.205s] Level 1:colcon.colcon_core.package_discovery:discover_packages(path) check parameters
[0.205s] Level 1:colcon.colcon_core.package_discovery:discover_packages(colcon_meta) discover
[0.205s] Level 1:colcon.colcon_core.package_discovery:discover_packages(recursive) discover
[0.205s] INFO:colcon.colcon_core.package_discovery:Crawling recursively for packages in '/root/TEAM_AIM'
[0.205s] Level 1:colcon.colcon_core.package_identification:_identify(.) by extensions ['ignore', 'ignore_ament_install']
[0.205s] Level 1:colcon.colcon_core.package_identification:_identify(.) by extension 'ignore'
[0.205s] Level 1:colcon.colcon_core.package_identification:_identify(.) by extension 'ignore_ament_install'
[0.205s] Level 1:colcon.colcon_core.package_identification:_identify(.) by extensions ['colcon_pkg']
[0.205s] Level 1:colcon.colcon_core.package_identification:_identify(.) by extension 'colcon_pkg'
[0.205s] Level 1:colcon.colcon_core.package_identification:_identify(.) by extensions ['colcon_meta']
[0.205s] Level 1:colcon.colcon_core.package_identification:_identify(.) by extension 'colcon_meta'
[0.205s] Level 1:colcon.colcon_core.package_identification:_identify(.) by extensions ['ros']
[0.205s] Level 1:colcon.colcon_core.package_identification:_identify(.) by extension 'ros'
[0.217s] Level 1:colcon.colcon_core.package_identification:_identify(.) by extensions ['cmake', 'python']
[0.217s] Level 1:colcon.colcon_core.package_identification:_identify(.) by extension 'cmake'
[0.217s] Level 1:colcon.colcon_core.package_identification:_identify(.) by extension 'python'
[0.217s] Level 1:colcon.colcon_core.package_identification:_identify(.) by extensions ['python_setup_py']
[0.217s] Level 1:colcon.colcon_core.package_identification:_identify(.) by extension 'python_setup_py'
[0.217s] Level 1:colcon.colcon_core.package_identification:_identify(Mobility_Challenge_Simulator) by extensions ['ignore', 'ignore_ament_install']
[0.217s] Level 1:colcon.colcon_core.package_identification:_identify(Mobility_Challenge_Simulator) by extension 'ignore'
[0.217s] Level 1:colcon.colcon_core.package_identification:_identify(Mobility_Challenge_Simulator) by extension 'ignore_ament_install'
[0.217s] Level 1:colcon.colcon_core.package_identification:_identify(Mobility_Challenge_Simulator) by extensions ['colcon_pkg']
[0.217s] Level 1:colcon.colcon_core.package_identification:_identify(Mobility_Challenge_Simulator) by extension 'colcon_pkg'
[0.217s] Level 1:colcon.colcon_core.package_identification:_identify(Mobility_Challenge_Simulator) by extensions ['colcon_meta']
[0.217s] Level 1:colcon.colcon_core.package_identification:_identify(Mobility_Challenge_Simulator) by extension 'colcon_meta'
[0.217s] Level 1:colcon.colcon_core.package_identification:_identify(Mobility_Challenge_Simulator) by extensions ['ros']
[0.218s] Level 1:colcon.colcon_core.package_identification:_identify(Mobility_Challenge_Simulator) by extension 'ros'
[0.218s] Level 1:colcon.colcon_core.package_identification:_identify(Mobility_Challenge_Simulator) by extensions ['cmake', 'python']
[0.218s] Level 1:colcon.colcon_core.package_identification:_identify(Mobility_Challenge_Simulator) by extension 'cmake'
[0.218s] Level 1:colcon.colcon_core.package_identification:_identify(Mobility_Challenge_Simulator) by extension 'python'
[0.218s] Level 1:colcon.colcon_core.package_identification:_identify(Mobility_Challenge_Simulator) by extensions ['python_setup_py']
[0.218s] Level 1:colcon.colcon_core.package_identification:_identify(Mobility_Challenge_Simulator) by extension 'python_setup_py'
[0.218s] Level 1:colcon.colcon_core.package_identification:_identify(Mobility_Challenge_Simulator/build) by extensions ['ignore', 'ignore_ament_install']
[0.218s] Level 1:colcon.colcon_core.package_identification:_identify(Mobility_Challenge_Simulator/build) by extension 'ignore'
[0.218s] Level 1:colcon.colcon_core.package_identification:_identify(Mobility_Challenge_Simulator/build) ignored
[0.218s] Level 1:colcon.colcon_core.package_identification:_identify(Mobility_Challenge_Simulator/images) by extensions ['ignore', 'ignore_ament_install']
[0.218s] Level 1:colcon.colcon_core.package_identification:_identify(Mobility_Challenge_Simulator/images) by extension 'ignore'
[0.218s] Level 1:colcon.colcon_core.package_identification:_identify(Mobility_Challenge_Simulator/images) by extension 'ignore_ament_install'
[0.218s] Level 1:colcon.colcon_core.package_identification:_identify(Mobility_Challenge_Simulator/images) by extensions ['colcon_pkg']
[0.218s] Level 1:colcon.colcon_core.package_identification:_identify(Mobility_Challenge_Simulator/images) by extension 'colcon_pkg'
[0.218s] Level 1:colcon.colcon_core.package_identification:_identify(Mobility_Challenge_Simulator/images) by extensions ['colcon_meta']
[0.218s] Level 1:colcon.colcon_core.package_identification:_identify(Mobility_Challenge_Simulator/images) by extension 'colcon_meta'
[0.218s] Level 1:colcon.colcon_core.package_identification:_identify(Mobility_Challenge_Simulator/images) by extensions ['ros']
[0.218s] Level 1:colcon.colcon_core.package_identification:_identify(Mobility_Challenge_Simulator/images) by extension 'ros'
[0.218s] Level 1:colcon.colcon_core.package_identification:_identify(Mobility_Challenge_Simulator/images) by extensions ['cmake', 'python']
[0.218s] Level 1:colcon.colcon_core.package_identification:_identify(Mobility_Challenge_Simulator/images) by extension 'cmake'
[0.218s] Level 1:colcon.colcon_core.package_identification:_identify(Mobility_Challenge_Simulator/images) by extension 'python'
[0.218s] Level 1:colcon.colcon_core.package_identification:_identify(Mobility_Challenge_Simulator/images) by extensions ['python_setup_py']
[0.218s] Level 1:colcon.colcon_core.package_identification:_identify(Mobility_Challenge_Simulator/images) by extension 'python_setup_py'
[0.218s] Level 1:colcon.colcon_core.package_identification:_identify(Mobility_Challenge_Simulator/install) by extensions ['ignore', 'ignore_ament_install']
[0.218s] Level 1:colcon.colcon_core.package_identification:_identify(Mobility_Challenge_Simulator/install) by extension 'ignore'
[0.218s] Level 1:colcon.colcon_core.package_identification:_identify(Mobility_Challenge_Simulator/install) ignored
[0.218s] Level 1:colcon.colcon_core.package_identification:_identify(Mobility_Challenge_Simulator/log) by extensions ['ignore', 'ignore_ament_install']
[0.218s] Level 1:colcon.colcon_core.package_identification:_identify(Mobility_Challenge_Simulator/log) by extension 'ignore'
[0.218s] Level 1:colcon.colcon_core.package_identification:_identify(Mobility_Challenge_Simulator/log) ignored
[0.218s] Level 1:colcon.colcon_core.package_identification:_identify(Mobility_Challenge_Simulator/src) by extensions ['ignore', 'ignore_ament_install']
[0.218s] Level 1:colcon.colcon_core.package_identification:_identify(Mobility_Challenge_Simulator/src) by extension 'ignore'
[0.218s] Level 1:colcon.colcon_core.package_identification:_identify(Mobility_Challenge_Simulator/src) by extension 'ignore_ament_install'
[0.218s] Level 1:colcon.colcon_core.package_identification:_identify(Mobility_Challenge_Simulator/src) by extensions ['colcon_pkg']
[0.218s] Level 1:colcon.colcon_core.package_identification:_identify(Mobility_Challenge_Simulator/src) by extension 'colcon_pkg'
[0.218s] Level 1:colcon.colcon_core.package_identification:_identify(Mobility_Challenge_Simulator/src) by extensions ['colcon_meta']
[0.218s] Level 1:colcon.colcon_core.package_identification:_identify(Mobility_Challenge_Simulator/src) by extension 'colcon_meta'
[0.218s] Level 1:colcon.colcon_core.package_identification:_identify(Mobility_Challenge_Simulator/src) by extensions ['ros']
[0.218s] Level 1:colcon.colcon_core.package_identification:_identify(Mobility_Challenge_Simulator/src) by extension 'ros'
[0.218s] Level 1:colcon.colcon_core.package_identification:_identify(Mobility_Challenge_Simulator/src) by extensions ['cmake', 'python']
[0.219s] Level 1:colcon.colcon_core.package_identification:_identify(Mobility_Challenge_Simulator/src) by extension 'cmake'
[0.219s] Level 1:colcon.colcon_core.package_identification:_identify(Mobility_Challenge_Simulator/src) by extension 'python'
[0.219s] Level 1:colcon.colcon_core.package_identification:_identify(Mobility_Challenge_Simulator/src) by extensions ['python_setup_py']
[0.219s] Level 1:colcon.colcon_core.package_identification:_identify(Mobility_Challenge_Simulator/src) by extension 'python_setup_py'
[0.219s] Level 1:colcon.colcon_core.package_identification:_identify(Mobility_Challenge_Simulator/src/communication_manager) by extensions ['ignore', 'ignore_ament_install']
[0.219s] Level 1:colcon.colcon_core.package_identification:_identify(Mobility_Challenge_Simulator/src/communication_manager) by extension 'ignore'
[0.219s] Level 1:colcon.colcon_core.package_identification:_identify(Mobility_Challenge_Simulator/src/communication_manager) by extension 'ignore_ament_install'
[0.219s] Level 1:colcon.colcon_core.package_identification:_identify(Mobility_Challenge_Simulator/src/communication_manager) by extensions ['colcon_pkg']
[0.219s] Level 1:colcon.colcon_core.package_identification:_identify(Mobility_Challenge_Simulator/src/communication_manager) by extension 'colcon_pkg'
[0.219s] Level 1:colcon.colcon_core.package_identification:_identify(Mobility_Challenge_Simulator/src/communication_manager) by extensions ['colcon_meta']
[0.219s] Level 1:colcon.colcon_core.package_identification:_identify(Mobility_Challenge_Simulator/src/communication_manager) by extension 'colcon_meta'
[0.219s] Level 1:colcon.colcon_core.package_identification:_identify(Mobility_Challenge_Simulator/src/communication_manager) by extensions ['ros']
[0.219s] Level 1:colcon.colcon_core.package_identification:_identify(Mobility_Challenge_Simulator/src/communication_manager) by extension 'ros'
[0.220s] DEBUG:colcon.colcon_core.package_identification:Package 'Mobility_Challenge_Simulator/src/communication_manager' with type 'ros.ament_cmake' and name 'communication_manager'
[0.220s] Level 1:colcon.colcon_core.package_identification:_identify(Mobility_Challenge_Simulator/src/domain_bridge) by extensions ['ignore', 'ignore_ament_install']
[0.220s] Level 1:colcon.colcon_core.package_identification:_identify(Mobility_Challenge_Simulator/src/domain_bridge) by extension 'ignore'
[0.220s] Level 1:colcon.colcon_core.package_identification:_identify(Mobility_Challenge_Simulator/src/domain_bridge) by extension 'ignore_ament_install'
[0.220s] Level 1:colcon.colcon_core.package_identification:_identify(Mobility_Challenge_Simulator/src/domain_bridge) by extensions ['colcon_pkg']
[0.220s] Level 1:colcon.colcon_core.package_identification:_identify(Mobility_Challenge_Simulator/src/domain_bridge) by extension 'colcon_pkg'
[0.220s] Level 1:colcon.colcon_core.package_identification:_identify(Mobility_Challenge_Simulator/src/domain_bridge) by extensions ['colcon_meta']
[0.220s] Level 1:colcon.colcon_core.package_identification:_identify(Mobility_Challenge_Simulator/src/domain_bridge) by extension 'colcon_meta'
[0.220s] Level 1:colcon.colcon_core.package_identification:_identify(Mobility_Challenge_Simulator/src/domain_bridge) by extensions ['ros']
[0.220s] Level 1:colcon.colcon_core.package_identification:_identify(Mobility_Challenge_Simulator/src/domain_bridge) by extension 'ros'
[0.221s] DEBUG:colcon.colcon_core.package_identification:Package 'Mobility_Challenge_Simulator/src/domain_bridge' with type 'ros.ament_cmake' and name 'domain_bridge'
[0.221s] Level 1:colcon.colcon_core.package_identification:_identify(Mobility_Challenge_Simulator/src/hv_handler) by extensions ['ignore', 'ignore_ament_install']
[0.221s] Level 1:colcon.colcon_core.package_identification:_identify(Mobility_Challenge_Simulator/src/hv_handler) by extension 'ignore'
[0.221s] Level 1:colcon.colcon_core.package_identification:_identify(Mobility_Challenge_Simulator/src/hv_handler) by extension 'ignore_ament_install'
[0.221s] Level 1:colcon.colcon_core.package_identification:_identify(Mobility_Challenge_Simulator/src/hv_handler) by extensions ['colcon_pkg']
[0.221s] Level 1:colcon.colcon_core.package_identification:_identify(Mobility_Challenge_Simulator/src/hv_handler) by extension 'colcon_pkg'
[0.221s] Level 1:colcon.colcon_core.package_identification:_identify(Mobility_Challenge_Simulator/src/hv_handler) by extensions ['colcon_meta']
[0.221s] Level 1:colcon.colcon_core.package_identification:_identify(Mobility_Challenge_Simulator/src/hv_handler) by extension 'colcon_meta'
[0.221s] Level 1:colcon.colcon_core.package_identification:_identify(Mobility_Challenge_Simulator/src/hv_handler) by extensions ['ros']
[0.221s] Level 1:colcon.colcon_core.package_identification:_identify(Mobility_Challenge_Simulator/src/hv_handler) by extension 'ros'
[0.222s] DEBUG:colcon.colcon_core.package_identification:Package 'Mobility_Challenge_Simulator/src/hv_handler' with type 'ros.ament_cmake' and name 'hv_handler'
[0.222s] Level 1:colcon.colcon_core.package_identification:_identify(Mobility_Challenge_Simulator/src/scene_srv) by extensions ['ignore', 'ignore_ament_install']
[0.222s] Level 1:colcon.colcon_core.package_identification:_identify(Mobility_Challenge_Simulator/src/scene_srv) by extension 'ignore'
[0.222s] Level 1:colcon.colcon_core.package_identification:_identify(Mobility_Challenge_Simulator/src/scene_srv) by extension 'ignore_ament_install'
[0.222s] Level 1:colcon.colcon_core.package_identification:_identify(Mobility_Challenge_Simulator/src/scene_srv) by extensions ['colcon_pkg']
[0.222s] Level 1:colcon.colcon_core.package_identification:_identify(Mobility_Challenge_Simulator/src/scene_srv) by extension 'colcon_pkg'
[0.222s] Level 1:colcon.colcon_core.package_identification:_identify(Mobility_Challenge_Simulator/src/scene_srv) by extensions ['colcon_meta']
[0.222s] Level 1:colcon.colcon_core.package_identification:_identify(Mobility_Challenge_Simulator/src/scene_srv) by extension 'colcon_meta'
[0.222s] Level 1:colcon.colcon_core.package_identification:_identify(Mobility_Challenge_Simulator/src/scene_srv) by extensions ['ros']
[0.222s] Level 1:colcon.colcon_core.package_identification:_identify(Mobility_Challenge_Simulator/src/scene_srv) by extension 'ros'
[0.222s] DEBUG:colcon.colcon_core.package_identification:Package 'Mobility_Challenge_Simulator/src/scene_srv' with type 'ros.ament_cmake' and name 'scene_srv'
[0.222s] Level 1:colcon.colcon_core.package_identification:_identify(Mobility_Challenge_Simulator/src/simulator) by extensions ['ignore', 'ignore_ament_install']
[0.222s] Level 1:colcon.colcon_core.package_identification:_identify(Mobility_Challenge_Simulator/src/simulator) by extension 'ignore'
[0.222s] Level 1:colcon.colcon_core.package_identification:_identify(Mobility_Challenge_Simulator/src/simulator) by extension 'ignore_ament_install'
[0.222s] Level 1:colcon.colcon_core.package_identification:_identify(Mobility_Challenge_Simulator/src/simulator) by extensions ['colcon_pkg']
[0.222s] Level 1:colcon.colcon_core.package_identification:_identify(Mobility_Challenge_Simulator/src/simulator) by extension 'colcon_pkg'
[0.222s] Level 1:colcon.colcon_core.package_identification:_identify(Mobility_Challenge_Simulator/src/simulator) by extensions ['colcon_meta']
[0.222s] Level 1:colcon.colcon_core.package_identification:_identify(Mobility_Challenge_Simulator/src/simulator) by extension 'colcon_meta'
[0.223s] Level 1:colcon.colcon_core.package_identification:_identify(Mobility_Challenge_Simulator/src/simulator) by extensions ['ros']
[0.223s] Level 1:colcon.colcon_core.package_identification:_identify(Mobility_Challenge_Simulator/src/simulator) by extension 'ros'
[0.223s] DEBUG:colcon.colcon_core.package_identification:Package 'Mobility_Challenge_Simulator/src/simulator' with type 'ros.ament_cmake' and name 'simulator'
[0.223s] Level 1:colcon.colcon_core.package_identification:_identify(Mobility_Challenge_Simulator/src/simulator_launch) by extensions ['ignore', 'ignore_ament_install']
[0.223s] Level 1:colcon.colcon_core.package_identification:_identify(Mobility_Challenge_Simulator/src/simulator_launch) by extension 'ignore'
[0.223s] Level 1:colcon.colcon_core.package_identification:_identify(Mobility_Challenge_Simulator/src/simulator_launch) by extension 'ignore_ament_install'
[0.223s] Level 1:colcon.colcon_core.package_identification:_identify(Mobility_Challenge_Simulator/src/simulator_launch) by extensions ['colcon_pkg']
[0.223s] Level 1:colcon.colcon_core.package_identification:_identify(Mobility_Challenge_Simulator/src/simulator_launch) by extension 'colcon_pkg'
[0.223s] Level 1:colcon.colcon_core.package_identification:_identify(Mobility_Challenge_Simulator/src/simulator_launch) by extensions ['colcon_meta']
[0.223s] Level 1:colcon.colcon_core.package_identification:_identify(Mobility_Challenge_Simulator/src/simulator_launch) by extension 'colcon_meta'
[0.223s] Level 1:colcon.colcon_core.package_identification:_identify(Mobility_Challenge_Simulator/src/simulator_launch) by extensions ['ros']
[0.224s] Level 1:colcon.colcon_core.package_identification:_identify(Mobility_Challenge_Simulator/src/simulator_launch) by extension 'ros'
[0.224s] DEBUG:colcon.colcon_core.package_identification:Package 'Mobility_Challenge_Simulator/src/simulator_launch' with type 'ros.ament_cmake' and name 'simulator_launch'
[0.224s] Level 1:colcon.colcon_core.package_identification:_identify(Mobility_Challenge_Simulator/tool) by extensions ['ignore', 'ignore_ament_install']
[0.224s] Level 1:colcon.colcon_core.package_identification:_identify(Mobility_Challenge_Simulator/tool) by extension 'ignore'
[0.224s] Level 1:colcon.colcon_core.package_identification:_identify(Mobility_Challenge_Simulator/tool) by extension 'ignore_ament_install'
[0.224s] Level 1:colcon.colcon_core.package_identification:_identify(Mobility_Challenge_Simulator/tool) by extensions ['colcon_pkg']
[0.224s] Level 1:colcon.colcon_core.package_identification:_identify(Mobility_Challenge_Simulator/tool) by extension 'colcon_pkg'
[0.224s] Level 1:colcon.colcon_core.package_identification:_identify(Mobility_Challenge_Simulator/tool) by extensions ['colcon_meta']
[0.224s] Level 1:colcon.colcon_core.package_identification:_identify(Mobility_Challenge_Simulator/tool) by extension 'colcon_meta'
[0.224s] Level 1:colcon.colcon_core.package_identification:_identify(Mobility_Challenge_Simulator/tool) by extensions ['ros']
[0.224s] Level 1:colcon.colcon_core.package_identification:_identify(Mobility_Challenge_Simulator/tool) by extension 'ros'
[0.224s] Level 1:colcon.colcon_core.package_identification:_identify(Mobility_Challenge_Simulator/tool) by extensions ['cmake', 'python']
[0.224s] Level 1:colcon.colcon_core.package_identification:_identify(Mobility_Challenge_Simulator/tool) by extension 'cmake'
[0.224s] Level 1:colcon.colcon_core.package_identification:_identify(Mobility_Challenge_Simulator/tool) by extension 'python'
[0.224s] Level 1:colcon.colcon_core.package_identification:_identify(Mobility_Challenge_Simulator/tool) by extensions ['python_setup_py']
[0.224s] Level 1:colcon.colcon_core.package_identification:_identify(Mobility_Challenge_Simulator/tool) by extension 'python_setup_py'
[0.224s] Level 1:colcon.colcon_core.package_identification:_identify(Mobility_Challenge_Simulator/tool/waypoint) by extensions ['ignore', 'ignore_ament_install']
[0.224s] Level 1:colcon.colcon_core.package_identification:_identify(Mobility_Challenge_Simulator/tool/waypoint) by extension 'ignore'
[0.224s] Level 1:colcon.colcon_core.package_identification:_identify(Mobility_Challenge_Simulator/tool/waypoint) by extension 'ignore_ament_install'
[0.224s] Level 1:colcon.colcon_core.package_identification:_identify(Mobility_Challenge_Simulator/tool/waypoint) by extensions ['colcon_pkg']
[0.224s] Level 1:colcon.colcon_core.package_identification:_identify(Mobility_Challenge_Simulator/tool/waypoint) by extension 'colcon_pkg'
[0.224s] Level 1:colcon.colcon_core.package_identification:_identify(Mobility_Challenge_Simulator/tool/waypoint) by extensions ['colcon_meta']
[0.224s] Level 1:colcon.colcon_core.package_identification:_identify(Mobility_Challenge_Simulator/tool/waypoint) by extension 'colcon_meta'
[0.224s] Level 1:colcon.colcon_core.package_identification:_identify(Mobility_Challenge_Simulator/tool/waypoint) by extensions ['ros']
[0.224s] Level 1:colcon.colcon_core.package_identification:_identify(Mobility_Challenge_Simulator/tool/waypoint) by extension 'ros'
[0.224s] Level 1:colcon.colcon_core.package_identification:_identify(Mobility_Challenge_Simulator/tool/waypoint) by extensions ['cmake', 'python']
[0.224s] Level 1:colcon.colcon_core.package_identification:_identify(Mobility_Challenge_Simulator/tool/waypoint) by extension 'cmake'
[0.224s] Level 1:colcon.colcon_core.package_identification:_identify(Mobility_Challenge_Simulator/tool/waypoint) by extension 'python'
[0.224s] Level 1:colcon.colcon_core.package_identification:_identify(Mobility_Challenge_Simulator/tool/waypoint) by extensions ['python_setup_py']
[0.224s] Level 1:colcon.colcon_core.package_identification:_identify(Mobility_Challenge_Simulator/tool/waypoint) by extension 'python_setup_py'
[0.224s] Level 1:colcon.colcon_core.package_identification:_identify(build) by extensions ['ignore', 'ignore_ament_install']
[0.224s] Level 1:colcon.colcon_core.package_identification:_identify(build) by extension 'ignore'
[0.224s] Level 1:colcon.colcon_core.package_identification:_identify(build) ignored
[0.225s] Level 1:colcon.colcon_core.package_identification:_identify(control) by extensions ['ignore', 'ignore_ament_install']
[0.225s] Level 1:colcon.colcon_core.package_identification:_identify(control) by extension 'ignore'
[0.225s] Level 1:colcon.colcon_core.package_identification:_identify(control) by extension 'ignore_ament_install'
[0.225s] Level 1:colcon.colcon_core.package_identification:_identify(control) by extensions ['colcon_pkg']
[0.225s] Level 1:colcon.colcon_core.package_identification:_identify(control) by extension 'colcon_pkg'
[0.225s] Level 1:colcon.colcon_core.package_identification:_identify(control) by extensions ['colcon_meta']
[0.225s] Level 1:colcon.colcon_core.package_identification:_identify(control) by extension 'colcon_meta'
[0.225s] Level 1:colcon.colcon_core.package_identification:_identify(control) by extensions ['ros']
[0.225s] Level 1:colcon.colcon_core.package_identification:_identify(control) by extension 'ros'
[0.225s] Level 1:colcon.colcon_core.package_identification:_identify(control) by extensions ['cmake', 'python']
[0.225s] Level 1:colcon.colcon_core.package_identification:_identify(control) by extension 'cmake'
[0.225s] Level 1:colcon.colcon_core.package_identification:_identify(control) by extension 'python'
[0.225s] Level 1:colcon.colcon_core.package_identification:_identify(control) by extensions ['python_setup_py']
[0.225s] Level 1:colcon.colcon_core.package_identification:_identify(control) by extension 'python_setup_py'
[0.225s] Level 1:colcon.colcon_core.package_identification:_identify(decision) by extensions ['ignore', 'ignore_ament_install']
[0.225s] Level 1:colcon.colcon_core.package_identification:_identify(decision) by extension 'ignore'
[0.225s] Level 1:colcon.colcon_core.package_identification:_identify(decision) by extension 'ignore_ament_install'
[0.225s] Level 1:colcon.colcon_core.package_identification:_identify(decision) by extensions ['colcon_pkg']
[0.225s] Level 1:colcon.colcon_core.package_identification:_identify(decision) by extension 'colcon_pkg'
[0.225s] Level 1:colcon.colcon_core.package_identification:_identify(decision) by extensions ['colcon_meta']
[0.225s] Level 1:colcon.colcon_core.package_identification:_identify(decision) by extension 'colcon_meta'
[0.225s] Level 1:colcon.colcon_core.package_identification:_identify(decision) by extensions ['ros']
[0.225s] Level 1:colcon.colcon_core.package_identification:_identify(decision) by extension 'ros'
[0.225s] Level 1:colcon.colcon_core.package_identification:_identify(decision) by extensions ['cmake', 'python']
[0.225s] Level 1:colcon.colcon_core.package_identification:_identify(decision) by extension 'cmake'
[0.225s] Level 1:colcon.colcon_core.package_identification:_identify(decision) by extension 'python'
[0.225s] Level 1:colcon.colcon_core.package_identification:_identify(decision) by extensions ['python_setup_py']
[0.225s] Level 1:colcon.colcon_core.package_identification:_identify(decision) by extension 'python_setup_py'
[0.225s] Level 1:colcon.colcon_core.package_identification:_identify(docker_kaist_aim) by extensions ['ignore', 'ignore_ament_install']
[0.225s] Level 1:colcon.colcon_core.package_identification:_identify(docker_kaist_aim) by extension 'ignore'
[0.225s] Level 1:colcon.colcon_core.package_identification:_identify(docker_kaist_aim) by extension 'ignore_ament_install'
[0.225s] Level 1:colcon.colcon_core.package_identification:_identify(docker_kaist_aim) by extensions ['colcon_pkg']
[0.225s] Level 1:colcon.colcon_core.package_identification:_identify(docker_kaist_aim) by extension 'colcon_pkg'
[0.225s] Level 1:colcon.colcon_core.package_identification:_identify(docker_kaist_aim) by extensions ['colcon_meta']
[0.225s] Level 1:colcon.colcon_core.package_identification:_identify(docker_kaist_aim) by extension 'colcon_meta'
[0.225s] Level 1:colcon.colcon_core.package_identification:_identify(docker_kaist_aim) by extensions ['ros']
[0.225s] Level 1:colcon.colcon_core.package_identification:_identify(docker_kaist_aim) by extension 'ros'
[0.225s] Level 1:colcon.colcon_core.package_identification:_identify(docker_kaist_aim) by extensions ['cmake', 'python']
[0.225s] Level 1:colcon.colcon_core.package_identification:_identify(docker_kaist_aim) by extension 'cmake'
[0.225s] Level 1:colcon.colcon_core.package_identification:_identify(docker_kaist_aim) by extension 'python'
[0.225s] Level 1:colcon.colcon_core.package_identification:_identify(docker_kaist_aim) by extensions ['python_setup_py']
[0.225s] Level 1:colcon.colcon_core.package_identification:_identify(docker_kaist_aim) by extension 'python_setup_py'
[0.225s] Level 1:colcon.colcon_core.package_identification:_identify(install) by extensions ['ignore', 'ignore_ament_install']
[0.225s] Level 1:colcon.colcon_core.package_identification:_identify(install) by extension 'ignore'
[0.225s] Level 1:colcon.colcon_core.package_identification:_identify(install) ignored
[0.225s] Level 1:colcon.colcon_core.package_identification:_identify(localization) by extensions ['ignore', 'ignore_ament_install']
[0.225s] Level 1:colcon.colcon_core.package_identification:_identify(localization) by extension 'ignore'
[0.225s] Level 1:colcon.colcon_core.package_identification:_identify(localization) by extension 'ignore_ament_install'
[0.225s] Level 1:colcon.colcon_core.package_identification:_identify(localization) by extensions ['colcon_pkg']
[0.225s] Level 1:colcon.colcon_core.package_identification:_identify(localization) by extension 'colcon_pkg'
[0.226s] Level 1:colcon.colcon_core.package_identification:_identify(localization) by extensions ['colcon_meta']
[0.226s] Level 1:colcon.colcon_core.package_identification:_identify(localization) by extension 'colcon_meta'
[0.226s] Level 1:colcon.colcon_core.package_identification:_identify(localization) by extensions ['ros']
[0.226s] Level 1:colcon.colcon_core.package_identification:_identify(localization) by extension 'ros'
[0.226s] Level 1:colcon.colcon_core.package_identification:_identify(localization) by extensions ['cmake', 'python']
[0.226s] Level 1:colcon.colcon_core.package_identification:_identify(localization) by extension 'cmake'
[0.226s] Level 1:colcon.colcon_core.package_identification:_identify(localization) by extension 'python'
[0.226s] Level 1:colcon.colcon_core.package_identification:_identify(localization) by extensions ['python_setup_py']
[0.226s] Level 1:colcon.colcon_core.package_identification:_identify(localization) by extension 'python_setup_py'
[0.226s] Level 1:colcon.colcon_core.package_identification:_identify(log) by extensions ['ignore', 'ignore_ament_install']
[0.226s] Level 1:colcon.colcon_core.package_identification:_identify(log) by extension 'ignore'
[0.226s] Level 1:colcon.colcon_core.package_identification:_identify(log) ignored
[0.226s] Level 1:colcon.colcon_core.package_identification:_identify(mission_1_1) by extensions ['ignore', 'ignore_ament_install']
[0.226s] Level 1:colcon.colcon_core.package_identification:_identify(mission_1_1) by extension 'ignore'
[0.226s] Level 1:colcon.colcon_core.package_identification:_identify(mission_1_1) by extension 'ignore_ament_install'
[0.226s] Level 1:colcon.colcon_core.package_identification:_identify(mission_1_1) by extensions ['colcon_pkg']
[0.226s] Level 1:colcon.colcon_core.package_identification:_identify(mission_1_1) by extension 'colcon_pkg'
[0.226s] Level 1:colcon.colcon_core.package_identification:_identify(mission_1_1) by extensions ['colcon_meta']
[0.226s] Level 1:colcon.colcon_core.package_identification:_identify(mission_1_1) by extension 'colcon_meta'
[0.226s] Level 1:colcon.colcon_core.package_identification:_identify(mission_1_1) by extensions ['ros']
[0.226s] Level 1:colcon.colcon_core.package_identification:_identify(mission_1_1) by extension 'ros'
[0.226s] Level 1:colcon.colcon_core.package_identification:_identify(mission_1_1) by extensions ['cmake', 'python']
[0.226s] Level 1:colcon.colcon_core.package_identification:_identify(mission_1_1) by extension 'cmake'
[0.226s] Level 1:colcon.colcon_core.package_identification:_identify(mission_1_1) by extension 'python'
[0.226s] Level 1:colcon.colcon_core.package_identification:_identify(mission_1_1) by extensions ['python_setup_py']
[0.226s] Level 1:colcon.colcon_core.package_identification:_identify(mission_1_1) by extension 'python_setup_py'
[0.226s] Level 1:colcon.colcon_core.package_identification:_identify(mission_1_2) by extensions ['ignore', 'ignore_ament_install']
[0.226s] Level 1:colcon.colcon_core.package_identification:_identify(mission_1_2) by extension 'ignore'
[0.226s] Level 1:colcon.colcon_core.package_identification:_identify(mission_1_2) by extension 'ignore_ament_install'
[0.226s] Level 1:colcon.colcon_core.package_identification:_identify(mission_1_2) by extensions ['colcon_pkg']
[0.226s] Level 1:colcon.colcon_core.package_identification:_identify(mission_1_2) by extension 'colcon_pkg'
[0.226s] Level 1:colcon.colcon_core.package_identification:_identify(mission_1_2) by extensions ['colcon_meta']
[0.226s] Level 1:colcon.colcon_core.package_identification:_identify(mission_1_2) by extension 'colcon_meta'
[0.226s] Level 1:colcon.colcon_core.package_identification:_identify(mission_1_2) by extensions ['ros']
[0.226s] Level 1:colcon.colcon_core.package_identification:_identify(mission_1_2) by extension 'ros'
[0.226s] Level 1:colcon.colcon_core.package_identification:_identify(mission_1_2) by extensions ['cmake', 'python']
[0.226s] Level 1:colcon.colcon_core.package_identification:_identify(mission_1_2) by extension 'cmake'
[0.226s] Level 1:colcon.colcon_core.package_identification:_identify(mission_1_2) by extension 'python'
[0.226s] Level 1:colcon.colcon_core.package_identification:_identify(mission_1_2) by extensions ['python_setup_py']
[0.226s] Level 1:colcon.colcon_core.package_identification:_identify(mission_1_2) by extension 'python_setup_py'
[0.226s] Level 1:colcon.colcon_core.package_identification:_identify(perception) by extensions ['ignore', 'ignore_ament_install']
[0.226s] Level 1:colcon.colcon_core.package_identification:_identify(perception) by extension 'ignore'
[0.226s] Level 1:colcon.colcon_core.package_identification:_identify(perception) by extension 'ignore_ament_install'
[0.226s] Level 1:colcon.colcon_core.package_identification:_identify(perception) by extensions ['colcon_pkg']
[0.226s] Level 1:colcon.colcon_core.package_identification:_identify(perception) by extension 'colcon_pkg'
[0.226s] Level 1:colcon.colcon_core.package_identification:_identify(perception) by extensions ['colcon_meta']
[0.226s] Level 1:colcon.colcon_core.package_identification:_identify(perception) by extension 'colcon_meta'
[0.226s] Level 1:colcon.colcon_core.package_identification:_identify(perception) by extensions ['ros']
[0.226s] Level 1:colcon.colcon_core.package_identification:_identify(perception) by extension 'ros'
[0.226s] Level 1:colcon.colcon_core.package_identification:_identify(perception) by extensions ['cmake', 'python']
[0.226s] Level 1:colcon.colcon_core.package_identification:_identify(perception) by extension 'cmake'
[0.226s] Level 1:colcon.colcon_core.package_identification:_identify(perception) by extension 'python'
[0.227s] Level 1:colcon.colcon_core.package_identification:_identify(perception) by extensions ['python_setup_py']
[0.227s] Level 1:colcon.colcon_core.package_identification:_identify(perception) by extension 'python_setup_py'
[0.227s] Level 1:colcon.colcon_core.package_identification:_identify(src) by extensions ['ignore', 'ignore_ament_install']
[0.227s] Level 1:colcon.colcon_core.package_identification:_identify(src) by extension 'ignore'
[0.227s] Level 1:colcon.colcon_core.package_identification:_identify(src) by extension 'ignore_ament_install'
[0.227s] Level 1:colcon.colcon_core.package_identification:_identify(src) by extensions ['colcon_pkg']
[0.227s] Level 1:colcon.colcon_core.package_identification:_identify(src) by extension 'colcon_pkg'
[0.227s] Level 1:colcon.colcon_core.package_identification:_identify(src) by extensions ['colcon_meta']
[0.227s] Level 1:colcon.colcon_core.package_identification:_identify(src) by extension 'colcon_meta'
[0.227s] Level 1:colcon.colcon_core.package_identification:_identify(src) by extensions ['ros']
[0.227s] Level 1:colcon.colcon_core.package_identification:_identify(src) by extension 'ros'
[0.227s] Level 1:colcon.colcon_core.package_identification:_identify(src) by extensions ['cmake', 'python']
[0.227s] Level 1:colcon.colcon_core.package_identification:_identify(src) by extension 'cmake'
[0.227s] Level 1:colcon.colcon_core.package_identification:_identify(src) by extension 'python'
[0.227s] Level 1:colcon.colcon_core.package_identification:_identify(src) by extensions ['python_setup_py']
[0.227s] Level 1:colcon.colcon_core.package_identification:_identify(src) by extension 'python_setup_py'
[0.227s] Level 1:colcon.colcon_core.package_identification:_identify(src/global_path) by extensions ['ignore', 'ignore_ament_install']
[0.227s] Level 1:colcon.colcon_core.package_identification:_identify(src/global_path) by extension 'ignore'
[0.227s] Level 1:colcon.colcon_core.package_identification:_identify(src/global_path) by extension 'ignore_ament_install'
[0.227s] Level 1:colcon.colcon_core.package_identification:_identify(src/global_path) by extensions ['colcon_pkg']
[0.227s] Level 1:colcon.colcon_core.package_identification:_identify(src/global_path) by extension 'colcon_pkg'
[0.227s] Level 1:colcon.colcon_core.package_identification:_identify(src/global_path) by extensions ['colcon_meta']
[0.227s] Level 1:colcon.colcon_core.package_identification:_identify(src/global_path) by extension 'colcon_meta'
[0.227s] Level 1:colcon.colcon_core.package_identification:_identify(src/global_path) by extensions ['ros']
[0.227s] Level 1:colcon.colcon_core.package_identification:_identify(src/global_path) by extension 'ros'
[0.227s] Level 1:colcon.colcon_core.package_identification:_identify(src/global_path) by extensions ['cmake', 'python']
[0.227s] Level 1:colcon.colcon_core.package_identification:_identify(src/global_path) by extension 'cmake'
[0.227s] Level 1:colcon.colcon_core.package_identification:_identify(src/global_path) by extension 'python'
[0.227s] Level 1:colcon.colcon_core.package_identification:_identify(src/global_path) by extensions ['python_setup_py']
[0.227s] Level 1:colcon.colcon_core.package_identification:_identify(src/global_path) by extension 'python_setup_py'
[0.227s] Level 1:colcon.colcon_core.package_identification:_identify(src/mission_2) by extensions ['ignore', 'ignore_ament_install']
[0.227s] Level 1:colcon.colcon_core.package_identification:_identify(src/mission_2) by extension 'ignore'
[0.227s] Level 1:colcon.colcon_core.package_identification:_identify(src/mission_2) by extension 'ignore_ament_install'
[0.227s] Level 1:colcon.colcon_core.package_identification:_identify(src/mission_2) by extensions ['colcon_pkg']
[0.227s] Level 1:colcon.colcon_core.package_identification:_identify(src/mission_2) by extension 'colcon_pkg'
[0.227s] Level 1:colcon.colcon_core.package_identification:_identify(src/mission_2) by extensions ['colcon_meta']
[0.227s] Level 1:colcon.colcon_core.package_identification:_identify(src/mission_2) by extension 'colcon_meta'
[0.227s] Level 1:colcon.colcon_core.package_identification:_identify(src/mission_2) by extensions ['ros']
[0.227s] Level 1:colcon.colcon_core.package_identification:_identify(src/mission_2) by extension 'ros'
[0.228s] DEBUG:colcon.colcon_core.package_identification:Package 'src/mission_2' with type 'ros.ament_cmake' and name 'mission_2'
[0.228s] Level 1:colcon.colcon_core.package_identification:_identify(src/mission_3) by extensions ['ignore', 'ignore_ament_install']
[0.228s] Level 1:colcon.colcon_core.package_identification:_identify(src/mission_3) by extension 'ignore'
[0.228s] Level 1:colcon.colcon_core.package_identification:_identify(src/mission_3) by extension 'ignore_ament_install'
[0.228s] Level 1:colcon.colcon_core.package_identification:_identify(src/mission_3) by extensions ['colcon_pkg']
[0.228s] Level 1:colcon.colcon_core.package_identification:_identify(src/mission_3) by extension 'colcon_pkg'
[0.228s] Level 1:colcon.colcon_core.package_identification:_identify(src/mission_3) by extensions ['colcon_meta']
[0.228s] Level 1:colcon.colcon_core.package_identification:_identify(src/mission_3) by extension 'colcon_meta'
[0.228s] Level 1:colcon.colcon_core.package_identification:_identify(src/mission_3) by extensions ['ros']
[0.228s] Level 1:colcon.colcon_core.package_identification:_identify(src/mission_3) by extension 'ros'
[0.229s] DEBUG:colcon.colcon_core.package_identification:Package 'src/mission_3' with type 'ros.ament_cmake' and name 'mission_3'
[0.230s] Level 1:colcon.colcon_core.package_discovery:discover_packages(recursive) using defaults
[0.230s] Level 1:colcon.colcon_core.package_discovery:discover_packages(ignore) discover
[0.230s] Level 1:colcon.colcon_core.package_discovery:discover_packages(ignore) using defaults
[0.230s] Level 1:colcon.colcon_core.package_discovery:discover_packages(path) discover
[0.230s] Level 1:colcon.colcon_core.package_discovery:discover_packages(path) using defaults
[0.244s] Level 5:colcon.colcon_core.verb:set package 'domain_bridge' build argument 'cmake_args' from command line to 'None'
[0.244s] Level 5:colcon.colcon_core.verb:set package 'domain_bridge' build argument 'cmake_target' from command line to 'None'
[0.244s] Level 5:colcon.colcon_core.verb:set package 'domain_bridge' build argument 'cmake_target_skip_unavailable' from command line to 'False'
[0.244s] Level 5:colcon.colcon_core.verb:set package 'domain_bridge' build argument 'cmake_clean_cache' from command line to 'False'
[0.244s] Level 5:colcon.colcon_core.verb:set package 'domain_bridge' build argument 'cmake_clean_first' from command line to 'False'
[0.244s] Level 5:colcon.colcon_core.verb:set package 'domain_bridge' build argument 'cmake_force_configure' from command line to 'False'
[0.244s] Level 5:colcon.colcon_core.verb:set package 'domain_bridge' build argument 'ament_cmake_args' from command line to 'None'
[0.244s] Level 5:colcon.colcon_core.verb:set package 'domain_bridge' build argument 'catkin_cmake_args' from command line to 'None'
[0.244s] Level 5:colcon.colcon_core.verb:set package 'domain_bridge' build argument 'catkin_skip_building_tests' from command line to 'False'
[0.244s] DEBUG:colcon.colcon_core.verb:Building package 'domain_bridge' with the following arguments: {'ament_cmake_args': None, 'build_base': '/root/TEAM_AIM/build/domain_bridge', 'catkin_cmake_args': None, 'catkin_skip_building_tests': False, 'cmake_args': None, 'cmake_clean_cache': False, 'cmake_clean_first': False, 'cmake_force_configure': False, 'cmake_target': None, 'cmake_target_skip_unavailable': False, 'install_base': '/root/TEAM_AIM/install/domain_bridge', 'merge_install': False, 'path': '/root/TEAM_AIM/Mobility_Challenge_Simulator/src/domain_bridge', 'symlink_install': False, 'test_result_base': None}
[0.244s] Level 5:colcon.colcon_core.verb:set package 'mission_2' build argument 'cmake_args' from command line to 'None'
[0.244s] Level 5:colcon.colcon_core.verb:set package 'mission_2' build argument 'cmake_target' from command line to 'None'
[0.244s] Level 5:colcon.colcon_core.verb:set package 'mission_2' build argument 'cmake_target_skip_unavailable' from command line to 'False'
[0.244s] Level 5:colcon.colcon_core.verb:set package 'mission_2' build argument 'cmake_clean_cache' from command line to 'False'
[0.244s] Level 5:colcon.colcon_core.verb:set package 'mission_2' build argument 'cmake_clean_first' from command line to 'False'
[0.244s] Level 5:colcon.colcon_core.verb:set package 'mission_2' build argument 'cmake_force_configure' from command line to 'False'
[0.244s] Level 5:colcon.colcon_core.verb:set package 'mission_2' build argument 'ament_cmake_args' from command line to 'None'
[0.244s] Level 5:colcon.colcon_core.verb:set package 'mission_2' build argument 'catkin_cmake_args' from command line to 'None'
[0.244s] Level 5:colcon.colcon_core.verb:set package 'mission_2' build argument 'catkin_skip_building_tests' from command line to 'False'
[0.244s] DEBUG:colcon.colcon_core.verb:Building package 'mission_2' with the following arguments: {'ament_cmake_args': None, 'build_base': '/root/TEAM_AIM/build/mission_2', 'catkin_cmake_args': None, 'catkin_skip_building_tests': False, 'cmake_args': None, 'cmake_clean_cache': False, 'cmake_clean_first': False, 'cmake_force_configure': False, 'cmake_target': None, 'cmake_target_skip_unavailable': False, 'install_base': '/root/TEAM_AIM/install/mission_2', 'merge_install': False, 'path': '/root/TEAM_AIM/src/mission_2', 'symlink_install': False, 'test_result_base': None}
[0.245s] Level 5:colcon.colcon_core.verb:set package 'mission_3' build argument 'cmake_args' from command line to 'None'
[0.245s] Level 5:colcon.colcon_core.verb:set package 'mission_3' build argument 'cmake_target' from command line to 'None'
[0.245s] Level 5:colcon.colcon_core.verb:set package 'mission_3' build argument 'cmake_target_skip_unavailable' from command line to 'False'
[0.245s] Level 5:colcon.colcon_core.verb:set package 'mission_3' build argument 'cmake_clean_cache' from command line to 'False'
[0.245s] Level 5:colcon.colcon_core.verb:set package 'mission_3' build argument 'cmake_clean_first' from command line to 'False'
[0.245s] Level 5:colcon.colcon_core.verb:set package 'mission_3' build argument 'cmake_force_configure' from command line to 'False'
[0.245s] Level 5:colcon.colcon_core.verb:set package 'mission_3' build argument 'ament_cmake_args' from command line to 'None'
[0.245s] Level 5:colcon.colcon_core.verb:set package 'mission_3' build argument 'catkin_cmake_args' from command line to 'None'
[0.245s] Level 5:colcon.colcon_core.verb:set package 'mission_3' build argument 'catkin_skip_building_tests' from command line to 'False'
[0.245s] DEBUG:colcon.colcon_core.verb:Building package 'mission_3' with the following arguments: {'ament_cmake_args': None, 'build_base': '/root/TEAM_AIM/build/mission_3', 'catkin_cmake_args': None, 'catkin_skip_building_tests': False, 'cmake_args': None, 'cmake_clean_cache': False, 'cmake_clean_first': False, 'cmake_force_configure': False, 'cmake_target': None, 'cmake_target_skip_unavailable': False, 'install_base': '/root/TEAM_AIM/install/mission_3', 'merge_install': False, 'path': '/root/TEAM_AIM/src/mission_3', 'symlink_install': False, 'test_result_base': None}
[0.246s] Level 5:colcon.colcon_core.verb:set package 'scene_srv' build argument 'cmake_args' from command line to 'None'
[0.246s] Level 5:colcon.colcon_core.verb:set package 'scene_srv' build argument 'cmake_target' from command line to 'None'
[0.246s] Level 5:colcon.colcon_core.verb:set package 'scene_srv' build argument 'cmake_target_skip_unavailable' from command line to 'False'
[0.246s] Level 5:colcon.colcon_core.verb:set package 'scene_srv' build argument 'cmake_clean_cache' from command line to 'False'
[0.246s] Level 5:colcon.colcon_core.verb:set package 'scene_srv' build argument 'cmake_clean_first' from command line to 'False'
[0.246s] Level 5:colcon.colcon_core.verb:set package 'scene_srv' build argument 'cmake_force_configure' from command line to 'False'
[0.246s] Level 5:colcon.colcon_core.verb:set package 'scene_srv' build argument 'ament_cmake_args' from command line to 'None'
[0.246s] Level 5:colcon.colcon_core.verb:set package 'scene_srv' build argument 'catkin_cmake_args' from command line to 'None'
[0.246s] Level 5:colcon.colcon_core.verb:set package 'scene_srv' build argument 'catkin_skip_building_tests' from command line to 'False'
[0.246s] DEBUG:colcon.colcon_core.verb:Building package 'scene_srv' with the following arguments: {'ament_cmake_args': None, 'build_base': '/root/TEAM_AIM/build/scene_srv', 'catkin_cmake_args': None, 'catkin_skip_building_tests': False, 'cmake_args': None, 'cmake_clean_cache': False, 'cmake_clean_first': False, 'cmake_force_configure': False, 'cmake_target': None, 'cmake_target_skip_unavailable': False, 'install_base': '/root/TEAM_AIM/install/scene_srv', 'merge_install': False, 'path': '/root/TEAM_AIM/Mobility_Challenge_Simulator/src/scene_srv', 'symlink_install': False, 'test_result_base': None}
[0.247s] Level 5:colcon.colcon_core.verb:set package 'simulator_launch' build argument 'cmake_args' from command line to 'None'
[0.247s] Level 5:colcon.colcon_core.verb:set package 'simulator_launch' build argument 'cmake_target' from command line to 'None'
[0.247s] Level 5:colcon.colcon_core.verb:set package 'simulator_launch' build argument 'cmake_target_skip_unavailable' from command line to 'False'
[0.247s] Level 5:colcon.colcon_core.verb:set package 'simulator_launch' build argument 'cmake_clean_cache' from command line to 'False'
[0.247s] Level 5:colcon.colcon_core.verb:set package 'simulator_launch' build argument 'cmake_clean_first' from command line to 'False'
[0.247s] Level 5:colcon.colcon_core.verb:set package 'simulator_launch' build argument 'cmake_force_configure' from command line to 'False'
[0.247s] Level 5:colcon.colcon_core.verb:set package 'simulator_launch' build argument 'ament_cmake_args' from command line to 'None'
[0.247s] Level 5:colcon.colcon_core.verb:set package 'simulator_launch' build argument 'catkin_cmake_args' from command line to 'None'
[0.247s] Level 5:colcon.colcon_core.verb:set package 'simulator_launch' build argument 'catkin_skip_building_tests' from command line to 'False'
[0.247s] DEBUG:colcon.colcon_core.verb:Building package 'simulator_launch' with the following arguments: {'ament_cmake_args': None, 'build_base': '/root/TEAM_AIM/build/simulator_launch', 'catkin_cmake_args': None, 'catkin_skip_building_tests': False, 'cmake_args': None, 'cmake_clean_cache': False, 'cmake_clean_first': False, 'cmake_force_configure': False, 'cmake_target': None, 'cmake_target_skip_unavailable': False, 'install_base': '/root/TEAM_AIM/install/simulator_launch', 'merge_install': False, 'path': '/root/TEAM_AIM/Mobility_Challenge_Simulator/src/simulator_launch', 'symlink_install': False, 'test_result_base': None}
[0.247s] Level 5:colcon.colcon_core.verb:set package 'communication_manager' build argument 'cmake_args' from command line to 'None'
[0.247s] Level 5:colcon.colcon_core.verb:set package 'communication_manager' build argument 'cmake_target' from command line to 'None'
[0.247s] Level 5:colcon.colcon_core.verb:set package 'communication_manager' build argument 'cmake_target_skip_unavailable' from command line to 'False'
[0.247s] Level 5:colcon.colcon_core.verb:set package 'communication_manager' build argument 'cmake_clean_cache' from command line to 'False'
[0.247s] Level 5:colcon.colcon_core.verb:set package 'communication_manager' build argument 'cmake_clean_first' from command line to 'False'
[0.247s] Level 5:colcon.colcon_core.verb:set package 'communication_manager' build argument 'cmake_force_configure' from command line to 'False'
[0.247s] Level 5:colcon.colcon_core.verb:set package 'communication_manager' build argument 'ament_cmake_args' from command line to 'None'
[0.248s] Level 5:colcon.colcon_core.verb:set package 'communication_manager' build argument 'catkin_cmake_args' from command line to 'None'
[0.248s] Level 5:colcon.colcon_core.verb:set package 'communication_manager' build argument 'catkin_skip_building_tests' from command line to 'False'
[0.248s] DEBUG:colcon.colcon_core.verb:Building package 'communication_manager' with the following arguments: {'ament_cmake_args': None, 'build_base': '/root/TEAM_AIM/build/communication_manager', 'catkin_cmake_args': None, 'catkin_skip_building_tests': False, 'cmake_args': None, 'cmake_clean_cache': False, 'cmake_clean_first': False, 'cmake_force_configure': False, 'cmake_target': None, 'cmake_target_skip_unavailable': False, 'install_base': '/root/TEAM_AIM/install/communication_manager', 'merge_install': False, 'path': '/root/TEAM_AIM/Mobility_Challenge_Simulator/src/communication_manager', 'symlink_install': False, 'test_result_base': None}
[0.248s] Level 5:colcon.colcon_core.verb:set package 'hv_handler' build argument 'cmake_args' from command line to 'None'
[0.248s] Level 5:colcon.colcon_core.verb:set package 'hv_handler' build argument 'cmake_target' from command line to 'None'
[0.248s] Level 5:colcon.colcon_core.verb:set package 'hv_handler' build argument 'cmake_target_skip_unavailable' from command line to 'False'
[0.248s] Level 5:colcon.colcon_core.verb:set package 'hv_handler' build argument 'cmake_clean_cache' from command line to 'False'
[0.248s] Level 5:colcon.colcon_core.verb:set package 'hv_handler' build argument 'cmake_clean_first' from command line to 'False'
[0.248s] Level 5:colcon.colcon_core.verb:set package 'hv_handler' build argument 'cmake_force_configure' from command line to 'False'
[0.248s] Level 5:colcon.colcon_core.verb:set package 'hv_handler' build argument 'ament_cmake_args' from command line to 'None'
[0.248s] Level 5:colcon.colcon_core.verb:set package 'hv_handler' build argument 'catkin_cmake_args' from command line to 'None'
[0.248s] Level 5:colcon.colcon_core.verb:set package 'hv_handler' build argument 'catkin_skip_building_tests' from command line to 'False'
[0.248s] DEBUG:colcon.colcon_core.verb:Building package 'hv_handler' with the following arguments: {'ament_cmake_args': None, 'build_base': '/root/TEAM_AIM/build/hv_handler', 'catkin_cmake_args': None, 'catkin_skip_building_tests': False, 'cmake_args': None, 'cmake_clean_cache': False, 'cmake_clean_first': False, 'cmake_force_configure': False, 'cmake_target': None, 'cmake_target_skip_unavailable': False, 'install_base': '/root/TEAM_AIM/install/hv_handler', 'merge_install': False, 'path': '/root/TEAM_AIM/Mobility_Challenge_Simulator/src/hv_handler', 'symlink_install': False, 'test_result_base': None}
[0.249s] Level 5:colcon.colcon_core.verb:set package 'simulator' build argument 'cmake_args' from command line to 'None'
[0.249s] Level 5:colcon.colcon_core.verb:set package 'simulator' build argument 'cmake_target' from command line to 'None'
[0.249s] Level 5:colcon.colcon_core.verb:set package 'simulator' build argument 'cmake_target_skip_unavailable' from command line to 'False'
[0.249s] Level 5:colcon.colcon_core.verb:set package 'simulator' build argument 'cmake_clean_cache' from command line to 'False'
[0.249s] Level 5:colcon.colcon_core.verb:set package 'simulator' build argument 'cmake_clean_first' from command line to 'False'
[0.249s] Level 5:colcon.colcon_core.verb:set package 'simulator' build argument 'cmake_force_configure' from command line to 'False'
[0.249s] Level 5:colcon.colcon_core.verb:set package 'simulator' build argument 'ament_cmake_args' from command line to 'None'
[0.249s] Level 5:colcon.colcon_core.verb:set package 'simulator' build argument 'catkin_cmake_args' from command line to 'None'
[0.249s] Level 5:colcon.colcon_core.verb:set package 'simulator' build argument 'catkin_skip_building_tests' from command line to 'False'
[0.249s] DEBUG:colcon.colcon_core.verb:Building package 'simulator' with the following arguments: {'ament_cmake_args': None, 'build_base': '/root/TEAM_AIM/build/simulator', 'catkin_cmake_args': None, 'catkin_skip_building_tests': False, 'cmake_args': None, 'cmake_clean_cache': False, 'cmake_clean_first': False, 'cmake_force_configure': False, 'cmake_target': None, 'cmake_target_skip_unavailable': False, 'install_base': '/root/TEAM_AIM/install/simulator', 'merge_install': False, 'path': '/root/TEAM_AIM/Mobility_Challenge_Simulator/src/simulator', 'symlink_install': False, 'test_result_base': None}
[0.250s] INFO:colcon.colcon_core.executor:Executing jobs using 'parallel' executor
[0.253s] DEBUG:colcon.colcon_parallel_executor.executor.parallel:run_until_complete
[0.253s] INFO:colcon.colcon_ros.task.ament_cmake.build:Building ROS package in '/root/TEAM_AIM/Mobility_Challenge_Simulator/src/scene_srv' with build type 'ament_cmake'
[0.253s] INFO:colcon.colcon_cmake.task.cmake.build:Building CMake package in '/root/TEAM_AIM/Mobility_Challenge_Simulator/src/scene_srv'
[0.256s] INFO:colcon.colcon_core.plugin_system:Skipping extension 'colcon_core.shell.bat': Not used on non-Windows systems
[0.256s] INFO:colcon.colcon_core.shell:Skip shell extension 'powershell' for command environment: Not usable outside of PowerShell
[0.256s] DEBUG:colcon.colcon_core.shell:Skip shell extension 'dsv' for command environment
[0.262s] INFO:colcon.colcon_ros.task.ament_cmake.build:Building ROS package in '/root/TEAM_AIM/Mobility_Challenge_Simulator/src/domain_bridge' with build type 'ament_cmake'
[0.262s] INFO:colcon.colcon_cmake.task.cmake.build:Building CMake package in '/root/TEAM_AIM/Mobility_Challenge_Simulator/src/domain_bridge'
[0.263s] INFO:colcon.colcon_core.shell:Skip shell extension 'powershell' for command environment: Not usable outside of PowerShell
[0.264s] DEBUG:colcon.colcon_core.shell:Skip shell extension 'dsv' for command environment
[0.269s] INFO:colcon.colcon_ros.task.ament_cmake.build:Building ROS package in '/root/TEAM_AIM/src/mission_2' with build type 'ament_cmake'
[0.269s] INFO:colcon.colcon_cmake.task.cmake.build:Building CMake package in '/root/TEAM_AIM/src/mission_2'
[0.271s] INFO:colcon.colcon_core.shell:Skip shell extension 'powershell' for command environment: Not usable outside of PowerShell
[0.272s] DEBUG:colcon.colcon_core.shell:Skip shell extension 'dsv' for command environment
[0.278s] INFO:colcon.colcon_ros.task.ament_cmake.build:Building ROS package in '/root/TEAM_AIM/src/mission_3' with build type 'ament_cmake'
[0.278s] INFO:colcon.colcon_cmake.task.cmake.build:Building CMake package in '/root/TEAM_AIM/src/mission_3'
[0.280s] INFO:colcon.colcon_core.shell:Skip shell extension 'powershell' for command environment: Not usable outside of PowerShell
[0.281s] DEBUG:colcon.colcon_core.shell:Skip shell extension 'dsv' for command environment
[0.287s] INFO:colcon.colcon_ros.task.ament_cmake.build:Building ROS package in '/root/TEAM_AIM/Mobility_Challenge_Simulator/src/simulator_launch' with build type 'ament_cmake'
[0.288s] INFO:colcon.colcon_cmake.task.cmake.build:Building CMake package in '/root/TEAM_AIM/Mobility_Challenge_Simulator/src/simulator_launch'
[0.290s] INFO:colcon.colcon_core.shell:Skip shell extension 'powershell' for command environment: Not usable outside of PowerShell
[0.290s] DEBUG:colcon.colcon_core.shell:Skip shell extension 'dsv' for command environment
[0.303s] DEBUG:colcon.colcon_core.event_handler.log_command:Invoking command in '/root/TEAM_AIM/build/scene_srv': CMAKE_PREFIX_PATH=/opt/ros/foxy /usr/bin/cmake --build /root/TEAM_AIM/build/scene_srv -- -j16 -l16
[0.307s] DEBUG:colcon.colcon_core.event_handler.log_command:Invoking command in '/root/TEAM_AIM/build/domain_bridge': CMAKE_PREFIX_PATH=/opt/ros/foxy /usr/bin/cmake /root/TEAM_AIM/Mobility_Challenge_Simulator/src/domain_bridge -DCMAKE_INSTALL_PREFIX=/root/TEAM_AIM/install/domain_bridge
[0.312s] DEBUG:colcon.colcon_core.event_handler.log_command:Invoking command in '/root/TEAM_AIM/build/mission_2': CMAKE_PREFIX_PATH=/opt/ros/foxy /usr/bin/cmake /root/TEAM_AIM/src/mission_2 -DCMAKE_INSTALL_PREFIX=/root/TEAM_AIM/install/mission_2
[0.316s] DEBUG:colcon.colcon_core.event_handler.log_command:Invoking command in '/root/TEAM_AIM/build/mission_3': CMAKE_PREFIX_PATH=/opt/ros/foxy /usr/bin/cmake /root/TEAM_AIM/src/mission_3 -DCMAKE_INSTALL_PREFIX=/root/TEAM_AIM/install/mission_3
[0.328s] DEBUG:colcon.colcon_core.event_handler.log_command:Invoking command in '/root/TEAM_AIM/build/simulator_launch': CMAKE_PREFIX_PATH=/opt/ros/foxy /usr/bin/cmake --build /root/TEAM_AIM/build/simulator_launch -- -j16 -l16
[0.366s] DEBUG:colcon.colcon_core.event_handler.log_command:Invoked command in '/root/TEAM_AIM/build/simulator_launch' returned '0': CMAKE_PREFIX_PATH=/opt/ros/foxy /usr/bin/cmake --build /root/TEAM_AIM/build/simulator_launch -- -j16 -l16
[0.404s] DEBUG:colcon.colcon_core.event_handler.log_command:Invoking command in '/root/TEAM_AIM/build/simulator_launch': CMAKE_PREFIX_PATH=/opt/ros/foxy /usr/bin/cmake --install /root/TEAM_AIM/build/simulator_launch
[0.413s] Level 1:colcon.colcon_core.environment:create_environment_scripts_only(simulator_launch)
[0.415s] DEBUG:colcon.colcon_core.event_handler.log_command:Invoked command in '/root/TEAM_AIM/build/simulator_launch' returned '0': CMAKE_PREFIX_PATH=/opt/ros/foxy /usr/bin/cmake --install /root/TEAM_AIM/build/simulator_launch
[0.417s] Level 1:colcon.colcon_core.environment:checking '/root/TEAM_AIM/install/simulator_launch' for CMake module files
[0.418s] Level 1:colcon.colcon_core.environment:checking '/root/TEAM_AIM/install/simulator_launch' for CMake config files
[0.418s] Level 1:colcon.colcon_core.shell:create_environment_hook('simulator_launch', 'cmake_prefix_path')
[0.419s] INFO:colcon.colcon_core.shell:Creating environment hook '/root/TEAM_AIM/install/simulator_launch/share/simulator_launch/hook/cmake_prefix_path.ps1'
[0.420s] INFO:colcon.colcon_core.shell:Creating environment descriptor '/root/TEAM_AIM/install/simulator_launch/share/simulator_launch/hook/cmake_prefix_path.dsv'
[0.420s] INFO:colcon.colcon_core.shell:Creating environment hook '/root/TEAM_AIM/install/simulator_launch/share/simulator_launch/hook/cmake_prefix_path.sh'
[0.421s] Level 1:colcon.colcon_core.environment:checking '/root/TEAM_AIM/install/simulator_launch/bin'
[0.421s] Level 1:colcon.colcon_core.environment:checking '/root/TEAM_AIM/install/simulator_launch/lib/pkgconfig/simulator_launch.pc'
[0.421s] Level 1:colcon.colcon_core.environment:checking '/root/TEAM_AIM/install/simulator_launch/lib/python3.8/site-packages'
[0.422s] Level 1:colcon.colcon_core.environment:checking '/root/TEAM_AIM/install/simulator_launch/bin'
[0.423s] INFO:colcon.colcon_core.shell:Creating package script '/root/TEAM_AIM/install/simulator_launch/share/simulator_launch/package.ps1'
[0.424s] INFO:colcon.colcon_core.shell:Creating package descriptor '/root/TEAM_AIM/install/simulator_launch/share/simulator_launch/package.dsv'
[0.424s] INFO:colcon.colcon_core.shell:Creating package script '/root/TEAM_AIM/install/simulator_launch/share/simulator_launch/package.sh'
[0.424s] INFO:colcon.colcon_core.shell:Creating package script '/root/TEAM_AIM/install/simulator_launch/share/simulator_launch/package.bash'
[0.425s] INFO:colcon.colcon_core.shell:Creating package script '/root/TEAM_AIM/install/simulator_launch/share/simulator_launch/package.zsh'
[0.425s] Level 1:colcon.colcon_core.environment:create_file_with_runtime_dependencies(/root/TEAM_AIM/install/simulator_launch/share/colcon-core/packages/simulator_launch)
[0.447s] Level 1:colcon.colcon_core.environment:create_environment_scripts_only(simulator_launch)
[0.449s] Level 1:colcon.colcon_core.environment:checking '/root/TEAM_AIM/install/simulator_launch' for CMake module files
[0.450s] Level 1:colcon.colcon_core.environment:checking '/root/TEAM_AIM/install/simulator_launch' for CMake config files
[0.450s] Level 1:colcon.colcon_core.shell:create_environment_hook('simulator_launch', 'cmake_prefix_path')
[0.451s] INFO:colcon.colcon_core.shell:Creating environment hook '/root/TEAM_AIM/install/simulator_launch/share/simulator_launch/hook/cmake_prefix_path.ps1'
[0.452s] INFO:colcon.colcon_core.shell:Creating environment descriptor '/root/TEAM_AIM/install/simulator_launch/share/simulator_launch/hook/cmake_prefix_path.dsv'
[0.452s] INFO:colcon.colcon_core.shell:Creating environment hook '/root/TEAM_AIM/install/simulator_launch/share/simulator_launch/hook/cmake_prefix_path.sh'
[0.452s] Level 1:colcon.colcon_core.environment:checking '/root/TEAM_AIM/install/simulator_launch/bin'
[0.452s] Level 1:colcon.colcon_core.environment:checking '/root/TEAM_AIM/install/simulator_launch/lib/pkgconfig/simulator_launch.pc'
[0.452s] Level 1:colcon.colcon_core.environment:checking '/root/TEAM_AIM/install/simulator_launch/lib/python3.8/site-packages'
[0.452s] Level 1:colcon.colcon_core.environment:checking '/root/TEAM_AIM/install/simulator_launch/bin'
[0.454s] INFO:colcon.colcon_core.shell:Creating package script '/root/TEAM_AIM/install/simulator_launch/share/simulator_launch/package.ps1'
[0.454s] INFO:colcon.colcon_core.shell:Creating package descriptor '/root/TEAM_AIM/install/simulator_launch/share/simulator_launch/package.dsv'
[0.455s] INFO:colcon.colcon_core.shell:Creating package script '/root/TEAM_AIM/install/simulator_launch/share/simulator_launch/package.sh'
[0.455s] INFO:colcon.colcon_core.shell:Creating package script '/root/TEAM_AIM/install/simulator_launch/share/simulator_launch/package.bash'
[0.455s] INFO:colcon.colcon_core.shell:Creating package script '/root/TEAM_AIM/install/simulator_launch/share/simulator_launch/package.zsh'
[0.455s] Level 1:colcon.colcon_core.environment:create_file_with_runtime_dependencies(/root/TEAM_AIM/install/simulator_launch/share/colcon-core/packages/simulator_launch)
[0.510s] DEBUG:colcon.colcon_core.event_handler.log_command:Invoked command in '/root/TEAM_AIM/build/scene_srv' returned '0': CMAKE_PREFIX_PATH=/opt/ros/foxy /usr/bin/cmake --build /root/TEAM_AIM/build/scene_srv -- -j16 -l16
[0.572s] DEBUG:colcon.colcon_core.event_handler.log_command:Invoking command in '/root/TEAM_AIM/build/scene_srv': CMAKE_PREFIX_PATH=/opt/ros/foxy /usr/bin/cmake --install /root/TEAM_AIM/build/scene_srv
[0.633s] Level 1:colcon.colcon_core.environment:create_environment_scripts_only(scene_srv)
[0.636s] Level 1:colcon.colcon_core.environment:checking '/root/TEAM_AIM/install/scene_srv' for CMake module files
[0.636s] DEBUG:colcon.colcon_core.event_handler.log_command:Invoked command in '/root/TEAM_AIM/build/scene_srv' returned '0': CMAKE_PREFIX_PATH=/opt/ros/foxy /usr/bin/cmake --install /root/TEAM_AIM/build/scene_srv
[0.637s] Level 1:colcon.colcon_core.environment:checking '/root/TEAM_AIM/install/scene_srv' for CMake config files
[0.637s] Level 1:colcon.colcon_core.shell:create_environment_hook('scene_srv', 'cmake_prefix_path')
[0.638s] INFO:colcon.colcon_core.shell:Creating environment hook '/root/TEAM_AIM/install/scene_srv/share/scene_srv/hook/cmake_prefix_path.ps1'
[0.639s] INFO:colcon.colcon_core.shell:Creating environment descriptor '/root/TEAM_AIM/install/scene_srv/share/scene_srv/hook/cmake_prefix_path.dsv'
[0.639s] INFO:colcon.colcon_core.shell:Creating environment hook '/root/TEAM_AIM/install/scene_srv/share/scene_srv/hook/cmake_prefix_path.sh'
[0.639s] Level 1:colcon.colcon_core.environment:checking '/root/TEAM_AIM/install/scene_srv/lib'
[0.639s] Level 1:colcon.colcon_core.shell:create_environment_hook('scene_srv', 'ld_library_path_lib')
[0.641s] INFO:colcon.colcon_core.shell:Creating environment hook '/root/TEAM_AIM/install/scene_srv/share/scene_srv/hook/ld_library_path_lib.ps1'
[0.641s] INFO:colcon.colcon_core.shell:Creating environment descriptor '/root/TEAM_AIM/install/scene_srv/share/scene_srv/hook/ld_library_path_lib.dsv'
[0.641s] INFO:colcon.colcon_core.shell:Creating environment hook '/root/TEAM_AIM/install/scene_srv/share/scene_srv/hook/ld_library_path_lib.sh'
[0.641s] Level 1:colcon.colcon_core.environment:checking '/root/TEAM_AIM/install/scene_srv/bin'
[0.642s] Level 1:colcon.colcon_core.environment:checking '/root/TEAM_AIM/install/scene_srv/lib/pkgconfig/scene_srv.pc'
[0.642s] Level 1:colcon.colcon_core.environment:checking '/root/TEAM_AIM/install/scene_srv/lib/python3.8/site-packages'
[0.642s] Level 1:colcon.colcon_core.shell:create_environment_hook('scene_srv', 'pythonpath')
[0.643s] INFO:colcon.colcon_core.shell:Creating environment hook '/root/TEAM_AIM/install/scene_srv/share/scene_srv/hook/pythonpath.ps1'
[0.644s] INFO:colcon.colcon_core.shell:Creating environment descriptor '/root/TEAM_AIM/install/scene_srv/share/scene_srv/hook/pythonpath.dsv'
[0.644s] INFO:colcon.colcon_core.shell:Creating environment hook '/root/TEAM_AIM/install/scene_srv/share/scene_srv/hook/pythonpath.sh'
[0.644s] Level 1:colcon.colcon_core.environment:checking '/root/TEAM_AIM/install/scene_srv/bin'
[0.645s] INFO:colcon.colcon_core.shell:Creating package script '/root/TEAM_AIM/install/scene_srv/share/scene_srv/package.ps1'
[0.646s] INFO:colcon.colcon_core.shell:Creating package descriptor '/root/TEAM_AIM/install/scene_srv/share/scene_srv/package.dsv'
[0.646s] INFO:colcon.colcon_core.shell:Creating package script '/root/TEAM_AIM/install/scene_srv/share/scene_srv/package.sh'
[0.646s] INFO:colcon.colcon_core.shell:Creating package script '/root/TEAM_AIM/install/scene_srv/share/scene_srv/package.bash'
[0.647s] INFO:colcon.colcon_core.shell:Creating package script '/root/TEAM_AIM/install/scene_srv/share/scene_srv/package.zsh'
[0.647s] Level 1:colcon.colcon_core.environment:create_file_with_runtime_dependencies(/root/TEAM_AIM/install/scene_srv/share/colcon-core/packages/scene_srv)
[0.716s] Level 1:colcon.colcon_core.environment:create_environment_scripts_only(scene_srv)
[0.718s] Level 1:colcon.colcon_core.environment:checking '/root/TEAM_AIM/install/scene_srv' for CMake module files
[0.719s] Level 1:colcon.colcon_core.environment:checking '/root/TEAM_AIM/install/scene_srv' for CMake config files
[0.719s] Level 1:colcon.colcon_core.shell:create_environment_hook('scene_srv', 'cmake_prefix_path')
[0.720s] INFO:colcon.colcon_core.shell:Creating environment hook '/root/TEAM_AIM/install/scene_srv/share/scene_srv/hook/cmake_prefix_path.ps1'
[0.721s] INFO:colcon.colcon_core.shell:Creating environment descriptor '/root/TEAM_AIM/install/scene_srv/share/scene_srv/hook/cmake_prefix_path.dsv'
[0.721s] INFO:colcon.colcon_core.shell:Creating environment hook '/root/TEAM_AIM/install/scene_srv/share/scene_srv/hook/cmake_prefix_path.sh'
[0.721s] Level 1:colcon.colcon_core.environment:checking '/root/TEAM_AIM/install/scene_srv/lib'
[0.722s] Level 1:colcon.colcon_core.shell:create_environment_hook('scene_srv', 'ld_library_path_lib')
[0.723s] INFO:colcon.colcon_core.shell:Creating environment hook '/root/TEAM_AIM/install/scene_srv/share/scene_srv/hook/ld_library_path_lib.ps1'
[0.723s] INFO:colcon.colcon_core.shell:Creating environment descriptor '/root/TEAM_AIM/install/scene_srv/share/scene_srv/hook/ld_library_path_lib.dsv'
[0.723s] INFO:colcon.colcon_core.shell:Creating environment hook '/root/TEAM_AIM/install/scene_srv/share/scene_srv/hook/ld_library_path_lib.sh'
[0.724s] Level 1:colcon.colcon_core.environment:checking '/root/TEAM_AIM/install/scene_srv/bin'
[0.724s] Level 1:colcon.colcon_core.environment:checking '/root/TEAM_AIM/install/scene_srv/lib/pkgconfig/scene_srv.pc'
[0.724s] Level 1:colcon.colcon_core.environment:checking '/root/TEAM_AIM/install/scene_srv/lib/python3.8/site-packages'
[0.724s] Level 1:colcon.colcon_core.shell:create_environment_hook('scene_srv', 'pythonpath')
[0.725s] INFO:colcon.colcon_core.shell:Creating environment hook '/root/TEAM_AIM/install/scene_srv/share/scene_srv/hook/pythonpath.ps1'
[0.726s] INFO:colcon.colcon_core.shell:Creating environment descriptor '/root/TEAM_AIM/install/scene_srv/share/scene_srv/hook/pythonpath.dsv'
[0.726s] INFO:colcon.colcon_core.shell:Creating environment hook '/root/TEAM_AIM/install/scene_srv/share/scene_srv/hook/pythonpath.sh'
[0.726s] Level 1:colcon.colcon_core.environment:checking '/root/TEAM_AIM/install/scene_srv/bin'
[0.727s] INFO:colcon.colcon_core.shell:Creating package script '/root/TEAM_AIM/install/scene_srv/share/scene_srv/package.ps1'
[0.728s] INFO:colcon.colcon_core.shell:Creating package descriptor '/root/TEAM_AIM/install/scene_srv/share/scene_srv/package.dsv'
[0.728s] INFO:colcon.colcon_core.shell:Creating package script '/root/TEAM_AIM/install/scene_srv/share/scene_srv/package.sh'
[0.728s] INFO:colcon.colcon_core.shell:Creating package script '/root/TEAM_AIM/install/scene_srv/share/scene_srv/package.bash'
[0.728s] INFO:colcon.colcon_core.shell:Creating package script '/root/TEAM_AIM/install/scene_srv/share/scene_srv/package.zsh'
[0.729s] Level 1:colcon.colcon_core.environment:create_file_with_runtime_dependencies(/root/TEAM_AIM/install/scene_srv/share/colcon-core/packages/scene_srv)
[0.729s] INFO:colcon.colcon_ros.task.ament_cmake.build:Building ROS package in '/root/TEAM_AIM/Mobility_Challenge_Simulator/src/hv_handler' with build type 'ament_cmake'
[0.729s] INFO:colcon.colcon_cmake.task.cmake.build:Building CMake package in '/root/TEAM_AIM/Mobility_Challenge_Simulator/src/hv_handler'
[0.731s] INFO:colcon.colcon_core.shell:Skip shell extension 'powershell' for command environment: Not usable outside of PowerShell
[0.731s] DEBUG:colcon.colcon_core.shell:Skip shell extension 'dsv' for command environment
[0.738s] INFO:colcon.colcon_ros.task.ament_cmake.build:Building ROS package in '/root/TEAM_AIM/Mobility_Challenge_Simulator/src/simulator' with build type 'ament_cmake'
[0.738s] INFO:colcon.colcon_cmake.task.cmake.build:Building CMake package in '/root/TEAM_AIM/Mobility_Challenge_Simulator/src/simulator'
[0.740s] INFO:colcon.colcon_core.shell:Skip shell extension 'powershell' for command environment: Not usable outside of PowerShell
[0.740s] DEBUG:colcon.colcon_core.shell:Skip shell extension 'dsv' for command environment
[0.750s] DEBUG:colcon.colcon_core.event_handler.log_command:Invoking command in '/root/TEAM_AIM/build/hv_handler': AMENT_PREFIX_PATH=/root/TEAM_AIM/install/scene_srv:${AMENT_PREFIX_PATH} CMAKE_PREFIX_PATH=/root/TEAM_AIM/install/scene_srv:/opt/ros/foxy LD_LIBRARY_PATH=/root/TEAM_AIM/install/scene_srv/lib:${LD_LIBRARY_PATH} PYTHONPATH=/root/TEAM_AIM/install/scene_srv/lib/python3.8/site-packages:${PYTHONPATH} /usr/bin/cmake /root/TEAM_AIM/Mobility_Challenge_Simulator/src/hv_handler -DCMAKE_INSTALL_PREFIX=/root/TEAM_AIM/install/hv_handler
[0.754s] DEBUG:colcon.colcon_core.event_handler.log_command:Invoking command in '/root/TEAM_AIM/build/simulator': AMENT_PREFIX_PATH=/root/TEAM_AIM/install/scene_srv:${AMENT_PREFIX_PATH} CMAKE_PREFIX_PATH=/root/TEAM_AIM/install/scene_srv:/opt/ros/foxy LD_LIBRARY_PATH=/root/TEAM_AIM/install/scene_srv/lib:${LD_LIBRARY_PATH} PYTHONPATH=/root/TEAM_AIM/install/scene_srv/lib/python3.8/site-packages:${PYTHONPATH} /usr/bin/cmake /root/TEAM_AIM/Mobility_Challenge_Simulator/src/simulator -DCMAKE_INSTALL_PREFIX=/root/TEAM_AIM/install/simulator
[0.851s] DEBUG:colcon.colcon_core.event_handler.log_command:Invoked command in '/root/TEAM_AIM/build/mission_3' returned '0': CMAKE_PREFIX_PATH=/opt/ros/foxy /usr/bin/cmake /root/TEAM_AIM/src/mission_3 -DCMAKE_INSTALL_PREFIX=/root/TEAM_AIM/install/mission_3
[0.854s] DEBUG:colcon.colcon_core.event_handler.log_command:Invoking command in '/root/TEAM_AIM/build/mission_3': CMAKE_PREFIX_PATH=/opt/ros/foxy /usr/bin/cmake --build /root/TEAM_AIM/build/mission_3 -- -j16 -l16
[0.855s] DEBUG:colcon.colcon_core.event_handler.log_command:Invoked command in '/root/TEAM_AIM/build/mission_2' returned '1': CMAKE_PREFIX_PATH=/opt/ros/foxy /usr/bin/cmake /root/TEAM_AIM/src/mission_2 -DCMAKE_INSTALL_PREFIX=/root/TEAM_AIM/install/mission_2
[0.869s] Level 1:colcon.colcon_core.environment:create_environment_scripts_only(mission_2)
[0.871s] Level 1:colcon.colcon_core.environment:checking '/root/TEAM_AIM/install/mission_2' for CMake module files
[0.871s] Level 1:colcon.colcon_core.environment:checking '/root/TEAM_AIM/install/mission_2' for CMake config files
[0.872s] Level 1:colcon.colcon_core.environment:checking '/root/TEAM_AIM/install/mission_2/bin'
[0.872s] Level 1:colcon.colcon_core.environment:checking '/root/TEAM_AIM/install/mission_2/lib/pkgconfig/mission_2.pc'
[0.872s] Level 1:colcon.colcon_core.environment:checking '/root/TEAM_AIM/install/mission_2/lib/python3.8/site-packages'
[0.872s] Level 1:colcon.colcon_core.environment:checking '/root/TEAM_AIM/install/mission_2/bin'
[0.874s] INFO:colcon.colcon_core.shell:Creating package script '/root/TEAM_AIM/install/mission_2/share/mission_2/package.ps1'
[0.874s] INFO:colcon.colcon_core.shell:Creating package descriptor '/root/TEAM_AIM/install/mission_2/share/mission_2/package.dsv'
[0.874s] INFO:colcon.colcon_core.shell:Creating package script '/root/TEAM_AIM/install/mission_2/share/mission_2/package.sh'
[0.874s] INFO:colcon.colcon_core.shell:Creating package script '/root/TEAM_AIM/install/mission_2/share/mission_2/package.bash'
[0.875s] INFO:colcon.colcon_core.shell:Creating package script '/root/TEAM_AIM/install/mission_2/share/mission_2/package.zsh'
[0.875s] Level 1:colcon.colcon_core.environment:create_file_with_runtime_dependencies(/root/TEAM_AIM/install/mission_2/share/colcon-core/packages/mission_2)
[6.005s] DEBUG:colcon.colcon_parallel_executor.executor.parallel:closing loop
[6.006s] DEBUG:colcon.colcon_parallel_executor.executor.parallel:loop closed
[6.006s] DEBUG:colcon.colcon_parallel_executor.executor.parallel:run_until_complete finished with '1'
[6.006s] DEBUG:colcon.colcon_core.event_reactor:joining thread
[6.011s] INFO:colcon.colcon_core.plugin_system:Skipping extension 'colcon_notification.desktop_notification.notify_send': Could not find 'notify-send'
[6.011s] INFO:colcon.colcon_core.plugin_system:Skipping extension 'colcon_notification.desktop_notification.terminal_notifier': Not used on non-Darwin systems
[6.011s] INFO:colcon.colcon_core.plugin_system:Skipping extension 'colcon_notification.desktop_notification.win32': Not used on non-Windows systems
[6.011s] INFO:colcon.colcon_notification.desktop_notification:Sending desktop notification using 'notify2'
[6.014s] DEBUG:colcon.colcon_notification.desktop_notification.notify2:Failed to initialize notify2: org.freedesktop.DBus.Error.Spawn.ExecFailed: /usr/bin/dbus-launch terminated abnormally without any error message
[6.014s] DEBUG:colcon.colcon_core.event_reactor:joined thread
[6.016s] INFO:colcon.colcon_core.shell:Creating prefix script '/root/TEAM_AIM/install/local_setup.ps1'
[6.017s] INFO:colcon.colcon_core.shell:Creating prefix util module '/root/TEAM_AIM/install/_local_setup_util_ps1.py'
[6.018s] INFO:colcon.colcon_core.shell:Creating prefix chain script '/root/TEAM_AIM/install/setup.ps1'
[6.020s] INFO:colcon.colcon_core.shell:Creating prefix script '/root/TEAM_AIM/install/local_setup.sh'
[6.020s] INFO:colcon.colcon_core.shell:Creating prefix util module '/root/TEAM_AIM/install/_local_setup_util_sh.py'
[6.020s] INFO:colcon.colcon_core.shell:Creating prefix chain script '/root/TEAM_AIM/install/setup.sh'
[6.021s] INFO:colcon.colcon_core.shell:Creating prefix script '/root/TEAM_AIM/install/local_setup.bash'
[6.022s] INFO:colcon.colcon_core.shell:Creating prefix chain script '/root/TEAM_AIM/install/setup.bash'
[6.024s] INFO:colcon.colcon_core.shell:Creating prefix script '/root/TEAM_AIM/install/local_setup.zsh'
[6.024s] INFO:colcon.colcon_core.shell:Creating prefix chain script '/root/TEAM_AIM/install/setup.zsh'
