[0.055s] Invoking command in '/root/TEAM_AIM/build/domain_bridge': CMAKE_PREFIX_PATH=${CMAKE_PREFIX_PATH}:/opt/ros/foxy /usr/bin/cmake --build /root/TEAM_AIM/build/domain_bridge -- -j16 -l16
[0.109s] [  6%] Built target domain_bridge__cpp
[0.109s] [  9%] Built target domain_bridge__rosidl_generator_c
[0.132s] [ 22%] Built target domain_bridge__rosidl_typesupport_c
[0.132s] [ 22%] Built target domain_bridge__rosidl_typesupport_cpp
[0.133s] [ 29%] Built target domain_bridge__rosidl_typesupport_introspection_cpp
[0.133s] [ 36%] Built target domain_bridge__rosidl_typesupport_introspection_c
[0.137s] [ 43%] Built target domain_bridge__rosidl_typesupport_fastrtps_cpp
[0.156s] [ 50%] Built target domain_bridge__rosidl_typesupport_fastrtps_c
[0.176s] [ 50%] Built target domain_bridge
[0.198s] [ 52%] Built target domain_bridge__py
[0.210s] [ 77%] Built target domain_bridge_lib
[0.224s] [ 81%] Built target domain_bridge__python
[0.241s] [ 86%] Built target domain_bridge_exec
[0.250s] [ 97%] Built target domain_bridge__rosidl_typesupport_fastrtps_c__pyext
[0.250s] [ 97%] Built target domain_bridge__rosidl_typesupport_introspection_c__pyext
[0.252s] [100%] Built target domain_bridge__rosidl_typesupport_c__pyext
[0.267s] Invoked command in '/root/TEAM_AIM/build/domain_bridge' returned '0': CMAKE_PREFIX_PATH=${CMAKE_PREFIX_PATH}:/opt/ros/foxy /usr/bin/cmake --build /root/TEAM_AIM/build/domain_bridge -- -j16 -l16
[0.351s] Invoking command in '/root/TEAM_AIM/build/domain_bridge': CMAKE_PREFIX_PATH=${CMAKE_PREFIX_PATH}:/opt/ros/foxy /usr/bin/cmake --install /root/TEAM_AIM/build/domain_bridge
[0.357s] -- Install configuration: ""
[0.357s] -- Up-to-date: /root/TEAM_AIM/install/domain_bridge/share/ament_index/resource_index/rosidl_interfaces/domain_bridge
[0.357s] -- Up-to-date: /root/TEAM_AIM/install/domain_bridge/include/domain_bridge
[0.357s] -- Up-to-date: /root/TEAM_AIM/install/domain_bridge/include/domain_bridge/msg
[0.357s] -- Up-to-date: /root/TEAM_AIM/install/domain_bridge/include/domain_bridge/msg/rosidl_generator_c__visibility_control.h
[0.358s] -- Up-to-date: /root/TEAM_AIM/install/domain_bridge/include/domain_bridge/msg/compressed_msg.h
[0.358s] -- Up-to-date: /root/TEAM_AIM/install/domain_bridge/include/domain_bridge/msg/detail
[0.358s] -- Up-to-date: /root/TEAM_AIM/install/domain_bridge/include/domain_bridge/msg/detail/compressed_msg__type_support.h
[0.358s] -- Up-to-date: /root/TEAM_AIM/install/domain_bridge/include/domain_bridge/msg/detail/compressed_msg__functions.c
[0.358s] -- Up-to-date: /root/TEAM_AIM/install/domain_bridge/include/domain_bridge/msg/detail/compressed_msg__functions.h
[0.358s] -- Up-to-date: /root/TEAM_AIM/install/domain_bridge/include/domain_bridge/msg/detail/compressed_msg__struct.h
[0.358s] -- Up-to-date: /root/TEAM_AIM/install/domain_bridge/share/domain_bridge/environment/library_path.sh
[0.358s] -- Up-to-date: /root/TEAM_AIM/install/domain_bridge/share/domain_bridge/environment/library_path.dsv
[0.359s] -- Up-to-date: /root/TEAM_AIM/install/domain_bridge/lib/libdomain_bridge__rosidl_generator_c.so
[0.359s] -- Up-to-date: /root/TEAM_AIM/install/domain_bridge/include/domain_bridge
[0.359s] -- Up-to-date: /root/TEAM_AIM/install/domain_bridge/include/domain_bridge/msg
[0.359s] -- Up-to-date: /root/TEAM_AIM/install/domain_bridge/include/domain_bridge/msg/rosidl_typesupport_fastrtps_c__visibility_control.h
[0.359s] -- Up-to-date: /root/TEAM_AIM/install/domain_bridge/include/domain_bridge/msg/detail
[0.359s] -- Up-to-date: /root/TEAM_AIM/install/domain_bridge/include/domain_bridge/msg/detail/compressed_msg__rosidl_typesupport_fastrtps_c.h
[0.359s] -- Up-to-date: /root/TEAM_AIM/install/domain_bridge/lib/libdomain_bridge__rosidl_typesupport_fastrtps_c.so
[0.359s] -- Up-to-date: /root/TEAM_AIM/install/domain_bridge/include/domain_bridge
[0.359s] -- Up-to-date: /root/TEAM_AIM/install/domain_bridge/include/domain_bridge/msg
[0.359s] -- Up-to-date: /root/TEAM_AIM/install/domain_bridge/include/domain_bridge/msg/rosidl_typesupport_fastrtps_cpp__visibility_control.h
[0.359s] -- Up-to-date: /root/TEAM_AIM/install/domain_bridge/include/domain_bridge/msg/detail
[0.359s] -- Up-to-date: /root/TEAM_AIM/install/domain_bridge/include/domain_bridge/msg/detail/dds_fastrtps
[0.359s] -- Up-to-date: /root/TEAM_AIM/install/domain_bridge/include/domain_bridge/msg/detail/compressed_msg__rosidl_typesupport_fastrtps_cpp.hpp
[0.359s] -- Up-to-date: /root/TEAM_AIM/install/domain_bridge/lib/libdomain_bridge__rosidl_typesupport_fastrtps_cpp.so
[0.359s] -- Up-to-date: /root/TEAM_AIM/install/domain_bridge/include/domain_bridge
[0.359s] -- Up-to-date: /root/TEAM_AIM/install/domain_bridge/include/domain_bridge/msg
[0.359s] -- Up-to-date: /root/TEAM_AIM/install/domain_bridge/include/domain_bridge/msg/detail
[0.359s] -- Up-to-date: /root/TEAM_AIM/install/domain_bridge/include/domain_bridge/msg/detail/compressed_msg__type_support.c
[0.359s] -- Up-to-date: /root/TEAM_AIM/install/domain_bridge/include/domain_bridge/msg/detail/compressed_msg__rosidl_typesupport_introspection_c.h
[0.359s] -- Up-to-date: /root/TEAM_AIM/install/domain_bridge/include/domain_bridge/msg/rosidl_typesupport_introspection_c__visibility_control.h
[0.359s] -- Up-to-date: /root/TEAM_AIM/install/domain_bridge/lib/libdomain_bridge__rosidl_typesupport_introspection_c.so
[0.359s] -- Up-to-date: /root/TEAM_AIM/install/domain_bridge/lib/libdomain_bridge__rosidl_typesupport_c.so
[0.359s] -- Up-to-date: /root/TEAM_AIM/install/domain_bridge/include/domain_bridge
[0.359s] -- Up-to-date: /root/TEAM_AIM/install/domain_bridge/include/domain_bridge/msg
[0.359s] -- Up-to-date: /root/TEAM_AIM/install/domain_bridge/include/domain_bridge/msg/compressed_msg.hpp
[0.360s] -- Up-to-date: /root/TEAM_AIM/install/domain_bridge/include/domain_bridge/msg/rosidl_generator_cpp__visibility_control.hpp
[0.360s] -- Up-to-date: /root/TEAM_AIM/install/domain_bridge/include/domain_bridge/msg/detail
[0.360s] -- Up-to-date: /root/TEAM_AIM/install/domain_bridge/include/domain_bridge/msg/detail/compressed_msg__builder.hpp
[0.360s] -- Up-to-date: /root/TEAM_AIM/install/domain_bridge/include/domain_bridge/msg/detail/compressed_msg__struct.hpp
[0.360s] -- Up-to-date: /root/TEAM_AIM/install/domain_bridge/include/domain_bridge/msg/detail/compressed_msg__traits.hpp
[0.360s] -- Up-to-date: /root/TEAM_AIM/install/domain_bridge/include/domain_bridge/msg/detail/compressed_msg__type_support.hpp
[0.360s] -- Up-to-date: /root/TEAM_AIM/install/domain_bridge/include/domain_bridge
[0.360s] -- Up-to-date: /root/TEAM_AIM/install/domain_bridge/include/domain_bridge/msg
[0.360s] -- Up-to-date: /root/TEAM_AIM/install/domain_bridge/include/domain_bridge/msg/detail
[0.360s] -- Up-to-date: /root/TEAM_AIM/install/domain_bridge/include/domain_bridge/msg/detail/compressed_msg__type_support.cpp
[0.360s] -- Up-to-date: /root/TEAM_AIM/install/domain_bridge/include/domain_bridge/msg/detail/compressed_msg__rosidl_typesupport_introspection_cpp.hpp
[0.360s] -- Up-to-date: /root/TEAM_AIM/install/domain_bridge/lib/libdomain_bridge__rosidl_typesupport_introspection_cpp.so
[0.360s] -- Up-to-date: /root/TEAM_AIM/install/domain_bridge/lib/libdomain_bridge__rosidl_typesupport_cpp.so
[0.360s] -- Up-to-date: /root/TEAM_AIM/install/domain_bridge/share/domain_bridge/environment/pythonpath.sh
[0.360s] -- Up-to-date: /root/TEAM_AIM/install/domain_bridge/share/domain_bridge/environment/pythonpath.dsv
[0.360s] -- Up-to-date: /root/TEAM_AIM/install/domain_bridge/lib/python3.8/site-packages/domain_bridge/__init__.py
[0.385s] -- Up-to-date: /root/TEAM_AIM/install/domain_bridge/lib/python3.8/site-packages/domain_bridge/msg
[0.385s] -- Up-to-date: /root/TEAM_AIM/install/domain_bridge/lib/python3.8/site-packages/domain_bridge/msg/__init__.py
[0.385s] -- Up-to-date: /root/TEAM_AIM/install/domain_bridge/lib/python3.8/site-packages/domain_bridge/msg/_compressed_msg.py
[0.385s] -- Up-to-date: /root/TEAM_AIM/install/domain_bridge/lib/python3.8/site-packages/domain_bridge/msg/_compressed_msg_s.c
[0.386s] -- Up-to-date: /root/TEAM_AIM/install/domain_bridge/lib/python3.8/site-packages/domain_bridge/domain_bridge_s__rosidl_typesupport_fastrtps_c.cpython-38-x86_64-linux-gnu.so
[0.386s] -- Up-to-date: /root/TEAM_AIM/install/domain_bridge/lib/python3.8/site-packages/domain_bridge/domain_bridge_s__rosidl_typesupport_introspection_c.cpython-38-x86_64-linux-gnu.so
[0.386s] -- Up-to-date: /root/TEAM_AIM/install/domain_bridge/lib/python3.8/site-packages/domain_bridge/domain_bridge_s__rosidl_typesupport_c.cpython-38-x86_64-linux-gnu.so
[0.386s] -- Up-to-date: /root/TEAM_AIM/install/domain_bridge/lib/libdomain_bridge__python.so
[0.386s] -- Up-to-date: /root/TEAM_AIM/install/domain_bridge/share/domain_bridge/msg/CompressedMsg.idl
[0.389s] -- Up-to-date: /root/TEAM_AIM/install/domain_bridge/share/domain_bridge/msg/CompressedMsg.msg
[0.389s] -- Up-to-date: /root/TEAM_AIM/install/domain_bridge/include
[0.389s] -- Up-to-date: /root/TEAM_AIM/install/domain_bridge/include/domain_bridge
[0.389s] -- Up-to-date: /root/TEAM_AIM/install/domain_bridge/include/domain_bridge/topic_bridge_options.hpp
[0.389s] -- Up-to-date: /root/TEAM_AIM/install/domain_bridge/include/domain_bridge/service_bridge_impl.inc
[0.390s] -- Up-to-date: /root/TEAM_AIM/install/domain_bridge/include/domain_bridge/process_cmd_line_arguments.hpp
[0.390s] -- Up-to-date: /root/TEAM_AIM/install/domain_bridge/include/domain_bridge/topic_bridge.hpp
[0.390s] -- Up-to-date: /root/TEAM_AIM/install/domain_bridge/include/domain_bridge/domain_bridge.hpp
[0.390s] -- Up-to-date: /root/TEAM_AIM/install/domain_bridge/include/domain_bridge/domain_bridge_options.hpp
[0.390s] -- Up-to-date: /root/TEAM_AIM/install/domain_bridge/include/domain_bridge/service_bridge_options.hpp
[0.390s] -- Up-to-date: /root/TEAM_AIM/install/domain_bridge/include/domain_bridge/qos_options.hpp
[0.390s] -- Up-to-date: /root/TEAM_AIM/install/domain_bridge/include/domain_bridge/domain_bridge_config.hpp
[0.390s] -- Up-to-date: /root/TEAM_AIM/install/domain_bridge/include/domain_bridge/utils.hpp
[0.390s] -- Up-to-date: /root/TEAM_AIM/install/domain_bridge/include/domain_bridge/visibility_control.hpp
[0.390s] -- Up-to-date: /root/TEAM_AIM/install/domain_bridge/include/domain_bridge/parse_domain_bridge_yaml_config.hpp
[0.391s] -- Up-to-date: /root/TEAM_AIM/install/domain_bridge/include/domain_bridge/compress_messages.hpp
[0.391s] -- Up-to-date: /root/TEAM_AIM/install/domain_bridge/lib/domain_bridge/domain_bridge
[0.392s] -- Up-to-date: /root/TEAM_AIM/install/domain_bridge/lib/libdomain_bridge.so
[0.393s] -- Up-to-date: /root/TEAM_AIM/install/domain_bridge/share/domain_bridge/examples
[0.393s] -- Up-to-date: /root/TEAM_AIM/install/domain_bridge/share/domain_bridge/examples/example_bridge_config.yaml
[0.393s] -- Up-to-date: /root/TEAM_AIM/install/domain_bridge/share/domain_bridge/launch
[0.393s] -- Up-to-date: /root/TEAM_AIM/install/domain_bridge/share/domain_bridge/launch/domain_bridge.launch.xml
[0.393s] -- Up-to-date: /root/TEAM_AIM/install/domain_bridge/share/ament_index/resource_index/package_run_dependencies/domain_bridge
[0.393s] -- Up-to-date: /root/TEAM_AIM/install/domain_bridge/share/ament_index/resource_index/parent_prefix_path/domain_bridge
[0.393s] -- Up-to-date: /root/TEAM_AIM/install/domain_bridge/share/domain_bridge/environment/ament_prefix_path.sh
[0.393s] -- Up-to-date: /root/TEAM_AIM/install/domain_bridge/share/domain_bridge/environment/ament_prefix_path.dsv
[0.393s] -- Up-to-date: /root/TEAM_AIM/install/domain_bridge/share/domain_bridge/environment/path.sh
[0.394s] -- Up-to-date: /root/TEAM_AIM/install/domain_bridge/share/domain_bridge/environment/path.dsv
[0.397s] -- Up-to-date: /root/TEAM_AIM/install/domain_bridge/share/domain_bridge/local_setup.bash
[0.400s] -- Up-to-date: /root/TEAM_AIM/install/domain_bridge/share/domain_bridge/local_setup.sh
[0.400s] -- Up-to-date: /root/TEAM_AIM/install/domain_bridge/share/domain_bridge/local_setup.zsh
[0.400s] -- Up-to-date: /root/TEAM_AIM/install/domain_bridge/share/domain_bridge/local_setup.dsv
[0.401s] -- Installing: /root/TEAM_AIM/install/domain_bridge/share/domain_bridge/package.dsv
[0.401s] -- Up-to-date: /root/TEAM_AIM/install/domain_bridge/share/ament_index/resource_index/packages/domain_bridge
[0.401s] -- Up-to-date: /root/TEAM_AIM/install/domain_bridge/share/domain_bridge/cmake/domain_bridge__rosidl_generator_cExport.cmake
[0.401s] -- Up-to-date: /root/TEAM_AIM/install/domain_bridge/share/domain_bridge/cmake/domain_bridge__rosidl_generator_cExport-noconfig.cmake
[0.401s] -- Up-to-date: /root/TEAM_AIM/install/domain_bridge/share/domain_bridge/cmake/domain_bridge__rosidl_typesupport_introspection_cExport.cmake
[0.401s] -- Up-to-date: /root/TEAM_AIM/install/domain_bridge/share/domain_bridge/cmake/domain_bridge__rosidl_typesupport_introspection_cExport-noconfig.cmake
[0.401s] -- Up-to-date: /root/TEAM_AIM/install/domain_bridge/share/domain_bridge/cmake/domain_bridge__rosidl_typesupport_cExport.cmake
[0.401s] -- Up-to-date: /root/TEAM_AIM/install/domain_bridge/share/domain_bridge/cmake/domain_bridge__rosidl_typesupport_cExport-noconfig.cmake
[0.401s] -- Up-to-date: /root/TEAM_AIM/install/domain_bridge/share/domain_bridge/cmake/domain_bridge__rosidl_generator_cppExport.cmake
[0.401s] -- Up-to-date: /root/TEAM_AIM/install/domain_bridge/share/domain_bridge/cmake/domain_bridge__rosidl_typesupport_introspection_cppExport.cmake
[0.402s] -- Up-to-date: /root/TEAM_AIM/install/domain_bridge/share/domain_bridge/cmake/domain_bridge__rosidl_typesupport_introspection_cppExport-noconfig.cmake
[0.402s] -- Up-to-date: /root/TEAM_AIM/install/domain_bridge/share/domain_bridge/cmake/domain_bridge__rosidl_typesupport_cppExport.cmake
[0.402s] -- Up-to-date: /root/TEAM_AIM/install/domain_bridge/share/domain_bridge/cmake/domain_bridge__rosidl_typesupport_cppExport-noconfig.cmake
[0.402s] -- Up-to-date: /root/TEAM_AIM/install/domain_bridge/share/domain_bridge/cmake/export_domain_bridgeExport.cmake
[0.402s] -- Up-to-date: /root/TEAM_AIM/install/domain_bridge/share/domain_bridge/cmake/export_domain_bridgeExport-noconfig.cmake
[0.402s] -- Up-to-date: /root/TEAM_AIM/install/domain_bridge/share/domain_bridge/cmake/rosidl_cmake-extras.cmake
[0.402s] -- Up-to-date: /root/TEAM_AIM/install/domain_bridge/share/domain_bridge/cmake/ament_cmake_export_dependencies-extras.cmake
[0.405s] -- Up-to-date: /root/TEAM_AIM/install/domain_bridge/share/domain_bridge/cmake/ament_cmake_export_libraries-extras.cmake
[0.405s] -- Up-to-date: /root/TEAM_AIM/install/domain_bridge/share/domain_bridge/cmake/ament_cmake_export_targets-extras.cmake
[0.405s] -- Up-to-date: /root/TEAM_AIM/install/domain_bridge/share/domain_bridge/cmake/ament_cmake_export_include_directories-extras.cmake
[0.405s] -- Up-to-date: /root/TEAM_AIM/install/domain_bridge/share/domain_bridge/cmake/rosidl_cmake_export_typesupport_libraries-extras.cmake
[0.405s] -- Up-to-date: /root/TEAM_AIM/install/domain_bridge/share/domain_bridge/cmake/rosidl_cmake_export_typesupport_targets-extras.cmake
[0.405s] -- Up-to-date: /root/TEAM_AIM/install/domain_bridge/share/domain_bridge/cmake/domain_bridgeConfig.cmake
[0.405s] -- Up-to-date: /root/TEAM_AIM/install/domain_bridge/share/domain_bridge/cmake/domain_bridgeConfig-version.cmake
[0.407s] -- Up-to-date: /root/TEAM_AIM/install/domain_bridge/share/domain_bridge/package.xml
[0.407s] Invoked command in '/root/TEAM_AIM/build/domain_bridge' returned '0': CMAKE_PREFIX_PATH=${CMAKE_PREFIX_PATH}:/opt/ros/foxy /usr/bin/cmake --install /root/TEAM_AIM/build/domain_bridge
