[35m[1mScanning dependencies of target control_cav_mission_3[0m
[ 50%] Built target control_tower_mission_3
[ 75%] [32mBuilding CXX object CMakeFiles/control_cav_mission_3.dir/src/control_cav_mission_3.cpp.o[0m
[100%] [32m[1mLinking CXX executable control_cav_mission_3[0m
[100%] Built target control_cav_mission_3
-- Install configuration: ""
-- Installing: /root/TEAM_AIM/install/mission_3/lib/mission_3/control_cav_mission_3
-- Set runtime path of "/root/TEAM_AIM/install/mission_3/lib/mission_3/control_cav_mission_3" to ""
-- Up-to-date: /root/TEAM_AIM/install/mission_3/lib/mission_3/control_tower_mission_3
-- Up-to-date: /root/TEAM_AIM/install/mission_3/share/mission_3/launch
-- Up-to-date: /root/TEAM_AIM/install/mission_3/share/mission_3/launch/mission_3.launch.py
-- Up-to-date: /root/TEAM_AIM/install/mission_3/share/ament_index/resource_index/package_run_dependencies/mission_3
-- Up-to-date: /root/TEAM_AIM/install/mission_3/share/ament_index/resource_index/parent_prefix_path/mission_3
-- Up-to-date: /root/TEAM_AIM/install/mission_3/share/mission_3/environment/ament_prefix_path.sh
-- Up-to-date: /root/TEAM_AIM/install/mission_3/share/mission_3/environment/ament_prefix_path.dsv
-- Up-to-date: /root/TEAM_AIM/install/mission_3/share/mission_3/environment/path.sh
-- Up-to-date: /root/TEAM_AIM/install/mission_3/share/mission_3/environment/path.dsv
-- Up-to-date: /root/TEAM_AIM/install/mission_3/share/mission_3/local_setup.bash
-- Up-to-date: /root/TEAM_AIM/install/mission_3/share/mission_3/local_setup.sh
-- Up-to-date: /root/TEAM_AIM/install/mission_3/share/mission_3/local_setup.zsh
-- Up-to-date: /root/TEAM_AIM/install/mission_3/share/mission_3/local_setup.dsv
-- Installing: /root/TEAM_AIM/install/mission_3/share/mission_3/package.dsv
-- Up-to-date: /root/TEAM_AIM/install/mission_3/share/ament_index/resource_index/packages/mission_3
-- Up-to-date: /root/TEAM_AIM/install/mission_3/share/mission_3/cmake/mission_3Config.cmake
-- Up-to-date: /root/TEAM_AIM/install/mission_3/share/mission_3/cmake/mission_3Config-version.cmake
-- Up-to-date: /root/TEAM_AIM/install/mission_3/share/mission_3/package.xml
