[ 50%] Built target control_tower_mission_3
[100%] Built target control_cav_mission_3
-- Install configuration: ""
-- Installing: /root/TEAM_AIM/install/mission_3/lib/mission_3/control_cav_mission_3
-- Set runtime path of "/root/TEAM_AIM/install/mission_3/lib/mission_3/control_cav_mission_3" to ""
-- Installing: /root/TEAM_AIM/install/mission_3/lib/mission_3/control_tower_mission_3
-- Set runtime path of "/root/TEAM_AIM/install/mission_3/lib/mission_3/control_tower_mission_3" to ""
-- Installing: /root/TEAM_AIM/install/mission_3/share/ament_index/resource_index/package_run_dependencies/mission_3
-- Installing: /root/TEAM_AIM/install/mission_3/share/ament_index/resource_index/parent_prefix_path/mission_3
-- Installing: /root/TEAM_AIM/install/mission_3/share/mission_3/environment/ament_prefix_path.sh
-- Installing: /root/TEAM_AIM/install/mission_3/share/mission_3/environment/ament_prefix_path.dsv
-- Installing: /root/TEAM_AIM/install/mission_3/share/mission_3/environment/path.sh
-- Installing: /root/TEAM_AIM/install/mission_3/share/mission_3/environment/path.dsv
-- Installing: /root/TEAM_AIM/install/mission_3/share/mission_3/local_setup.bash
-- Installing: /root/TEAM_AIM/install/mission_3/share/mission_3/local_setup.sh
-- Installing: /root/TEAM_AIM/install/mission_3/share/mission_3/local_setup.zsh
-- Installing: /root/TEAM_AIM/install/mission_3/share/mission_3/local_setup.dsv
-- Installing: /root/TEAM_AIM/install/mission_3/share/mission_3/package.dsv
-- Installing: /root/TEAM_AIM/install/mission_3/share/ament_index/resource_index/packages/mission_3
-- Installing: /root/TEAM_AIM/install/mission_3/share/mission_3/cmake/mission_3Config.cmake
-- Installing: /root/TEAM_AIM/install/mission_3/share/mission_3/cmake/mission_3Config-version.cmake
-- Installing: /root/TEAM_AIM/install/mission_3/share/mission_3/package.xml
