[0.101s] Invoking command in '/root/TEAM_AIM/build/domain_bridge': CMAKE_PREFIX_PATH=/opt/ros/foxy /usr/bin/cmake /root/TEAM_AIM/Mobility_Challenge_Simulator/src/domain_bridge -DCMAKE_INSTALL_PREFIX=/root/TEAM_AIM/install/domain_bridge
[0.138s] -- Found ament_cmake: 0.9.12 (/opt/ros/foxy/share/ament_cmake/cmake)
[0.173s] -- Found PythonInterp: /usr/bin/python3 (found suitable version "3.8.10", minimum required is "3") 
[0.174s] -- Using PYTHON_EXECUTABLE: /usr/bin/python3
[0.458s] -- Found rcl: 1.1.14 (/opt/ros/foxy/share/rcl/cmake)
[0.499s] -- Using all available rosidl_typesupport_c: rosidl_typesupport_fastrtps_c;rosidl_typesupport_introspection_c
[0.505s] -- Found rosidl_adapter: 1.3.1 (/opt/ros/foxy/share/rosidl_adapter/cmake)
[0.796s] -- Using all available rosidl_typesupport_cpp: rosidl_typesupport_fastrtps_cpp;rosidl_typesupport_introspection_cpp
[0.878s] -- Found rmw_implementation_cmake: 1.0.4 (/opt/ros/foxy/share/rmw_implementation_cmake/cmake)
[0.880s] -- Using RMW implementation 'rmw_fastrtps_cpp' as default
[0.907s] -- Found rclcpp: 2.4.3 (/opt/ros/foxy/share/rclcpp/cmake)
[1.133s] -- Found rosbag2_cpp: 0.3.11 (/opt/ros/foxy/share/rosbag2_cpp/cmake)
[1.202s] -- Setting yaml-cpp_DIR to: '/opt/ros/foxy/share/yaml_cpp_vendor/cmake/../../../opt/yaml_cpp_vendor/lib/cmake/yaml-cpp'
[1.206s] -- Found rosidl_default_generators: 1.0.1 (/opt/ros/foxy/share/rosidl_default_generators/cmake)
[1.223s] -- Found zstd_vendor: 0.3.11 (/opt/ros/foxy/share/zstd_vendor/cmake)
[1.268s] -- Found PythonInterp: /usr/bin/python3 (found version "3.8.10") 
[1.473s] -- Found ament_cmake_ros: 0.9.2 (/opt/ros/foxy/share/ament_cmake_ros/cmake)
[1.720s] -- Using all available rosidl_typesupport_c: rosidl_typesupport_fastrtps_c;rosidl_typesupport_introspection_c
[1.735s] -- Using all available rosidl_typesupport_cpp: rosidl_typesupport_fastrtps_cpp;rosidl_typesupport_introspection_cpp
[1.774s] -- Found PythonInterp: /usr/bin/python3 (found suitable version "3.8.10", minimum required is "3.5") 
[1.775s] -- Found python_cmake_module: 0.8.1 (/opt/ros/foxy/share/python_cmake_module/cmake)
[1.819s] -- Using PYTHON_EXECUTABLE: /usr/bin/python3
[1.819s] -- Using PYTHON_INCLUDE_DIRS: /usr/include/python3.8
[1.819s] -- Using PYTHON_LIBRARIES: /usr/lib/x86_64-linux-gnu/libpython3.8.so
[1.878s] -- Found ament_lint_auto: 0.9.8 (/opt/ros/foxy/share/ament_lint_auto/cmake)
[2.157s] -- Using PYTHON_EXECUTABLE: /usr/bin/python3
[2.157s] -- Using PYTHON_INCLUDE_DIRS: /usr/include/python3.8
[2.157s] -- Using PYTHON_LIBRARIES: /usr/lib/x86_64-linux-gnu/libpython3.8.so
[2.510s] CMake Error at test/CMakeLists.txt:5 (find_package):
[2.510s]   By not providing "Findtest_msgs.cmake" in CMAKE_MODULE_PATH this project
[2.511s]   has asked CMake to find a package configuration file provided by
[2.511s]   "test_msgs", but CMake did not find one.
[2.511s] 
[2.511s]   Could not find a package configuration file provided by "test_msgs" with
[2.511s]   any of the following names:
[2.511s] 
[2.511s]     test_msgsConfig.cmake
[2.511s]     test_msgs-config.cmake
[2.511s] 
[2.511s]   Add the installation prefix of "test_msgs" to CMAKE_PREFIX_PATH or set
[2.511s]   "test_msgs_DIR" to a directory containing one of the above files.  If
[2.512s]   "test_msgs" provides a separate development package or SDK, be sure it has
[2.512s]   been installed.
[2.512s] 
[2.512s] 
[2.520s] -- Configuring incomplete, errors occurred!
[2.520s] See also "/root/TEAM_AIM/build/domain_bridge/CMakeFiles/CMakeOutput.log".
[2.520s] See also "/root/TEAM_AIM/build/domain_bridge/CMakeFiles/CMakeError.log".
