[0.034s] Invoking command in '/root/TEAM_AIM/build/hv_handler': AMENT_PREFIX_PATH=/root/TEAM_AIM/install/scene_srv:${AMENT_PREFIX_PATH} CMAKE_PREFIX_PATH=/root/TEAM_AIM/install/scene_srv:/opt/ros/foxy LD_LIBRARY_PATH=/root/TEAM_AIM/install/scene_srv/lib:${LD_LIBRARY_PATH} PYTHONPATH=/root/TEAM_AIM/install/scene_srv/lib/python3.8/site-packages:${PYTHONPATH} /usr/bin/cmake /root/TEAM_AIM/Mobility_Challenge_Simulator/src/hv_handler -DCMAKE_INSTALL_PREFIX=/root/TEAM_AIM/install/hv_handler
[0.127s] -- The C compiler identification is GNU 9.4.0
[0.199s] -- The CXX compiler identification is GNU 9.4.0
[0.205s] -- Check for working C compiler: /usr/bin/cc
[0.321s] -- Check for working C compiler: /usr/bin/cc -- works
[0.321s] -- Detecting C compiler ABI info
[0.426s] -- Detecting C compiler ABI info - done
[0.435s] -- Detecting C compile features
[0.436s] -- Detecting C compile features - done
[0.438s] -- Check for working CXX compiler: /usr/bin/c++
[0.560s] -- Check for working CXX compiler: /usr/bin/c++ -- works
[0.561s] -- Detecting CXX compiler ABI info
[0.675s] -- Detecting CXX compiler ABI info - done
[0.735s] -- Detecting CXX compile features
[0.737s] -- Detecting CXX compile features - done
[0.748s] -- Found ament_cmake: 0.9.12 (/opt/ros/foxy/share/ament_cmake/cmake)
[0.791s] -- Found PythonInterp: /usr/bin/python3 (found suitable version "3.8.10", minimum required is "3") 
[0.791s] -- Using PYTHON_EXECUTABLE: /usr/bin/python3
[1.100s] -- Found rclcpp: 2.4.3 (/opt/ros/foxy/share/rclcpp/cmake)
[1.193s] -- Using all available rosidl_typesupport_c: rosidl_typesupport_fastrtps_c;rosidl_typesupport_introspection_c
[1.211s] -- Found rosidl_adapter: 1.3.1 (/opt/ros/foxy/share/rosidl_adapter/cmake)
[1.419s] -- Found OpenSSL: /usr/lib/x86_64-linux-gnu/libcrypto.so (found version "1.1.1f")  
[1.492s] -- Found FastRTPS: /opt/ros/foxy/include  
[1.651s] -- Using all available rosidl_typesupport_cpp: rosidl_typesupport_fastrtps_cpp;rosidl_typesupport_introspection_cpp
[1.750s] -- Found rmw_implementation_cmake: 1.0.4 (/opt/ros/foxy/share/rmw_implementation_cmake/cmake)
[1.752s] -- Using RMW implementation 'rmw_fastrtps_cpp' as default
[1.753s] -- Looking for pthread.h
[1.904s] -- Looking for pthread.h - found
[1.905s] -- Performing Test CMAKE_HAVE_LIBC_PTHREAD
[2.037s] -- Performing Test CMAKE_HAVE_LIBC_PTHREAD - Failed
[2.037s] -- Looking for pthread_create in pthreads
[2.135s] -- Looking for pthread_create in pthreads - not found
[2.135s] -- Looking for pthread_create in pthread
[2.262s] -- Looking for pthread_create in pthread - found
[2.265s] -- Found Threads: TRUE  
[2.449s] -- Found geometry_msgs: 2.0.5 (/opt/ros/foxy/share/geometry_msgs/cmake)
[2.489s] -- Found ament_index_cpp: 1.1.0 (/opt/ros/foxy/share/ament_index_cpp/cmake)
[2.496s] -- Found nlohmann_json: /usr/lib/cmake/nlohmann_json/nlohmann_jsonConfig.cmake (found version "3.7.3") 
[2.498s] -- Found rosidl_default_generators: 1.0.1 (/opt/ros/foxy/share/rosidl_default_generators/cmake)
[2.511s] -- Found scene_srv: 0.0.0 (/root/TEAM_AIM/install/scene_srv/share/scene_srv/cmake)
[2.599s] -- Configuring done
[2.608s] -- Generating done
[2.610s] -- Build files have been written to: /root/TEAM_AIM/build/hv_handler
