[0.051s] Invoking command in '/root/TEAM_AIM/build/simulator_launch': CMAKE_PREFIX_PATH=${CMAKE_PREFIX_PATH}:/opt/ros/foxy /usr/bin/cmake --build /root/TEAM_AIM/build/simulator_launch -- -j16 -l16
[0.113s] Invoked command in '/root/TEAM_AIM/build/simulator_launch' returned '0': CMAKE_PREFIX_PATH=${CMAKE_PREFIX_PATH}:/opt/ros/foxy /usr/bin/cmake --build /root/TEAM_AIM/build/simulator_launch -- -j16 -l16
[0.158s] Invoking command in '/root/TEAM_AIM/build/simulator_launch': CMAKE_PREFIX_PATH=${CMAKE_PREFIX_PATH}:/opt/ros/foxy /usr/bin/cmake --install /root/TEAM_AIM/build/simulator_launch
[0.170s] -- Install configuration: ""
[0.171s] -- Up-to-date: /root/TEAM_AIM/install/simulator_launch/share/simulator_launch/launch
[0.171s] -- Up-to-date: /root/TEAM_AIM/install/simulator_launch/share/simulator_launch/launch/simulator_launch.py
[0.172s] -- Up-to-date: /root/TEAM_AIM/install/simulator_launch/share/ament_index/resource_index/package_run_dependencies/simulator_launch
[0.173s] -- Up-to-date: /root/TEAM_AIM/install/simulator_launch/share/ament_index/resource_index/parent_prefix_path/simulator_launch
[0.173s] -- Up-to-date: /root/TEAM_AIM/install/simulator_launch/share/simulator_launch/environment/ament_prefix_path.sh
[0.173s] -- Up-to-date: /root/TEAM_AIM/install/simulator_launch/share/simulator_launch/environment/ament_prefix_path.dsv
[0.173s] -- Up-to-date: /root/TEAM_AIM/install/simulator_launch/share/simulator_launch/environment/path.sh
[0.173s] -- Up-to-date: /root/TEAM_AIM/install/simulator_launch/share/simulator_launch/environment/path.dsv
[0.174s] -- Up-to-date: /root/TEAM_AIM/install/simulator_launch/share/simulator_launch/local_setup.bash
[0.174s] -- Up-to-date: /root/TEAM_AIM/install/simulator_launch/share/simulator_launch/local_setup.sh
[0.174s] -- Up-to-date: /root/TEAM_AIM/install/simulator_launch/share/simulator_launch/local_setup.zsh
[0.174s] -- Up-to-date: /root/TEAM_AIM/install/simulator_launch/share/simulator_launch/local_setup.dsv
[0.174s] -- Installing: /root/TEAM_AIM/install/simulator_launch/share/simulator_launch/package.dsv
[0.175s] -- Up-to-date: /root/TEAM_AIM/install/simulator_launch/share/ament_index/resource_index/packages/simulator_launch
[0.175s] -- Up-to-date: /root/TEAM_AIM/install/simulator_launch/share/simulator_launch/cmake/simulator_launchConfig.cmake
[0.175s] -- Up-to-date: /root/TEAM_AIM/install/simulator_launch/share/simulator_launch/cmake/simulator_launchConfig-version.cmake
[0.175s] -- Up-to-date: /root/TEAM_AIM/install/simulator_launch/share/simulator_launch/package.xml
[0.175s] Invoked command in '/root/TEAM_AIM/build/simulator_launch' returned '0': CMAKE_PREFIX_PATH=${CMAKE_PREFIX_PATH}:/opt/ros/foxy /usr/bin/cmake --install /root/TEAM_AIM/build/simulator_launch
