-- The C compiler identification is GNU 9.4.0
-- The CXX compiler identification is GNU 9.4.0
-- Check for working C compiler: /usr/bin/cc
-- Check for working C compiler: /usr/bin/cc -- works
-- Detecting C compiler ABI info
-- Detecting C compiler ABI info - done
-- Detecting C compile features
-- Detecting C compile features - done
-- Check for working CXX compiler: /usr/bin/c++
-- Check for working CXX compiler: /usr/bin/c++ -- works
-- Detecting CXX compiler ABI info
-- Detecting CXX compiler ABI info - done
-- Detecting CXX compile features
-- Detecting CXX compile features - done
-- Found ament_cmake: 0.9.12 (/opt/ros/foxy/share/ament_cmake/cmake)
-- Found PythonInterp: /usr/bin/python3 (found suitable version "3.8.10", minimum required is "3") 
-- Using PYTHON_EXECUTABLE: /usr/bin/python3
-- Found rclcpp: 2.4.3 (/opt/ros/foxy/share/rclcpp/cmake)
-- Using all available rosidl_typesupport_c: rosidl_typesupport_fastrtps_c;rosidl_typesupport_introspection_c
-- Found rosidl_adapter: 1.3.1 (/opt/ros/foxy/share/rosidl_adapter/cmake)
-- Found OpenSSL: /usr/lib/x86_64-linux-gnu/libcrypto.so (found version "1.1.1f")  
-- Found FastRTPS: /opt/ros/foxy/include  
-- Using all available rosidl_typesupport_cpp: rosidl_typesupport_fastrtps_cpp;rosidl_typesupport_introspection_cpp
-- Found rmw_implementation_cmake: 1.0.4 (/opt/ros/foxy/share/rmw_implementation_cmake/cmake)
-- Using RMW implementation 'rmw_fastrtps_cpp' as default
-- Looking for pthread.h
-- Looking for pthread.h - found
-- Performing Test CMAKE_HAVE_LIBC_PTHREAD
-- Performing Test CMAKE_HAVE_LIBC_PTHREAD - Failed
-- Looking for pthread_create in pthreads
-- Looking for pthread_create in pthreads - not found
-- Looking for pthread_create in pthread
-- Looking for pthread_create in pthread - found
-- Found Threads: TRUE  
-- Found geometry_msgs: 2.0.5 (/opt/ros/foxy/share/geometry_msgs/cmake)
-- Found domain_bridge: 0.4.0 (/root/TEAM_AIM/install/domain_bridge/share/domain_bridge/cmake)
-- Setting yaml-cpp_DIR to: '/opt/ros/foxy/share/yaml_cpp_vendor/cmake/../../../opt/yaml_cpp_vendor/lib/cmake/yaml-cpp'
-- Found scene_srv: 0.0.0 (/root/TEAM_AIM/install/scene_srv/share/scene_srv/cmake)
-- Configuring done
-- Generating done
-- Build files have been written to: /root/TEAM_AIM/build/communication_manager
[35m[1mScanning dependencies of target pose_sharing_handler[0m
[ 50%] [32mBuilding CXX object CMakeFiles/pose_sharing_handler.dir/src/pose_sharing_handler.cpp.o[0m
[100%] [32m[1mLinking CXX executable pose_sharing_handler[0m
[100%] Built target pose_sharing_handler
-- Install configuration: ""
-- Installing: /root/TEAM_AIM/install/communication_manager/lib/communication_manager/pose_sharing_handler
-- Set runtime path of "/root/TEAM_AIM/install/communication_manager/lib/communication_manager/pose_sharing_handler" to ""
-- Installing: /root/TEAM_AIM/install/communication_manager/share/ament_index/resource_index/package_run_dependencies/communication_manager
-- Installing: /root/TEAM_AIM/install/communication_manager/share/ament_index/resource_index/parent_prefix_path/communication_manager
-- Installing: /root/TEAM_AIM/install/communication_manager/share/communication_manager/environment/ament_prefix_path.sh
-- Installing: /root/TEAM_AIM/install/communication_manager/share/communication_manager/environment/ament_prefix_path.dsv
-- Installing: /root/TEAM_AIM/install/communication_manager/share/communication_manager/environment/path.sh
-- Installing: /root/TEAM_AIM/install/communication_manager/share/communication_manager/environment/path.dsv
-- Installing: /root/TEAM_AIM/install/communication_manager/share/communication_manager/local_setup.bash
-- Installing: /root/TEAM_AIM/install/communication_manager/share/communication_manager/local_setup.sh
-- Installing: /root/TEAM_AIM/install/communication_manager/share/communication_manager/local_setup.zsh
-- Installing: /root/TEAM_AIM/install/communication_manager/share/communication_manager/local_setup.dsv
-- Installing: /root/TEAM_AIM/install/communication_manager/share/communication_manager/package.dsv
-- Installing: /root/TEAM_AIM/install/communication_manager/share/ament_index/resource_index/packages/communication_manager
-- Installing: /root/TEAM_AIM/install/communication_manager/share/communication_manager/cmake/ament_cmake_export_dependencies-extras.cmake
-- Installing: /root/TEAM_AIM/install/communication_manager/share/communication_manager/cmake/communication_managerConfig.cmake
-- Installing: /root/TEAM_AIM/install/communication_manager/share/communication_manager/cmake/communication_managerConfig-version.cmake
-- Installing: /root/TEAM_AIM/install/communication_manager/share/communication_manager/package.xml
