[0.019s] Invoking command in '/root/TEAM_AIM/build/communication_manager': CMAKE_PREFIX_PATH=/root/TEAM_AIM/install/scene_srv:/root/TEAM_AIM/install/domain_bridge:/root/TEAM_AIM/install/simulator_launch:/root/TEAM_AIM/install/simulator:/root/TEAM_AIM/install/hv_handler:/root/TEAM_AIM/install/communication_manager:/root/TEAM_AIM/install/mission_3:/root/TEAM_AIM/install/mission_2:/opt/ros/foxy /usr/bin/cmake /root/TEAM_AIM/Mobility_Challenge_Simulator/src/communication_manager -DBUILD_TESTING=OFF -DCMAKE_INSTALL_PREFIX=/root/TEAM_AIM/install/communication_manager
[0.085s] -- The C compiler identification is GNU 9.4.0
[0.142s] -- The CXX compiler identification is GNU 9.4.0
[0.147s] -- Check for working C compiler: /usr/bin/cc
[0.224s] -- Check for working C compiler: /usr/bin/cc -- works
[0.225s] -- Detecting C compiler ABI info
[0.300s] -- Detecting C compiler ABI info - done
[0.307s] -- Detecting C compile features
[0.307s] -- Detecting C compile features - done
[0.309s] -- Check for working CXX compiler: /usr/bin/c++
[0.403s] -- Check for working CXX compiler: /usr/bin/c++ -- works
[0.406s] -- Detecting CXX compiler ABI info
[0.561s] -- Detecting CXX compiler ABI info - done
[0.577s] -- Detecting CXX compile features
[0.578s] -- Detecting CXX compile features - done
[0.587s] -- Found ament_cmake: 0.9.12 (/opt/ros/foxy/share/ament_cmake/cmake)
[0.618s] -- Found PythonInterp: /usr/bin/python3 (found suitable version "3.8.10", minimum required is "3") 
[0.623s] -- Using PYTHON_EXECUTABLE: /usr/bin/python3
[0.965s] -- Found rclcpp: 2.4.3 (/opt/ros/foxy/share/rclcpp/cmake)
[1.066s] -- Using all available rosidl_typesupport_c: rosidl_typesupport_fastrtps_c;rosidl_typesupport_introspection_c
[1.108s] -- Found rosidl_adapter: 1.3.1 (/opt/ros/foxy/share/rosidl_adapter/cmake)
[1.371s] -- Found OpenSSL: /usr/lib/x86_64-linux-gnu/libcrypto.so (found version "1.1.1f")  
[1.419s] -- Found FastRTPS: /opt/ros/foxy/include  
[1.594s] -- Using all available rosidl_typesupport_cpp: rosidl_typesupport_fastrtps_cpp;rosidl_typesupport_introspection_cpp
[1.687s] -- Found rmw_implementation_cmake: 1.0.4 (/opt/ros/foxy/share/rmw_implementation_cmake/cmake)
[1.691s] -- Using RMW implementation 'rmw_fastrtps_cpp' as default
[1.693s] -- Looking for pthread.h
[1.824s] -- Looking for pthread.h - found
[1.825s] -- Performing Test CMAKE_HAVE_LIBC_PTHREAD
[1.959s] -- Performing Test CMAKE_HAVE_LIBC_PTHREAD - Failed
[1.959s] -- Looking for pthread_create in pthreads
[2.068s] -- Looking for pthread_create in pthreads - not found
[2.068s] -- Looking for pthread_create in pthread
[2.186s] -- Looking for pthread_create in pthread - found
[2.190s] -- Found Threads: TRUE  
[2.342s] -- Found geometry_msgs: 2.0.5 (/opt/ros/foxy/share/geometry_msgs/cmake)
[2.372s] -- Found domain_bridge: 0.4.0 (/root/TEAM_AIM/install/domain_bridge/share/domain_bridge/cmake)
[2.431s] -- Setting yaml-cpp_DIR to: '/opt/ros/foxy/share/yaml_cpp_vendor/cmake/../../../opt/yaml_cpp_vendor/lib/cmake/yaml-cpp'
[2.456s] -- Found scene_srv: 0.0.0 (/root/TEAM_AIM/install/scene_srv/share/scene_srv/cmake)
[2.593s] -- Configuring done
[2.610s] -- Generating done
[2.612s] -- Build files have been written to: /root/TEAM_AIM/build/communication_manager
[2.628s] Invoked command in '/root/TEAM_AIM/build/communication_manager' returned '0': CMAKE_PREFIX_PATH=/root/TEAM_AIM/install/scene_srv:/root/TEAM_AIM/install/domain_bridge:/root/TEAM_AIM/install/simulator_launch:/root/TEAM_AIM/install/simulator:/root/TEAM_AIM/install/hv_handler:/root/TEAM_AIM/install/communication_manager:/root/TEAM_AIM/install/mission_3:/root/TEAM_AIM/install/mission_2:/opt/ros/foxy /usr/bin/cmake /root/TEAM_AIM/Mobility_Challenge_Simulator/src/communication_manager -DBUILD_TESTING=OFF -DCMAKE_INSTALL_PREFIX=/root/TEAM_AIM/install/communication_manager
[2.632s] Invoking command in '/root/TEAM_AIM/build/communication_manager': CMAKE_PREFIX_PATH=/root/TEAM_AIM/install/scene_srv:/root/TEAM_AIM/install/domain_bridge:/root/TEAM_AIM/install/simulator_launch:/root/TEAM_AIM/install/simulator:/root/TEAM_AIM/install/hv_handler:/root/TEAM_AIM/install/communication_manager:/root/TEAM_AIM/install/mission_3:/root/TEAM_AIM/install/mission_2:/opt/ros/foxy /usr/bin/cmake --build /root/TEAM_AIM/build/communication_manager -- -j16 -l16
[2.713s] [35m[1mScanning dependencies of target pose_sharing_handler[0m
[2.829s] [ 50%] [32mBuilding CXX object CMakeFiles/pose_sharing_handler.dir/src/pose_sharing_handler.cpp.o[0m
[37.917s] [100%] [32m[1mLinking CXX executable pose_sharing_handler[0m
[38.364s] [100%] Built target pose_sharing_handler
[38.404s] Invoked command in '/root/TEAM_AIM/build/communication_manager' returned '0': CMAKE_PREFIX_PATH=/root/TEAM_AIM/install/scene_srv:/root/TEAM_AIM/install/domain_bridge:/root/TEAM_AIM/install/simulator_launch:/root/TEAM_AIM/install/simulator:/root/TEAM_AIM/install/hv_handler:/root/TEAM_AIM/install/communication_manager:/root/TEAM_AIM/install/mission_3:/root/TEAM_AIM/install/mission_2:/opt/ros/foxy /usr/bin/cmake --build /root/TEAM_AIM/build/communication_manager -- -j16 -l16
[38.486s] Invoking command in '/root/TEAM_AIM/build/communication_manager': CMAKE_PREFIX_PATH=/root/TEAM_AIM/install/scene_srv:/root/TEAM_AIM/install/domain_bridge:/root/TEAM_AIM/install/simulator_launch:/root/TEAM_AIM/install/simulator:/root/TEAM_AIM/install/hv_handler:/root/TEAM_AIM/install/communication_manager:/root/TEAM_AIM/install/mission_3:/root/TEAM_AIM/install/mission_2:/opt/ros/foxy /usr/bin/cmake --install /root/TEAM_AIM/build/communication_manager
[38.513s] -- Install configuration: ""
[38.513s] -- Installing: /root/TEAM_AIM/install/communication_manager/lib/communication_manager/pose_sharing_handler
[38.513s] -- Set runtime path of "/root/TEAM_AIM/install/communication_manager/lib/communication_manager/pose_sharing_handler" to ""
[38.513s] -- Installing: /root/TEAM_AIM/install/communication_manager/share/ament_index/resource_index/package_run_dependencies/communication_manager
[38.513s] -- Installing: /root/TEAM_AIM/install/communication_manager/share/ament_index/resource_index/parent_prefix_path/communication_manager
[38.514s] -- Installing: /root/TEAM_AIM/install/communication_manager/share/communication_manager/environment/ament_prefix_path.sh
[38.515s] -- Installing: /root/TEAM_AIM/install/communication_manager/share/communication_manager/environment/ament_prefix_path.dsv
[38.516s] -- Installing: /root/TEAM_AIM/install/communication_manager/share/communication_manager/environment/path.sh
[38.516s] -- Installing: /root/TEAM_AIM/install/communication_manager/share/communication_manager/environment/path.dsv
[38.516s] -- Installing: /root/TEAM_AIM/install/communication_manager/share/communication_manager/local_setup.bash
[38.516s] -- Installing: /root/TEAM_AIM/install/communication_manager/share/communication_manager/local_setup.sh
[38.518s] -- Installing: /root/TEAM_AIM/install/communication_manager/share/communication_manager/local_setup.zsh
[38.520s] -- Installing: /root/TEAM_AIM/install/communication_manager/share/communication_manager/local_setup.dsv
[38.520s] -- Installing: /root/TEAM_AIM/install/communication_manager/share/communication_manager/package.dsv
[38.520s] -- Installing: /root/TEAM_AIM/install/communication_manager/share/ament_index/resource_index/packages/communication_manager
[38.520s] -- Installing: /root/TEAM_AIM/install/communication_manager/share/communication_manager/cmake/ament_cmake_export_dependencies-extras.cmake
[38.520s] -- Installing: /root/TEAM_AIM/install/communication_manager/share/communication_manager/cmake/communication_managerConfig.cmake
[38.520s] -- Installing: /root/TEAM_AIM/install/communication_manager/share/communication_manager/cmake/communication_managerConfig-version.cmake
[38.521s] -- Installing: /root/TEAM_AIM/install/communication_manager/share/communication_manager/package.xml
[38.535s] Invoked command in '/root/TEAM_AIM/build/communication_manager' returned '0': CMAKE_PREFIX_PATH=/root/TEAM_AIM/install/scene_srv:/root/TEAM_AIM/install/domain_bridge:/root/TEAM_AIM/install/simulator_launch:/root/TEAM_AIM/install/simulator:/root/TEAM_AIM/install/hv_handler:/root/TEAM_AIM/install/communication_manager:/root/TEAM_AIM/install/mission_3:/root/TEAM_AIM/install/mission_2:/opt/ros/foxy /usr/bin/cmake --install /root/TEAM_AIM/build/communication_manager
