[0.056s] Invoking command in '/root/TEAM_AIM/build/mission_2': CMAKE_PREFIX_PATH=/opt/ros/foxy /usr/bin/cmake --build /root/TEAM_AIM/build/mission_2 -- -j16 -l16
[0.126s] [100%] Built target control_cav_mission_2
[0.139s] Invoked command in '/root/TEAM_AIM/build/mission_2' returned '0': CMAKE_PREFIX_PATH=/opt/ros/foxy /usr/bin/cmake --build /root/TEAM_AIM/build/mission_2 -- -j16 -l16
[0.179s] Invoking command in '/root/TEAM_AIM/build/mission_2': CMAKE_PREFIX_PATH=/opt/ros/foxy /usr/bin/cmake --install /root/TEAM_AIM/build/mission_2
[0.182s] -- Install configuration: ""
[0.183s] -- Up-to-date: /root/TEAM_AIM/install/mission_2/lib/mission_2/control_cav_mission_2
[0.183s] -- Up-to-date: /root/TEAM_AIM/install/mission_2/share/mission_2/launch
[0.184s] -- Up-to-date: /root/TEAM_AIM/install/mission_2/share/mission_2/launch/mission_2.launch.py
[0.184s] -- Up-to-date: /root/TEAM_AIM/install/mission_2/share/ament_index/resource_index/package_run_dependencies/mission_2
[0.184s] -- Up-to-date: /root/TEAM_AIM/install/mission_2/share/ament_index/resource_index/parent_prefix_path/mission_2
[0.184s] -- Up-to-date: /root/TEAM_AIM/install/mission_2/share/mission_2/environment/ament_prefix_path.sh
[0.184s] -- Up-to-date: /root/TEAM_AIM/install/mission_2/share/mission_2/environment/ament_prefix_path.dsv
[0.184s] -- Up-to-date: /root/TEAM_AIM/install/mission_2/share/mission_2/environment/path.sh
[0.186s] -- Up-to-date: /root/TEAM_AIM/install/mission_2/share/mission_2/environment/path.dsv
[0.186s] -- Up-to-date: /root/TEAM_AIM/install/mission_2/share/mission_2/local_setup.bash
[0.186s] -- Up-to-date: /root/TEAM_AIM/install/mission_2/share/mission_2/local_setup.sh
[0.186s] -- Up-to-date: /root/TEAM_AIM/install/mission_2/share/mission_2/local_setup.zsh
[0.186s] -- Up-to-date: /root/TEAM_AIM/install/mission_2/share/mission_2/local_setup.dsv
[0.186s] -- Installing: /root/TEAM_AIM/install/mission_2/share/mission_2/package.dsv
[0.186s] -- Up-to-date: /root/TEAM_AIM/install/mission_2/share/ament_index/resource_index/packages/mission_2
[0.186s] -- Up-to-date: /root/TEAM_AIM/install/mission_2/share/mission_2/cmake/mission_2Config.cmake
[0.186s] -- Up-to-date: /root/TEAM_AIM/install/mission_2/share/mission_2/cmake/mission_2Config-version.cmake
[0.186s] -- Up-to-date: /root/TEAM_AIM/install/mission_2/share/mission_2/package.xml
[0.227s] Invoked command in '/root/TEAM_AIM/build/mission_2' returned '0': CMAKE_PREFIX_PATH=/opt/ros/foxy /usr/bin/cmake --install /root/TEAM_AIM/build/mission_2
