-- The C compiler identification is GNU 9.4.0
-- The CXX compiler identification is GNU 9.4.0
-- Check for working C compiler: /usr/bin/cc
-- Check for working C compiler: /usr/bin/cc -- works
-- Detecting C compiler ABI info
-- Detecting C compiler ABI info - done
-- Detecting C compile features
-- Detecting C compile features - done
-- Check for working CXX compiler: /usr/bin/c++
-- Check for working CXX compiler: /usr/bin/c++ -- works
-- Detecting CXX compiler ABI info
-- Detecting CXX compiler ABI info - done
-- Detecting CXX compile features
-- Detecting CXX compile features - done
-- Found ament_cmake: 0.9.12 (/opt/ros/foxy/share/ament_cmake/cmake)
-- Found PythonInterp: /usr/bin/python3 (found suitable version "3.8.10", minimum required is "3") 
-- Using PYTHON_EXECUTABLE: /usr/bin/python3
-- Configuring done
-- Generating done
-- Build files have been written to: /root/TEAM_AIM/build/simulator_launch
-- Install configuration: ""
-- Installing: /root/TEAM_AIM/install/simulator_launch/share/simulator_launch/launch
-- Installing: /root/TEAM_AIM/install/simulator_launch/share/simulator_launch/launch/simulator_launch.py
-- Installing: /root/TEAM_AIM/install/simulator_launch/share/ament_index/resource_index/package_run_dependencies/simulator_launch
-- Installing: /root/TEAM_AIM/install/simulator_launch/share/ament_index/resource_index/parent_prefix_path/simulator_launch
-- Installing: /root/TEAM_AIM/install/simulator_launch/share/simulator_launch/environment/ament_prefix_path.sh
-- Installing: /root/TEAM_AIM/install/simulator_launch/share/simulator_launch/environment/ament_prefix_path.dsv
-- Installing: /root/TEAM_AIM/install/simulator_launch/share/simulator_launch/environment/path.sh
-- Installing: /root/TEAM_AIM/install/simulator_launch/share/simulator_launch/environment/path.dsv
-- Installing: /root/TEAM_AIM/install/simulator_launch/share/simulator_launch/local_setup.bash
-- Installing: /root/TEAM_AIM/install/simulator_launch/share/simulator_launch/local_setup.sh
-- Installing: /root/TEAM_AIM/install/simulator_launch/share/simulator_launch/local_setup.zsh
-- Installing: /root/TEAM_AIM/install/simulator_launch/share/simulator_launch/local_setup.dsv
-- Installing: /root/TEAM_AIM/install/simulator_launch/share/simulator_launch/package.dsv
-- Installing: /root/TEAM_AIM/install/simulator_launch/share/ament_index/resource_index/packages/simulator_launch
-- Installing: /root/TEAM_AIM/install/simulator_launch/share/simulator_launch/cmake/simulator_launchConfig.cmake
-- Installing: /root/TEAM_AIM/install/simulator_launch/share/simulator_launch/cmake/simulator_launchConfig-version.cmake
-- Installing: /root/TEAM_AIM/install/simulator_launch/share/simulator_launch/package.xml
