-- Found ament_cmake: 0.9.12 (/opt/ros/foxy/share/ament_cmake/cmake)
-- Found PythonInterp: /usr/bin/python3 (found suitable version "3.8.10", minimum required is "3") 
-- Using PYTHON_EXECUTABLE: /usr/bin/python3
-- Found rosidl_default_generators: 1.0.1 (/opt/ros/foxy/share/rosidl_default_generators/cmake)
-- Using all available rosidl_typesupport_c: rosidl_typesupport_fastrtps_c;rosidl_typesupport_introspection_c
-- Found rosidl_adapter: 1.3.1 (/opt/ros/foxy/share/rosidl_adapter/cmake)
-- Using all available rosidl_typesupport_cpp: rosidl_typesupport_fastrtps_cpp;rosidl_typesupport_introspection_cpp
-- Found PythonInterp: /usr/bin/python3 (found version "3.8.10") 
-- Found ament_cmake_ros: 0.9.2 (/opt/ros/foxy/share/ament_cmake_ros/cmake)
-- Using all available rosidl_typesupport_c: rosidl_typesupport_fastrtps_c;rosidl_typesupport_introspection_c
-- Using all available rosidl_typesupport_cpp: rosidl_typesupport_fastrtps_cpp;rosidl_typesupport_introspection_cpp
-- Found PythonInterp: /usr/bin/python3 (found suitable version "3.8.10", minimum required is "3.5") 
-- Found python_cmake_module: 0.8.1 (/opt/ros/foxy/share/python_cmake_module/cmake)
-- Using PYTHON_EXECUTABLE: /usr/bin/python3
-- Using PYTHON_INCLUDE_DIRS: /usr/include/python3.8
-- Using PYTHON_LIBRARIES: /usr/lib/x86_64-linux-gnu/libpython3.8.so
-- Configuring done
-- Generating done
-- Build files have been written to: /root/TEAM_AIM/build/scene_srv
[  5%] Built target scene_srv__cpp
[ 12%] Built target scene_srv__rosidl_generator_c
[ 30%] Built target scene_srv__rosidl_typesupport_introspection_c
[ 35%] Built target scene_srv__rosidl_typesupport_introspection_cpp
[ 53%] Built target scene_srv__rosidl_typesupport_c
[ 53%] Built target scene_srv__rosidl_typesupport_cpp
[ 64%] Built target scene_srv__rosidl_typesupport_fastrtps_cpp
[ 74%] Built target scene_srv__rosidl_typesupport_fastrtps_c
[ 74%] Built target scene_srv
[ 76%] Built target scene_srv__py
[ 84%] Built target scene_srv__python
[ 89%] Built target scene_srv__rosidl_typesupport_c__pyext
[ 94%] Built target scene_srv__rosidl_typesupport_fastrtps_c__pyext
[100%] Built target scene_srv__rosidl_typesupport_introspection_c__pyext
-- Install configuration: ""
-- Up-to-date: /root/TEAM_AIM/install/scene_srv/share/ament_index/resource_index/rosidl_interfaces/scene_srv
-- Up-to-date: /root/TEAM_AIM/install/scene_srv/include/scene_srv
-- Up-to-date: /root/TEAM_AIM/install/scene_srv/include/scene_srv/srv
-- Up-to-date: /root/TEAM_AIM/install/scene_srv/include/scene_srv/srv/start_signal.h
-- Up-to-date: /root/TEAM_AIM/install/scene_srv/include/scene_srv/srv/scene_signal.h
-- Up-to-date: /root/TEAM_AIM/install/scene_srv/include/scene_srv/srv/detail
-- Up-to-date: /root/TEAM_AIM/install/scene_srv/include/scene_srv/srv/detail/scene_signal__type_support.h
-- Up-to-date: /root/TEAM_AIM/install/scene_srv/include/scene_srv/srv/detail/scene_signal__struct.h
-- Up-to-date: /root/TEAM_AIM/install/scene_srv/include/scene_srv/srv/detail/scene_signal__functions.c
-- Up-to-date: /root/TEAM_AIM/install/scene_srv/include/scene_srv/srv/detail/start_signal__functions.h
-- Up-to-date: /root/TEAM_AIM/install/scene_srv/include/scene_srv/srv/detail/start_signal__struct.h
-- Up-to-date: /root/TEAM_AIM/install/scene_srv/include/scene_srv/srv/detail/start_signal__functions.c
-- Up-to-date: /root/TEAM_AIM/install/scene_srv/include/scene_srv/srv/detail/start_signal__type_support.h
-- Up-to-date: /root/TEAM_AIM/install/scene_srv/include/scene_srv/srv/detail/scene_signal__functions.h
-- Up-to-date: /root/TEAM_AIM/install/scene_srv/include/scene_srv/msg
-- Up-to-date: /root/TEAM_AIM/install/scene_srv/include/scene_srv/msg/rosidl_generator_c__visibility_control.h
-- Up-to-date: /root/TEAM_AIM/install/scene_srv/share/scene_srv/environment/library_path.sh
-- Installing: /root/TEAM_AIM/install/scene_srv/share/scene_srv/environment/library_path.dsv
-- Up-to-date: /root/TEAM_AIM/install/scene_srv/lib/libscene_srv__rosidl_generator_c.so
-- Up-to-date: /root/TEAM_AIM/install/scene_srv/include/scene_srv
-- Up-to-date: /root/TEAM_AIM/install/scene_srv/include/scene_srv/srv
-- Up-to-date: /root/TEAM_AIM/install/scene_srv/include/scene_srv/srv/detail
-- Up-to-date: /root/TEAM_AIM/install/scene_srv/include/scene_srv/srv/detail/scene_signal__rosidl_typesupport_fastrtps_c.h
-- Up-to-date: /root/TEAM_AIM/install/scene_srv/include/scene_srv/srv/detail/start_signal__rosidl_typesupport_fastrtps_c.h
-- Up-to-date: /root/TEAM_AIM/install/scene_srv/include/scene_srv/msg
-- Up-to-date: /root/TEAM_AIM/install/scene_srv/include/scene_srv/msg/rosidl_typesupport_fastrtps_c__visibility_control.h
-- Up-to-date: /root/TEAM_AIM/install/scene_srv/lib/libscene_srv__rosidl_typesupport_fastrtps_c.so
-- Up-to-date: /root/TEAM_AIM/install/scene_srv/include/scene_srv
-- Up-to-date: /root/TEAM_AIM/install/scene_srv/include/scene_srv/srv
-- Up-to-date: /root/TEAM_AIM/install/scene_srv/include/scene_srv/srv/detail
-- Up-to-date: /root/TEAM_AIM/install/scene_srv/include/scene_srv/srv/detail/start_signal__rosidl_typesupport_fastrtps_cpp.hpp
-- Up-to-date: /root/TEAM_AIM/install/scene_srv/include/scene_srv/srv/detail/dds_fastrtps
-- Up-to-date: /root/TEAM_AIM/install/scene_srv/include/scene_srv/srv/detail/scene_signal__rosidl_typesupport_fastrtps_cpp.hpp
-- Up-to-date: /root/TEAM_AIM/install/scene_srv/include/scene_srv/msg
-- Up-to-date: /root/TEAM_AIM/install/scene_srv/include/scene_srv/msg/rosidl_typesupport_fastrtps_cpp__visibility_control.h
-- Up-to-date: /root/TEAM_AIM/install/scene_srv/lib/libscene_srv__rosidl_typesupport_fastrtps_cpp.so
-- Up-to-date: /root/TEAM_AIM/install/scene_srv/include/scene_srv
-- Up-to-date: /root/TEAM_AIM/install/scene_srv/include/scene_srv/srv
-- Up-to-date: /root/TEAM_AIM/install/scene_srv/include/scene_srv/srv/detail
-- Up-to-date: /root/TEAM_AIM/install/scene_srv/include/scene_srv/srv/detail/scene_signal__rosidl_typesupport_introspection_c.h
-- Up-to-date: /root/TEAM_AIM/install/scene_srv/include/scene_srv/srv/detail/start_signal__rosidl_typesupport_introspection_c.h
-- Up-to-date: /root/TEAM_AIM/install/scene_srv/include/scene_srv/srv/detail/start_signal__type_support.c
-- Up-to-date: /root/TEAM_AIM/install/scene_srv/include/scene_srv/srv/detail/scene_signal__type_support.c
-- Up-to-date: /root/TEAM_AIM/install/scene_srv/include/scene_srv/msg
-- Up-to-date: /root/TEAM_AIM/install/scene_srv/include/scene_srv/msg/rosidl_typesupport_introspection_c__visibility_control.h
-- Up-to-date: /root/TEAM_AIM/install/scene_srv/lib/libscene_srv__rosidl_typesupport_introspection_c.so
-- Up-to-date: /root/TEAM_AIM/install/scene_srv/lib/libscene_srv__rosidl_typesupport_c.so
-- Up-to-date: /root/TEAM_AIM/install/scene_srv/include/scene_srv
-- Up-to-date: /root/TEAM_AIM/install/scene_srv/include/scene_srv/srv
-- Up-to-date: /root/TEAM_AIM/install/scene_srv/include/scene_srv/srv/scene_signal.hpp
-- Up-to-date: /root/TEAM_AIM/install/scene_srv/include/scene_srv/srv/detail
-- Up-to-date: /root/TEAM_AIM/install/scene_srv/include/scene_srv/srv/detail/scene_signal__builder.hpp
-- Up-to-date: /root/TEAM_AIM/install/scene_srv/include/scene_srv/srv/detail/start_signal__builder.hpp
-- Up-to-date: /root/TEAM_AIM/install/scene_srv/include/scene_srv/srv/detail/start_signal__struct.hpp
-- Up-to-date: /root/TEAM_AIM/install/scene_srv/include/scene_srv/srv/detail/start_signal__traits.hpp
-- Up-to-date: /root/TEAM_AIM/install/scene_srv/include/scene_srv/srv/detail/start_signal__type_support.hpp
-- Up-to-date: /root/TEAM_AIM/install/scene_srv/include/scene_srv/srv/detail/scene_signal__traits.hpp
-- Up-to-date: /root/TEAM_AIM/install/scene_srv/include/scene_srv/srv/detail/scene_signal__type_support.hpp
-- Up-to-date: /root/TEAM_AIM/install/scene_srv/include/scene_srv/srv/detail/scene_signal__struct.hpp
-- Up-to-date: /root/TEAM_AIM/install/scene_srv/include/scene_srv/srv/start_signal.hpp
-- Up-to-date: /root/TEAM_AIM/install/scene_srv/include/scene_srv/msg
-- Up-to-date: /root/TEAM_AIM/install/scene_srv/include/scene_srv/msg/rosidl_generator_cpp__visibility_control.hpp
-- Up-to-date: /root/TEAM_AIM/install/scene_srv/include/scene_srv
-- Up-to-date: /root/TEAM_AIM/install/scene_srv/include/scene_srv/srv
-- Up-to-date: /root/TEAM_AIM/install/scene_srv/include/scene_srv/srv/detail
-- Up-to-date: /root/TEAM_AIM/install/scene_srv/include/scene_srv/srv/detail/start_signal__type_support.cpp
-- Up-to-date: /root/TEAM_AIM/install/scene_srv/include/scene_srv/srv/detail/start_signal__rosidl_typesupport_introspection_cpp.hpp
-- Up-to-date: /root/TEAM_AIM/install/scene_srv/include/scene_srv/srv/detail/scene_signal__type_support.cpp
-- Up-to-date: /root/TEAM_AIM/install/scene_srv/include/scene_srv/srv/detail/scene_signal__rosidl_typesupport_introspection_cpp.hpp
-- Up-to-date: /root/TEAM_AIM/install/scene_srv/lib/libscene_srv__rosidl_typesupport_introspection_cpp.so
-- Up-to-date: /root/TEAM_AIM/install/scene_srv/lib/libscene_srv__rosidl_typesupport_cpp.so
-- Up-to-date: /root/TEAM_AIM/install/scene_srv/share/scene_srv/environment/pythonpath.sh
-- Installing: /root/TEAM_AIM/install/scene_srv/share/scene_srv/environment/pythonpath.dsv
-- Installing: /root/TEAM_AIM/install/scene_srv/lib/python3.8/site-packages/scene_srv/__init__.py
Compiling '/root/TEAM_AIM/install/scene_srv/lib/python3.8/site-packages/scene_srv/__init__.py'...
-- Up-to-date: /root/TEAM_AIM/install/scene_srv/lib/python3.8/site-packages/scene_srv/srv
-- Up-to-date: /root/TEAM_AIM/install/scene_srv/lib/python3.8/site-packages/scene_srv/srv/_scene_signal.py
-- Up-to-date: /root/TEAM_AIM/install/scene_srv/lib/python3.8/site-packages/scene_srv/srv/__init__.py
-- Up-to-date: /root/TEAM_AIM/install/scene_srv/lib/python3.8/site-packages/scene_srv/srv/_scene_signal_s.c
-- Up-to-date: /root/TEAM_AIM/install/scene_srv/lib/python3.8/site-packages/scene_srv/srv/_start_signal.py
-- Up-to-date: /root/TEAM_AIM/install/scene_srv/lib/python3.8/site-packages/scene_srv/srv/_start_signal_s.c
-- Up-to-date: /root/TEAM_AIM/install/scene_srv/lib/python3.8/site-packages/scene_srv/scene_srv_s__rosidl_typesupport_fastrtps_c.cpython-38-x86_64-linux-gnu.so
-- Up-to-date: /root/TEAM_AIM/install/scene_srv/lib/python3.8/site-packages/scene_srv/scene_srv_s__rosidl_typesupport_introspection_c.cpython-38-x86_64-linux-gnu.so
-- Up-to-date: /root/TEAM_AIM/install/scene_srv/lib/python3.8/site-packages/scene_srv/scene_srv_s__rosidl_typesupport_c.cpython-38-x86_64-linux-gnu.so
-- Up-to-date: /root/TEAM_AIM/install/scene_srv/lib/libscene_srv__python.so
-- Up-to-date: /root/TEAM_AIM/install/scene_srv/share/scene_srv/srv/SceneSignal.idl
-- Up-to-date: /root/TEAM_AIM/install/scene_srv/share/scene_srv/srv/StartSignal.idl
-- Up-to-date: /root/TEAM_AIM/install/scene_srv/share/scene_srv/srv/SceneSignal.srv
-- Up-to-date: /root/TEAM_AIM/install/scene_srv/share/scene_srv/srv/SceneSignal_Request.msg
-- Up-to-date: /root/TEAM_AIM/install/scene_srv/share/scene_srv/srv/SceneSignal_Response.msg
-- Up-to-date: /root/TEAM_AIM/install/scene_srv/share/scene_srv/srv/StartSignal.srv
-- Up-to-date: /root/TEAM_AIM/install/scene_srv/share/scene_srv/srv/StartSignal_Request.msg
-- Up-to-date: /root/TEAM_AIM/install/scene_srv/share/scene_srv/srv/StartSignal_Response.msg
-- Up-to-date: /root/TEAM_AIM/install/scene_srv/share/ament_index/resource_index/package_run_dependencies/scene_srv
-- Up-to-date: /root/TEAM_AIM/install/scene_srv/share/ament_index/resource_index/parent_prefix_path/scene_srv
-- Up-to-date: /root/TEAM_AIM/install/scene_srv/share/scene_srv/environment/ament_prefix_path.sh
-- Installing: /root/TEAM_AIM/install/scene_srv/share/scene_srv/environment/ament_prefix_path.dsv
-- Up-to-date: /root/TEAM_AIM/install/scene_srv/share/scene_srv/environment/path.sh
-- Installing: /root/TEAM_AIM/install/scene_srv/share/scene_srv/environment/path.dsv
-- Up-to-date: /root/TEAM_AIM/install/scene_srv/share/scene_srv/local_setup.bash
-- Up-to-date: /root/TEAM_AIM/install/scene_srv/share/scene_srv/local_setup.sh
-- Up-to-date: /root/TEAM_AIM/install/scene_srv/share/scene_srv/local_setup.zsh
-- Installing: /root/TEAM_AIM/install/scene_srv/share/scene_srv/local_setup.dsv
-- Installing: /root/TEAM_AIM/install/scene_srv/share/scene_srv/package.dsv
-- Up-to-date: /root/TEAM_AIM/install/scene_srv/share/ament_index/resource_index/packages/scene_srv
-- Up-to-date: /root/TEAM_AIM/install/scene_srv/share/scene_srv/cmake/scene_srv__rosidl_generator_cExport.cmake
-- Installing: /root/TEAM_AIM/install/scene_srv/share/scene_srv/cmake/scene_srv__rosidl_generator_cExport-noconfig.cmake
-- Up-to-date: /root/TEAM_AIM/install/scene_srv/share/scene_srv/cmake/scene_srv__rosidl_typesupport_introspection_cExport.cmake
-- Installing: /root/TEAM_AIM/install/scene_srv/share/scene_srv/cmake/scene_srv__rosidl_typesupport_introspection_cExport-noconfig.cmake
-- Up-to-date: /root/TEAM_AIM/install/scene_srv/share/scene_srv/cmake/scene_srv__rosidl_typesupport_cExport.cmake
-- Installing: /root/TEAM_AIM/install/scene_srv/share/scene_srv/cmake/scene_srv__rosidl_typesupport_cExport-noconfig.cmake
-- Up-to-date: /root/TEAM_AIM/install/scene_srv/share/scene_srv/cmake/scene_srv__rosidl_generator_cppExport.cmake
-- Up-to-date: /root/TEAM_AIM/install/scene_srv/share/scene_srv/cmake/scene_srv__rosidl_typesupport_introspection_cppExport.cmake
-- Installing: /root/TEAM_AIM/install/scene_srv/share/scene_srv/cmake/scene_srv__rosidl_typesupport_introspection_cppExport-noconfig.cmake
-- Up-to-date: /root/TEAM_AIM/install/scene_srv/share/scene_srv/cmake/scene_srv__rosidl_typesupport_cppExport.cmake
-- Installing: /root/TEAM_AIM/install/scene_srv/share/scene_srv/cmake/scene_srv__rosidl_typesupport_cppExport-noconfig.cmake
-- Up-to-date: /root/TEAM_AIM/install/scene_srv/share/scene_srv/cmake/rosidl_cmake-extras.cmake
-- Up-to-date: /root/TEAM_AIM/install/scene_srv/share/scene_srv/cmake/ament_cmake_export_dependencies-extras.cmake
-- Up-to-date: /root/TEAM_AIM/install/scene_srv/share/scene_srv/cmake/ament_cmake_export_libraries-extras.cmake
-- Up-to-date: /root/TEAM_AIM/install/scene_srv/share/scene_srv/cmake/ament_cmake_export_targets-extras.cmake
-- Up-to-date: /root/TEAM_AIM/install/scene_srv/share/scene_srv/cmake/ament_cmake_export_include_directories-extras.cmake
-- Up-to-date: /root/TEAM_AIM/install/scene_srv/share/scene_srv/cmake/rosidl_cmake_export_typesupport_libraries-extras.cmake
-- Up-to-date: /root/TEAM_AIM/install/scene_srv/share/scene_srv/cmake/rosidl_cmake_export_typesupport_targets-extras.cmake
-- Up-to-date: /root/TEAM_AIM/install/scene_srv/share/scene_srv/cmake/scene_srvConfig.cmake
-- Up-to-date: /root/TEAM_AIM/install/scene_srv/share/scene_srv/cmake/scene_srvConfig-version.cmake
-- Up-to-date: /root/TEAM_AIM/install/scene_srv/share/scene_srv/package.xml
