-- The C compiler identification is GNU 9.4.0
-- The CXX compiler identification is GNU 9.4.0
-- Check for working C compiler: /usr/bin/cc
-- Check for working C compiler: /usr/bin/cc -- works
-- Detecting C compiler ABI info
-- Detecting C compiler ABI info - done
-- Detecting C compile features
-- Detecting C compile features - done
-- Check for working CXX compiler: /usr/bin/c++
-- Check for working CXX compiler: /usr/bin/c++ -- works
-- Detecting CXX compiler ABI info
-- Detecting CXX compiler ABI info - done
-- Detecting CXX compile features
-- Detecting CXX compile features - done
-- Found ament_cmake: 0.9.12 (/opt/ros/foxy/share/ament_cmake/cmake)
-- Found PythonInterp: /usr/bin/python3 (found suitable version "3.8.10", minimum required is "3") 
-- Using PYTHON_EXECUTABLE: /usr/bin/python3
-- Found rclcpp: 2.4.3 (/opt/ros/foxy/share/rclcpp/cmake)
-- Using all available rosidl_typesupport_c: rosidl_typesupport_fastrtps_c;rosidl_typesupport_introspection_c
-- Found rosidl_adapter: 1.3.1 (/opt/ros/foxy/share/rosidl_adapter/cmake)
-- Found OpenSSL: /usr/lib/x86_64-linux-gnu/libcrypto.so (found version "1.1.1f")  
-- Found FastRTPS: /opt/ros/foxy/include  
-- Using all available rosidl_typesupport_cpp: rosidl_typesupport_fastrtps_cpp;rosidl_typesupport_introspection_cpp
-- Found rmw_implementation_cmake: 1.0.4 (/opt/ros/foxy/share/rmw_implementation_cmake/cmake)
-- Using RMW implementation 'rmw_fastrtps_cpp' as default
-- Looking for pthread.h
-- Looking for pthread.h - found
-- Performing Test CMAKE_HAVE_LIBC_PTHREAD
-- Performing Test CMAKE_HAVE_LIBC_PTHREAD - Failed
-- Looking for pthread_create in pthreads
-- Looking for pthread_create in pthreads - not found
-- Looking for pthread_create in pthread
-- Looking for pthread_create in pthread - found
-- Found Threads: TRUE  
-- Found geometry_msgs: 2.0.5 (/opt/ros/foxy/share/geometry_msgs/cmake)
-- Found ament_index_cpp: 1.1.0 (/opt/ros/foxy/share/ament_index_cpp/cmake)
-- Found nlohmann_json: /usr/lib/cmake/nlohmann_json/nlohmann_jsonConfig.cmake (found version "3.7.3") 
-- Found rosidl_default_generators: 1.0.1 (/opt/ros/foxy/share/rosidl_default_generators/cmake)
-- Found scene_srv: 0.0.0 (/root/TEAM_AIM/install/scene_srv/share/scene_srv/cmake)
-- Configuring done
-- Generating done
-- Build files have been written to: /root/TEAM_AIM/build/hv_handler
[35m[1mScanning dependencies of target hv_handler_node[0m
[ 50%] [32mBuilding CXX object CMakeFiles/hv_handler_node.dir/src/hv_handler_node.cpp.o[0m
[100%] [32m[1mLinking CXX executable hv_handler_node[0m
[100%] Built target hv_handler_node
-- Install configuration: ""
-- Installing: /root/TEAM_AIM/install/hv_handler/lib/hv_handler/hv_handler_node
-- Set runtime path of "/root/TEAM_AIM/install/hv_handler/lib/hv_handler/hv_handler_node" to ""
-- Installing: /root/TEAM_AIM/install/hv_handler/share/hv_handler/config
-- Installing: /root/TEAM_AIM/install/hv_handler/share/hv_handler/config/hv_params.yaml
-- Installing: /root/TEAM_AIM/install/hv_handler/share/hv_handler/config/belt_lane_three.json
-- Installing: /root/TEAM_AIM/install/hv_handler/share/hv_handler/config/belt_lane_two.json
-- Installing: /root/TEAM_AIM/install/hv_handler/share/hv_handler/config/roundabout_lane_two.json
-- Installing: /root/TEAM_AIM/install/hv_handler/share/hv_handler/config/belt_lane_one.json
-- Installing: /root/TEAM_AIM/install/hv_handler/share/ament_index/resource_index/package_run_dependencies/hv_handler
-- Installing: /root/TEAM_AIM/install/hv_handler/share/ament_index/resource_index/parent_prefix_path/hv_handler
-- Installing: /root/TEAM_AIM/install/hv_handler/share/hv_handler/environment/ament_prefix_path.sh
-- Installing: /root/TEAM_AIM/install/hv_handler/share/hv_handler/environment/ament_prefix_path.dsv
-- Installing: /root/TEAM_AIM/install/hv_handler/share/hv_handler/environment/path.sh
-- Installing: /root/TEAM_AIM/install/hv_handler/share/hv_handler/environment/path.dsv
-- Installing: /root/TEAM_AIM/install/hv_handler/share/hv_handler/local_setup.bash
-- Installing: /root/TEAM_AIM/install/hv_handler/share/hv_handler/local_setup.sh
-- Installing: /root/TEAM_AIM/install/hv_handler/share/hv_handler/local_setup.zsh
-- Installing: /root/TEAM_AIM/install/hv_handler/share/hv_handler/local_setup.dsv
-- Installing: /root/TEAM_AIM/install/hv_handler/share/hv_handler/package.dsv
-- Installing: /root/TEAM_AIM/install/hv_handler/share/ament_index/resource_index/packages/hv_handler
-- Installing: /root/TEAM_AIM/install/hv_handler/share/hv_handler/cmake/hv_handlerConfig.cmake
-- Installing: /root/TEAM_AIM/install/hv_handler/share/hv_handler/cmake/hv_handlerConfig-version.cmake
-- Installing: /root/TEAM_AIM/install/hv_handler/share/hv_handler/package.xml
