[0.043s] Invoking command in '/root/TEAM_AIM/build/communication_manager': AMENT_PREFIX_PATH=/root/TEAM_AIM/install/scene_srv:/root/TEAM_AIM/install/domain_bridge:${AMENT_PREFIX_PATH} CMAKE_PREFIX_PATH=/root/TEAM_AIM/install/scene_srv:/root/TEAM_AIM/install/domain_bridge:/opt/ros/foxy LD_LIBRARY_PATH=/root/TEAM_AIM/install/scene_srv/lib:/root/TEAM_AIM/install/domain_bridge/lib:${LD_LIBRARY_PATH} PYTHONPATH=/root/TEAM_AIM/install/scene_srv/lib/python3.8/site-packages:/root/TEAM_AIM/install/domain_bridge/lib/python3.8/site-packages:${PYTHONPATH} /usr/bin/cmake /root/TEAM_AIM/Mobility_Challenge_Simulator/src/communication_manager -DBUILD_TESTING=OFF -DCMAKE_INSTALL_PREFIX=/root/TEAM_AIM/install/communication_manager
[0.173s] -- The C compiler identification is GNU 9.4.0
[0.298s] -- The CXX compiler identification is GNU 9.4.0
[0.304s] -- Check for working C compiler: /usr/bin/cc
[0.477s] -- Check for working C compiler: /usr/bin/cc -- works
[0.485s] -- Detecting C compiler ABI info
[0.659s] -- Detecting C compiler ABI info - done
[0.679s] -- Detecting C compile features
[0.679s] -- Detecting C compile features - done
[0.682s] -- Check for working CXX compiler: /usr/bin/c++
[0.862s] -- Check for working CXX compiler: /usr/bin/c++ -- works
[0.863s] -- Detecting CXX compiler ABI info
[1.030s] -- Detecting CXX compiler ABI info - done
[1.052s] -- Detecting CXX compile features
[1.053s] -- Detecting CXX compile features - done
[1.061s] -- Found ament_cmake: 0.9.12 (/opt/ros/foxy/share/ament_cmake/cmake)
[1.102s] -- Found PythonInterp: /usr/bin/python3 (found suitable version "3.8.10", minimum required is "3") 
[1.102s] -- Using PYTHON_EXECUTABLE: /usr/bin/python3
[1.397s] -- Found rclcpp: 2.4.3 (/opt/ros/foxy/share/rclcpp/cmake)
[1.485s] -- Using all available rosidl_typesupport_c: rosidl_typesupport_fastrtps_c;rosidl_typesupport_introspection_c
[1.498s] -- Found rosidl_adapter: 1.3.1 (/opt/ros/foxy/share/rosidl_adapter/cmake)
[1.732s] -- Found OpenSSL: /usr/lib/x86_64-linux-gnu/libcrypto.so (found version "1.1.1f")  
[1.796s] -- Found FastRTPS: /opt/ros/foxy/include  
[1.972s] -- Using all available rosidl_typesupport_cpp: rosidl_typesupport_fastrtps_cpp;rosidl_typesupport_introspection_cpp
[2.071s] -- Found rmw_implementation_cmake: 1.0.4 (/opt/ros/foxy/share/rmw_implementation_cmake/cmake)
[2.073s] -- Using RMW implementation 'rmw_fastrtps_cpp' as default
[2.076s] -- Looking for pthread.h
[2.232s] -- Looking for pthread.h - found
[2.232s] -- Performing Test CMAKE_HAVE_LIBC_PTHREAD
[2.385s] -- Performing Test CMAKE_HAVE_LIBC_PTHREAD - Failed
[2.386s] -- Looking for pthread_create in pthreads
[2.523s] -- Looking for pthread_create in pthreads - not found
[2.523s] -- Looking for pthread_create in pthread
[2.676s] -- Looking for pthread_create in pthread - found
[2.677s] -- Found Threads: TRUE  
[2.938s] -- Found geometry_msgs: 2.0.5 (/opt/ros/foxy/share/geometry_msgs/cmake)
[2.989s] -- Found domain_bridge: 0.4.0 (/root/TEAM_AIM/install/domain_bridge/share/domain_bridge/cmake)
[3.094s] -- Setting yaml-cpp_DIR to: '/opt/ros/foxy/share/yaml_cpp_vendor/cmake/../../../opt/yaml_cpp_vendor/lib/cmake/yaml-cpp'
[3.134s] -- Found scene_srv: 0.0.0 (/root/TEAM_AIM/install/scene_srv/share/scene_srv/cmake)
[3.262s] -- Configuring done
[3.279s] -- Generating done
[3.281s] -- Build files have been written to: /root/TEAM_AIM/build/communication_manager
[3.298s] Invoked command in '/root/TEAM_AIM/build/communication_manager' returned '0': AMENT_PREFIX_PATH=/root/TEAM_AIM/install/scene_srv:/root/TEAM_AIM/install/domain_bridge:${AMENT_PREFIX_PATH} CMAKE_PREFIX_PATH=/root/TEAM_AIM/install/scene_srv:/root/TEAM_AIM/install/domain_bridge:/opt/ros/foxy LD_LIBRARY_PATH=/root/TEAM_AIM/install/scene_srv/lib:/root/TEAM_AIM/install/domain_bridge/lib:${LD_LIBRARY_PATH} PYTHONPATH=/root/TEAM_AIM/install/scene_srv/lib/python3.8/site-packages:/root/TEAM_AIM/install/domain_bridge/lib/python3.8/site-packages:${PYTHONPATH} /usr/bin/cmake /root/TEAM_AIM/Mobility_Challenge_Simulator/src/communication_manager -DBUILD_TESTING=OFF -DCMAKE_INSTALL_PREFIX=/root/TEAM_AIM/install/communication_manager
[3.304s] Invoking command in '/root/TEAM_AIM/build/communication_manager': AMENT_PREFIX_PATH=/root/TEAM_AIM/install/scene_srv:/root/TEAM_AIM/install/domain_bridge:${AMENT_PREFIX_PATH} CMAKE_PREFIX_PATH=/root/TEAM_AIM/install/scene_srv:/root/TEAM_AIM/install/domain_bridge:/opt/ros/foxy LD_LIBRARY_PATH=/root/TEAM_AIM/install/scene_srv/lib:/root/TEAM_AIM/install/domain_bridge/lib:${LD_LIBRARY_PATH} PYTHONPATH=/root/TEAM_AIM/install/scene_srv/lib/python3.8/site-packages:/root/TEAM_AIM/install/domain_bridge/lib/python3.8/site-packages:${PYTHONPATH} /usr/bin/cmake --build /root/TEAM_AIM/build/communication_manager -- -j16 -l16
[3.398s] [35m[1mScanning dependencies of target pose_sharing_handler[0m
[3.525s] [ 50%] [32mBuilding CXX object CMakeFiles/pose_sharing_handler.dir/src/pose_sharing_handler.cpp.o[0m
[8.896s] [100%] [32m[1mLinking CXX executable pose_sharing_handler[0m
[9.331s] [100%] Built target pose_sharing_handler
[9.365s] Invoked command in '/root/TEAM_AIM/build/communication_manager' returned '0': AMENT_PREFIX_PATH=/root/TEAM_AIM/install/scene_srv:/root/TEAM_AIM/install/domain_bridge:${AMENT_PREFIX_PATH} CMAKE_PREFIX_PATH=/root/TEAM_AIM/install/scene_srv:/root/TEAM_AIM/install/domain_bridge:/opt/ros/foxy LD_LIBRARY_PATH=/root/TEAM_AIM/install/scene_srv/lib:/root/TEAM_AIM/install/domain_bridge/lib:${LD_LIBRARY_PATH} PYTHONPATH=/root/TEAM_AIM/install/scene_srv/lib/python3.8/site-packages:/root/TEAM_AIM/install/domain_bridge/lib/python3.8/site-packages:${PYTHONPATH} /usr/bin/cmake --build /root/TEAM_AIM/build/communication_manager -- -j16 -l16
[9.421s] Invoking command in '/root/TEAM_AIM/build/communication_manager': AMENT_PREFIX_PATH=/root/TEAM_AIM/install/scene_srv:/root/TEAM_AIM/install/domain_bridge:${AMENT_PREFIX_PATH} CMAKE_PREFIX_PATH=/root/TEAM_AIM/install/scene_srv:/root/TEAM_AIM/install/domain_bridge:/opt/ros/foxy LD_LIBRARY_PATH=/root/TEAM_AIM/install/scene_srv/lib:/root/TEAM_AIM/install/domain_bridge/lib:${LD_LIBRARY_PATH} PYTHONPATH=/root/TEAM_AIM/install/scene_srv/lib/python3.8/site-packages:/root/TEAM_AIM/install/domain_bridge/lib/python3.8/site-packages:${PYTHONPATH} /usr/bin/cmake --install /root/TEAM_AIM/build/communication_manager
[9.444s] -- Install configuration: ""
[9.444s] -- Installing: /root/TEAM_AIM/install/communication_manager/lib/communication_manager/pose_sharing_handler
[9.449s] -- Set runtime path of "/root/TEAM_AIM/install/communication_manager/lib/communication_manager/pose_sharing_handler" to ""
[9.451s] -- Installing: /root/TEAM_AIM/install/communication_manager/share/ament_index/resource_index/package_run_dependencies/communication_manager
[9.451s] -- Installing: /root/TEAM_AIM/install/communication_manager/share/ament_index/resource_index/parent_prefix_path/communication_manager
[9.451s] -- Installing: /root/TEAM_AIM/install/communication_manager/share/communication_manager/environment/ament_prefix_path.sh
[9.452s] -- Installing: /root/TEAM_AIM/install/communication_manager/share/communication_manager/environment/ament_prefix_path.dsv
[9.452s] -- Installing: /root/TEAM_AIM/install/communication_manager/share/communication_manager/environment/path.sh
[9.452s] -- Installing: /root/TEAM_AIM/install/communication_manager/share/communication_manager/environment/path.dsv
[9.452s] -- Installing: /root/TEAM_AIM/install/communication_manager/share/communication_manager/local_setup.bash
[9.452s] -- Installing: /root/TEAM_AIM/install/communication_manager/share/communication_manager/local_setup.sh
[9.455s] -- Installing: /root/TEAM_AIM/install/communication_manager/share/communication_manager/local_setup.zsh
[9.455s] -- Installing: /root/TEAM_AIM/install/communication_manager/share/communication_manager/local_setup.dsv
[9.455s] -- Installing: /root/TEAM_AIM/install/communication_manager/share/communication_manager/package.dsv
[9.455s] -- Installing: /root/TEAM_AIM/install/communication_manager/share/ament_index/resource_index/packages/communication_manager
[9.455s] -- Installing: /root/TEAM_AIM/install/communication_manager/share/communication_manager/cmake/ament_cmake_export_dependencies-extras.cmake
[9.456s] -- Installing: /root/TEAM_AIM/install/communication_manager/share/communication_manager/cmake/communication_managerConfig.cmake
[9.456s] -- Installing: /root/TEAM_AIM/install/communication_manager/share/communication_manager/cmake/communication_managerConfig-version.cmake
[9.456s] -- Installing: /root/TEAM_AIM/install/communication_manager/share/communication_manager/package.xml
[9.470s] Invoked command in '/root/TEAM_AIM/build/communication_manager' returned '0': AMENT_PREFIX_PATH=/root/TEAM_AIM/install/scene_srv:/root/TEAM_AIM/install/domain_bridge:${AMENT_PREFIX_PATH} CMAKE_PREFIX_PATH=/root/TEAM_AIM/install/scene_srv:/root/TEAM_AIM/install/domain_bridge:/opt/ros/foxy LD_LIBRARY_PATH=/root/TEAM_AIM/install/scene_srv/lib:/root/TEAM_AIM/install/domain_bridge/lib:${LD_LIBRARY_PATH} PYTHONPATH=/root/TEAM_AIM/install/scene_srv/lib/python3.8/site-packages:/root/TEAM_AIM/install/domain_bridge/lib/python3.8/site-packages:${PYTHONPATH} /usr/bin/cmake --install /root/TEAM_AIM/build/communication_manager
