[0.050s] Invoking command in '/root/TEAM_AIM/build/domain_bridge': CMAKE_PREFIX_PATH=${CMAKE_PREFIX_PATH}:/opt/ros/foxy /usr/bin/cmake /root/TEAM_AIM/Mobility_Challenge_Simulator/src/domain_bridge -DCMAKE_INSTALL_PREFIX=/root/TEAM_AIM/install/domain_bridge
[0.070s] -- Found ament_cmake: 0.9.12 (/opt/ros/foxy/share/ament_cmake/cmake)
[0.090s] -- Found PythonInterp: /usr/bin/python3 (found suitable version "3.8.10", minimum required is "3") 
[0.091s] -- Using PYTHON_EXECUTABLE: /usr/bin/python3
[0.218s] -- Found rcl: 1.1.14 (/opt/ros/foxy/share/rcl/cmake)
[0.243s] -- Using all available rosidl_typesupport_c: rosidl_typesupport_fastrtps_c;rosidl_typesupport_introspection_c
[0.245s] -- Found rosidl_adapter: 1.3.1 (/opt/ros/foxy/share/rosidl_adapter/cmake)
[0.378s] -- Using all available rosidl_typesupport_cpp: rosidl_typesupport_fastrtps_cpp;rosidl_typesupport_introspection_cpp
[0.424s] -- Found rmw_implementation_cmake: 1.0.4 (/opt/ros/foxy/share/rmw_implementation_cmake/cmake)
[0.424s] -- Using RMW implementation 'rmw_fastrtps_cpp' as default
[0.439s] -- Found rclcpp: 2.4.3 (/opt/ros/foxy/share/rclcpp/cmake)
[0.539s] -- Found rosbag2_cpp: 0.3.11 (/opt/ros/foxy/share/rosbag2_cpp/cmake)
[0.573s] -- Setting yaml-cpp_DIR to: '/opt/ros/foxy/share/yaml_cpp_vendor/cmake/../../../opt/yaml_cpp_vendor/lib/cmake/yaml-cpp'
[0.578s] -- Found rosidl_default_generators: 1.0.1 (/opt/ros/foxy/share/rosidl_default_generators/cmake)
[0.585s] -- Found zstd_vendor: 0.3.11 (/opt/ros/foxy/share/zstd_vendor/cmake)
[0.606s] -- Found PythonInterp: /usr/bin/python3 (found version "3.8.10") 
[0.695s] -- Found ament_cmake_ros: 0.9.2 (/opt/ros/foxy/share/ament_cmake_ros/cmake)
[0.800s] -- Using all available rosidl_typesupport_c: rosidl_typesupport_fastrtps_c;rosidl_typesupport_introspection_c
[0.806s] -- Using all available rosidl_typesupport_cpp: rosidl_typesupport_fastrtps_cpp;rosidl_typesupport_introspection_cpp
[0.830s] -- Found PythonInterp: /usr/bin/python3 (found suitable version "3.8.10", minimum required is "3.5") 
[0.831s] -- Found python_cmake_module: 0.8.1 (/opt/ros/foxy/share/python_cmake_module/cmake)
[0.852s] -- Using PYTHON_EXECUTABLE: /usr/bin/python3
[0.852s] -- Using PYTHON_INCLUDE_DIRS: /usr/include/python3.8
[0.852s] -- Using PYTHON_LIBRARIES: /usr/lib/x86_64-linux-gnu/libpython3.8.so
[0.889s] -- Configuring done
[0.938s] -- Generating done
[0.942s] -- Build files have been written to: /root/TEAM_AIM/build/domain_bridge
[0.952s] Invoked command in '/root/TEAM_AIM/build/domain_bridge' returned '0': CMAKE_PREFIX_PATH=${CMAKE_PREFIX_PATH}:/opt/ros/foxy /usr/bin/cmake /root/TEAM_AIM/Mobility_Challenge_Simulator/src/domain_bridge -DCMAKE_INSTALL_PREFIX=/root/TEAM_AIM/install/domain_bridge
[0.953s] Invoking command in '/root/TEAM_AIM/build/domain_bridge': CMAKE_PREFIX_PATH=${CMAKE_PREFIX_PATH}:/opt/ros/foxy /usr/bin/cmake --build /root/TEAM_AIM/build/domain_bridge -- -j16 -l16
[1.022s] [  2%] Built target domain_bridge__cpp
[1.047s] [  9%] Built target domain_bridge__rosidl_generator_c
[1.074s] [ 15%] Built target domain_bridge__rosidl_typesupport_fastrtps_cpp
[1.095s] [ 22%] Built target domain_bridge__rosidl_typesupport_c
[1.125s] [ 29%] Built target domain_bridge__rosidl_typesupport_fastrtps_c
[1.149s] [ 36%] Built target domain_bridge__rosidl_typesupport_introspection_c
[1.172s] [ 43%] Built target domain_bridge__rosidl_typesupport_introspection_cpp
[1.196s] [ 50%] Built target domain_bridge__rosidl_typesupport_cpp
[1.222s] [ 50%] Built target domain_bridge
[1.260s] [ 75%] Built target domain_bridge_lib
[1.283s] [ 77%] Built target domain_bridge__py
[1.320s] [ 81%] Built target domain_bridge_exec
[1.351s] [ 86%] Built target domain_bridge__python
[1.376s] [ 90%] Built target domain_bridge__rosidl_typesupport_introspection_c__pyext
[1.405s] [ 95%] Built target domain_bridge__rosidl_typesupport_fastrtps_c__pyext
[1.435s] [100%] Built target domain_bridge__rosidl_typesupport_c__pyext
[1.472s] Invoked command in '/root/TEAM_AIM/build/domain_bridge' returned '0': CMAKE_PREFIX_PATH=${CMAKE_PREFIX_PATH}:/opt/ros/foxy /usr/bin/cmake --build /root/TEAM_AIM/build/domain_bridge -- -j16 -l16
[1.559s] Invoking command in '/root/TEAM_AIM/build/domain_bridge': CMAKE_PREFIX_PATH=${CMAKE_PREFIX_PATH}:/opt/ros/foxy /usr/bin/cmake --install /root/TEAM_AIM/build/domain_bridge
[1.569s] -- Install configuration: ""
[1.569s] -- Up-to-date: /root/TEAM_AIM/install/domain_bridge/share/ament_index/resource_index/rosidl_interfaces/domain_bridge
[1.569s] -- Up-to-date: /root/TEAM_AIM/install/domain_bridge/include/domain_bridge
[1.569s] -- Up-to-date: /root/TEAM_AIM/install/domain_bridge/include/domain_bridge/msg
[1.569s] -- Up-to-date: /root/TEAM_AIM/install/domain_bridge/include/domain_bridge/msg/rosidl_generator_c__visibility_control.h
[1.569s] -- Up-to-date: /root/TEAM_AIM/install/domain_bridge/include/domain_bridge/msg/compressed_msg.h
[1.569s] -- Up-to-date: /root/TEAM_AIM/install/domain_bridge/include/domain_bridge/msg/detail
[1.569s] -- Up-to-date: /root/TEAM_AIM/install/domain_bridge/include/domain_bridge/msg/detail/compressed_msg__type_support.h
[1.570s] -- Up-to-date: /root/TEAM_AIM/install/domain_bridge/include/domain_bridge/msg/detail/compressed_msg__functions.c
[1.570s] -- Up-to-date: /root/TEAM_AIM/install/domain_bridge/include/domain_bridge/msg/detail/compressed_msg__functions.h
[1.570s] -- Up-to-date: /root/TEAM_AIM/install/domain_bridge/include/domain_bridge/msg/detail/compressed_msg__struct.h
[1.570s] -- Up-to-date: /root/TEAM_AIM/install/domain_bridge/share/domain_bridge/environment/library_path.sh
[1.570s] -- Installing: /root/TEAM_AIM/install/domain_bridge/share/domain_bridge/environment/library_path.dsv
[1.570s] -- Up-to-date: /root/TEAM_AIM/install/domain_bridge/lib/libdomain_bridge__rosidl_generator_c.so
[1.570s] -- Up-to-date: /root/TEAM_AIM/install/domain_bridge/include/domain_bridge
[1.570s] -- Up-to-date: /root/TEAM_AIM/install/domain_bridge/include/domain_bridge/msg
[1.570s] -- Up-to-date: /root/TEAM_AIM/install/domain_bridge/include/domain_bridge/msg/rosidl_typesupport_fastrtps_c__visibility_control.h
[1.570s] -- Up-to-date: /root/TEAM_AIM/install/domain_bridge/include/domain_bridge/msg/detail
[1.570s] -- Up-to-date: /root/TEAM_AIM/install/domain_bridge/include/domain_bridge/msg/detail/compressed_msg__rosidl_typesupport_fastrtps_c.h
[1.571s] -- Up-to-date: /root/TEAM_AIM/install/domain_bridge/lib/libdomain_bridge__rosidl_typesupport_fastrtps_c.so
[1.571s] -- Up-to-date: /root/TEAM_AIM/install/domain_bridge/include/domain_bridge
[1.571s] -- Up-to-date: /root/TEAM_AIM/install/domain_bridge/include/domain_bridge/msg
[1.571s] -- Up-to-date: /root/TEAM_AIM/install/domain_bridge/include/domain_bridge/msg/rosidl_typesupport_fastrtps_cpp__visibility_control.h
[1.571s] -- Up-to-date: /root/TEAM_AIM/install/domain_bridge/include/domain_bridge/msg/detail
[1.571s] -- Up-to-date: /root/TEAM_AIM/install/domain_bridge/include/domain_bridge/msg/detail/dds_fastrtps
[1.571s] -- Up-to-date: /root/TEAM_AIM/install/domain_bridge/include/domain_bridge/msg/detail/compressed_msg__rosidl_typesupport_fastrtps_cpp.hpp
[1.572s] -- Up-to-date: /root/TEAM_AIM/install/domain_bridge/lib/libdomain_bridge__rosidl_typesupport_fastrtps_cpp.so
[1.572s] -- Up-to-date: /root/TEAM_AIM/install/domain_bridge/include/domain_bridge
[1.572s] -- Up-to-date: /root/TEAM_AIM/install/domain_bridge/include/domain_bridge/msg
[1.572s] -- Up-to-date: /root/TEAM_AIM/install/domain_bridge/include/domain_bridge/msg/detail
[1.572s] -- Up-to-date: /root/TEAM_AIM/install/domain_bridge/include/domain_bridge/msg/detail/compressed_msg__type_support.c
[1.572s] -- Up-to-date: /root/TEAM_AIM/install/domain_bridge/include/domain_bridge/msg/detail/compressed_msg__rosidl_typesupport_introspection_c.h
[1.572s] -- Up-to-date: /root/TEAM_AIM/install/domain_bridge/include/domain_bridge/msg/rosidl_typesupport_introspection_c__visibility_control.h
[1.572s] -- Up-to-date: /root/TEAM_AIM/install/domain_bridge/lib/libdomain_bridge__rosidl_typesupport_introspection_c.so
[1.573s] -- Up-to-date: /root/TEAM_AIM/install/domain_bridge/lib/libdomain_bridge__rosidl_typesupport_c.so
[1.573s] -- Up-to-date: /root/TEAM_AIM/install/domain_bridge/include/domain_bridge
[1.573s] -- Up-to-date: /root/TEAM_AIM/install/domain_bridge/include/domain_bridge/msg
[1.573s] -- Up-to-date: /root/TEAM_AIM/install/domain_bridge/include/domain_bridge/msg/compressed_msg.hpp
[1.573s] -- Up-to-date: /root/TEAM_AIM/install/domain_bridge/include/domain_bridge/msg/rosidl_generator_cpp__visibility_control.hpp
[1.573s] -- Up-to-date: /root/TEAM_AIM/install/domain_bridge/include/domain_bridge/msg/detail
[1.574s] -- Up-to-date: /root/TEAM_AIM/install/domain_bridge/include/domain_bridge/msg/detail/compressed_msg__builder.hpp
[1.574s] -- Up-to-date: /root/TEAM_AIM/install/domain_bridge/include/domain_bridge/msg/detail/compressed_msg__struct.hpp
[1.574s] -- Up-to-date: /root/TEAM_AIM/install/domain_bridge/include/domain_bridge/msg/detail/compressed_msg__traits.hpp
[1.574s] -- Up-to-date: /root/TEAM_AIM/install/domain_bridge/include/domain_bridge/msg/detail/compressed_msg__type_support.hpp
[1.574s] -- Up-to-date: /root/TEAM_AIM/install/domain_bridge/include/domain_bridge
[1.574s] -- Up-to-date: /root/TEAM_AIM/install/domain_bridge/include/domain_bridge/msg
[1.574s] -- Up-to-date: /root/TEAM_AIM/install/domain_bridge/include/domain_bridge/msg/detail
[1.574s] -- Up-to-date: /root/TEAM_AIM/install/domain_bridge/include/domain_bridge/msg/detail/compressed_msg__type_support.cpp
[1.574s] -- Up-to-date: /root/TEAM_AIM/install/domain_bridge/include/domain_bridge/msg/detail/compressed_msg__rosidl_typesupport_introspection_cpp.hpp
[1.574s] -- Up-to-date: /root/TEAM_AIM/install/domain_bridge/lib/libdomain_bridge__rosidl_typesupport_introspection_cpp.so
[1.575s] -- Up-to-date: /root/TEAM_AIM/install/domain_bridge/lib/libdomain_bridge__rosidl_typesupport_cpp.so
[1.575s] -- Up-to-date: /root/TEAM_AIM/install/domain_bridge/share/domain_bridge/environment/pythonpath.sh
[1.575s] -- Installing: /root/TEAM_AIM/install/domain_bridge/share/domain_bridge/environment/pythonpath.dsv
[1.575s] -- Installing: /root/TEAM_AIM/install/domain_bridge/lib/python3.8/site-packages/domain_bridge/__init__.py
[1.602s] Compiling '/root/TEAM_AIM/install/domain_bridge/lib/python3.8/site-packages/domain_bridge/__init__.py'...
[1.602s] -- Up-to-date: /root/TEAM_AIM/install/domain_bridge/lib/python3.8/site-packages/domain_bridge/msg
[1.602s] -- Up-to-date: /root/TEAM_AIM/install/domain_bridge/lib/python3.8/site-packages/domain_bridge/msg/__init__.py
[1.602s] -- Up-to-date: /root/TEAM_AIM/install/domain_bridge/lib/python3.8/site-packages/domain_bridge/msg/_compressed_msg.py
[1.602s] -- Up-to-date: /root/TEAM_AIM/install/domain_bridge/lib/python3.8/site-packages/domain_bridge/msg/_compressed_msg_s.c
[1.602s] -- Up-to-date: /root/TEAM_AIM/install/domain_bridge/lib/python3.8/site-packages/domain_bridge/domain_bridge_s__rosidl_typesupport_fastrtps_c.cpython-38-x86_64-linux-gnu.so
[1.604s] -- Up-to-date: /root/TEAM_AIM/install/domain_bridge/lib/python3.8/site-packages/domain_bridge/domain_bridge_s__rosidl_typesupport_introspection_c.cpython-38-x86_64-linux-gnu.so
[1.605s] -- Up-to-date: /root/TEAM_AIM/install/domain_bridge/lib/python3.8/site-packages/domain_bridge/domain_bridge_s__rosidl_typesupport_c.cpython-38-x86_64-linux-gnu.so
[1.605s] -- Up-to-date: /root/TEAM_AIM/install/domain_bridge/lib/libdomain_bridge__python.so
[1.606s] -- Up-to-date: /root/TEAM_AIM/install/domain_bridge/share/domain_bridge/msg/CompressedMsg.idl
[1.606s] -- Up-to-date: /root/TEAM_AIM/install/domain_bridge/share/domain_bridge/msg/CompressedMsg.msg
[1.606s] -- Up-to-date: /root/TEAM_AIM/install/domain_bridge/include
[1.606s] -- Up-to-date: /root/TEAM_AIM/install/domain_bridge/include/domain_bridge
[1.606s] -- Up-to-date: /root/TEAM_AIM/install/domain_bridge/include/domain_bridge/topic_bridge_options.hpp
[1.606s] -- Up-to-date: /root/TEAM_AIM/install/domain_bridge/include/domain_bridge/service_bridge_impl.inc
[1.606s] -- Up-to-date: /root/TEAM_AIM/install/domain_bridge/include/domain_bridge/process_cmd_line_arguments.hpp
[1.606s] -- Up-to-date: /root/TEAM_AIM/install/domain_bridge/include/domain_bridge/topic_bridge.hpp
[1.606s] -- Up-to-date: /root/TEAM_AIM/install/domain_bridge/include/domain_bridge/domain_bridge.hpp
[1.606s] -- Up-to-date: /root/TEAM_AIM/install/domain_bridge/include/domain_bridge/domain_bridge_options.hpp
[1.607s] -- Up-to-date: /root/TEAM_AIM/install/domain_bridge/include/domain_bridge/service_bridge_options.hpp
[1.607s] -- Up-to-date: /root/TEAM_AIM/install/domain_bridge/include/domain_bridge/qos_options.hpp
[1.607s] -- Up-to-date: /root/TEAM_AIM/install/domain_bridge/include/domain_bridge/domain_bridge_config.hpp
[1.607s] -- Up-to-date: /root/TEAM_AIM/install/domain_bridge/include/domain_bridge/utils.hpp
[1.607s] -- Up-to-date: /root/TEAM_AIM/install/domain_bridge/include/domain_bridge/visibility_control.hpp
[1.607s] -- Up-to-date: /root/TEAM_AIM/install/domain_bridge/include/domain_bridge/parse_domain_bridge_yaml_config.hpp
[1.607s] -- Up-to-date: /root/TEAM_AIM/install/domain_bridge/include/domain_bridge/compress_messages.hpp
[1.607s] -- Up-to-date: /root/TEAM_AIM/install/domain_bridge/lib/domain_bridge/domain_bridge
[1.608s] -- Up-to-date: /root/TEAM_AIM/install/domain_bridge/lib/libdomain_bridge.so
[1.608s] -- Up-to-date: /root/TEAM_AIM/install/domain_bridge/share/domain_bridge/examples
[1.608s] -- Up-to-date: /root/TEAM_AIM/install/domain_bridge/share/domain_bridge/examples/example_bridge_config.yaml
[1.608s] -- Up-to-date: /root/TEAM_AIM/install/domain_bridge/share/domain_bridge/launch
[1.608s] -- Up-to-date: /root/TEAM_AIM/install/domain_bridge/share/domain_bridge/launch/domain_bridge.launch.xml
[1.608s] -- Up-to-date: /root/TEAM_AIM/install/domain_bridge/share/ament_index/resource_index/package_run_dependencies/domain_bridge
[1.609s] -- Up-to-date: /root/TEAM_AIM/install/domain_bridge/share/ament_index/resource_index/parent_prefix_path/domain_bridge
[1.609s] -- Up-to-date: /root/TEAM_AIM/install/domain_bridge/share/domain_bridge/environment/ament_prefix_path.sh
[1.609s] -- Installing: /root/TEAM_AIM/install/domain_bridge/share/domain_bridge/environment/ament_prefix_path.dsv
[1.609s] -- Up-to-date: /root/TEAM_AIM/install/domain_bridge/share/domain_bridge/environment/path.sh
[1.609s] -- Installing: /root/TEAM_AIM/install/domain_bridge/share/domain_bridge/environment/path.dsv
[1.609s] -- Up-to-date: /root/TEAM_AIM/install/domain_bridge/share/domain_bridge/local_setup.bash
[1.609s] -- Up-to-date: /root/TEAM_AIM/install/domain_bridge/share/domain_bridge/local_setup.sh
[1.609s] -- Up-to-date: /root/TEAM_AIM/install/domain_bridge/share/domain_bridge/local_setup.zsh
[1.609s] -- Installing: /root/TEAM_AIM/install/domain_bridge/share/domain_bridge/local_setup.dsv
[1.610s] -- Installing: /root/TEAM_AIM/install/domain_bridge/share/domain_bridge/package.dsv
[1.610s] -- Up-to-date: /root/TEAM_AIM/install/domain_bridge/share/ament_index/resource_index/packages/domain_bridge
[1.610s] -- Up-to-date: /root/TEAM_AIM/install/domain_bridge/share/domain_bridge/cmake/domain_bridge__rosidl_generator_cExport.cmake
[1.610s] -- Installing: /root/TEAM_AIM/install/domain_bridge/share/domain_bridge/cmake/domain_bridge__rosidl_generator_cExport-noconfig.cmake
[1.611s] -- Up-to-date: /root/TEAM_AIM/install/domain_bridge/share/domain_bridge/cmake/domain_bridge__rosidl_typesupport_introspection_cExport.cmake
[1.611s] -- Installing: /root/TEAM_AIM/install/domain_bridge/share/domain_bridge/cmake/domain_bridge__rosidl_typesupport_introspection_cExport-noconfig.cmake
[1.611s] -- Up-to-date: /root/TEAM_AIM/install/domain_bridge/share/domain_bridge/cmake/domain_bridge__rosidl_typesupport_cExport.cmake
[1.611s] -- Installing: /root/TEAM_AIM/install/domain_bridge/share/domain_bridge/cmake/domain_bridge__rosidl_typesupport_cExport-noconfig.cmake
[1.612s] -- Up-to-date: /root/TEAM_AIM/install/domain_bridge/share/domain_bridge/cmake/domain_bridge__rosidl_generator_cppExport.cmake
[1.612s] -- Up-to-date: /root/TEAM_AIM/install/domain_bridge/share/domain_bridge/cmake/domain_bridge__rosidl_typesupport_introspection_cppExport.cmake
[1.612s] -- Installing: /root/TEAM_AIM/install/domain_bridge/share/domain_bridge/cmake/domain_bridge__rosidl_typesupport_introspection_cppExport-noconfig.cmake
[1.612s] -- Up-to-date: /root/TEAM_AIM/install/domain_bridge/share/domain_bridge/cmake/domain_bridge__rosidl_typesupport_cppExport.cmake
[1.613s] -- Installing: /root/TEAM_AIM/install/domain_bridge/share/domain_bridge/cmake/domain_bridge__rosidl_typesupport_cppExport-noconfig.cmake
[1.613s] -- Up-to-date: /root/TEAM_AIM/install/domain_bridge/share/domain_bridge/cmake/export_domain_bridgeExport.cmake
[1.613s] -- Installing: /root/TEAM_AIM/install/domain_bridge/share/domain_bridge/cmake/export_domain_bridgeExport-noconfig.cmake
[1.613s] -- Up-to-date: /root/TEAM_AIM/install/domain_bridge/share/domain_bridge/cmake/rosidl_cmake-extras.cmake
[1.613s] -- Up-to-date: /root/TEAM_AIM/install/domain_bridge/share/domain_bridge/cmake/ament_cmake_export_dependencies-extras.cmake
[1.613s] -- Up-to-date: /root/TEAM_AIM/install/domain_bridge/share/domain_bridge/cmake/ament_cmake_export_libraries-extras.cmake
[1.613s] -- Up-to-date: /root/TEAM_AIM/install/domain_bridge/share/domain_bridge/cmake/ament_cmake_export_targets-extras.cmake
[1.613s] -- Up-to-date: /root/TEAM_AIM/install/domain_bridge/share/domain_bridge/cmake/ament_cmake_export_include_directories-extras.cmake
[1.613s] -- Up-to-date: /root/TEAM_AIM/install/domain_bridge/share/domain_bridge/cmake/rosidl_cmake_export_typesupport_libraries-extras.cmake
[1.614s] -- Up-to-date: /root/TEAM_AIM/install/domain_bridge/share/domain_bridge/cmake/rosidl_cmake_export_typesupport_targets-extras.cmake
[1.614s] -- Up-to-date: /root/TEAM_AIM/install/domain_bridge/share/domain_bridge/cmake/domain_bridgeConfig.cmake
[1.614s] -- Up-to-date: /root/TEAM_AIM/install/domain_bridge/share/domain_bridge/cmake/domain_bridgeConfig-version.cmake
[1.614s] -- Up-to-date: /root/TEAM_AIM/install/domain_bridge/share/domain_bridge/package.xml
[1.620s] Invoked command in '/root/TEAM_AIM/build/domain_bridge' returned '0': CMAKE_PREFIX_PATH=${CMAKE_PREFIX_PATH}:/opt/ros/foxy /usr/bin/cmake --install /root/TEAM_AIM/build/domain_bridge
