[0.041s] Invoking command in '/root/TEAM_AIM/build/mission_2': CMAKE_PREFIX_PATH=/opt/ros/foxy /usr/bin/cmake /root/TEAM_AIM/src/mission_2 -DCMAKE_INSTALL_PREFIX=/root/TEAM_AIM/install/mission_2
[0.054s] -- Found ament_cmake: 0.9.12 (/opt/ros/foxy/share/ament_cmake/cmake)
[0.068s] -- Using PYTHON_EXECUTABLE: /usr/bin/python3
[0.178s] -- Found rclcpp: 2.4.3 (/opt/ros/foxy/share/rclcpp/cmake)
[0.196s] -- Using all available rosidl_typesupport_c: rosidl_typesupport_fastrtps_c;rosidl_typesupport_introspection_c
[0.197s] -- Found rosidl_adapter: 1.3.1 (/opt/ros/foxy/share/rosidl_adapter/cmake)
[0.305s] -- Using all available rosidl_typesupport_cpp: rosidl_typesupport_fastrtps_cpp;rosidl_typesupport_introspection_cpp
[0.335s] -- Found rmw_implementation_cmake: 1.0.4 (/opt/ros/foxy/share/rmw_implementation_cmake/cmake)
[0.336s] -- Using RMW implementation 'rmw_fastrtps_cpp' as default
[0.419s] -- Found geometry_msgs: 2.0.5 (/opt/ros/foxy/share/geometry_msgs/cmake)
[0.440s] -- Found visualization_msgs: 2.0.5 (/opt/ros/foxy/share/visualization_msgs/cmake)
[0.481s] -- Found tf2: 0.13.14 (/opt/ros/foxy/share/tf2/cmake)
[0.488s] -- Found ament_index_cpp: 1.1.0 (/opt/ros/foxy/share/ament_index_cpp/cmake)
[0.492s] -- Found ament_lint_auto: 0.9.8 (/opt/ros/foxy/share/ament_lint_auto/cmake)
[0.538s] -- Added test 'copyright' to check source files copyright and LICENSE
[0.538s] -- Added test 'cppcheck' to perform static code analysis on C / C++ code
[0.538s] -- Configured cppcheck include dirs: 
[0.538s] -- Configured cppcheck exclude dirs and/or files: 
[0.539s] -- Added test 'cpplint' to check C / C++ code against the Google style
[0.539s] -- Configured cpplint exclude dirs and/or files: 
[0.539s] -- Added test 'lint_cmake' to check CMake code style
[0.539s] -- Added test 'uncrustify' to check C / C++ code style
[0.539s] -- Configured uncrustify additional arguments: 
[0.540s] -- Added test 'xmllint' to check XML markup files
[0.543s] -- Configuring done
[0.544s] CMake Error at CMakeLists.txt:68 (add_executable):
[0.544s]   Cannot find source file:
[0.544s] 
[0.544s]     src/control/control_cav_mission_2_ver4_refactored.cpp
[0.544s] 
[0.544s]   Tried extensions .c .C .c++ .cc .cpp .cxx .cu .m .M .mm .h .hh .h++ .hm
[0.544s]   .hpp .hxx .in .txx
[0.544s] 
[0.544s] 
[0.544s] CMake Error at CMakeLists.txt:54 (add_executable):
[0.544s]   Cannot find source file:
[0.544s] 
[0.544s]     src/control/control_cav_mission_2_ver2_refactored.cpp
[0.544s] 
[0.544s]   Tried extensions .c .C .c++ .cc .cpp .cxx .cu .m .M .mm .h .hh .h++ .hm
[0.544s]   .hpp .hxx .in .txx
[0.544s] 
[0.545s] 
[0.545s] CMake Error at CMakeLists.txt:40 (add_executable):
[0.545s]   Cannot find source file:
[0.545s] 
[0.545s]     src/control/control_cav_mission_2_ver2.cpp
[0.545s] 
[0.545s]   Tried extensions .c .C .c++ .cc .cpp .cxx .cu .m .M .mm .h .hh .h++ .hm
[0.545s]   .hpp .hxx .in .txx
[0.545s] 
[0.545s] 
[0.545s] CMake Error at CMakeLists.txt:68 (add_executable):
[0.545s]   No SOURCES given to target: control_cav_mission_2_ver4_refactored
[0.545s] 
[0.545s] 
[0.545s] CMake Error at CMakeLists.txt:54 (add_executable):
[0.545s]   No SOURCES given to target: control_cav_mission_2_ver2_refactored
[0.545s] 
[0.545s] 
[0.545s] CMake Error at CMakeLists.txt:40 (add_executable):
[0.545s]   No SOURCES given to target: control_cav_mission_2_ver2
[0.545s] 
[0.545s] 
[0.545s] CMake Generate step failed.  Build files cannot be regenerated correctly.
[0.550s] Invoked command in '/root/TEAM_AIM/build/mission_2' returned '1': CMAKE_PREFIX_PATH=/opt/ros/foxy /usr/bin/cmake /root/TEAM_AIM/src/mission_2 -DCMAKE_INSTALL_PREFIX=/root/TEAM_AIM/install/mission_2
