[0.046s] Invoking command in '/root/TEAM_AIM/build/mission_2': CMAKE_PREFIX_PATH=${CMAKE_PREFIX_PATH}:/opt/ros/foxy /usr/bin/cmake /root/TEAM_AIM/src/mission_2 -DBUILD_TESTING=OFF -DCMAKE_INSTALL_PREFIX=/root/TEAM_AIM/install/mission_2
[0.104s] -- The C compiler identification is GNU 9.4.0
[0.162s] -- The CXX compiler identification is GNU 9.4.0
[0.166s] -- Check for working C compiler: /usr/bin/cc
[0.236s] -- Check for working C compiler: /usr/bin/cc -- works
[0.237s] -- Detecting C compiler ABI info
[0.308s] -- Detecting C compiler ABI info - done
[0.315s] -- Detecting C compile features
[0.315s] -- Detecting C compile features - done
[0.318s] -- Check for working CXX compiler: /usr/bin/c++
[0.402s] -- Check for working CXX compiler: /usr/bin/c++ -- works
[0.403s] -- Detecting CXX compiler ABI info
[0.475s] -- Detecting CXX compiler ABI info - done
[0.482s] -- Detecting CXX compile features
[0.482s] -- Detecting CXX compile features - done
[0.485s] -- Found ament_cmake: 0.9.12 (/opt/ros/foxy/share/ament_cmake/cmake)
[0.506s] -- Found PythonInterp: /usr/bin/python3 (found suitable version "3.8.10", minimum required is "3") 
[0.507s] -- Using PYTHON_EXECUTABLE: /usr/bin/python3
[0.624s] -- Found rclcpp: 2.4.3 (/opt/ros/foxy/share/rclcpp/cmake)
[0.658s] -- Using all available rosidl_typesupport_c: rosidl_typesupport_fastrtps_c;rosidl_typesupport_introspection_c
[0.663s] -- Found rosidl_adapter: 1.3.1 (/opt/ros/foxy/share/rosidl_adapter/cmake)
[0.754s] -- Found OpenSSL: /usr/lib/x86_64-linux-gnu/libcrypto.so (found version "1.1.1f")  
[0.780s] -- Found FastRTPS: /opt/ros/foxy/include  
[0.859s] -- Using all available rosidl_typesupport_cpp: rosidl_typesupport_fastrtps_cpp;rosidl_typesupport_introspection_cpp
[0.906s] -- Found rmw_implementation_cmake: 1.0.4 (/opt/ros/foxy/share/rmw_implementation_cmake/cmake)
[0.906s] -- Using RMW implementation 'rmw_fastrtps_cpp' as default
[0.908s] -- Looking for pthread.h
[0.990s] -- Looking for pthread.h - found
[0.990s] -- Performing Test CMAKE_HAVE_LIBC_PTHREAD
[1.057s] -- Performing Test CMAKE_HAVE_LIBC_PTHREAD - Failed
[1.058s] -- Looking for pthread_create in pthreads
[1.117s] -- Looking for pthread_create in pthreads - not found
[1.117s] -- Looking for pthread_create in pthread
[1.180s] -- Looking for pthread_create in pthread - found
[1.180s] -- Found Threads: TRUE  
[1.277s] -- Found geometry_msgs: 2.0.5 (/opt/ros/foxy/share/geometry_msgs/cmake)
[1.300s] -- Found visualization_msgs: 2.0.5 (/opt/ros/foxy/share/visualization_msgs/cmake)
[1.342s] -- Found tf2: 0.13.14 (/opt/ros/foxy/share/tf2/cmake)
[1.349s] -- Found ament_index_cpp: 1.1.0 (/opt/ros/foxy/share/ament_index_cpp/cmake)
[1.396s] -- Configuring done
[1.407s] -- Generating done
[1.408s] -- Build files have been written to: /root/TEAM_AIM/build/mission_2
[1.418s] Invoked command in '/root/TEAM_AIM/build/mission_2' returned '0': CMAKE_PREFIX_PATH=${CMAKE_PREFIX_PATH}:/opt/ros/foxy /usr/bin/cmake /root/TEAM_AIM/src/mission_2 -DBUILD_TESTING=OFF -DCMAKE_INSTALL_PREFIX=/root/TEAM_AIM/install/mission_2
[1.421s] Invoking command in '/root/TEAM_AIM/build/mission_2': CMAKE_PREFIX_PATH=${CMAKE_PREFIX_PATH}:/opt/ros/foxy /usr/bin/cmake --build /root/TEAM_AIM/build/mission_2 -- -j16 -l16
[1.463s] [35m[1mScanning dependencies of target control_cav_mission_2[0m
[1.523s] [ 50%] [32mBuilding CXX object CMakeFiles/control_cav_mission_2.dir/src/control_cav_mission_2.cpp.o[0m
[2.896s] [01m[K/root/TEAM_AIM/src/mission_2/src/control_cav_mission_2.cpp:[m[K In function ‘[01m[Kvoid change_csv_state(int, int, std::shared_ptr<rclcpp::Node>)[m[K’:
[2.897s] [01m[K/root/TEAM_AIM/src/mission_2/src/control_cav_mission_2.cpp:581:27:[m[K [01;35m[Kwarning: [m[Kunused parameter ‘[01m[Kcav_id[m[K’ [[01;35m[K-Wunused-parameter[m[K]
[2.897s]   581 | void change_csv_state([01;35m[Kint cav_id[m[K, int new_lane, std::shared_ptr<rclcpp::Node> node) {
[2.897s]       |                       [01;35m[K~~~~^~~~~~[m[K
[2.954s] [01m[K/root/TEAM_AIM/src/mission_2/src/control_cav_mission_2.cpp:[m[K In lambda function:
[2.954s] [01m[K/root/TEAM_AIM/src/mission_2/src/control_cav_mission_2.cpp:945:20:[m[K [01;35m[Kwarning: [m[Kvariable ‘[01m[Klane_start_distance[m[K’ set but not used [[01;35m[K-Wunused-but-set-variable[m[K]
[2.954s]   945 |             double [01;35m[Klane_start_distance[m[K = 1e10;
[2.954s]       |                    [01;35m[K^~~~~~~~~~~~~~~~~~~[m[K
[8.500s] [100%] [32m[1mLinking CXX executable control_cav_mission_2[0m
[8.796s] [100%] Built target control_cav_mission_2
[8.830s] Invoked command in '/root/TEAM_AIM/build/mission_2' returned '0': CMAKE_PREFIX_PATH=${CMAKE_PREFIX_PATH}:/opt/ros/foxy /usr/bin/cmake --build /root/TEAM_AIM/build/mission_2 -- -j16 -l16
[8.872s] Invoking command in '/root/TEAM_AIM/build/mission_2': CMAKE_PREFIX_PATH=${CMAKE_PREFIX_PATH}:/opt/ros/foxy /usr/bin/cmake --install /root/TEAM_AIM/build/mission_2
[8.884s] -- Install configuration: ""
[8.884s] -- Installing: /root/TEAM_AIM/install/mission_2/lib/mission_2/control_cav_mission_2
[8.889s] -- Set runtime path of "/root/TEAM_AIM/install/mission_2/lib/mission_2/control_cav_mission_2" to ""
[8.889s] -- Installing: /root/TEAM_AIM/install/mission_2/share/mission_2/launch
[8.889s] -- Installing: /root/TEAM_AIM/install/mission_2/share/mission_2/launch/mission_2.launch.py
[8.890s] -- Installing: /root/TEAM_AIM/install/mission_2/share/ament_index/resource_index/package_run_dependencies/mission_2
[8.890s] -- Installing: /root/TEAM_AIM/install/mission_2/share/ament_index/resource_index/parent_prefix_path/mission_2
[8.890s] -- Installing: /root/TEAM_AIM/install/mission_2/share/mission_2/environment/ament_prefix_path.sh
[8.890s] -- Installing: /root/TEAM_AIM/install/mission_2/share/mission_2/environment/ament_prefix_path.dsv
[8.890s] -- Installing: /root/TEAM_AIM/install/mission_2/share/mission_2/environment/path.sh
[8.890s] -- Installing: /root/TEAM_AIM/install/mission_2/share/mission_2/environment/path.dsv
[8.890s] -- Installing: /root/TEAM_AIM/install/mission_2/share/mission_2/local_setup.bash
[8.890s] -- Installing: /root/TEAM_AIM/install/mission_2/share/mission_2/local_setup.sh
[8.890s] -- Installing: /root/TEAM_AIM/install/mission_2/share/mission_2/local_setup.zsh
[8.891s] -- Installing: /root/TEAM_AIM/install/mission_2/share/mission_2/local_setup.dsv
[8.891s] -- Installing: /root/TEAM_AIM/install/mission_2/share/mission_2/package.dsv
[8.891s] -- Installing: /root/TEAM_AIM/install/mission_2/share/ament_index/resource_index/packages/mission_2
[8.891s] -- Installing: /root/TEAM_AIM/install/mission_2/share/mission_2/cmake/mission_2Config.cmake
[8.893s] -- Installing: /root/TEAM_AIM/install/mission_2/share/mission_2/cmake/mission_2Config-version.cmake
[8.893s] -- Installing: /root/TEAM_AIM/install/mission_2/share/mission_2/package.xml
[8.898s] Invoked command in '/root/TEAM_AIM/build/mission_2' returned '0': CMAKE_PREFIX_PATH=${CMAKE_PREFIX_PATH}:/opt/ros/foxy /usr/bin/cmake --install /root/TEAM_AIM/build/mission_2
