[0.052s] Invoking command in '/root/TEAM_AIM/build/domain_bridge': CMAKE_PREFIX_PATH=/opt/ros/foxy /usr/bin/cmake /root/TEAM_AIM/Mobility_Challenge_Simulator/src/domain_bridge -DCMAKE_INSTALL_PREFIX=/root/TEAM_AIM/install/domain_bridge
[0.143s] -- The C compiler identification is GNU 9.4.0
[0.234s] -- The CXX compiler identification is GNU 9.4.0
[0.238s] -- Check for working C compiler: /usr/bin/cc
[0.340s] -- Check for working C compiler: /usr/bin/cc -- works
[0.341s] -- Detecting C compiler ABI info
[0.449s] -- Detecting C compiler ABI info - done
[0.459s] -- Detecting C compile features
[0.459s] -- Detecting C compile features - done
[0.462s] -- Check for working CXX compiler: /usr/bin/c++
[0.592s] -- Check for working CXX compiler: /usr/bin/c++ -- works
[0.593s] -- Detecting CXX compiler ABI info
[0.738s] -- Detecting CXX compiler ABI info - done
[0.750s] -- Detecting CXX compile features
[0.751s] -- Detecting CXX compile features - done
[0.760s] -- Found ament_cmake: 0.9.12 (/opt/ros/foxy/share/ament_cmake/cmake)
[0.788s] -- Found PythonInterp: /usr/bin/python3 (found suitable version "3.8.10", minimum required is "3") 
[0.788s] -- Using PYTHON_EXECUTABLE: /usr/bin/python3
[1.006s] -- Found rcl: 1.1.14 (/opt/ros/foxy/share/rcl/cmake)
[1.053s] -- Using all available rosidl_typesupport_c: rosidl_typesupport_fastrtps_c;rosidl_typesupport_introspection_c
[1.060s] -- Found rosidl_adapter: 1.3.1 (/opt/ros/foxy/share/rosidl_adapter/cmake)
[1.221s] -- Found OpenSSL: /usr/lib/x86_64-linux-gnu/libcrypto.so (found version "1.1.1f")  
[1.266s] -- Found FastRTPS: /opt/ros/foxy/include  
[1.470s] -- Using all available rosidl_typesupport_cpp: rosidl_typesupport_fastrtps_cpp;rosidl_typesupport_introspection_cpp
[1.573s] -- Found rmw_implementation_cmake: 1.0.4 (/opt/ros/foxy/share/rmw_implementation_cmake/cmake)
[1.576s] -- Using RMW implementation 'rmw_fastrtps_cpp' as default
[1.577s] -- Looking for pthread.h
[1.728s] -- Looking for pthread.h - found
[1.729s] -- Performing Test CMAKE_HAVE_LIBC_PTHREAD
[1.877s] -- Performing Test CMAKE_HAVE_LIBC_PTHREAD - Failed
[1.877s] -- Looking for pthread_create in pthreads
[1.996s] -- Looking for pthread_create in pthreads - not found
[1.997s] -- Looking for pthread_create in pthread
[2.133s] -- Looking for pthread_create in pthread - found
[2.136s] -- Found Threads: TRUE  
[2.178s] -- Found rclcpp: 2.4.3 (/opt/ros/foxy/share/rclcpp/cmake)
[2.420s] -- Found rosbag2_cpp: 0.3.11 (/opt/ros/foxy/share/rosbag2_cpp/cmake)
[2.525s] -- Setting yaml-cpp_DIR to: '/opt/ros/foxy/share/yaml_cpp_vendor/cmake/../../../opt/yaml_cpp_vendor/lib/cmake/yaml-cpp'
[2.535s] -- Found rosidl_default_generators: 1.0.1 (/opt/ros/foxy/share/rosidl_default_generators/cmake)
[2.558s] -- Found zstd_vendor: 0.3.11 (/opt/ros/foxy/share/zstd_vendor/cmake)
[2.560s] -- Found zstd: /opt/ros/foxy/lib/libzstd.so  
[2.592s] -- Found PythonInterp: /usr/bin/python3 (found version "3.8.10") 
[2.771s] -- Found ament_cmake_ros: 0.9.2 (/opt/ros/foxy/share/ament_cmake_ros/cmake)
[3.008s] -- Using all available rosidl_typesupport_c: rosidl_typesupport_fastrtps_c;rosidl_typesupport_introspection_c
[3.026s] -- Using all available rosidl_typesupport_cpp: rosidl_typesupport_fastrtps_cpp;rosidl_typesupport_introspection_cpp
[3.066s] -- Found PythonInterp: /usr/bin/python3 (found suitable version "3.8.10", minimum required is "3.5") 
[3.069s] -- Found python_cmake_module: 0.8.1 (/opt/ros/foxy/share/python_cmake_module/cmake)
[3.115s] -- Found PythonLibs: /usr/lib/x86_64-linux-gnu/libpython3.8.so (found suitable version "3.8.10", minimum required is "3.5") 
[3.117s] -- Using PYTHON_EXECUTABLE: /usr/bin/python3
[3.117s] -- Using PYTHON_INCLUDE_DIRS: /usr/include/python3.8
[3.117s] -- Using PYTHON_LIBRARIES: /usr/lib/x86_64-linux-gnu/libpython3.8.so
[3.157s] -- Found PythonExtra: .so  
[3.262s] -- Found ament_lint_auto: 0.9.8 (/opt/ros/foxy/share/ament_lint_auto/cmake)
[3.761s] -- Using PYTHON_EXECUTABLE: /usr/bin/python3
[3.761s] -- Using PYTHON_INCLUDE_DIRS: /usr/include/python3.8
[3.762s] -- Using PYTHON_LIBRARIES: /usr/lib/x86_64-linux-gnu/libpython3.8.so
[4.159s] CMake Error at test/CMakeLists.txt:5 (find_package):
[4.159s]   By not providing "Findtest_msgs.cmake" in CMAKE_MODULE_PATH this project
[4.159s]   has asked CMake to find a package configuration file provided by
[4.160s]   "test_msgs", but CMake did not find one.
[4.160s] 
[4.160s]   Could not find a package configuration file provided by "test_msgs" with
[4.160s]   any of the following names:
[4.160s] 
[4.160s]     test_msgsConfig.cmake
[4.160s]     test_msgs-config.cmake
[4.160s] 
[4.160s]   Add the installation prefix of "test_msgs" to CMAKE_PREFIX_PATH or set
[4.160s]   "test_msgs_DIR" to a directory containing one of the above files.  If
[4.160s]   "test_msgs" provides a separate development package or SDK, be sure it has
[4.160s]   been installed.
[4.161s] 
[4.161s] 
[4.171s] -- Configuring incomplete, errors occurred!
[4.171s] See also "/root/TEAM_AIM/build/domain_bridge/CMakeFiles/CMakeOutput.log".
[4.172s] See also "/root/TEAM_AIM/build/domain_bridge/CMakeFiles/CMakeError.log".
[4.187s] Invoked command in '/root/TEAM_AIM/build/domain_bridge' returned '1': CMAKE_PREFIX_PATH=/opt/ros/foxy /usr/bin/cmake /root/TEAM_AIM/Mobility_Challenge_Simulator/src/domain_bridge -DCMAKE_INSTALL_PREFIX=/root/TEAM_AIM/install/domain_bridge
